#
# There is insufficient memory for the Java Runtime Environment to continue.
# Native memory allocation (malloc) failed to allocate 1124976 bytes for Chunk::new
# Possible reasons:
#   The system is out of physical RAM or swap space
#   In 32 bit mode, the process size limit was hit
# Possible solutions:
#   Reduce memory load on the system
#   Increase physical memory or swap space
#   Check if swap backing store is full
#   Use 64 bit Java on a 64 bit OS
#   Decrease Java heap size (-Xmx/-Xms)
#   Decrease number of Java threads
#   Decrease Java thread stack sizes (-Xss)
#   Set larger code cache with -XX:ReservedCodeCacheSize=
# This output file may be truncated or incomplete.
#
#  Out of Memory Error (allocation.cpp:390), pid=23692, tid=0x0000000000000b2c
#
# JRE version: OpenJDK Runtime Environment (8.0_152-b01) (build 1.8.0_152-release-915-b01)
# Java VM: OpenJDK 64-Bit Server VM (25.152-b01 mixed mode windows-amd64 compressed oops)
# Failed to write core dump. Minidumps are not enabled by default on client versions of Windows
#

---------------  T H R E A D  ---------------

Current thread (0x000000001aeb0000):  JavaThread "C2 CompilerThread0" daemon [_thread_in_native, id=2860, stack(0x000000001b770000,0x000000001b870000)]

Stack: [0x000000001b770000,0x000000001b870000]
[error occurred during error reporting (printing stack bounds), id 0xc0000005]

Native frames: (J=compiled Java code, j=interpreted, Vv=VM code, C=native code)


Current CompileTask:
C2:9468329 35497       4       org.objectweb.asm.Frame::a (2252 bytes)


---------------  P R O C E S S  ---------------

Java Threads: ( => current thread )
  0x0000000029352800 JavaThread "Forward streams with process: command 'D:\Program Files\Android\Android Studio\jre\bin\java.exe' Thread 3" daemon [_thread_in_native, id=49148, stack(0x0000000059df0000,0x0000000059ef0000)]
  0x000000002934d000 JavaThread "Forward streams with process: command 'D:\Program Files\Android\Android Studio\jre\bin\java.exe' Thread 2" daemon [_thread_in_native, id=48428, stack(0x0000000059cf0000,0x0000000059df0000)]
  0x0000000029351800 JavaThread "Forward streams with process: command 'D:\Program Files\Android\Android Studio\jre\bin\java.exe'" daemon [_thread_blocked, id=48464, stack(0x0000000059bf0000,0x0000000059cf0000)]
  0x0000000029350000 JavaThread "Forward streams with process: command 'D:\Program Files\Android\Android Studio\jre\bin\java.exe' Thread 3" daemon [_thread_in_native, id=48544, stack(0x00000000599f0000,0x0000000059af0000)]
  0x000000002934f000 JavaThread "Forward streams with process: command 'D:\Program Files\Android\Android Studio\jre\bin\java.exe' Thread 2" daemon [_thread_in_native, id=28104, stack(0x00000000598f0000,0x00000000599f0000)]
  0x0000000029347800 JavaThread "Forward streams with process: command 'D:\Program Files\Android\Android Studio\jre\bin\java.exe'" daemon [_thread_blocked, id=48440, stack(0x00000000597f0000,0x00000000598f0000)]
  0x000000002934e800 JavaThread "Forward streams with process: command 'D:\Program Files\Android\Android Studio\jre\bin\java.exe' Thread 3" daemon [_thread_in_native, id=47344, stack(0x00000000595f0000,0x00000000596f0000)]
  0x000000002934d800 JavaThread "Forward streams with process: command 'D:\Program Files\Android\Android Studio\jre\bin\java.exe' Thread 2" daemon [_thread_in_native, id=48592, stack(0x00000000594f0000,0x00000000595f0000)]
  0x0000000029346000 JavaThread "Forward streams with process: command 'D:\Program Files\Android\Android Studio\jre\bin\java.exe'" daemon [_thread_blocked, id=11024, stack(0x00000000593f0000,0x00000000594f0000)]
  0x000000002934c000 JavaThread "Forward streams with process: command 'D:\Program Files\Android\Android Studio\jre\bin\java.exe' Thread 3" daemon [_thread_in_native, id=48704, stack(0x00000000591f0000,0x00000000592f0000)]
  0x000000002934a000 JavaThread "Forward streams with process: command 'D:\Program Files\Android\Android Studio\jre\bin\java.exe' Thread 2" daemon [_thread_in_native, id=44656, stack(0x00000000590f0000,0x00000000591f0000)]
  0x0000000029344800 JavaThread "Forward streams with process: command 'D:\Program Files\Android\Android Studio\jre\bin\java.exe'" daemon [_thread_blocked, id=48272, stack(0x0000000058ff0000,0x00000000590f0000)]
  0x000000002934a800 JavaThread "Forward streams with process: command 'D:\Program Files\Android\Android Studio\jre\bin\java.exe' Thread 3" daemon [_thread_in_native, id=21748, stack(0x0000000058df0000,0x0000000058ef0000)]
  0x000000002934b800 JavaThread "Forward streams with process: command 'D:\Program Files\Android\Android Studio\jre\bin\java.exe' Thread 2" daemon [_thread_in_native, id=46400, stack(0x0000000058cf0000,0x0000000058df0000)]
  0x0000000029343000 JavaThread "Forward streams with process: command 'D:\Program Files\Android\Android Studio\jre\bin\java.exe'" daemon [_thread_blocked, id=37892, stack(0x0000000058bf0000,0x0000000058cf0000)]
  0x0000000029349000 JavaThread "Forward streams with process: command 'D:\Program Files\Android\Android Studio\jre\bin\java.exe' Thread 3" daemon [_thread_in_native, id=29252, stack(0x00000000589f0000,0x0000000058af0000)]
  0x0000000029348800 JavaThread "Forward streams with process: command 'D:\Program Files\Android\Android Studio\jre\bin\java.exe' Thread 2" daemon [_thread_in_native, id=48080, stack(0x00000000588f0000,0x00000000589f0000)]
  0x0000000029345800 JavaThread "Forward streams with process: command 'D:\Program Files\Android\Android Studio\jre\bin\java.exe'" daemon [_thread_blocked, id=48152, stack(0x00000000587f0000,0x00000000588f0000)]
  0x0000000029344000 JavaThread "Forward streams with process: command 'D:\Program Files\Android\Android Studio\jre\bin\java.exe' Thread 3" daemon [_thread_in_native, id=40072, stack(0x00000000585f0000,0x00000000586f0000)]
  0x0000000029347000 JavaThread "Forward streams with process: command 'D:\Program Files\Android\Android Studio\jre\bin\java.exe' Thread 2" daemon [_thread_in_native, id=48540, stack(0x00000000584f0000,0x00000000585f0000)]
  0x000000001d733800 JavaThread "Forward streams with process: command 'D:\Program Files\Android\Android Studio\jre\bin\java.exe'" daemon [_thread_blocked, id=39832, stack(0x00000000583f0000,0x00000000584f0000)]
  0x000000001d732000 JavaThread "Run command 'D:\Program Files\Android\Android Studio\jre\bin\java.exe'" daemon [_thread_in_native, id=49024, stack(0x00000000581f0000,0x00000000582f0000)]
  0x000000001d72f800 JavaThread "Run command 'D:\Program Files\Android\Android Studio\jre\bin\java.exe'" daemon [_thread_in_native, id=48172, stack(0x00000000580f0000,0x00000000581f0000)]
  0x000000001d731000 JavaThread "Run command 'D:\Program Files\Android\Android Studio\jre\bin\java.exe'" daemon [_thread_in_native, id=47080, stack(0x0000000057ff0000,0x00000000580f0000)]
  0x0000000020804800 JavaThread "Run command 'D:\Program Files\Android\Android Studio\jre\bin\java.exe'" daemon [_thread_in_native, id=46780, stack(0x0000000057ef0000,0x0000000057ff0000)]
  0x0000000020803000 JavaThread "Run command 'D:\Program Files\Android\Android Studio\jre\bin\java.exe'" daemon [_thread_in_native, id=34916, stack(0x0000000057df0000,0x0000000057ef0000)]
  0x0000000020805000 JavaThread "Run command 'D:\Program Files\Android\Android Studio\jre\bin\java.exe'" daemon [_thread_in_native, id=33440, stack(0x0000000057cf0000,0x0000000057df0000)]
  0x0000000020808000 JavaThread "Run command 'D:\Program Files\Android\Android Studio\jre\bin\java.exe'" daemon [_thread_in_native, id=48744, stack(0x0000000057bf0000,0x0000000057cf0000)]
  0x0000000020807800 JavaThread "Run command 'D:\Program Files\Android\Android Studio\jre\bin\java.exe'" daemon [_thread_in_native, id=47760, stack(0x0000000057af0000,0x0000000057bf0000)]
  0x0000000020802000 JavaThread "ForkJoinPool.commonPool-worker-0" daemon [_thread_blocked, id=48240, stack(0x00000000579f0000,0x0000000057af0000)]
  0x0000000020806000 JavaThread "ForkJoinPool.commonPool-worker-7" daemon [_thread_blocked, id=18956, stack(0x00000000578f0000,0x00000000579f0000)]
  0x000000001db00800 JavaThread "ForkJoinPool.commonPool-worker-14" daemon [_thread_blocked, id=45328, stack(0x00000000577f0000,0x00000000578f0000)]
  0x000000001dafd800 JavaThread "ForkJoinPool.commonPool-worker-5" daemon [_thread_blocked, id=15116, stack(0x00000000576f0000,0x00000000577f0000)]
  0x000000001daf5800 JavaThread "ForkJoinPool.commonPool-worker-12" daemon [_thread_blocked, id=47920, stack(0x00000000575f0000,0x00000000576f0000)]
  0x000000001dafc000 JavaThread "ForkJoinPool.commonPool-worker-3" daemon [_thread_blocked, id=47416, stack(0x00000000574f0000,0x00000000575f0000)]
  0x000000001daf4800 JavaThread "ForkJoinPool.commonPool-worker-10" daemon [_thread_blocked, id=38200, stack(0x00000000573f0000,0x00000000574f0000)]
  0x000000001dafa800 JavaThread "ForkJoinPool.commonPool-worker-1" daemon [_thread_blocked, id=45672, stack(0x00000000572f0000,0x00000000573f0000)]
  0x000000001dafa000 JavaThread "Cache worker for Java compile cache (D:\src\Samples\Android\SamsungPay\noonpaySample\.gradle\4.1\javaCompile)" [_thread_blocked, id=43948, stack(0x00000000571f0000,0x00000000572f0000)]
  0x000000001c141000 JavaThread "Task worker for ':' Thread 7" [_thread_blocked, id=42392, stack(0x0000000053df0000,0x0000000053ef0000)]
  0x000000001c144800 JavaThread "Task worker for ':' Thread 6" [_thread_blocked, id=47256, stack(0x0000000053cf0000,0x0000000053df0000)]
  0x000000001c144000 JavaThread "Task worker for ':' Thread 5" [_thread_blocked, id=48496, stack(0x0000000053bf0000,0x0000000053cf0000)]
  0x000000001c145800 JavaThread "Task worker for ':' Thread 4" [_thread_blocked, id=48776, stack(0x0000000053af0000,0x0000000053bf0000)]
  0x000000001c147000 JavaThread "Task worker for ':' Thread 3" [_thread_blocked, id=46904, stack(0x00000000539f0000,0x0000000053af0000)]
  0x000000001c141800 JavaThread "Task worker for ':' Thread 2" [_thread_blocked, id=48328, stack(0x00000000538f0000,0x00000000539f0000)]
  0x000000001c139800 JavaThread "Task worker for ':'" [_thread_blocked, id=42872, stack(0x00000000537f0000,0x00000000538f0000)]
  0x000000001c13d000 JavaThread "Cache worker for task history cache (D:\src\Samples\Android\SamsungPay\noonpaySample\.gradle\4.1\taskHistory)" [_thread_blocked, id=41440, stack(0x00000000536f0000,0x00000000537f0000)]
  0x000000001c13b800 JavaThread "Cache worker for file content cache (D:\src\Samples\Android\SamsungPay\noonpaySample\.gradle\4.1\fileContent)" [_thread_blocked, id=48940, stack(0x00000000535f0000,0x00000000536f0000)]
  0x000000001c140000 JavaThread "build operations Thread 8" [_thread_blocked, id=40916, stack(0x00000000534f0000,0x00000000535f0000)]
  0x0000000024d02000 JavaThread "build operations Thread 7" [_thread_blocked, id=34072, stack(0x00000000533f0000,0x00000000534f0000)]
  0x0000000024d01800 JavaThread "build operations Thread 6" [_thread_blocked, id=29092, stack(0x00000000532f0000,0x00000000533f0000)]
  0x0000000024d00800 JavaThread "build operations Thread 5" [_thread_blocked, id=44268, stack(0x00000000531f0000,0x00000000532f0000)]
  0x0000000024d04800 JavaThread "build operations Thread 4" [_thread_blocked, id=48000, stack(0x00000000530f0000,0x00000000531f0000)]
  0x0000000024cf9000 JavaThread "build operations Thread 3" [_thread_blocked, id=44492, stack(0x0000000052ff0000,0x00000000530f0000)]
  0x0000000024d00000 JavaThread "build operations Thread 2" [_thread_blocked, id=17700, stack(0x0000000052ef0000,0x0000000052ff0000)]
  0x0000000024cff000 JavaThread "build operations" [_thread_blocked, id=49092, stack(0x0000000052df0000,0x0000000052ef0000)]
  0x0000000024cfa800 JavaThread "Cache worker for Artifact transforms cache (C:\Users\abdo\.gradle\caches\transforms-1)" [_thread_blocked, id=18824, stack(0x0000000052cf0000,0x0000000052df0000)]
  0x0000000024cfd800 JavaThread "Cache worker for file hash cache (D:\src\Samples\Android\SamsungPay\noonpaySample\.gradle\4.1\fileHashes)" [_thread_blocked, id=48992, stack(0x0000000052bf0000,0x0000000052cf0000)]
  0x0000000024cfb800 JavaThread "Stdin handler" [_thread_blocked, id=48404, stack(0x0000000052af0000,0x0000000052bf0000)]
  0x0000000024cf8800 JavaThread "Asynchronous log dispatcher for DefaultDaemonConnection: socket connection from /127.0.0.1:63227 to /127.0.0.1:50731" [_thread_blocked, id=48316, stack(0x00000000529f0000,0x0000000052af0000)]
  0x0000000024cf6000 JavaThread "Cancel handler" [_thread_blocked, id=44368, stack(0x00000000528f0000,0x00000000529f0000)]
  0x0000000024cfa000 JavaThread "Handler for socket connection from /127.0.0.1:63227 to /127.0.0.1:50731" [_thread_in_native, id=42724, stack(0x00000000527f0000,0x00000000528f0000)]
  0x0000000024cfc000 JavaThread "Daemon worker Thread 25" [_thread_blocked, id=46196, stack(0x00000000453f0000,0x00000000454f0000)]
  0x0000000024cf5800 JavaThread "Daemon Thread 25" [_thread_blocked, id=48956, stack(0x00000000450f0000,0x00000000451f0000)]
  0x0000000024cf7000 JavaThread "pool-75-thread-2" [_thread_blocked, id=37300, stack(0x00000000405f0000,0x00000000406f0000)]
  0x000000001c13e000 JavaThread "pool-75-thread-1" [_thread_blocked, id=40332, stack(0x000000003bff0000,0x000000003c0f0000)]
  0x000000001daf4000 JavaThread "Memory manager" [_thread_blocked, id=24796, stack(0x0000000025e40000,0x0000000025f40000)]
  0x000000001daf6000 JavaThread "pool-1-thread-1" [_thread_blocked, id=37292, stack(0x0000000025b40000,0x0000000025c40000)]
  0x000000001ce2b000 JavaThread "File lock request listener" [_thread_in_native, id=21852, stack(0x000000001fc50000,0x000000001fd50000)]
  0x000000001cdac800 JavaThread "Cache worker for file hash cache (C:\Users\abdo\.gradle\caches\4.1\fileHashes)" [_thread_blocked, id=24268, stack(0x000000001f950000,0x000000001fa50000)]
  0x000000001cdbf000 JavaThread "Daemon periodic checks" [_thread_blocked, id=7500, stack(0x000000001ef50000,0x000000001f050000)]
  0x000000001d25a800 JavaThread "Incoming local TCP Connector on port 63227" [_thread_in_native, id=35620, stack(0x000000001d540000,0x000000001d640000)]
  0x000000001af93800 JavaThread "Service Thread" daemon [_thread_blocked, id=24876, stack(0x000000001bb70000,0x000000001bc70000)]
  0x000000001af04000 JavaThread "C1 CompilerThread3" daemon [_thread_blocked, id=1936, stack(0x000000001ba70000,0x000000001bb70000)]
  0x000000001aeb8000 JavaThread "C2 CompilerThread2" daemon [_thread_blocked, id=39796, stack(0x000000001b970000,0x000000001ba70000)]
  0x000000001aeb5000 JavaThread "C2 CompilerThread1" daemon [_thread_in_native, id=15912, stack(0x000000001b870000,0x000000001b970000)]
=>0x000000001aeb0000 JavaThread "C2 CompilerThread0" daemon [_thread_in_native, id=2860, stack(0x000000001b770000,0x000000001b870000)]
  0x000000001af01000 JavaThread "Attach Listener" daemon [_thread_blocked, id=37608, stack(0x000000001b670000,0x000000001b770000)]
  0x000000001af00800 JavaThread "Signal Dispatcher" daemon [_thread_blocked, id=39244, stack(0x000000001b570000,0x000000001b670000)]
  0x000000001aea0800 JavaThread "Finalizer" daemon [_thread_blocked, id=5792, stack(0x000000001b280000,0x000000001b380000)]
  0x0000000018fbb800 JavaThread "Reference Handler" daemon [_thread_blocked, id=6848, stack(0x000000001ad80000,0x000000001ae80000)]
  0x0000000005102800 JavaThread "main" [_thread_blocked, id=30852, stack(0x0000000005000000,0x0000000005100000)]

Other Threads:
  0x0000000018fb5800 VMThread [stack: 0x000000001ac80000,0x000000001ad80000] [id=38772]
  0x000000001af94000 WatcherThread [stack: 0x000000001bc70000,0x000000001bd70000] [id=10436]

VM state:not at safepoint (normal execution)

VM Mutex/Monitor currently owned by a thread: None

Heap:
 PSYoungGen      total 419840K, used 188358K [0x00000000e0000000, 0x00000000fdf00000, 0x0000000100000000)
  eden space 357376K, 43% used [0x00000000e0000000,0x00000000e97512b0,0x00000000f5d00000)
  from space 62464K, 53% used [0x00000000fa200000,0x00000000fc2a06d8,0x00000000fdf00000)
  to   space 66560K, 0% used [0x00000000f5d00000,0x00000000f5d00000,0x00000000f9e00000)
 ParOldGen       total 324096K, used 273806K [0x00000000a0000000, 0x00000000b3c80000, 0x00000000e0000000)
  object space 324096K, 84% used [0x00000000a0000000,0x00000000b0b63bc0,0x00000000b3c80000)
 Metaspace       used 101460K, capacity 117334K, committed 117632K, reserved 1148928K
  class space    used 12944K, capacity 17415K, committed 17536K, reserved 1048576K

Card table byte_map: [0x00000000145c0000,0x00000000148d0000] byte_map_base: 0x00000000140c0000

Marking Bits: (ParMarkBitMap*) 0x0000000074113950
 Begin Bits: [0x00000000152d0000, 0x0000000016ad0000)
 End Bits:   [0x0000000016ad0000, 0x00000000182d0000)

Polling page: 0x0000000000df0000

CodeCache: size=245760Kb used=101137Kb max_used=101191Kb free=144622Kb
 bounds [0x0000000005200000, 0x000000000b590000, 0x0000000014200000]
 total_blobs=27024 nmethods=26138 adapters=797
 compilation: enabled

Compilation events (10 events):
Event: 9466.431 Thread 0x000000001af04000 nmethod 35503 0x000000000b555ed0 code [0x000000000b5560a0, 0x000000000b556c78]
Event: 9466.433 Thread 0x000000001af04000 35505       1       com.android.ide.common.process.ProcessInfoBuilder$JavaProcessInfoImpl::getArgs (5 bytes)
Event: 9466.433 Thread 0x000000001af04000 nmethod 35505 0x0000000005e677d0 code [0x0000000005e67920, 0x0000000005e67a30]
Event: 9466.455 Thread 0x000000001aeb8000 nmethod 35469 0x000000000b57ba50 code [0x000000000b57bcc0, 0x000000000b57d580]
Event: 9466.456 Thread 0x000000001aeb8000 35474       4       org.objectweb.asm.Frame::a (46 bytes)
Event: 9466.457 Thread 0x000000001aeb8000 nmethod 35474 0x0000000007d24b10 code [0x0000000007d24c40, 0x0000000007d24cf8]
Event: 9466.459 Thread 0x000000001aeb8000 35504       4       org.gradle.internal.logging.slf4j.OutputEventListenerBackedLogger::info (18 bytes)
Event: 9466.462 Thread 0x000000001aeb8000 nmethod 35504 0x0000000005947650 code [0x00000000059477a0, 0x0000000005947928]
Event: 9466.503 Thread 0x000000001aeb8000 35506   !   4       java.lang.ProcessBuilder::start (303 bytes)
Event: 9466.516 Thread 0x000000001aeb8000 nmethod 35506 0x0000000006e8f490 code [0x0000000006e8f620, 0x0000000006e8fdc8]

GC Heap History (10 events):
Event: 9012.696 GC heap before
{Heap before GC invocations=70 (full 4):
 PSYoungGen      total 415232K, used 347564K [0x00000000e0000000, 0x00000000ff080000, 0x0000000100000000)
  eden space 323584K, 100% used [0x00000000e0000000,0x00000000f3c00000,0x00000000f3c00000)
  from space 91648K, 26% used [0x00000000f3c00000,0x00000000f536b028,0x00000000f9580000)
  to   space 86016K, 0% used [0x00000000f9c80000,0x00000000f9c80000,0x00000000ff080000)
 ParOldGen       total 324096K, used 273293K [0x00000000a0000000, 0x00000000b3c80000, 0x00000000e0000000)
  object space 324096K, 84% used [0x00000000a0000000,0x00000000b0ae35b0,0x00000000b3c80000)
 Metaspace       used 98888K, capacity 111680K, committed 112000K, reserved 1144832K
  class space    used 12460K, capacity 15879K, committed 16000K, reserved 1048576K
Event: 9012.757 GC heap after
Heap after GC invocations=70 (full 4):
 PSYoungGen      total 418304K, used 24974K [0x00000000e0000000, 0x00000000fe980000, 0x0000000100000000)
  eden space 339456K, 0% used [0x00000000e0000000,0x00000000e0000000,0x00000000f4b80000)
  from space 78848K, 31% used [0x00000000f9c80000,0x00000000fb4e3938,0x00000000fe980000)
  to   space 80896K, 0% used [0x00000000f4b80000,0x00000000f4b80000,0x00000000f9a80000)
 ParOldGen       total 324096K, used 273301K [0x00000000a0000000, 0x00000000b3c80000, 0x00000000e0000000)
  object space 324096K, 84% used [0x00000000a0000000,0x00000000b0ae55b0,0x00000000b3c80000)
 Metaspace       used 98888K, capacity 111680K, committed 112000K, reserved 1144832K
  class space    used 12460K, capacity 15879K, committed 16000K, reserved 1048576K
}
Event: 9274.441 GC heap before
{Heap before GC invocations=71 (full 4):
 PSYoungGen      total 418304K, used 364430K [0x00000000e0000000, 0x00000000fe980000, 0x0000000100000000)
  eden space 339456K, 100% used [0x00000000e0000000,0x00000000f4b80000,0x00000000f4b80000)
  from space 78848K, 31% used [0x00000000f9c80000,0x00000000fb4e3938,0x00000000fe980000)
  to   space 80896K, 0% used [0x00000000f4b80000,0x00000000f4b80000,0x00000000f9a80000)
 ParOldGen       total 324096K, used 273301K [0x00000000a0000000, 0x00000000b3c80000, 0x00000000e0000000)
  object space 324096K, 84% used [0x00000000a0000000,0x00000000b0ae55b0,0x00000000b3c80000)
 Metaspace       used 99766K, capacity 113724K, committed 114048K, reserved 1146880K
  class space    used 12640K, capacity 16426K, committed 16512K, reserved 1048576K
Event: 9274.499 GC heap after
Heap after GC invocations=71 (full 4):
 PSYoungGen      total 420352K, used 23870K [0x00000000e0000000, 0x00000000fed80000, 0x0000000100000000)
  eden space 339456K, 0% used [0x00000000e0000000,0x00000000e0000000,0x00000000f4b80000)
  from space 80896K, 29% used [0x00000000f4b80000,0x00000000f62cf918,0x00000000f9a80000)
  to   space 76288K, 0% used [0x00000000fa300000,0x00000000fa300000,0x00000000fed80000)
 ParOldGen       total 324096K, used 273309K [0x00000000a0000000, 0x00000000b3c80000, 0x00000000e0000000)
  object space 324096K, 84% used [0x00000000a0000000,0x00000000b0ae75b0,0x00000000b3c80000)
 Metaspace       used 99766K, capacity 113724K, committed 114048K, reserved 1146880K
  class space    used 12640K, capacity 16426K, committed 16512K, reserved 1048576K
}
Event: 9338.285 GC heap before
{Heap before GC invocations=72 (full 4):
 PSYoungGen      total 420352K, used 363326K [0x00000000e0000000, 0x00000000fed80000, 0x0000000100000000)
  eden space 339456K, 100% used [0x00000000e0000000,0x00000000f4b80000,0x00000000f4b80000)
  from space 80896K, 29% used [0x00000000f4b80000,0x00000000f62cf918,0x00000000f9a80000)
  to   space 76288K, 0% used [0x00000000fa300000,0x00000000fa300000,0x00000000fed80000)
 ParOldGen       total 324096K, used 273309K [0x00000000a0000000, 0x00000000b3c80000, 0x00000000e0000000)
  object space 324096K, 84% used [0x00000000a0000000,0x00000000b0ae75b0,0x00000000b3c80000)
 Metaspace       used 100362K, capacity 114986K, committed 115072K, reserved 1146880K
  class space    used 12743K, capacity 16758K, committed 16768K, reserved 1048576K
Event: 9338.307 GC heap after
Heap after GC invocations=72 (full 4):
 PSYoungGen      total 414720K, used 25395K [0x00000000e0000000, 0x00000000fe200000, 0x0000000100000000)
  eden space 350208K, 0% used [0x00000000e0000000,0x00000000e0000000,0x00000000f5600000)
  from space 64512K, 39% used [0x00000000fa300000,0x00000000fbbcccc8,0x00000000fe200000)
  to   space 71680K, 0% used [0x00000000f5600000,0x00000000f5600000,0x00000000f9c00000)
 ParOldGen       total 324096K, used 273558K [0x00000000a0000000, 0x00000000b3c80000, 0x00000000e0000000)
  object space 324096K, 84% used [0x00000000a0000000,0x00000000b0b25bc0,0x00000000b3c80000)
 Metaspace       used 100362K, capacity 114986K, committed 115072K, reserved 1146880K
  class space    used 12743K, capacity 16758K, committed 16768K, reserved 1048576K
}
Event: 9383.504 GC heap before
{Heap before GC invocations=73 (full 4):
 PSYoungGen      total 414720K, used 375603K [0x00000000e0000000, 0x00000000fe200000, 0x0000000100000000)
  eden space 350208K, 100% used [0x00000000e0000000,0x00000000f5600000,0x00000000f5600000)
  from space 64512K, 39% used [0x00000000fa300000,0x00000000fbbcccc8,0x00000000fe200000)
  to   space 71680K, 0% used [0x00000000f5600000,0x00000000f5600000,0x00000000f9c00000)
 ParOldGen       total 324096K, used 273558K [0x00000000a0000000, 0x00000000b3c80000, 0x00000000e0000000)
  object space 324096K, 84% used [0x00000000a0000000,0x00000000b0b25bc0,0x00000000b3c80000)
 Metaspace       used 101036K, capacity 116506K, committed 116864K, reserved 1148928K
  class space    used 12867K, capacity 17166K, committed 17280K, reserved 1048576K
Event: 9383.531 GC heap after
Heap after GC invocations=73 (full 4):
 PSYoungGen      total 421888K, used 30192K [0x00000000e0000000, 0x00000000fe500000, 0x0000000100000000)
  eden space 350208K, 0% used [0x00000000e0000000,0x00000000e0000000,0x00000000f5600000)
  from space 71680K, 42% used [0x00000000f5600000,0x00000000f737c200,0x00000000f9c00000)
  to   space 68608K, 0% used [0x00000000fa200000,0x00000000fa200000,0x00000000fe500000)
 ParOldGen       total 324096K, used 273766K [0x00000000a0000000, 0x00000000b3c80000, 0x00000000e0000000)
  object space 324096K, 84% used [0x00000000a0000000,0x00000000b0b59bc0,0x00000000b3c80000)
 Metaspace       used 101036K, capacity 116506K, committed 116864K, reserved 1148928K
  class space    used 12867K, capacity 17166K, committed 17280K, reserved 1048576K
}
Event: 9462.609 GC heap before
{Heap before GC invocations=74 (full 4):
 PSYoungGen      total 421888K, used 380400K [0x00000000e0000000, 0x00000000fe500000, 0x0000000100000000)
  eden space 350208K, 100% used [0x00000000e0000000,0x00000000f5600000,0x00000000f5600000)
  from space 71680K, 42% used [0x00000000f5600000,0x00000000f737c200,0x00000000f9c00000)
  to   space 68608K, 0% used [0x00000000fa200000,0x00000000fa200000,0x00000000fe500000)
 ParOldGen       total 324096K, used 273766K [0x00000000a0000000, 0x00000000b3c80000, 0x00000000e0000000)
  object space 324096K, 84% used [0x00000000a0000000,0x00000000b0b59bc0,0x00000000b3c80000)
 Metaspace       used 101396K, capacity 117206K, committed 117248K, reserved 1148928K
  class space    used 12932K, capacity 17375K, committed 17408K, reserved 1048576K
Event: 9462.641 GC heap after
Heap after GC invocations=74 (full 4):
 PSYoungGen      total 419840K, used 33409K [0x00000000e0000000, 0x00000000fdf00000, 0x0000000100000000)
  eden space 357376K, 0% used [0x00000000e0000000,0x00000000e0000000,0x00000000f5d00000)
  from space 62464K, 53% used [0x00000000fa200000,0x00000000fc2a06d8,0x00000000fdf00000)
  to   space 66560K, 0% used [0x00000000f5d00000,0x00000000f5d00000,0x00000000f9e00000)
 ParOldGen       total 324096K, used 273806K [0x00000000a0000000, 0x00000000b3c80000, 0x00000000e0000000)
  object space 324096K, 84% used [0x00000000a0000000,0x00000000b0b63bc0,0x00000000b3c80000)
 Metaspace       used 101396K, capacity 117206K, committed 117248K, reserved 1148928K
  class space    used 12932K, capacity 17375K, committed 17408K, reserved 1048576K
}

Deoptimization events (10 events):
Event: 9465.983 Thread 0x000000001c139800 Uncommon trap: reason=class_check action=maybe_recompile pc=0x000000000b089518 method=org.gradle.api.internal.changedetection.state.OrderInsensitiveTaskFilePropertyCompareStrategy$2.computeNext()Lorg/gradle/api/internal/changedetection/rules/TaskStateChan
Event: 9465.983 Thread 0x000000001c139800 Uncommon trap: reason=class_check action=maybe_recompile pc=0x000000000b089518 method=org.gradle.api.internal.changedetection.state.OrderInsensitiveTaskFilePropertyCompareStrategy$2.computeNext()Lorg/gradle/api/internal/changedetection/rules/TaskStateChan
Event: 9466.184 Thread 0x0000000020802000 Uncommon trap: reason=class_check action=maybe_recompile pc=0x0000000009aeccf4 method=org.objectweb.asm.ClassReader.a(Lorg/objectweb/asm/MethodVisitor;Lorg/objectweb/asm/Context;I)V @ 2025
Event: 9466.206 Thread 0x0000000020802000 Uncommon trap: reason=class_check action=maybe_recompile pc=0x0000000009aeccf4 method=org.objectweb.asm.ClassReader.a(Lorg/objectweb/asm/MethodVisitor;Lorg/objectweb/asm/Context;I)V @ 2025
Event: 9466.207 Thread 0x0000000020802000 Uncommon trap: reason=class_check action=maybe_recompile pc=0x0000000009aeccf4 method=org.objectweb.asm.ClassReader.a(Lorg/objectweb/asm/MethodVisitor;Lorg/objectweb/asm/Context;I)V @ 2025
Event: 9466.227 Thread 0x0000000020802000 Uncommon trap: reason=unstable_if action=reinterpret pc=0x000000000b0f1d50 method=org.objectweb.asm.Frame.a(Lorg/objectweb/asm/ClassWriter;I[II)Z @ 152
Event: 9466.247 Thread 0x0000000020802000 Uncommon trap: reason=class_check action=maybe_recompile pc=0x0000000009aeccf4 method=org.objectweb.asm.ClassReader.a(Lorg/objectweb/asm/MethodVisitor;Lorg/objectweb/asm/Context;I)V @ 2025
Event: 9466.273 Thread 0x0000000020802000 Uncommon trap: reason=unstable_if action=reinterpret pc=0x000000000b126004 method=org.objectweb.asm.Frame.a(IILorg/objectweb/asm/ClassWriter;Lorg/objectweb/asm/Item;)V @ 1272
Event: 9466.291 Thread 0x0000000020802000 Uncommon trap: reason=unstable_if action=reinterpret pc=0x0000000005d3ba78 method=org.objectweb.asm.Frame.a(Lorg/objectweb/asm/ClassWriter;I[II)Z @ 152
Event: 9466.429 Thread 0x0000000020802000 Uncommon trap: reason=unstable_if action=reinterpret pc=0x000000000937c588 method=java.util.concurrent.ForkJoinPool.scan(Ljava/util/concurrent/ForkJoinPool$WorkQueue;I)Ljava/util/concurrent/ForkJoinTask; @ 136

Classes redefined (0 events):
No events

Internal exceptions (10 events):
Event: 9466.429 Thread 0x000000001c139800 Exception <a 'sun/nio/fs/WindowsException'> (0x00000000e8d9db18) thrown at [D:\src\AOSP-openjdk-cygwin\jdk8u\hotspot\src\share\vm\prims\jni.cpp, line 709]
Event: 9466.429 Thread 0x000000001c139800 Exception <a 'sun/nio/fs/WindowsException'> (0x00000000e8d9e158) thrown at [D:\src\AOSP-openjdk-cygwin\jdk8u\hotspot\src\share\vm\prims\jni.cpp, line 709]
Event: 9466.429 Thread 0x000000001db00800 Exception <a 'sun/nio/fs/WindowsException'> (0x00000000e7784e18) thrown at [D:\src\AOSP-openjdk-cygwin\jdk8u\hotspot\src\share\vm\prims\jni.cpp, line 709]
Event: 9466.429 Thread 0x000000001c139800 Exception <a 'sun/nio/fs/WindowsException'> (0x00000000e8d9f688) thrown at [D:\src\AOSP-openjdk-cygwin\jdk8u\hotspot\src\share\vm\prims\jni.cpp, line 709]
Event: 9466.429 Thread 0x0000000020802000 Exception <a 'sun/nio/fs/WindowsException'> (0x00000000e8c45158) thrown at [D:\src\AOSP-openjdk-cygwin\jdk8u\hotspot\src\share\vm\prims\jni.cpp, line 709]
Event: 9466.429 Thread 0x000000001c139800 Exception <a 'sun/nio/fs/WindowsException'> (0x00000000e8d9fcc8) thrown at [D:\src\AOSP-openjdk-cygwin\jdk8u\hotspot\src\share\vm\prims\jni.cpp, line 709]
Event: 9466.430 Thread 0x0000000020802000 Exception <a 'sun/nio/fs/WindowsException'> (0x00000000e8c45a38) thrown at [D:\src\AOSP-openjdk-cygwin\jdk8u\hotspot\src\share\vm\prims\jni.cpp, line 709]
Event: 9466.430 Thread 0x000000001c139800 Exception <a 'sun/nio/fs/WindowsException'> (0x00000000e8da1290) thrown at [D:\src\AOSP-openjdk-cygwin\jdk8u\hotspot\src\share\vm\prims\jni.cpp, line 709]
Event: 9466.430 Thread 0x000000001c139800 Exception <a 'sun/nio/fs/WindowsException'> (0x00000000e8da18d0) thrown at [D:\src\AOSP-openjdk-cygwin\jdk8u\hotspot\src\share\vm\prims\jni.cpp, line 709]
Event: 9466.430 Thread 0x0000000020802000 Exception <a 'sun/nio/fs/WindowsException'> (0x00000000e8c46318) thrown at [D:\src\AOSP-openjdk-cygwin\jdk8u\hotspot\src\share\vm\prims\jni.cpp, line 709]

Events (10 events):
Event: 9466.660 Thread 0x000000002934d000 Thread added: 0x000000002934d000
Event: 9466.660 Thread 0x0000000029347800 Thread added: 0x0000000029347800
Event: 9466.660 Thread 0x000000002934f000 Thread added: 0x000000002934f000
Event: 9466.660 Thread 0x0000000029350000 Thread added: 0x0000000029350000
Event: 9466.668 Thread 0x000000002934d000 Thread exited: 0x000000002934d000
Event: 9466.728 Thread 0x0000000029351000 Thread added: 0x0000000029351000
Event: 9466.729 Thread 0x0000000029351800 Thread added: 0x0000000029351800
Event: 9466.729 Thread 0x000000002934d000 Thread added: 0x000000002934d000
Event: 9466.729 Thread 0x0000000029352800 Thread added: 0x0000000029352800
Event: 9466.742 Thread 0x0000000029351000 Thread exited: 0x0000000029351000


Dynamic libraries:
0x00007ff6561e0000 - 0x00007ff656211000 	D:\Program Files\Android\Android Studio\jre\bin\java.exe
0x00007ff876090000 - 0x00007ff876270000 	C:\WINDOWS\SYSTEM32\ntdll.dll
0x00007ff8747f0000 - 0x00007ff87489e000 	C:\WINDOWS\System32\KERNEL32.DLL
0x00007ff872970000 - 0x00007ff872bd6000 	C:\WINDOWS\System32\KERNELBASE.dll
0x00007ff8737e0000 - 0x00007ff873881000 	C:\WINDOWS\System32\ADVAPI32.dll
0x00007ff873fc0000 - 0x00007ff87405d000 	C:\WINDOWS\System32\msvcrt.dll
0x00007ff873b40000 - 0x00007ff873b9b000 	C:\WINDOWS\System32\sechost.dll
0x00007ff875f40000 - 0x00007ff87605f000 	C:\WINDOWS\System32\RPCRT4.dll
0x00007ff8739b0000 - 0x00007ff873b3f000 	C:\WINDOWS\System32\USER32.dll
0x00007ff872c40000 - 0x00007ff872c60000 	C:\WINDOWS\System32\win32u.dll
0x00007ff874060000 - 0x00007ff874088000 	C:\WINDOWS\System32\GDI32.dll
0x00007ff8725b0000 - 0x00007ff872743000 	C:\WINDOWS\System32\gdi32full.dll
0x00007ff872510000 - 0x00007ff8725ab000 	C:\WINDOWS\System32\msvcp_win.dll
0x00007ff873460000 - 0x00007ff873556000 	C:\WINDOWS\System32\ucrtbase.dll
0x00007ff861c20000 - 0x00007ff861e89000 	C:\WINDOWS\WinSxS\amd64_microsoft.windows.common-controls_6595b64144ccf1df_6.0.16299.192_none_15c8cdae9364c23b\COMCTL32.dll
0x00007ff8744e0000 - 0x00007ff8747e8000 	C:\WINDOWS\System32\combase.dll
0x00007ff872490000 - 0x00007ff872502000 	C:\WINDOWS\System32\bcryptPrimitives.dll
0x00007ff8737b0000 - 0x00007ff8737dd000 	C:\WINDOWS\System32\IMM32.DLL
0x00000000755a0000 - 0x0000000075672000 	D:\Program Files\Android\Android Studio\jre\jre\bin\msvcr100.dll
0x0000000073950000 - 0x000000007418e000 	D:\Program Files\Android\Android Studio\jre\jre\bin\server\jvm.dll
0x00007ff873cf0000 - 0x00007ff873cf8000 	C:\WINDOWS\System32\PSAPI.DLL
0x00007ff86b630000 - 0x00007ff86b639000 	C:\WINDOWS\SYSTEM32\WSOCK32.dll
0x00007ff86af90000 - 0x00007ff86afb3000 	C:\WINDOWS\SYSTEM32\WINMM.dll
0x00007ff86d010000 - 0x00007ff86d01a000 	C:\WINDOWS\SYSTEM32\VERSION.dll
0x00007ff8748a0000 - 0x00007ff87490c000 	C:\WINDOWS\System32\WS2_32.dll
0x00007ff86af30000 - 0x00007ff86af5a000 	C:\WINDOWS\SYSTEM32\WINMMBASE.dll
0x00007ff872750000 - 0x00007ff87279a000 	C:\WINDOWS\System32\cfgmgr32.dll
0x00007ff86f000000 - 0x00007ff86f00f000 	D:\Program Files\Android\Android Studio\jre\jre\bin\verify.dll
0x00007ff8619d0000 - 0x00007ff8619f9000 	D:\Program Files\Android\Android Studio\jre\jre\bin\java.dll
0x00007ff8615f0000 - 0x00007ff861606000 	D:\Program Files\Android\Android Studio\jre\jre\bin\zip.dll
0x00007ff874b00000 - 0x00007ff875f36000 	C:\WINDOWS\System32\SHELL32.dll
0x00007ff873700000 - 0x00007ff8737a6000 	C:\WINDOWS\System32\shcore.dll
0x00007ff872d10000 - 0x00007ff873457000 	C:\WINDOWS\System32\windows.storage.dll
0x00007ff874aa0000 - 0x00007ff874af1000 	C:\WINDOWS\System32\shlwapi.dll
0x00007ff872470000 - 0x00007ff872481000 	C:\WINDOWS\System32\kernel.appcore.dll
0x00007ff872400000 - 0x00007ff87244c000 	C:\WINDOWS\System32\powrprof.dll
0x00007ff872450000 - 0x00007ff87246b000 	C:\WINDOWS\System32\profapi.dll
0x00007ff860120000 - 0x00007ff86013a000 	D:\Program Files\Android\Android Studio\jre\jre\bin\net.dll
0x00007ff871c70000 - 0x00007ff871cd6000 	C:\WINDOWS\system32\mswsock.dll
0x00007ff860100000 - 0x00007ff860111000 	D:\Program Files\Android\Android Studio\jre\jre\bin\nio.dll
0x00007ff85ff80000 - 0x00007ff85ff9e000 	C:\Users\abdo\.gradle\native\25\windows-amd64\native-platform.dll
0x00007ff86eff0000 - 0x00007ff86effd000 	D:\Program Files\Android\Android Studio\jre\jre\bin\management.dll
0x00007ff871e30000 - 0x00007ff871e47000 	C:\WINDOWS\SYSTEM32\CRYPTSP.dll
0x00007ff871660000 - 0x00007ff871693000 	C:\WINDOWS\system32\rsaenh.dll
0x00007ff871f40000 - 0x00007ff871f65000 	C:\WINDOWS\SYSTEM32\bcrypt.dll
0x00007ff872310000 - 0x00007ff872339000 	C:\WINDOWS\SYSTEM32\USERENV.dll
0x00007ff871e50000 - 0x00007ff871e5b000 	C:\WINDOWS\SYSTEM32\CRYPTBASE.dll
0x00007ff871a00000 - 0x00007ff871a39000 	C:\WINDOWS\SYSTEM32\IPHLPAPI.DLL
0x00007ff8739a0000 - 0x00007ff8739a8000 	C:\WINDOWS\System32\NSI.dll
0x00007ff86f450000 - 0x00007ff86f466000 	C:\WINDOWS\SYSTEM32\dhcpcsvc6.DLL
0x00007ff86f340000 - 0x00007ff86f35a000 	C:\WINDOWS\SYSTEM32\dhcpcsvc.DLL
0x00007ff871280000 - 0x00007ff8712b1000 	C:\WINDOWS\SYSTEM32\ntmarta.dll
0x00007ff8533a0000 - 0x00007ff8533c4000 	D:\Program Files\Android\Android Studio\jre\jre\bin\sunec.dll
0x00007ff871a40000 - 0x00007ff871af6000 	C:\WINDOWS\SYSTEM32\DNSAPI.dll
0x0000000077460000 - 0x0000000077486000 	C:\Program Files\Bonjour\mdnsNSP.dll
0x00007ff86d370000 - 0x00007ff86d37a000 	C:\Windows\System32\rasadhlp.dll
0x00007ff86f610000 - 0x00007ff86f680000 	C:\WINDOWS\System32\fwpuclnt.dll
0x00007ff861300000 - 0x00007ff86130b000 	D:\Program Files\Android\Android Studio\jre\jre\bin\sunmscapi.dll
0x00007ff8727a0000 - 0x00007ff87296e000 	C:\WINDOWS\System32\CRYPT32.dll
0x00007ff8723e0000 - 0x00007ff8723f2000 	C:\WINDOWS\System32\MSASN1.dll

VM Arguments:
jvm_args: -Xmx1536m -Dfile.encoding=windows-1256 -Duser.country=US -Duser.language=en -Duser.variant 
java_command: org.gradle.launcher.daemon.bootstrap.GradleDaemon 4.1
java_class_path (initial): C:\Users\abdo\.gradle\wrapper\dists\gradle-4.1-all\bzyivzo6n839fup2jbap0tjew\gradle-4.1\lib\gradle-launcher-4.1.jar
Launcher Type: SUN_STANDARD

Environment Variables:
JAVA_HOME=C:\Users\abdo\scoop\apps\openjdk\current
USERNAME=abdo
OS=Windows_NT
PROCESSOR_IDENTIFIER=Intel64 Family 6 Model 94 Stepping 3, GenuineIntel



---------------  S Y S T E M  ---------------

OS: Windows 10.0 , 64 bit Build 16299 (10.0.16299.15)

CPU:total 8 (initial active 8) (4 cores per cpu, 2 threads per core) family 6 model 94 stepping 3, cmov, cx8, fxsr, mmx, sse, sse2, sse3, ssse3, sse4.1, sse4.2, popcnt, avx, avx2, aes, clmul, erms, rtm, 3dnowpref, lzcnt, ht, tsc, tscinvbit, bmi1, bmi2, adx

Memory: 4k page, physical 16666212k(4837620k free), swap 17714788k(6988k free)

vm_info: OpenJDK 64-Bit Server VM (25.152-b01) for windows-amd64 JRE (1.8.0_152-release-915-b01), built by "builder" with MS VC++ 10.0 (VS2010)

time: Thu Mar 15 12:32:58 2018
elapsed time: 9466 seconds (0d 2h 37m 46s)

