#
# There is insufficient memory for the Java Runtime Environment to continue.
# Native memory allocation (malloc) failed to allocate 689680 bytes for Chunk::new
# Possible reasons:
#   The system is out of physical RAM or swap space
#   In 32 bit mode, the process size limit was hit
# Possible solutions:
#   Reduce memory load on the system
#   Increase physical memory or swap space
#   Check if swap backing store is full
#   Use 64 bit Java on a 64 bit OS
#   Decrease Java heap size (-Xmx/-Xms)
#   Decrease number of Java threads
#   Decrease Java thread stack sizes (-Xss)
#   Set larger code cache with -XX:ReservedCodeCacheSize=
# This output file may be truncated or incomplete.
#
#  Out of Memory Error (allocation.cpp:390), pid=10404, tid=0x000000000000a2d4
#
# JRE version: OpenJDK Runtime Environment (8.0_152-b01) (build 1.8.0_152-release-915-b01)
# Java VM: OpenJDK 64-Bit Server VM (25.152-b01 mixed mode windows-amd64 compressed oops)
# Failed to write core dump. Minidumps are not enabled by default on client versions of Windows
#

---------------  T H R E A D  ---------------

Current thread (0x00000000171ea800):  JavaThread "C2 CompilerThread2" daemon [_thread_in_native, id=41684, stack(0x0000000017ca0000,0x0000000017da0000)]

Stack: [0x0000000017ca0000,0x0000000017da0000]
[error occurred during error reporting (printing stack bounds), id 0xc0000005]

Native frames: (J=compiled Java code, j=interpreted, Vv=VM code, C=native code)


Current CompileTask:
C2:   2261  844       4       org.objectweb.asm.ClassReader::a (3587 bytes)


---------------  P R O C E S S  ---------------

Java Threads: ( => current thread )
  0x00000000172ce000 JavaThread "Service Thread" daemon [_thread_blocked, id=43192, stack(0x0000000017ea0000,0x0000000017fa0000)]
  0x0000000017247000 JavaThread "C1 CompilerThread3" daemon [_thread_blocked, id=49756, stack(0x0000000017da0000,0x0000000017ea0000)]
=>0x00000000171ea800 JavaThread "C2 CompilerThread2" daemon [_thread_in_native, id=41684, stack(0x0000000017ca0000,0x0000000017da0000)]
  0x00000000171e7800 JavaThread "C2 CompilerThread1" daemon [_thread_blocked, id=50128, stack(0x0000000017ba0000,0x0000000017ca0000)]
  0x00000000171e2000 JavaThread "C2 CompilerThread0" daemon [_thread_blocked, id=48536, stack(0x0000000017aa0000,0x0000000017ba0000)]
  0x00000000171e1000 JavaThread "Attach Listener" daemon [_thread_blocked, id=49984, stack(0x00000000179a0000,0x0000000017aa0000)]
  0x00000000171d5800 JavaThread "Signal Dispatcher" daemon [_thread_blocked, id=32136, stack(0x00000000178a0000,0x00000000179a0000)]
  0x00000000171d1800 JavaThread "Finalizer" daemon [_thread_blocked, id=39368, stack(0x00000000175b0000,0x00000000176b0000)]
  0x0000000004b39000 JavaThread "Reference Handler" daemon [_thread_blocked, id=48568, stack(0x00000000170b0000,0x00000000171b0000)]
  0x0000000004a44000 JavaThread "main" [_thread_in_native, id=25800, stack(0x0000000004940000,0x0000000004a40000)]

Other Threads:
  0x00000000152e5000 VMThread [stack: 0x0000000016fb0000,0x00000000170b0000] [id=49832]
  0x00000000172cf000 WatcherThread [stack: 0x0000000017fa0000,0x00000000180a0000] [id=47656]

VM state:not at safepoint (normal execution)

VM Mutex/Monitor currently owned by a thread: None

Heap:
 PSYoungGen      total 18944K, used 10064K [0x00000000feb00000, 0x0000000100000000, 0x0000000100000000)
  eden space 16384K, 45% used [0x00000000feb00000,0x00000000ff259778,0x00000000ffb00000)
  from space 2560K, 99% used [0x00000000ffd80000,0x00000000ffffab20,0x0000000100000000)
  to   space 2560K, 0% used [0x00000000ffb00000,0x00000000ffb00000,0x00000000ffd80000)
 ParOldGen       total 44032K, used 4899K [0x00000000fc000000, 0x00000000feb00000, 0x00000000feb00000)
  object space 44032K, 11% used [0x00000000fc000000,0x00000000fc4c8d10,0x00000000feb00000)
 Metaspace       used 7558K, capacity 7688K, committed 7936K, reserved 1056768K
  class space    used 866K, capacity 924K, committed 1024K, reserved 1048576K

Card table byte_map: [0x00000000048a0000,0x00000000048d0000] byte_map_base: 0x00000000040c0000

Marking Bits: (ParMarkBitMap*) 0x0000000074113950
 Begin Bits: [0x0000000014700000, 0x0000000014800000)
 End Bits:   [0x0000000014800000, 0x0000000014900000)

Polling page: 0x0000000002b70000

CodeCache: size=245760Kb used=3599Kb max_used=3599Kb free=242160Kb
 bounds [0x0000000004b40000, 0x0000000004ed0000, 0x0000000013b40000]
 total_blobs=1279 nmethods=947 adapters=246
 compilation: enabled

Compilation events (10 events):
Event: 2.243 Thread 0x0000000017247000  944  s    3       java.io.BufferedOutputStream::write (67 bytes)
Event: 2.243 Thread 0x0000000017247000 nmethod 944 0x0000000004ebad90 code [0x0000000004ebaf60, 0x0000000004ebb7b8]
Event: 2.243 Thread 0x0000000017247000  945       3       java.util.Vector::elementData (7 bytes)
Event: 2.243 Thread 0x0000000017247000 nmethod 945 0x0000000004ec46d0 code [0x0000000004ec4820, 0x0000000004ec4990]
Event: 2.243 Thread 0x0000000017247000  946       3       java.util.zip.ZipOutputStream::writeBytes (22 bytes)
Event: 2.243 Thread 0x0000000017247000 nmethod 946 0x0000000004eba910 code [0x0000000004ebaa80, 0x0000000004ebacc8]
Event: 2.243 Thread 0x0000000017247000  947       3       java.util.zip.ZipOutputStream::writeByte (25 bytes)
Event: 2.243 Thread 0x0000000017247000 nmethod 947 0x0000000004eba490 code [0x0000000004eba600, 0x0000000004eba848]
Event: 2.244 Thread 0x0000000017247000  948       3       java.util.zip.ZipUtils::fileTimeToUnixTime (8 bytes)
Event: 2.244 Thread 0x0000000017247000 nmethod 948 0x0000000004ec6350 code [0x0000000004ec64c0, 0x0000000004ec66c8]

GC Heap History (4 events):
Event: 1.700 GC heap before
{Heap before GC invocations=1 (full 0):
 PSYoungGen      total 18944K, used 16384K [0x00000000feb00000, 0x0000000100000000, 0x0000000100000000)
  eden space 16384K, 100% used [0x00000000feb00000,0x00000000ffb00000,0x00000000ffb00000)
  from space 2560K, 0% used [0x00000000ffd80000,0x00000000ffd80000,0x0000000100000000)
  to   space 2560K, 0% used [0x00000000ffb00000,0x00000000ffb00000,0x00000000ffd80000)
 ParOldGen       total 44032K, used 0K [0x00000000fc000000, 0x00000000feb00000, 0x00000000feb00000)
  object space 44032K, 0% used [0x00000000fc000000,0x00000000fc000000,0x00000000feb00000)
 Metaspace       used 6593K, capacity 6746K, committed 7040K, reserved 1056768K
  class space    used 772K, capacity 823K, committed 896K, reserved 1048576K
Event: 1.707 GC heap after
Heap after GC invocations=1 (full 0):
 PSYoungGen      total 18944K, used 2528K [0x00000000feb00000, 0x0000000100000000, 0x0000000100000000)
  eden space 16384K, 0% used [0x00000000feb00000,0x00000000feb00000,0x00000000ffb00000)
  from space 2560K, 98% used [0x00000000ffb00000,0x00000000ffd78030,0x00000000ffd80000)
  to   space 2560K, 0% used [0x00000000ffd80000,0x00000000ffd80000,0x0000000100000000)
 ParOldGen       total 44032K, used 1499K [0x00000000fc000000, 0x00000000feb00000, 0x00000000feb00000)
  object space 44032K, 3% used [0x00000000fc000000,0x00000000fc176fc0,0x00000000feb00000)
 Metaspace       used 6593K, capacity 6746K, committed 7040K, reserved 1056768K
  class space    used 772K, capacity 823K, committed 896K, reserved 1048576K
}
Event: 2.111 GC heap before
{Heap before GC invocations=2 (full 0):
 PSYoungGen      total 18944K, used 18912K [0x00000000feb00000, 0x0000000100000000, 0x0000000100000000)
  eden space 16384K, 100% used [0x00000000feb00000,0x00000000ffb00000,0x00000000ffb00000)
  from space 2560K, 98% used [0x00000000ffb00000,0x00000000ffd78030,0x00000000ffd80000)
  to   space 2560K, 0% used [0x00000000ffd80000,0x00000000ffd80000,0x0000000100000000)
 ParOldGen       total 44032K, used 1499K [0x00000000fc000000, 0x00000000feb00000, 0x00000000feb00000)
  object space 44032K, 3% used [0x00000000fc000000,0x00000000fc176fc0,0x00000000feb00000)
 Metaspace       used 7515K, capacity 7688K, committed 7936K, reserved 1056768K
  class space    used 866K, capacity 924K, committed 1024K, reserved 1048576K
Event: 2.120 GC heap after
Heap after GC invocations=2 (full 0):
 PSYoungGen      total 18944K, used 2538K [0x00000000feb00000, 0x0000000100000000, 0x0000000100000000)
  eden space 16384K, 0% used [0x00000000feb00000,0x00000000feb00000,0x00000000ffb00000)
  from space 2560K, 99% used [0x00000000ffd80000,0x00000000ffffab20,0x0000000100000000)
  to   space 2560K, 0% used [0x00000000ffb00000,0x00000000ffb00000,0x00000000ffd80000)
 ParOldGen       total 44032K, used 4899K [0x00000000fc000000, 0x00000000feb00000, 0x00000000feb00000)
  object space 44032K, 11% used [0x00000000fc000000,0x00000000fc4c8d10,0x00000000feb00000)
 Metaspace       used 7515K, capacity 7688K, committed 7936K, reserved 1056768K
  class space    used 866K, capacity 924K, committed 1024K, reserved 1048576K
}

Deoptimization events (10 events):
Event: 1.686 Thread 0x0000000004a44000 Uncommon trap: reason=unstable_if action=reinterpret pc=0x0000000004d7929c method=java.util.zip.ZipCoder.decoder()Ljava/nio/charset/CharsetDecoder; @ 4
Event: 1.777 Thread 0x0000000004a44000 Uncommon trap: reason=unstable_if action=reinterpret pc=0x0000000004d7dd9c method=java.util.zip.ZipCoder.decoder()Ljava/nio/charset/CharsetDecoder; @ 4
Event: 1.778 Thread 0x0000000004a44000 Uncommon trap: reason=unstable_if action=reinterpret pc=0x0000000004d70fec method=java.util.zip.ZipCoder.decoder()Ljava/nio/charset/CharsetDecoder; @ 4
Event: 1.778 Thread 0x0000000004a44000 Uncommon trap: reason=unstable_if action=reinterpret pc=0x0000000004d6a63c method=java.util.zip.ZipCoder.decoder()Ljava/nio/charset/CharsetDecoder; @ 4
Event: 1.794 Thread 0x0000000004a44000 Uncommon trap: reason=unstable_if action=reinterpret pc=0x0000000004d894c8 method=java.util.HashMap$HashIterator.nextNode()Ljava/util/HashMap$Node; @ 74
Event: 1.827 Thread 0x0000000004a44000 Uncommon trap: reason=unstable_if action=reinterpret pc=0x0000000004d899c8 method=java.util.HashMap$HashIterator.nextNode()Ljava/util/HashMap$Node; @ 74
Event: 1.878 Thread 0x0000000004a44000 Uncommon trap: reason=unloaded action=reinterpret pc=0x0000000004d6f0fc method=java.util.zip.ZipEntry.setExtra0([BZ)V @ 37
Event: 1.985 Thread 0x0000000004a44000 Uncommon trap: reason=unstable_if action=reinterpret pc=0x0000000004cd8138 method=java.lang.String.<init>([CII)V @ 18
Event: 2.071 Thread 0x0000000004a44000 Uncommon trap: reason=unstable_if action=reinterpret pc=0x0000000004e470a0 method=org.objectweb.asm.Type.getArgumentsAndReturnSizes(Ljava/lang/String;)I @ 41
Event: 2.137 Thread 0x0000000004a44000 Uncommon trap: reason=unstable_if action=reinterpret pc=0x0000000004e8f794 method=org.objectweb.asm.Type.getArgumentsAndReturnSizes(Ljava/lang/String;)I @ 130

Classes redefined (0 events):
No events

Internal exceptions (10 events):
Event: 1.778 Thread 0x0000000004a44000 Implicit null exception at 0x0000000004d6a1b8 to 0x0000000004d6a621
Event: 1.824 Thread 0x0000000004a44000 Exception <a 'sun/nio/fs/WindowsException'> (0x00000000ff1d6730) thrown at [D:\src\AOSP-openjdk-cygwin\jdk8u\hotspot\src\share\vm\prims\jni.cpp, line 709]
Event: 1.824 Thread 0x0000000004a44000 Exception <a 'sun/nio/fs/WindowsException'> (0x00000000ff1d6cf0) thrown at [D:\src\AOSP-openjdk-cygwin\jdk8u\hotspot\src\share\vm\prims\jni.cpp, line 709]
Event: 1.824 Thread 0x0000000004a44000 Exception <a 'sun/nio/fs/WindowsException'> (0x00000000ff1d72c0) thrown at [D:\src\AOSP-openjdk-cygwin\jdk8u\hotspot\src\share\vm\prims\jni.cpp, line 709]
Event: 1.824 Thread 0x0000000004a44000 Exception <a 'sun/nio/fs/WindowsException'> (0x00000000ff1d7a80) thrown at [D:\src\AOSP-openjdk-cygwin\jdk8u\hotspot\src\share\vm\prims\jni.cpp, line 709]
Event: 1.824 Thread 0x0000000004a44000 Exception <a 'sun/nio/fs/WindowsException'> (0x00000000ff1d8028) thrown at [D:\src\AOSP-openjdk-cygwin\jdk8u\hotspot\src\share\vm\prims\jni.cpp, line 709]
Event: 1.824 Thread 0x0000000004a44000 Exception <a 'sun/nio/fs/WindowsException'> (0x00000000ff1d87d8) thrown at [D:\src\AOSP-openjdk-cygwin\jdk8u\hotspot\src\share\vm\prims\jni.cpp, line 709]
Event: 1.838 Thread 0x0000000004a44000 Exception <a 'sun/nio/fs/WindowsException'> (0x00000000ff1ddb58) thrown at [D:\src\AOSP-openjdk-cygwin\jdk8u\hotspot\src\share\vm\prims\jni.cpp, line 709]
Event: 1.896 Thread 0x0000000004a44000 Exception <a 'sun/nio/fs/WindowsException'> (0x00000000ff4f8fc8) thrown at [D:\src\AOSP-openjdk-cygwin\jdk8u\hotspot\src\share\vm\prims\jni.cpp, line 709]
Event: 1.901 Thread 0x0000000004a44000 Exception <a 'sun/nio/fs/WindowsException'> (0x00000000ff4f9570) thrown at [D:\src\AOSP-openjdk-cygwin\jdk8u\hotspot\src\share\vm\prims\jni.cpp, line 709]

Events (10 events):
Event: 2.071 Thread 0x0000000004a44000 Uncommon trap: trap_request=0xffffff65 fr.pc=0x0000000004e470a0
Event: 2.071 Thread 0x0000000004a44000 DEOPT PACKING pc=0x0000000004e470a0 sp=0x0000000004a3e960
Event: 2.071 Thread 0x0000000004a44000 DEOPT UNPACKING pc=0x0000000004b8556a sp=0x0000000004a3e8e8 mode 2
Event: 2.111 Executing VM operation: ParallelGCFailedAllocation
Event: 2.120 Executing VM operation: ParallelGCFailedAllocation done
Event: 2.137 Thread 0x0000000004a44000 Uncommon trap: trap_request=0xffffff65 fr.pc=0x0000000004e8f794
Event: 2.137 Thread 0x0000000004a44000 DEOPT PACKING pc=0x0000000004e8f794 sp=0x0000000004a3e8e0
Event: 2.137 Thread 0x0000000004a44000 DEOPT UNPACKING pc=0x0000000004b8556a sp=0x0000000004a3e870 mode 2
Event: 2.242 loading class java/util/Vector$Itr
Event: 2.242 loading class java/util/Vector$Itr done


Dynamic libraries:
0x00007ff6561e0000 - 0x00007ff656211000 	D:\Program Files\Android\Android Studio\jre\bin\java.exe
0x00007ff876090000 - 0x00007ff876270000 	C:\WINDOWS\SYSTEM32\ntdll.dll
0x00007ff8747f0000 - 0x00007ff87489e000 	C:\WINDOWS\System32\KERNEL32.DLL
0x00007ff872970000 - 0x00007ff872bd6000 	C:\WINDOWS\System32\KERNELBASE.dll
0x00007ff8737e0000 - 0x00007ff873881000 	C:\WINDOWS\System32\ADVAPI32.dll
0x00007ff873fc0000 - 0x00007ff87405d000 	C:\WINDOWS\System32\msvcrt.dll
0x00007ff873b40000 - 0x00007ff873b9b000 	C:\WINDOWS\System32\sechost.dll
0x00007ff875f40000 - 0x00007ff87605f000 	C:\WINDOWS\System32\RPCRT4.dll
0x00007ff8739b0000 - 0x00007ff873b3f000 	C:\WINDOWS\System32\USER32.dll
0x00007ff872c40000 - 0x00007ff872c60000 	C:\WINDOWS\System32\win32u.dll
0x00007ff874060000 - 0x00007ff874088000 	C:\WINDOWS\System32\GDI32.dll
0x00007ff8725b0000 - 0x00007ff872743000 	C:\WINDOWS\System32\gdi32full.dll
0x00007ff872510000 - 0x00007ff8725ab000 	C:\WINDOWS\System32\msvcp_win.dll
0x00007ff873460000 - 0x00007ff873556000 	C:\WINDOWS\System32\ucrtbase.dll
0x00007ff861c20000 - 0x00007ff861e89000 	C:\WINDOWS\WinSxS\amd64_microsoft.windows.common-controls_6595b64144ccf1df_6.0.16299.192_none_15c8cdae9364c23b\COMCTL32.dll
0x00007ff8744e0000 - 0x00007ff8747e8000 	C:\WINDOWS\System32\combase.dll
0x00007ff872490000 - 0x00007ff872502000 	C:\WINDOWS\System32\bcryptPrimitives.dll
0x00007ff8737b0000 - 0x00007ff8737dd000 	C:\WINDOWS\System32\IMM32.DLL
0x00000000755a0000 - 0x0000000075672000 	D:\Program Files\Android\Android Studio\jre\jre\bin\msvcr100.dll
0x0000000073950000 - 0x000000007418e000 	D:\Program Files\Android\Android Studio\jre\jre\bin\server\jvm.dll
0x00007ff873cf0000 - 0x00007ff873cf8000 	C:\WINDOWS\System32\PSAPI.DLL
0x00007ff86b630000 - 0x00007ff86b639000 	C:\WINDOWS\SYSTEM32\WSOCK32.dll
0x00007ff86af90000 - 0x00007ff86afb3000 	C:\WINDOWS\SYSTEM32\WINMM.dll
0x00007ff8748a0000 - 0x00007ff87490c000 	C:\WINDOWS\System32\WS2_32.dll
0x00007ff86d010000 - 0x00007ff86d01a000 	C:\WINDOWS\SYSTEM32\VERSION.dll
0x00007ff86af30000 - 0x00007ff86af5a000 	C:\WINDOWS\SYSTEM32\winmmbase.dll
0x00007ff872750000 - 0x00007ff87279a000 	C:\WINDOWS\System32\cfgmgr32.dll
0x00007ff86f000000 - 0x00007ff86f00f000 	D:\Program Files\Android\Android Studio\jre\jre\bin\verify.dll
0x00007ff8619d0000 - 0x00007ff8619f9000 	D:\Program Files\Android\Android Studio\jre\jre\bin\java.dll
0x00007ff8615f0000 - 0x00007ff861606000 	D:\Program Files\Android\Android Studio\jre\jre\bin\zip.dll
0x00007ff874b00000 - 0x00007ff875f36000 	C:\WINDOWS\System32\SHELL32.dll
0x00007ff873700000 - 0x00007ff8737a6000 	C:\WINDOWS\System32\shcore.dll
0x00007ff872d10000 - 0x00007ff873457000 	C:\WINDOWS\System32\windows.storage.dll
0x00007ff874aa0000 - 0x00007ff874af1000 	C:\WINDOWS\System32\shlwapi.dll
0x00007ff872470000 - 0x00007ff872481000 	C:\WINDOWS\System32\kernel.appcore.dll
0x00007ff872400000 - 0x00007ff87244c000 	C:\WINDOWS\System32\powrprof.dll
0x00007ff872450000 - 0x00007ff87246b000 	C:\WINDOWS\System32\profapi.dll
0x00007ff871e30000 - 0x00007ff871e47000 	C:\WINDOWS\SYSTEM32\CRYPTSP.dll
0x00007ff871660000 - 0x00007ff871693000 	C:\WINDOWS\system32\rsaenh.dll
0x00007ff871f40000 - 0x00007ff871f65000 	C:\WINDOWS\SYSTEM32\bcrypt.dll
0x00007ff872310000 - 0x00007ff872339000 	C:\WINDOWS\SYSTEM32\USERENV.dll
0x00007ff871e50000 - 0x00007ff871e5b000 	C:\WINDOWS\SYSTEM32\CRYPTBASE.dll
0x00007ff860120000 - 0x00007ff86013a000 	D:\Program Files\Android\Android Studio\jre\jre\bin\net.dll
0x00007ff871c70000 - 0x00007ff871cd6000 	C:\WINDOWS\system32\mswsock.dll
0x00007ff871a00000 - 0x00007ff871a39000 	C:\WINDOWS\SYSTEM32\IPHLPAPI.DLL
0x00007ff8739a0000 - 0x00007ff8739a8000 	C:\WINDOWS\System32\NSI.dll
0x00007ff86f450000 - 0x00007ff86f466000 	C:\WINDOWS\SYSTEM32\dhcpcsvc6.DLL
0x00007ff86f340000 - 0x00007ff86f35a000 	C:\WINDOWS\SYSTEM32\dhcpcsvc.DLL
0x00007ff860100000 - 0x00007ff860111000 	D:\Program Files\Android\Android Studio\jre\jre\bin\nio.dll

VM Arguments:
jvm_args: -Djava.awt.headless=true -Xmx64M -Dfile.encoding=windows-1256 -Duser.country=US -Duser.language=en -Duser.variant 
java_command: com.google.devtools.build.android.desugar.Desugar --input D:\src\Samples\Android\SamsungPay\noonpaySample\app\build\intermediates\transforms\stackFramesFixer\debug\0.jar --output D:\src\Samples\Android\SamsungPay\noonpaySample\app\build\intermediates\transforms\desugar\debug\1.jar --input D:\src\Samples\Android\SamsungPay\noonpaySample\app\build\intermediates\transforms\stackFramesFixer\debug\1.jar --output D:\src\Samples\Android\SamsungPay\noonpaySample\app\build\intermediates\transforms\desugar\debug\2.jar --classpath_entry D:\src\Samples\Android\SamsungPay\noonpaySample\app\build\intermediates\classes\debug --classpath_entry D:\src\Samples\Android\SamsungPay\noonpaySample\app\build\intermediates\transforms\stackFramesFixer\debug\0.jar --classpath_entry D:\src\Samples\Android\SamsungPay\noonpaySample\app\build\intermediates\transforms\stackFramesFixer\debug\1.jar --classpath_entry D:\src\Samples\Android\SamsungPay\noonpaySample\app\build\intermediates\transforms\stackFramesFixer\debug\2.jar --classpath_entry D:\src\Samples\Android\SamsungPay\noonpaySample\app\build\intermediates\transforms\stackFramesFixer\debug\3.jar --classpath_entry D:\src\Samples\Android\SamsungPay\noonpaySample\app\build\intermediates\transforms\stackFramesFixer\debug\4.jar --classpath_entry D:\src\Samples\Android\SamsungPay\noonpaySample\app\build\intermediates\transforms\stackFramesFixer\debug\5.jar --classpath_entry D:\src\Samples\Android\SamsungPay\noonpaySample\app\build\intermediates\transforms\stackFramesFixer\debug\6.jar --classpath_entry D:\src\Samples\Android\SamsungPay\noonpaySample\app\build\intermediates\transforms\stackFramesFixer\debug\7.jar --classpath_entry D:\src\Samples\Android\SamsungPay\noonpaySample\app\build\intermediates\transforms\stackFramesFixer\debug\8.jar --classpath_entry D:\src\Samples\Android\SamsungPay\noonpaySample\app\build\intermediates\transforms\stackFramesFixer\debug\9.jar --classpath_entry D:\src\Samples\Android\SamsungPay\noonpaySample\
java_class_path (initial): C:\Users\abdo\AppData\Local\Temp\desugar_deploy.jar6849692412381006742
Launcher Type: SUN_STANDARD

Environment Variables:
JAVA_HOME=C:\Users\abdo\scoop\apps\openjdk\current
USERNAME=abdo
OS=Windows_NT
PROCESSOR_IDENTIFIER=Intel64 Family 6 Model 94 Stepping 3, GenuineIntel



---------------  S Y S T E M  ---------------

OS: Windows 10.0 , 64 bit Build 16299 (10.0.16299.15)

CPU:total 8 (initial active 8) (4 cores per cpu, 2 threads per core) family 6 model 94 stepping 3, cmov, cx8, fxsr, mmx, sse, sse2, sse3, ssse3, sse4.1, sse4.2, popcnt, avx, avx2, aes, clmul, erms, rtm, 3dnowpref, lzcnt, ht, tsc, tscinvbit, bmi1, bmi2, adx

Memory: 4k page, physical 16666212k(4702860k free), swap 17714788k(3352k free)

vm_info: OpenJDK 64-Bit Server VM (25.152-b01) for windows-amd64 JRE (1.8.0_152-release-915-b01), built by "builder" with MS VC++ 10.0 (VS2010)

time: Thu Mar 15 12:42:56 2018
elapsed time: 2 seconds (0d 0h 0m 2s)

