#
# There is insufficient memory for the Java Runtime Environment to continue.
# Native memory allocation (malloc) failed to allocate 255056 bytes for Chunk::new
# Possible reasons:
#   The system is out of physical RAM or swap space
#   In 32 bit mode, the process size limit was hit
# Possible solutions:
#   Reduce memory load on the system
#   Increase physical memory or swap space
#   Check if swap backing store is full
#   Use 64 bit Java on a 64 bit OS
#   Decrease Java heap size (-Xmx/-Xms)
#   Decrease number of Java threads
#   Decrease Java thread stack sizes (-Xss)
#   Set larger code cache with -XX:ReservedCodeCacheSize=
# This output file may be truncated or incomplete.
#
#  Out of Memory Error (allocation.cpp:390), pid=53544, tid=0x0000000000005ba4
#
# JRE version: OpenJDK Runtime Environment (8.0_152-b01) (build 1.8.0_152-release-915-b01)
# Java VM: OpenJDK 64-Bit Server VM (25.152-b01 mixed mode windows-amd64 compressed oops)
# Failed to write core dump. Minidumps are not enabled by default on client versions of Windows
#

---------------  T H R E A D  ---------------

Current thread (0x0000000017700800):  JavaThread "C2 CompilerThread0" daemon [_thread_in_native, id=23460, stack(0x0000000017fc0000,0x00000000180c0000)]

Stack: [0x0000000017fc0000,0x00000000180c0000]
[error occurred during error reporting (printing stack bounds), id 0xc0000005]

Native frames: (J=compiled Java code, j=interpreted, Vv=VM code, C=native code)


Current CompileTask:
C2:   1473  139 %     4       sun.security.provider.SHA::implCompress @ 12 (491 bytes)


---------------  P R O C E S S  ---------------

Java Threads: ( => current thread )
  0x00000000177c8800 JavaThread "Service Thread" daemon [_thread_blocked, id=56404, stack(0x00000000183c0000,0x00000000184c0000)]
  0x0000000017754000 JavaThread "C1 CompilerThread3" daemon [_thread_blocked, id=56092, stack(0x00000000182c0000,0x00000000183c0000)]
  0x0000000017709000 JavaThread "C2 CompilerThread2" daemon [_thread_blocked, id=56908, stack(0x00000000181c0000,0x00000000182c0000)]
  0x0000000017704000 JavaThread "C2 CompilerThread1" daemon [_thread_in_native, id=55004, stack(0x00000000180c0000,0x00000000181c0000)]
=>0x0000000017700800 JavaThread "C2 CompilerThread0" daemon [_thread_in_native, id=23460, stack(0x0000000017fc0000,0x00000000180c0000)]
  0x00000000176ff800 JavaThread "Attach Listener" daemon [_thread_blocked, id=52440, stack(0x0000000017ec0000,0x0000000017fc0000)]
  0x0000000017750800 JavaThread "Signal Dispatcher" daemon [_thread_blocked, id=54988, stack(0x0000000017dc0000,0x0000000017ec0000)]
  0x00000000176f0800 JavaThread "Finalizer" daemon [_thread_blocked, id=56280, stack(0x0000000017ad0000,0x0000000017bd0000)]
  0x0000000005039000 JavaThread "Reference Handler" daemon [_thread_blocked, id=48292, stack(0x00000000175d0000,0x00000000176d0000)]
  0x0000000004f44000 JavaThread "main" [_thread_in_native, id=47332, stack(0x0000000004e40000,0x0000000004f40000)]

Other Threads:
  0x00000000157e5000 VMThread [stack: 0x00000000174d0000,0x00000000175d0000] [id=48100]
  0x00000000177c9800 WatcherThread [stack: 0x00000000184c0000,0x00000000185c0000] [id=54864]

VM state:not at safepoint (normal execution)

VM Mutex/Monitor currently owned by a thread: None

Heap:
 PSYoungGen      total 18944K, used 2664K [0x00000000feb00000, 0x0000000100000000, 0x0000000100000000)
  eden space 16384K, 16% used [0x00000000feb00000,0x00000000fed9a3a0,0x00000000ffb00000)
  from space 2560K, 0% used [0x00000000ffd80000,0x00000000ffd80000,0x0000000100000000)
  to   space 2560K, 0% used [0x00000000ffb00000,0x00000000ffb00000,0x00000000ffd80000)
 ParOldGen       total 44032K, used 0K [0x00000000fc000000, 0x00000000feb00000, 0x00000000feb00000)
  object space 44032K, 0% used [0x00000000fc000000,0x00000000fc000000,0x00000000feb00000)
 Metaspace       used 3907K, capacity 4692K, committed 4864K, reserved 1056768K
  class space    used 410K, capacity 464K, committed 512K, reserved 1048576K

Card table byte_map: [0x0000000004cd0000,0x0000000004d00000] byte_map_base: 0x00000000044f0000

Marking Bits: (ParMarkBitMap*) 0x0000000074113950
 Begin Bits: [0x0000000014c00000, 0x0000000014d00000)
 End Bits:   [0x0000000014d00000, 0x0000000014e00000)

Polling page: 0x0000000003020000

CodeCache: size=245760Kb used=1351Kb max_used=1362Kb free=244408Kb
 bounds [0x0000000005040000, 0x00000000052b0000, 0x0000000014040000]
 total_blobs=415 nmethods=143 adapters=186
 compilation: enabled

Compilation events (10 events):
Event: 1.465 Thread 0x0000000017704000  140       4       sun.nio.cs.SingleByte$Encoder::encode (114 bytes)
Event: 1.465 Thread 0x0000000017754000  141       3       java.util.concurrent.atomic.AtomicLong::get (5 bytes)
Event: 1.466 Thread 0x0000000017754000 nmethod 141 0x000000000518fc10 code [0x000000000518fd60, 0x000000000518feb0]
Event: 1.466 Thread 0x0000000017754000  142       3       java.util.concurrent.atomic.AtomicLong::compareAndSet (13 bytes)
Event: 1.466 Thread 0x0000000017754000 nmethod 142 0x000000000518ff10 code [0x0000000005190060, 0x00000000051901d0]
Event: 1.466 Thread 0x0000000017754000  143       3       java.util.Random::nextBoolean (14 bytes)
Event: 1.466 Thread 0x0000000017754000 nmethod 143 0x0000000005190250 code [0x00000000051903c0, 0x0000000005190628]
Event: 1.466 Thread 0x0000000017754000  144       3       java.util.Random::next (47 bytes)
Event: 1.466 Thread 0x0000000017754000 nmethod 144 0x00000000051906d0 code [0x0000000005190840, 0x0000000005190c50]
Event: 1.466 Thread 0x0000000017709000 nmethod 138 0x0000000005193b10 code [0x0000000005193c40, 0x0000000005193d98]

GC Heap History (0 events):
No events

Deoptimization events (0 events):
No events

Classes redefined (0 events):
No events

Internal exceptions (2 events):
Event: 0.056 Thread 0x0000000004f44000 Exception <a 'java/lang/NoSuchMethodError': Method sun.misc.Unsafe.defineClass(Ljava/lang/String;[BII)Ljava/lang/Class; name or signature does not match> (0x00000000feb07ca8) thrown at [D:\src\AOSP-openjdk-cygwin\jdk8u\hotspot\src\share\vm\prims\jni.cpp, 
Event: 0.056 Thread 0x0000000004f44000 Exception <a 'java/lang/NoSuchMethodError': Method sun.misc.Unsafe.prefetchRead(Ljava/lang/Object;J)V name or signature does not match> (0x00000000feb07f90) thrown at [D:\src\AOSP-openjdk-cygwin\jdk8u\hotspot\src\share\vm\prims\jni.cpp, line 4011]

Events (10 events):
Event: 1.470 loading class java/lang/ApplicationShutdownHooks
Event: 1.470 loading class java/lang/ApplicationShutdownHooks done
Event: 1.471 loading class java/lang/ApplicationShutdownHooks$1
Event: 1.471 loading class java/lang/ApplicationShutdownHooks$1 done
Event: 1.471 loading class java/lang/Shutdown
Event: 1.471 loading class java/lang/Shutdown done
Event: 1.471 loading class java/lang/Shutdown$Lock
Event: 1.471 loading class java/lang/Shutdown$Lock done
Event: 1.471 loading class java/util/IdentityHashMap
Event: 1.471 loading class java/util/IdentityHashMap done


Dynamic libraries:
0x00007ff6561e0000 - 0x00007ff656211000 	D:\Program Files\Android\Android Studio\jre\bin\java.exe
0x00007ff876090000 - 0x00007ff876270000 	C:\WINDOWS\SYSTEM32\ntdll.dll
0x00007ff8747f0000 - 0x00007ff87489e000 	C:\WINDOWS\System32\KERNEL32.DLL
0x00007ff872970000 - 0x00007ff872bd6000 	C:\WINDOWS\System32\KERNELBASE.dll
0x00007ff8737e0000 - 0x00007ff873881000 	C:\WINDOWS\System32\ADVAPI32.dll
0x00007ff873fc0000 - 0x00007ff87405d000 	C:\WINDOWS\System32\msvcrt.dll
0x00007ff873b40000 - 0x00007ff873b9b000 	C:\WINDOWS\System32\sechost.dll
0x00007ff875f40000 - 0x00007ff87605f000 	C:\WINDOWS\System32\RPCRT4.dll
0x00007ff8739b0000 - 0x00007ff873b3f000 	C:\WINDOWS\System32\USER32.dll
0x00007ff872c40000 - 0x00007ff872c60000 	C:\WINDOWS\System32\win32u.dll
0x00007ff874060000 - 0x00007ff874088000 	C:\WINDOWS\System32\GDI32.dll
0x00007ff8725b0000 - 0x00007ff872743000 	C:\WINDOWS\System32\gdi32full.dll
0x00007ff872510000 - 0x00007ff8725ab000 	C:\WINDOWS\System32\msvcp_win.dll
0x00007ff873460000 - 0x00007ff873556000 	C:\WINDOWS\System32\ucrtbase.dll
0x00007ff861c20000 - 0x00007ff861e89000 	C:\WINDOWS\WinSxS\amd64_microsoft.windows.common-controls_6595b64144ccf1df_6.0.16299.192_none_15c8cdae9364c23b\COMCTL32.dll
0x00007ff8744e0000 - 0x00007ff8747e8000 	C:\WINDOWS\System32\combase.dll
0x00007ff872490000 - 0x00007ff872502000 	C:\WINDOWS\System32\bcryptPrimitives.dll
0x00007ff8737b0000 - 0x00007ff8737dd000 	C:\WINDOWS\System32\IMM32.DLL
0x00000000755a0000 - 0x0000000075672000 	D:\Program Files\Android\Android Studio\jre\jre\bin\msvcr100.dll
0x0000000073950000 - 0x000000007418e000 	D:\Program Files\Android\Android Studio\jre\jre\bin\server\jvm.dll
0x00007ff873cf0000 - 0x00007ff873cf8000 	C:\WINDOWS\System32\PSAPI.DLL
0x00007ff86b630000 - 0x00007ff86b639000 	C:\WINDOWS\SYSTEM32\WSOCK32.dll
0x00007ff86af90000 - 0x00007ff86afb3000 	C:\WINDOWS\SYSTEM32\WINMM.dll
0x00007ff8748a0000 - 0x00007ff87490c000 	C:\WINDOWS\System32\WS2_32.dll
0x00007ff86d010000 - 0x00007ff86d01a000 	C:\WINDOWS\SYSTEM32\VERSION.dll
0x00007ff86af30000 - 0x00007ff86af5a000 	C:\WINDOWS\SYSTEM32\WINMMBASE.dll
0x00007ff872750000 - 0x00007ff87279a000 	C:\WINDOWS\System32\cfgmgr32.dll
0x00007ff86f000000 - 0x00007ff86f00f000 	D:\Program Files\Android\Android Studio\jre\jre\bin\verify.dll
0x00007ff8619d0000 - 0x00007ff8619f9000 	D:\Program Files\Android\Android Studio\jre\jre\bin\java.dll
0x00007ff86afc0000 - 0x00007ff86afd6000 	D:\Program Files\Android\Android Studio\jre\jre\bin\zip.dll
0x00007ff874b00000 - 0x00007ff875f36000 	C:\WINDOWS\System32\SHELL32.dll
0x00007ff873700000 - 0x00007ff8737a6000 	C:\WINDOWS\System32\shcore.dll
0x00007ff872d10000 - 0x00007ff873457000 	C:\WINDOWS\System32\windows.storage.dll
0x00007ff874aa0000 - 0x00007ff874af1000 	C:\WINDOWS\System32\shlwapi.dll
0x00007ff872470000 - 0x00007ff872481000 	C:\WINDOWS\System32\kernel.appcore.dll
0x00007ff872400000 - 0x00007ff87244c000 	C:\WINDOWS\System32\powrprof.dll
0x00007ff872450000 - 0x00007ff87246b000 	C:\WINDOWS\System32\profapi.dll
0x00007ff871e30000 - 0x00007ff871e47000 	C:\WINDOWS\SYSTEM32\CRYPTSP.dll
0x00007ff871660000 - 0x00007ff871693000 	C:\WINDOWS\system32\rsaenh.dll
0x00007ff871f40000 - 0x00007ff871f65000 	C:\WINDOWS\SYSTEM32\bcrypt.dll
0x00007ff872310000 - 0x00007ff872339000 	C:\WINDOWS\SYSTEM32\USERENV.dll
0x00007ff871e50000 - 0x00007ff871e5b000 	C:\WINDOWS\SYSTEM32\CRYPTBASE.dll
0x00007ff8615f0000 - 0x00007ff86160a000 	D:\Program Files\Android\Android Studio\jre\jre\bin\net.dll
0x00007ff871c70000 - 0x00007ff871cd6000 	C:\WINDOWS\system32\mswsock.dll
0x00007ff871a00000 - 0x00007ff871a39000 	C:\WINDOWS\SYSTEM32\IPHLPAPI.DLL
0x00007ff8739a0000 - 0x00007ff8739a8000 	C:\WINDOWS\System32\NSI.dll
0x00007ff86f450000 - 0x00007ff86f466000 	C:\WINDOWS\SYSTEM32\dhcpcsvc6.DLL
0x00007ff86f340000 - 0x00007ff86f35a000 	C:\WINDOWS\SYSTEM32\dhcpcsvc.DLL
0x00007ff8613a0000 - 0x00007ff8613b1000 	D:\Program Files\Android\Android Studio\jre\jre\bin\nio.dll

VM Arguments:
jvm_args: -Djava.awt.headless=true -Xmx64M -Dfile.encoding=windows-1256 -Duser.country=US -Duser.language=en -Duser.variant 
java_command: com.google.devtools.build.android.desugar.Desugar --input D:\src\Samples\Android\SamsungPay\noonpaySample\app\build\intermediates\transforms\stackFramesFixer\debug\14.jar --output D:\src\Samples\Android\SamsungPay\noonpaySample\app\build\intermediates\transforms\desugar\debug\15.jar --input D:\src\Samples\Android\SamsungPay\noonpaySample\app\build\intermediates\transforms\stackFramesFixer\debug\7.jar --output D:\src\Samples\Android\SamsungPay\noonpaySample\app\build\intermediates\transforms\desugar\debug\8.jar --input D:\src\Samples\Android\SamsungPay\noonpaySample\app\build\intermediates\transforms\stackFramesFixer\debug\8.jar --output D:\src\Samples\Android\SamsungPay\noonpaySample\app\build\intermediates\transforms\desugar\debug\9.jar --classpath_entry D:\src\Samples\Android\SamsungPay\noonpaySample\app\build\intermediates\classes\debug --classpath_entry D:\src\Samples\Android\SamsungPay\noonpaySample\app\build\intermediates\transforms\stackFramesFixer\debug\0.jar --classpath_entry D:\src\Samples\Android\SamsungPay\noonpaySample\app\build\intermediates\transforms\stackFramesFixer\debug\1.jar --classpath_entry D:\src\Samples\Android\SamsungPay\noonpaySample\app\build\intermediates\transforms\stackFramesFixer\debug\2.jar --classpath_entry D:\src\Samples\Android\SamsungPay\noonpaySample\app\build\intermediates\transforms\stackFramesFixer\debug\3.jar --classpath_entry D:\src\Samples\Android\SamsungPay\noonpaySample\app\build\intermediates\transforms\stackFramesFixer\debug\4.jar --classpath_entry D:\src\Samples\Android\SamsungPay\noonpaySample\app\build\intermediates\transforms\stackFramesFixer\debug\5.jar --classpath_entry D:\src\Samples\Android\SamsungPay\noonpaySample\app\build\intermediates\transforms\stackFramesFixer\debug\6.jar --classpath_entry D:\src\Samples\Android\SamsungPay\noonpaySample\app\build\intermediates\transforms\stackFramesFixer\debug\7.jar --classpath_entry D:\src\Samples\Android\SamsungPay\noonpaySample\app\build\intermediates\tr
java_class_path (initial): C:\Users\abdo\AppData\Local\Temp\desugar_deploy.jar8986432905686448044
Launcher Type: SUN_STANDARD

Environment Variables:
JAVA_HOME=C:\Users\abdo\scoop\apps\openjdk\current
USERNAME=abdo
OS=Windows_NT
PROCESSOR_IDENTIFIER=Intel64 Family 6 Model 94 Stepping 3, GenuineIntel



---------------  S Y S T E M  ---------------

OS: Windows 10.0 , 64 bit Build 16299 (10.0.16299.15)

CPU:total 8 (initial active 8) (4 cores per cpu, 2 threads per core) family 6 model 94 stepping 3, cmov, cx8, fxsr, mmx, sse, sse2, sse3, ssse3, sse4.1, sse4.2, popcnt, avx, avx2, aes, clmul, erms, rtm, 3dnowpref, lzcnt, ht, tsc, tscinvbit, bmi1, bmi2, adx

Memory: 4k page, physical 16666212k(5236848k free), swap 17714788k(444k free)

vm_info: OpenJDK 64-Bit Server VM (25.152-b01) for windows-amd64 JRE (1.8.0_152-release-915-b01), built by "builder" with MS VC++ 10.0 (VS2010)

time: Thu Mar 15 20:22:41 2018
elapsed time: 1 seconds (0d 0h 0m 1s)

