#
# There is insufficient memory for the Java Runtime Environment to continue.
# Native memory allocation (malloc) failed to allocate 32744 bytes for ChunkPool::allocate
# Possible reasons:
#   The system is out of physical RAM or swap space
#   In 32 bit mode, the process size limit was hit
# Possible solutions:
#   Reduce memory load on the system
#   Increase physical memory or swap space
#   Check if swap backing store is full
#   Use 64 bit Java on a 64 bit OS
#   Decrease Java heap size (-Xmx/-Xms)
#   Decrease number of Java threads
#   Decrease Java thread stack sizes (-Xss)
#   Set larger code cache with -XX:ReservedCodeCacheSize=
# This output file may be truncated or incomplete.
#
#  Out of Memory Error (allocation.cpp:273), pid=14000, tid=0x000000000000bef4
#
# JRE version: OpenJDK Runtime Environment (8.0_152-b01) (build 1.8.0_152-release-915-b01)
# Java VM: OpenJDK 64-Bit Server VM (25.152-b01 mixed mode windows-amd64 compressed oops)
# Failed to write core dump. Minidumps are not enabled by default on client versions of Windows
#

---------------  T H R E A D  ---------------

Current thread (0x000000001786f800):  JavaThread "C2 CompilerThread2" daemon [_thread_in_native, id=48884, stack(0x0000000018290000,0x0000000018390000)]

Stack: [0x0000000018290000,0x0000000018390000]
[error occurred during error reporting (printing stack bounds), id 0xc0000005]

Native frames: (J=compiled Java code, j=interpreted, Vv=VM code, C=native code)


Current CompileTask:
C2:   1790  872       4       org.objectweb.asm.ClassReader::a (3587 bytes)


---------------  P R O C E S S  ---------------

Java Threads: ( => current thread )
  0x0000000017898800 JavaThread "Service Thread" daemon [_thread_blocked, id=49832, stack(0x0000000018490000,0x0000000018590000)]
  0x0000000017874000 JavaThread "C1 CompilerThread3" daemon [_thread_blocked, id=49996, stack(0x0000000018390000,0x0000000018490000)]
=>0x000000001786f800 JavaThread "C2 CompilerThread2" daemon [_thread_in_native, id=48884, stack(0x0000000018290000,0x0000000018390000)]
  0x000000001786c800 JavaThread "C2 CompilerThread1" daemon [_thread_blocked, id=45548, stack(0x0000000018190000,0x0000000018290000)]
  0x00000000177d5800 JavaThread "C2 CompilerThread0" daemon [_thread_blocked, id=48780, stack(0x0000000018090000,0x0000000018190000)]
  0x00000000177d4000 JavaThread "Attach Listener" daemon [_thread_blocked, id=12360, stack(0x0000000017f90000,0x0000000018090000)]
  0x0000000017821800 JavaThread "Signal Dispatcher" daemon [_thread_blocked, id=35632, stack(0x0000000017e90000,0x0000000017f90000)]
  0x00000000177c0800 JavaThread "Finalizer" daemon [_thread_blocked, id=37056, stack(0x0000000017ba0000,0x0000000017ca0000)]
  0x000000000510a000 JavaThread "Reference Handler" daemon [_thread_blocked, id=30464, stack(0x00000000176a0000,0x00000000177a0000)]
  0x0000000005014000 JavaThread "main" [_thread_in_Java, id=48552, stack(0x0000000004ea0000,0x0000000004fa0000)]

Other Threads:
  0x00000000158b5000 VMThread [stack: 0x00000000175a0000,0x00000000176a0000] [id=49756]
  0x0000000017882000 WatcherThread [stack: 0x0000000018590000,0x0000000018690000] [id=37040]

VM state:not at safepoint (normal execution)

VM Mutex/Monitor currently owned by a thread: None

Heap:
 PSYoungGen      total 18944K, used 3938K [0x00000000feb00000, 0x0000000100000000, 0x0000000100000000)
  eden space 16384K, 8% used [0x00000000feb00000,0x00000000fec5e140,0x00000000ffb00000)
  from space 2560K, 99% used [0x00000000ffd80000,0x00000000ffffa7f0,0x0000000100000000)
  to   space 2560K, 0% used [0x00000000ffb00000,0x00000000ffb00000,0x00000000ffd80000)
 ParOldGen       total 44032K, used 4812K [0x00000000fc000000, 0x00000000feb00000, 0x00000000feb00000)
  object space 44032K, 10% used [0x00000000fc000000,0x00000000fc4b33d0,0x00000000feb00000)
 Metaspace       used 7551K, capacity 7720K, committed 7936K, reserved 1056768K
  class space    used 868K, capacity 956K, committed 1024K, reserved 1048576K

Card table byte_map: [0x0000000003670000,0x00000000036a0000] byte_map_base: 0x0000000002e90000

Marking Bits: (ParMarkBitMap*) 0x0000000074113950
 Begin Bits: [0x0000000014cd0000, 0x0000000014dd0000)
 End Bits:   [0x0000000014dd0000, 0x0000000014ed0000)

Polling page: 0x00000000035f0000

CodeCache: size=245760Kb used=3514Kb max_used=3514Kb free=242245Kb
 bounds [0x0000000005110000, 0x0000000005490000, 0x0000000014110000]
 total_blobs=1238 nmethods=906 adapters=246
 compilation: enabled

Compilation events (10 events):
Event: 1.780 Thread 0x0000000017874000  902       3       org.objectweb.asm.tree.TypeInsnNode::<init> (11 bytes)
Event: 1.780 Thread 0x0000000017874000 nmethod 902 0x0000000005470990 code [0x0000000005470b00, 0x0000000005470d30]
Event: 1.780 Thread 0x0000000017874000  903       3       org.objectweb.asm.tree.TypeInsnNode::accept (18 bytes)
Event: 1.780 Thread 0x0000000017874000 nmethod 903 0x0000000005470e10 code [0x0000000005470f80, 0x0000000005471278]
Event: 1.780 Thread 0x0000000017874000  904       3       org.objectweb.asm.MethodWriter::visitTypeInsn (118 bytes)
Event: 1.781 Thread 0x0000000017874000 nmethod 904 0x0000000005471350 code [0x0000000005471500, 0x0000000005471988]
Event: 1.782 Thread 0x0000000017874000  905       3       org.objectweb.asm.ClassReader::<init> (257 bytes)
Event: 1.783 Thread 0x0000000017874000 nmethod 905 0x0000000005471bd0 code [0x0000000005471da0, 0x0000000005472748]
Event: 1.783 Thread 0x0000000017874000  906       3       org.objectweb.asm.ClassReader::accept (1176 bytes)
Event: 1.784 Thread 0x000000001786c800 nmethod 898 0x0000000005473dd0 code [0x0000000005473f40, 0x00000000054742d8]

GC Heap History (4 events):
Event: 1.322 GC heap before
{Heap before GC invocations=1 (full 0):
 PSYoungGen      total 18944K, used 16384K [0x00000000feb00000, 0x0000000100000000, 0x0000000100000000)
  eden space 16384K, 100% used [0x00000000feb00000,0x00000000ffb00000,0x00000000ffb00000)
  from space 2560K, 0% used [0x00000000ffd80000,0x00000000ffd80000,0x0000000100000000)
  to   space 2560K, 0% used [0x00000000ffb00000,0x00000000ffb00000,0x00000000ffd80000)
 ParOldGen       total 44032K, used 0K [0x00000000fc000000, 0x00000000feb00000, 0x00000000feb00000)
  object space 44032K, 0% used [0x00000000fc000000,0x00000000fc000000,0x00000000feb00000)
 Metaspace       used 6584K, capacity 6746K, committed 7040K, reserved 1056768K
  class space    used 772K, capacity 823K, committed 896K, reserved 1048576K
Event: 1.328 GC heap after
Heap after GC invocations=1 (full 0):
 PSYoungGen      total 18944K, used 2544K [0x00000000feb00000, 0x0000000100000000, 0x0000000100000000)
  eden space 16384K, 0% used [0x00000000feb00000,0x00000000feb00000,0x00000000ffb00000)
  from space 2560K, 99% used [0x00000000ffb00000,0x00000000ffd7c020,0x00000000ffd80000)
  to   space 2560K, 0% used [0x00000000ffd80000,0x00000000ffd80000,0x0000000100000000)
 ParOldGen       total 44032K, used 1449K [0x00000000fc000000, 0x00000000feb00000, 0x00000000feb00000)
  object space 44032K, 3% used [0x00000000fc000000,0x00000000fc16a6c8,0x00000000feb00000)
 Metaspace       used 6584K, capacity 6746K, committed 7040K, reserved 1056768K
  class space    used 772K, capacity 823K, committed 896K, reserved 1048576K
}
Event: 1.745 GC heap before
{Heap before GC invocations=2 (full 0):
 PSYoungGen      total 18944K, used 18928K [0x00000000feb00000, 0x0000000100000000, 0x0000000100000000)
  eden space 16384K, 100% used [0x00000000feb00000,0x00000000ffb00000,0x00000000ffb00000)
  from space 2560K, 99% used [0x00000000ffb00000,0x00000000ffd7c020,0x00000000ffd80000)
  to   space 2560K, 0% used [0x00000000ffd80000,0x00000000ffd80000,0x0000000100000000)
 ParOldGen       total 44032K, used 1449K [0x00000000fc000000, 0x00000000feb00000, 0x00000000feb00000)
  object space 44032K, 3% used [0x00000000fc000000,0x00000000fc16a6c8,0x00000000feb00000)
 Metaspace       used 7537K, capacity 7720K, committed 7936K, reserved 1056768K
  class space    used 868K, capacity 956K, committed 1024K, reserved 1048576K
Event: 1.767 GC heap after
Heap after GC invocations=2 (full 0):
 PSYoungGen      total 18944K, used 2537K [0x00000000feb00000, 0x0000000100000000, 0x0000000100000000)
  eden space 16384K, 0% used [0x00000000feb00000,0x00000000feb00000,0x00000000ffb00000)
  from space 2560K, 99% used [0x00000000ffd80000,0x00000000ffffa7f0,0x0000000100000000)
  to   space 2560K, 0% used [0x00000000ffb00000,0x00000000ffb00000,0x00000000ffd80000)
 ParOldGen       total 44032K, used 4812K [0x00000000fc000000, 0x00000000feb00000, 0x00000000feb00000)
  object space 44032K, 10% used [0x00000000fc000000,0x00000000fc4b33d0,0x00000000feb00000)
 Metaspace       used 7537K, capacity 7720K, committed 7936K, reserved 1056768K
  class space    used 868K, capacity 956K, committed 1024K, reserved 1048576K
}

Deoptimization events (10 events):
Event: 1.374 Thread 0x0000000005014000 Uncommon trap: reason=unstable_if action=reinterpret pc=0x000000000533f01c method=java.util.zip.ZipCoder.decoder()Ljava/nio/charset/CharsetDecoder; @ 4
Event: 1.375 Thread 0x0000000005014000 Uncommon trap: reason=unstable_if action=reinterpret pc=0x00000000053305ac method=java.util.zip.ZipCoder.decoder()Ljava/nio/charset/CharsetDecoder; @ 4
Event: 1.375 Thread 0x0000000005014000 Uncommon trap: reason=unstable_if action=reinterpret pc=0x000000000532cb7c method=java.util.zip.ZipCoder.decoder()Ljava/nio/charset/CharsetDecoder; @ 4
Event: 1.382 Thread 0x0000000005014000 Uncommon trap: reason=unstable_if action=reinterpret pc=0x000000000534eb08 method=java.util.HashMap$HashIterator.nextNode()Ljava/util/HashMap$Node; @ 74
Event: 1.411 Thread 0x0000000005014000 Uncommon trap: reason=unstable_if action=reinterpret pc=0x000000000534f008 method=java.util.HashMap$HashIterator.nextNode()Ljava/util/HashMap$Node; @ 74
Event: 1.452 Thread 0x0000000005014000 Uncommon trap: reason=unloaded action=reinterpret pc=0x000000000533243c method=java.util.zip.ZipEntry.setExtra0([BZ)V @ 37
Event: 1.547 Thread 0x0000000005014000 Uncommon trap: reason=unstable_if action=reinterpret pc=0x00000000052b1e38 method=java.lang.String.<init>([CII)V @ 18
Event: 1.680 Thread 0x0000000005014000 Uncommon trap: reason=unstable_if action=reinterpret pc=0x00000000053bdeac method=org.objectweb.asm.ClassReader.readUTF8(I[C)Ljava/lang/String; @ 7
Event: 1.682 Thread 0x0000000005014000 Uncommon trap: reason=unstable_if action=reinterpret pc=0x000000000541d9d8 method=org.objectweb.asm.Item.a(Lorg/objectweb/asm/Item;)Z @ 345
Event: 1.778 Thread 0x0000000005014000 Uncommon trap: reason=unstable_if action=reinterpret pc=0x000000000544dfa0 method=org.objectweb.asm.Type.getArgumentsAndReturnSizes(Ljava/lang/String;)I @ 41

Classes redefined (0 events):
No events

Internal exceptions (10 events):
Event: 1.408 Thread 0x0000000005014000 Exception <a 'sun/nio/fs/WindowsException'> (0x00000000ff1d5060) thrown at [D:\src\AOSP-openjdk-cygwin\jdk8u\hotspot\src\share\vm\prims\jni.cpp, line 709]
Event: 1.408 Thread 0x0000000005014000 Exception <a 'sun/nio/fs/WindowsException'> (0x00000000ff1d5630) thrown at [D:\src\AOSP-openjdk-cygwin\jdk8u\hotspot\src\share\vm\prims\jni.cpp, line 709]
Event: 1.408 Thread 0x0000000005014000 Exception <a 'sun/nio/fs/WindowsException'> (0x00000000ff1d5df0) thrown at [D:\src\AOSP-openjdk-cygwin\jdk8u\hotspot\src\share\vm\prims\jni.cpp, line 709]
Event: 1.408 Thread 0x0000000005014000 Exception <a 'sun/nio/fs/WindowsException'> (0x00000000ff1d6398) thrown at [D:\src\AOSP-openjdk-cygwin\jdk8u\hotspot\src\share\vm\prims\jni.cpp, line 709]
Event: 1.408 Thread 0x0000000005014000 Exception <a 'sun/nio/fs/WindowsException'> (0x00000000ff1d6b48) thrown at [D:\src\AOSP-openjdk-cygwin\jdk8u\hotspot\src\share\vm\prims\jni.cpp, line 709]
Event: 1.416 Thread 0x0000000005014000 Exception <a 'sun/nio/fs/WindowsException'> (0x00000000ff1dbec8) thrown at [D:\src\AOSP-openjdk-cygwin\jdk8u\hotspot\src\share\vm\prims\jni.cpp, line 709]
Event: 1.470 Thread 0x0000000005014000 Exception <a 'sun/nio/fs/WindowsException'> (0x00000000ff4f7480) thrown at [D:\src\AOSP-openjdk-cygwin\jdk8u\hotspot\src\share\vm\prims\jni.cpp, line 709]
Event: 1.470 Thread 0x0000000005014000 Exception <a 'sun/nio/fs/WindowsException'> (0x00000000ff4f7a28) thrown at [D:\src\AOSP-openjdk-cygwin\jdk8u\hotspot\src\share\vm\prims\jni.cpp, line 709]
Event: 1.677 Thread 0x0000000005014000 Exception <a 'sun/nio/fs/WindowsException'> (0x00000000ff834a10) thrown at [D:\src\AOSP-openjdk-cygwin\jdk8u\hotspot\src\share\vm\prims\jni.cpp, line 709]
Event: 1.677 Thread 0x0000000005014000 Exception <a 'sun/nio/fs/WindowsException'> (0x00000000ff834f38) thrown at [D:\src\AOSP-openjdk-cygwin\jdk8u\hotspot\src\share\vm\prims\jni.cpp, line 709]

Events (10 events):
Event: 1.680 Thread 0x0000000005014000 DEOPT PACKING pc=0x00000000053bdeac sp=0x0000000004f9ee60
Event: 1.680 Thread 0x0000000005014000 DEOPT UNPACKING pc=0x000000000515556a sp=0x0000000004f9ee30 mode 2
Event: 1.682 Thread 0x0000000005014000 Uncommon trap: trap_request=0xffffff65 fr.pc=0x000000000541d9d8
Event: 1.682 Thread 0x0000000005014000 DEOPT PACKING pc=0x000000000541d9d8 sp=0x0000000004f9ea10
Event: 1.682 Thread 0x0000000005014000 DEOPT UNPACKING pc=0x000000000515556a sp=0x0000000004f9e9a8 mode 2
Event: 1.744 Executing VM operation: ParallelGCFailedAllocation
Event: 1.767 Executing VM operation: ParallelGCFailedAllocation done
Event: 1.778 Thread 0x0000000005014000 Uncommon trap: trap_request=0xffffff65 fr.pc=0x000000000544dfa0
Event: 1.778 Thread 0x0000000005014000 DEOPT PACKING pc=0x000000000544dfa0 sp=0x0000000004f9ea80
Event: 1.778 Thread 0x0000000005014000 DEOPT UNPACKING pc=0x000000000515556a sp=0x0000000004f9ea08 mode 2


Dynamic libraries:
0x00007ff6561e0000 - 0x00007ff656211000 	D:\Program Files\Android\Android Studio\jre\bin\java.exe
0x00007ff876090000 - 0x00007ff876270000 	C:\WINDOWS\SYSTEM32\ntdll.dll
0x00007ff8747f0000 - 0x00007ff87489e000 	C:\WINDOWS\System32\KERNEL32.DLL
0x00007ff872970000 - 0x00007ff872bd6000 	C:\WINDOWS\System32\KERNELBASE.dll
0x00007ff8737e0000 - 0x00007ff873881000 	C:\WINDOWS\System32\ADVAPI32.dll
0x00007ff873fc0000 - 0x00007ff87405d000 	C:\WINDOWS\System32\msvcrt.dll
0x00007ff873b40000 - 0x00007ff873b9b000 	C:\WINDOWS\System32\sechost.dll
0x00007ff875f40000 - 0x00007ff87605f000 	C:\WINDOWS\System32\RPCRT4.dll
0x00007ff8739b0000 - 0x00007ff873b3f000 	C:\WINDOWS\System32\USER32.dll
0x00007ff872c40000 - 0x00007ff872c60000 	C:\WINDOWS\System32\win32u.dll
0x00007ff874060000 - 0x00007ff874088000 	C:\WINDOWS\System32\GDI32.dll
0x00007ff8725b0000 - 0x00007ff872743000 	C:\WINDOWS\System32\gdi32full.dll
0x00007ff872510000 - 0x00007ff8725ab000 	C:\WINDOWS\System32\msvcp_win.dll
0x00007ff873460000 - 0x00007ff873556000 	C:\WINDOWS\System32\ucrtbase.dll
0x00007ff861c20000 - 0x00007ff861e89000 	C:\WINDOWS\WinSxS\amd64_microsoft.windows.common-controls_6595b64144ccf1df_6.0.16299.192_none_15c8cdae9364c23b\COMCTL32.dll
0x00007ff8744e0000 - 0x00007ff8747e8000 	C:\WINDOWS\System32\combase.dll
0x00007ff872490000 - 0x00007ff872502000 	C:\WINDOWS\System32\bcryptPrimitives.dll
0x00007ff8737b0000 - 0x00007ff8737dd000 	C:\WINDOWS\System32\IMM32.DLL
0x00000000755a0000 - 0x0000000075672000 	D:\Program Files\Android\Android Studio\jre\jre\bin\msvcr100.dll
0x0000000073950000 - 0x000000007418e000 	D:\Program Files\Android\Android Studio\jre\jre\bin\server\jvm.dll
0x00007ff873cf0000 - 0x00007ff873cf8000 	C:\WINDOWS\System32\PSAPI.DLL
0x00007ff86b630000 - 0x00007ff86b639000 	C:\WINDOWS\SYSTEM32\WSOCK32.dll
0x00007ff8748a0000 - 0x00007ff87490c000 	C:\WINDOWS\System32\WS2_32.dll
0x00007ff86af90000 - 0x00007ff86afb3000 	C:\WINDOWS\SYSTEM32\WINMM.dll
0x00007ff86d010000 - 0x00007ff86d01a000 	C:\WINDOWS\SYSTEM32\VERSION.dll
0x00007ff86af30000 - 0x00007ff86af5a000 	C:\WINDOWS\SYSTEM32\WINMMBASE.dll
0x00007ff872750000 - 0x00007ff87279a000 	C:\WINDOWS\System32\cfgmgr32.dll
0x00007ff86f000000 - 0x00007ff86f00f000 	D:\Program Files\Android\Android Studio\jre\jre\bin\verify.dll
0x00007ff8619d0000 - 0x00007ff8619f9000 	D:\Program Files\Android\Android Studio\jre\jre\bin\java.dll
0x00007ff8615f0000 - 0x00007ff861606000 	D:\Program Files\Android\Android Studio\jre\jre\bin\zip.dll
0x00007ff874b00000 - 0x00007ff875f36000 	C:\WINDOWS\System32\SHELL32.dll
0x00007ff873700000 - 0x00007ff8737a6000 	C:\WINDOWS\System32\shcore.dll
0x00007ff872d10000 - 0x00007ff873457000 	C:\WINDOWS\System32\windows.storage.dll
0x00007ff874aa0000 - 0x00007ff874af1000 	C:\WINDOWS\System32\shlwapi.dll
0x00007ff872470000 - 0x00007ff872481000 	C:\WINDOWS\System32\kernel.appcore.dll
0x00007ff872400000 - 0x00007ff87244c000 	C:\WINDOWS\System32\powrprof.dll
0x00007ff872450000 - 0x00007ff87246b000 	C:\WINDOWS\System32\profapi.dll
0x00007ff871e30000 - 0x00007ff871e47000 	C:\WINDOWS\SYSTEM32\CRYPTSP.dll
0x00007ff871660000 - 0x00007ff871693000 	C:\WINDOWS\system32\rsaenh.dll
0x00007ff871f40000 - 0x00007ff871f65000 	C:\WINDOWS\SYSTEM32\bcrypt.dll
0x00007ff872310000 - 0x00007ff872339000 	C:\WINDOWS\SYSTEM32\USERENV.dll
0x00007ff871e50000 - 0x00007ff871e5b000 	C:\WINDOWS\SYSTEM32\CRYPTBASE.dll
0x00007ff860120000 - 0x00007ff86013a000 	D:\Program Files\Android\Android Studio\jre\jre\bin\net.dll
0x00007ff871c70000 - 0x00007ff871cd6000 	C:\WINDOWS\system32\mswsock.dll
0x00007ff871a00000 - 0x00007ff871a39000 	C:\WINDOWS\SYSTEM32\IPHLPAPI.DLL
0x00007ff8739a0000 - 0x00007ff8739a8000 	C:\WINDOWS\System32\NSI.dll
0x00007ff86f450000 - 0x00007ff86f466000 	C:\WINDOWS\SYSTEM32\dhcpcsvc6.DLL
0x00007ff86f340000 - 0x00007ff86f35a000 	C:\WINDOWS\SYSTEM32\dhcpcsvc.DLL
0x00007ff860100000 - 0x00007ff860111000 	D:\Program Files\Android\Android Studio\jre\jre\bin\nio.dll

VM Arguments:
jvm_args: -Djava.awt.headless=true -Xmx64M -Dfile.encoding=windows-1256 -Duser.country=US -Duser.language=en -Duser.variant 
java_command: com.google.devtools.build.android.desugar.Desugar --input D:\src\Samples\Android\SamsungPay\noonpaySample\app\build\intermediates\transforms\stackFramesFixer\debug\9.jar --output D:\src\Samples\Android\SamsungPay\noonpaySample\app\build\intermediates\transforms\desugar\debug\10.jar --input D:\src\Samples\Android\SamsungPay\noonpaySample\app\build\intermediates\transforms\stackFramesFixer\debug\0.jar --output D:\src\Samples\Android\SamsungPay\noonpaySample\app\build\intermediates\transforms\desugar\debug\1.jar --input D:\src\Samples\Android\SamsungPay\noonpaySample\app\build\intermediates\transforms\stackFramesFixer\debug\15.jar --output D:\src\Samples\Android\SamsungPay\noonpaySample\app\build\intermediates\transforms\desugar\debug\16.jar --classpath_entry D:\src\Samples\Android\SamsungPay\noonpaySample\app\build\intermediates\classes\debug --classpath_entry D:\src\Samples\Android\SamsungPay\noonpaySample\app\build\intermediates\transforms\stackFramesFixer\debug\0.jar --classpath_entry D:\src\Samples\Android\SamsungPay\noonpaySample\app\build\intermediates\transforms\stackFramesFixer\debug\1.jar --classpath_entry D:\src\Samples\Android\SamsungPay\noonpaySample\app\build\intermediates\transforms\stackFramesFixer\debug\2.jar --classpath_entry D:\src\Samples\Android\SamsungPay\noonpaySample\app\build\intermediates\transforms\stackFramesFixer\debug\3.jar --classpath_entry D:\src\Samples\Android\SamsungPay\noonpaySample\app\build\intermediates\transforms\stackFramesFixer\debug\4.jar --classpath_entry D:\src\Samples\Android\SamsungPay\noonpaySample\app\build\intermediates\transforms\stackFramesFixer\debug\5.jar --classpath_entry D:\src\Samples\Android\SamsungPay\noonpaySample\app\build\intermediates\transforms\stackFramesFixer\debug\6.jar --classpath_entry D:\src\Samples\Android\SamsungPay\noonpaySample\app\build\intermediates\transforms\stackFramesFixer\debug\7.jar --classpath_entry D:\src\Samples\Android\SamsungPay\noonpaySample\app\build\intermediates\t
java_class_path (initial): C:\Users\abdo\AppData\Local\Temp\desugar_deploy.jar6849692412381006742
Launcher Type: SUN_STANDARD

Environment Variables:
JAVA_HOME=C:\Users\abdo\scoop\apps\openjdk\current
USERNAME=abdo
OS=Windows_NT
PROCESSOR_IDENTIFIER=Intel64 Family 6 Model 94 Stepping 3, GenuineIntel



---------------  S Y S T E M  ---------------

OS: Windows 10.0 , 64 bit Build 16299 (10.0.16299.15)

CPU:total 8 (initial active 8) (4 cores per cpu, 2 threads per core) family 6 model 94 stepping 3, cmov, cx8, fxsr, mmx, sse, sse2, sse3, ssse3, sse4.1, sse4.2, popcnt, avx, avx2, aes, clmul, erms, rtm, 3dnowpref, lzcnt, ht, tsc, tscinvbit, bmi1, bmi2, adx

Memory: 4k page, physical 16666212k(4818900k free), swap 17714788k(1604k free)

vm_info: OpenJDK 64-Bit Server VM (25.152-b01) for windows-amd64 JRE (1.8.0_152-release-915-b01), built by "builder" with MS VC++ 10.0 (VS2010)

time: Thu Mar 15 12:44:35 2018
elapsed time: 1 seconds (0d 0h 0m 1s)

