#
# There is insufficient memory for the Java Runtime Environment to continue.
# Native memory allocation (malloc) failed to allocate 37776 bytes for Chunk::new
# Possible reasons:
#   The system is out of physical RAM or swap space
#   In 32 bit mode, the process size limit was hit
# Possible solutions:
#   Reduce memory load on the system
#   Increase physical memory or swap space
#   Check if swap backing store is full
#   Use 64 bit Java on a 64 bit OS
#   Decrease Java heap size (-Xmx/-Xms)
#   Decrease number of Java threads
#   Decrease Java thread stack sizes (-Xss)
#   Set larger code cache with -XX:ReservedCodeCacheSize=
# This output file may be truncated or incomplete.
#
#  Out of Memory Error (allocation.cpp:390), pid=29092, tid=0x000000000000db54
#
# JRE version: OpenJDK Runtime Environment (8.0_152-b01) (build 1.8.0_152-release-915-b01)
# Java VM: OpenJDK 64-Bit Server VM (25.152-b01 mixed mode windows-amd64 compressed oops)
# Failed to write core dump. Minidumps are not enabled by default on client versions of Windows
#

---------------  T H R E A D  ---------------

Current thread (0x00000000174e1800):  JavaThread "C2 CompilerThread0" daemon [_thread_in_native, id=56148, stack(0x0000000017da0000,0x0000000017ea0000)]

Stack: [0x0000000017da0000,0x0000000017ea0000]
[error occurred during error reporting (printing stack bounds), id 0xc0000005]

Native frames: (J=compiled Java code, j=interpreted, Vv=VM code, C=native code)


Current CompileTask:
C2:   1890  536       4       java.util.zip.ZipFile::getZipEntry (236 bytes)


---------------  P R O C E S S  ---------------

Java Threads: ( => current thread )
  0x00000000175c8800 JavaThread "Service Thread" daemon [_thread_blocked, id=44212, stack(0x00000000181a0000,0x00000000182a0000)]
  0x000000001753a000 JavaThread "C1 CompilerThread3" daemon [_thread_blocked, id=18504, stack(0x00000000180a0000,0x00000000181a0000)]
  0x0000000017532000 JavaThread "C2 CompilerThread2" daemon [_thread_in_native, id=32664, stack(0x0000000017fa0000,0x00000000180a0000)]
  0x00000000174e9000 JavaThread "C2 CompilerThread1" daemon [_thread_blocked, id=25656, stack(0x0000000017ea0000,0x0000000017fa0000)]
=>0x00000000174e1800 JavaThread "C2 CompilerThread0" daemon [_thread_in_native, id=56148, stack(0x0000000017da0000,0x0000000017ea0000)]
  0x00000000174e0800 JavaThread "Attach Listener" daemon [_thread_blocked, id=19156, stack(0x0000000017ca0000,0x0000000017da0000)]
  0x0000000017531800 JavaThread "Signal Dispatcher" daemon [_thread_blocked, id=50888, stack(0x0000000017ba0000,0x0000000017ca0000)]
  0x00000000174d0800 JavaThread "Finalizer" daemon [_thread_blocked, id=46328, stack(0x00000000178b0000,0x00000000179b0000)]
  0x0000000004d7a000 JavaThread "Reference Handler" daemon [_thread_blocked, id=55652, stack(0x00000000173b0000,0x00000000174b0000)]
  0x0000000004c84000 JavaThread "main" [_thread_in_native, id=27936, stack(0x0000000004b10000,0x0000000004c10000)]

Other Threads:
  0x00000000155e5000 VMThread [stack: 0x00000000172b0000,0x00000000173b0000] [id=53100]
  0x00000000175c9800 WatcherThread [stack: 0x00000000182a0000,0x00000000183a0000] [id=11620]

VM state:not at safepoint (normal execution)

VM Mutex/Monitor currently owned by a thread: None

Heap:
 PSYoungGen      total 18944K, used 12346K [0x00000000feb00000, 0x0000000100000000, 0x0000000100000000)
  eden space 16384K, 75% used [0x00000000feb00000,0x00000000ff70ebd8,0x00000000ffb00000)
  from space 2560K, 0% used [0x00000000ffd80000,0x00000000ffd80000,0x0000000100000000)
  to   space 2560K, 0% used [0x00000000ffb00000,0x00000000ffb00000,0x00000000ffd80000)
 ParOldGen       total 44032K, used 0K [0x00000000fc000000, 0x00000000feb00000, 0x00000000feb00000)
  object space 44032K, 0% used [0x00000000fc000000,0x00000000fc000000,0x00000000feb00000)
 Metaspace       used 6581K, capacity 6746K, committed 7040K, reserved 1056768K
  class space    used 773K, capacity 823K, committed 896K, reserved 1048576K

Card table byte_map: [0x0000000003320000,0x0000000003350000] byte_map_base: 0x0000000002b40000

Marking Bits: (ParMarkBitMap*) 0x0000000074113950
 Begin Bits: [0x0000000014a00000, 0x0000000014b00000)
 End Bits:   [0x0000000014b00000, 0x0000000014c00000)

Polling page: 0x0000000002e70000

CodeCache: size=245760Kb used=2217Kb max_used=2229Kb free=243542Kb
 bounds [0x0000000004e40000, 0x00000000050b0000, 0x0000000013e40000]
 total_blobs=859 nmethods=538 adapters=235
 compilation: enabled

Compilation events (10 events):
Event: 1.883 Thread 0x00000000174e1800 nmethod 533 0x00000000050692d0 code [0x0000000005069500, 0x000000000506a1f8]
Event: 1.883 Thread 0x00000000174e1800  536       4       java.util.zip.ZipFile::getZipEntry (236 bytes)
Event: 1.883 Thread 0x00000000174e9000 nmethod 534 0x000000000506b910 code [0x000000000506bb40, 0x000000000506c8b8]
Event: 1.883 Thread 0x00000000174e9000  537       4       java.util.zip.ZipEntry::<init> (43 bytes)
Event: 1.884 Thread 0x00000000174e9000 nmethod 537 0x0000000005064b10 code [0x0000000005064c40, 0x0000000005064cd8]
Event: 1.884 Thread 0x00000000174e9000  539       4       java.util.zip.ZipEntry::setExtra0 (360 bytes)
Event: 1.884 Thread 0x00000000174e9000 nmethod 539 0x00000000050648d0 code [0x0000000005064a00, 0x0000000005064a78]
Event: 1.884 Thread 0x00000000174e9000  538       4       java.util.zip.ZipCoder::toString (190 bytes)
Event: 1.885 Thread 0x0000000017532000 nmethod 532 0x0000000005060750 code [0x00000000050609a0, 0x0000000005061798]
Event: 1.885 Thread 0x0000000017532000  540   !   4       java.util.zip.ZipFile$ZipEntryIterator::next (212 bytes)

GC Heap History (0 events):
No events

Deoptimization events (2 events):
Event: 0.804 Thread 0x0000000004c84000 Uncommon trap: reason=range_check action=make_not_entrant pc=0x0000000004fc7820 method=sun.reflect.generics.parser.SignatureParser.current()C @ 34
Event: 1.785 Thread 0x0000000004c84000 Uncommon trap: reason=unstable_if action=reinterpret pc=0x0000000004fe6eb8 method=java.lang.String.startsWith(Ljava/lang/String;I)Z @ 25

Classes redefined (0 events):
No events

Internal exceptions (10 events):
Event: 0.966 Thread 0x0000000004c84000 Exception <a 'sun/nio/fs/WindowsException'> (0x00000000ff2c66f8) thrown at [D:\src\AOSP-openjdk-cygwin\jdk8u\hotspot\src\share\vm\prims\jni.cpp, line 709]
Event: 0.966 Thread 0x0000000004c84000 Exception <a 'sun/nio/fs/WindowsException'> (0x00000000ff2c6ef8) thrown at [D:\src\AOSP-openjdk-cygwin\jdk8u\hotspot\src\share\vm\prims\jni.cpp, line 709]
Event: 0.966 Thread 0x0000000004c84000 Exception <a 'sun/nio/fs/WindowsException'> (0x00000000ff2c7538) thrown at [D:\src\AOSP-openjdk-cygwin\jdk8u\hotspot\src\share\vm\prims\jni.cpp, line 709]
Event: 0.966 Thread 0x0000000004c84000 Exception <a 'sun/nio/fs/WindowsException'> (0x00000000ff2c7d18) thrown at [D:\src\AOSP-openjdk-cygwin\jdk8u\hotspot\src\share\vm\prims\jni.cpp, line 709]
Event: 0.966 Thread 0x0000000004c84000 Exception <a 'sun/nio/fs/WindowsException'> (0x00000000ff2c82f8) thrown at [D:\src\AOSP-openjdk-cygwin\jdk8u\hotspot\src\share\vm\prims\jni.cpp, line 709]
Event: 0.966 Thread 0x0000000004c84000 Exception <a 'sun/nio/fs/WindowsException'> (0x00000000ff2c8ab8) thrown at [D:\src\AOSP-openjdk-cygwin\jdk8u\hotspot\src\share\vm\prims\jni.cpp, line 709]
Event: 0.966 Thread 0x0000000004c84000 Exception <a 'sun/nio/fs/WindowsException'> (0x00000000ff2c9058) thrown at [D:\src\AOSP-openjdk-cygwin\jdk8u\hotspot\src\share\vm\prims\jni.cpp, line 709]
Event: 0.966 Thread 0x0000000004c84000 Exception <a 'sun/nio/fs/WindowsException'> (0x00000000ff2c9808) thrown at [D:\src\AOSP-openjdk-cygwin\jdk8u\hotspot\src\share\vm\prims\jni.cpp, line 709]
Event: 1.045 Thread 0x0000000004c84000 Exception <a 'sun/nio/fs/WindowsException'> (0x00000000ff2f4aa0) thrown at [D:\src\AOSP-openjdk-cygwin\jdk8u\hotspot\src\share\vm\prims\jni.cpp, line 709]
Event: 1.055 Thread 0x0000000004c84000 Exception <a 'sun/nio/fs/WindowsException'> (0x00000000ff2f65f0) thrown at [D:\src\AOSP-openjdk-cygwin\jdk8u\hotspot\src\share\vm\prims\jni.cpp, line 709]

Events (10 events):
Event: 1.783 loading class com/google/common/base/Functions done
Event: 1.784 loading class com/google/common/base/Functions$ToStringFunction
Event: 1.784 loading class com/google/common/base/Functions$ToStringFunction done
Event: 1.785 loading class com/google/common/collect/Iterators$7
Event: 1.785 loading class com/google/common/collect/Iterators$7 done
Event: 1.785 loading class com/google/common/collect/TransformedIterator
Event: 1.785 loading class com/google/common/collect/TransformedIterator done
Event: 1.785 Thread 0x0000000004c84000 Uncommon trap: trap_request=0xffffff65 fr.pc=0x0000000004fe6eb8
Event: 1.785 Thread 0x0000000004c84000 DEOPT PACKING pc=0x0000000004fe6eb8 sp=0x0000000004c0ef10
Event: 1.785 Thread 0x0000000004c84000 DEOPT UNPACKING pc=0x0000000004e8556a sp=0x0000000004c0ee88 mode 2


Dynamic libraries:
0x00007ff6561e0000 - 0x00007ff656211000 	D:\Program Files\Android\Android Studio\jre\bin\java.exe
0x00007ff876090000 - 0x00007ff876270000 	C:\WINDOWS\SYSTEM32\ntdll.dll
0x00007ff8747f0000 - 0x00007ff87489e000 	C:\WINDOWS\System32\KERNEL32.DLL
0x00007ff872970000 - 0x00007ff872bd6000 	C:\WINDOWS\System32\KERNELBASE.dll
0x00007ff8737e0000 - 0x00007ff873881000 	C:\WINDOWS\System32\ADVAPI32.dll
0x00007ff873fc0000 - 0x00007ff87405d000 	C:\WINDOWS\System32\msvcrt.dll
0x00007ff873b40000 - 0x00007ff873b9b000 	C:\WINDOWS\System32\sechost.dll
0x00007ff875f40000 - 0x00007ff87605f000 	C:\WINDOWS\System32\RPCRT4.dll
0x00007ff8739b0000 - 0x00007ff873b3f000 	C:\WINDOWS\System32\USER32.dll
0x00007ff872c40000 - 0x00007ff872c60000 	C:\WINDOWS\System32\win32u.dll
0x00007ff874060000 - 0x00007ff874088000 	C:\WINDOWS\System32\GDI32.dll
0x00007ff8725b0000 - 0x00007ff872743000 	C:\WINDOWS\System32\gdi32full.dll
0x00007ff872510000 - 0x00007ff8725ab000 	C:\WINDOWS\System32\msvcp_win.dll
0x00007ff873460000 - 0x00007ff873556000 	C:\WINDOWS\System32\ucrtbase.dll
0x00007ff861c20000 - 0x00007ff861e89000 	C:\WINDOWS\WinSxS\amd64_microsoft.windows.common-controls_6595b64144ccf1df_6.0.16299.192_none_15c8cdae9364c23b\COMCTL32.dll
0x00007ff8744e0000 - 0x00007ff8747e8000 	C:\WINDOWS\System32\combase.dll
0x00007ff872490000 - 0x00007ff872502000 	C:\WINDOWS\System32\bcryptPrimitives.dll
0x00007ff8737b0000 - 0x00007ff8737dd000 	C:\WINDOWS\System32\IMM32.DLL
0x00000000755a0000 - 0x0000000075672000 	D:\Program Files\Android\Android Studio\jre\jre\bin\msvcr100.dll
0x0000000073950000 - 0x000000007418e000 	D:\Program Files\Android\Android Studio\jre\jre\bin\server\jvm.dll
0x00007ff873cf0000 - 0x00007ff873cf8000 	C:\WINDOWS\System32\PSAPI.DLL
0x00007ff86af90000 - 0x00007ff86afb3000 	C:\WINDOWS\SYSTEM32\WINMM.dll
0x00007ff86d010000 - 0x00007ff86d01a000 	C:\WINDOWS\SYSTEM32\VERSION.dll
0x00007ff86b630000 - 0x00007ff86b639000 	C:\WINDOWS\SYSTEM32\WSOCK32.dll
0x00007ff8748a0000 - 0x00007ff87490c000 	C:\WINDOWS\System32\WS2_32.dll
0x00007ff86af30000 - 0x00007ff86af5a000 	C:\WINDOWS\SYSTEM32\WINMMBASE.dll
0x00007ff872750000 - 0x00007ff87279a000 	C:\WINDOWS\System32\cfgmgr32.dll
0x00007ff86f000000 - 0x00007ff86f00f000 	D:\Program Files\Android\Android Studio\jre\jre\bin\verify.dll
0x00007ff86b450000 - 0x00007ff86b479000 	D:\Program Files\Android\Android Studio\jre\jre\bin\java.dll
0x00007ff86afc0000 - 0x00007ff86afd6000 	D:\Program Files\Android\Android Studio\jre\jre\bin\zip.dll
0x00007ff874b00000 - 0x00007ff875f36000 	C:\WINDOWS\System32\SHELL32.dll
0x00007ff873700000 - 0x00007ff8737a6000 	C:\WINDOWS\System32\shcore.dll
0x00007ff872d10000 - 0x00007ff873457000 	C:\WINDOWS\System32\windows.storage.dll
0x00007ff874aa0000 - 0x00007ff874af1000 	C:\WINDOWS\System32\shlwapi.dll
0x00007ff872470000 - 0x00007ff872481000 	C:\WINDOWS\System32\kernel.appcore.dll
0x00007ff872400000 - 0x00007ff87244c000 	C:\WINDOWS\System32\powrprof.dll
0x00007ff872450000 - 0x00007ff87246b000 	C:\WINDOWS\System32\profapi.dll
0x00007ff871e30000 - 0x00007ff871e47000 	C:\WINDOWS\SYSTEM32\CRYPTSP.dll
0x00007ff871660000 - 0x00007ff871693000 	C:\WINDOWS\system32\rsaenh.dll
0x00007ff871f40000 - 0x00007ff871f65000 	C:\WINDOWS\SYSTEM32\bcrypt.dll
0x00007ff872310000 - 0x00007ff872339000 	C:\WINDOWS\SYSTEM32\USERENV.dll
0x00007ff871e50000 - 0x00007ff871e5b000 	C:\WINDOWS\SYSTEM32\CRYPTBASE.dll
0x00007ff8619e0000 - 0x00007ff8619fa000 	D:\Program Files\Android\Android Studio\jre\jre\bin\net.dll
0x00007ff871c70000 - 0x00007ff871cd6000 	C:\WINDOWS\system32\mswsock.dll
0x00007ff871a00000 - 0x00007ff871a39000 	C:\WINDOWS\SYSTEM32\IPHLPAPI.DLL
0x00007ff8739a0000 - 0x00007ff8739a8000 	C:\WINDOWS\System32\NSI.dll
0x00007ff86f450000 - 0x00007ff86f466000 	C:\WINDOWS\SYSTEM32\dhcpcsvc6.DLL
0x00007ff86f340000 - 0x00007ff86f35a000 	C:\WINDOWS\SYSTEM32\dhcpcsvc.DLL
0x00007ff8615f0000 - 0x00007ff861601000 	D:\Program Files\Android\Android Studio\jre\jre\bin\nio.dll

VM Arguments:
jvm_args: -Djava.awt.headless=true -Xmx64M -Dfile.encoding=windows-1256 -Duser.country=US -Duser.language=en -Duser.variant 
java_command: com.google.devtools.build.android.desugar.Desugar --input D:\src\Samples\Android\SamsungPay\noonpaySample\app\build\intermediates\transforms\stackFramesFixer\debug\0.jar --output D:\src\Samples\Android\SamsungPay\noonpaySample\app\build\intermediates\transforms\desugar\debug\1.jar --input D:\src\Samples\Android\SamsungPay\noonpaySample\app\build\intermediates\classes\debug --output D:\src\Samples\Android\SamsungPay\noonpaySample\app\build\intermediates\transforms\desugar\debug\0 --input D:\src\Samples\Android\SamsungPay\noonpaySample\app\build\intermediates\transforms\stackFramesFixer\debug\1.jar --output D:\src\Samples\Android\SamsungPay\noonpaySample\app\build\intermediates\transforms\desugar\debug\2.jar --classpath_entry D:\src\Samples\Android\SamsungPay\noonpaySample\app\build\intermediates\classes\debug --classpath_entry D:\src\Samples\Android\SamsungPay\noonpaySample\app\build\intermediates\transforms\stackFramesFixer\debug\0.jar --classpath_entry D:\src\Samples\Android\SamsungPay\noonpaySample\app\build\intermediates\transforms\stackFramesFixer\debug\1.jar --classpath_entry D:\src\Samples\Android\SamsungPay\noonpaySample\app\build\intermediates\transforms\stackFramesFixer\debug\2.jar --classpath_entry D:\src\Samples\Android\SamsungPay\noonpaySample\app\build\intermediates\transforms\stackFramesFixer\debug\3.jar --classpath_entry D:\src\Samples\Android\SamsungPay\noonpaySample\app\build\intermediates\transforms\stackFramesFixer\debug\4.jar --classpath_entry D:\src\Samples\Android\SamsungPay\noonpaySample\app\build\intermediates\transforms\stackFramesFixer\debug\5.jar --classpath_entry D:\src\Samples\Android\SamsungPay\noonpaySample\app\build\intermediates\transforms\stackFramesFixer\debug\6.jar --classpath_entry D:\src\Samples\Android\SamsungPay\noonpaySample\app\build\intermediates\transforms\stackFramesFixer\debug\7.jar --classpath_entry D:\src\Samples\Android\SamsungPay\noonpaySample\app\build\intermediates\transforms\stackFramesFixer\debug\
java_class_path (initial): C:\Users\abdo\AppData\Local\Temp\desugar_deploy.jar9046475168045982317
Launcher Type: SUN_STANDARD

Environment Variables:
JAVA_HOME=C:\Users\abdo\scoop\apps\openjdk\current
USERNAME=abdo
OS=Windows_NT
PROCESSOR_IDENTIFIER=Intel64 Family 6 Model 94 Stepping 3, GenuineIntel



---------------  S Y S T E M  ---------------

OS: Windows 10.0 , 64 bit Build 16299 (10.0.16299.15)

CPU:total 8 (initial active 8) (4 cores per cpu, 2 threads per core) family 6 model 94 stepping 3, cmov, cx8, fxsr, mmx, sse, sse2, sse3, ssse3, sse4.1, sse4.2, popcnt, avx, avx2, aes, clmul, erms, rtm, 3dnowpref, lzcnt, ht, tsc, tscinvbit, bmi1, bmi2, adx

Memory: 4k page, physical 16666212k(4934052k free), swap 17714788k(3100k free)

vm_info: OpenJDK 64-Bit Server VM (25.152-b01) for windows-amd64 JRE (1.8.0_152-release-915-b01), built by "builder" with MS VC++ 10.0 (VS2010)

time: Thu Mar 15 19:32:49 2018
elapsed time: 1 seconds (0d 0h 0m 1s)

