#
# There is insufficient memory for the Java Runtime Environment to continue.
# Native memory allocation (malloc) failed to allocate 32744 bytes for ChunkPool::allocate
# Possible reasons:
#   The system is out of physical RAM or swap space
#   In 32 bit mode, the process size limit was hit
# Possible solutions:
#   Reduce memory load on the system
#   Increase physical memory or swap space
#   Check if swap backing store is full
#   Use 64 bit Java on a 64 bit OS
#   Decrease Java heap size (-Xmx/-Xms)
#   Decrease number of Java threads
#   Decrease Java thread stack sizes (-Xss)
#   Set larger code cache with -XX:ReservedCodeCacheSize=
# This output file may be truncated or incomplete.
#
#  Out of Memory Error (allocation.cpp:273), pid=42712, tid=0x000000000000bf8c
#
# JRE version: OpenJDK Runtime Environment (8.0_152-b01) (build 1.8.0_152-release-915-b01)
# Java VM: OpenJDK 64-Bit Server VM (25.152-b01 mixed mode windows-amd64 compressed oops)
# Failed to write core dump. Minidumps are not enabled by default on client versions of Windows
#

---------------  T H R E A D  ---------------

Current thread (0x000000001732b800):  JavaThread "C2 CompilerThread2" daemon [_thread_in_native, id=49036, stack(0x0000000017e10000,0x0000000017f10000)]

Stack: [0x0000000017e10000,0x0000000017f10000]
[error occurred during error reporting (printing stack bounds), id 0xc0000005]

Native frames: (J=compiled Java code, j=interpreted, Vv=VM code, C=native code)


Current CompileTask:
C2:   1468  786       4       org.objectweb.asm.ClassReader::a (3587 bytes)


---------------  P R O C E S S  ---------------

Java Threads: ( => current thread )
  0x00000000173d5800 JavaThread "Service Thread" daemon [_thread_blocked, id=48916, stack(0x0000000018010000,0x0000000018110000)]
  0x0000000017375000 JavaThread "C1 CompilerThread3" daemon [_thread_blocked, id=41440, stack(0x0000000017f10000,0x0000000018010000)]
=>0x000000001732b800 JavaThread "C2 CompilerThread2" daemon [_thread_in_native, id=49036, stack(0x0000000017e10000,0x0000000017f10000)]
  0x0000000017329000 JavaThread "C2 CompilerThread1" daemon [_thread_in_native, id=47100, stack(0x0000000017d10000,0x0000000017e10000)]
  0x0000000017325000 JavaThread "C2 CompilerThread0" daemon [_thread_in_native, id=40160, stack(0x0000000017c10000,0x0000000017d10000)]
  0x0000000017372800 JavaThread "Attach Listener" daemon [_thread_blocked, id=49112, stack(0x0000000017b10000,0x0000000017c10000)]
  0x0000000017371800 JavaThread "Signal Dispatcher" daemon [_thread_blocked, id=48296, stack(0x0000000017a10000,0x0000000017b10000)]
  0x0000000017310800 JavaThread "Finalizer" daemon [_thread_blocked, id=23088, stack(0x00000000176f0000,0x00000000177f0000)]
  0x0000000004c59000 JavaThread "Reference Handler" daemon [_thread_blocked, id=46796, stack(0x00000000171f0000,0x00000000172f0000)]
  0x0000000004b64000 JavaThread "main" [_thread_in_native, id=33852, stack(0x00000000049e0000,0x0000000004ae0000)]

Other Threads:
  0x0000000015425800 VMThread [stack: 0x00000000170f0000,0x00000000171f0000] [id=17376]
  0x00000000173d6000 WatcherThread [stack: 0x0000000018110000,0x0000000018210000] [id=48988]

VM state:not at safepoint (normal execution)

VM Mutex/Monitor currently owned by a thread: None

Heap:
 PSYoungGen      total 18944K, used 18703K [0x00000000feb00000, 0x0000000100000000, 0x0000000100000000)
  eden space 16384K, 98% used [0x00000000feb00000,0x00000000ffac4b18,0x00000000ffb00000)
  from space 2560K, 99% used [0x00000000ffd80000,0x00000000fffff1d0,0x0000000100000000)
  to   space 2560K, 0% used [0x00000000ffb00000,0x00000000ffb00000,0x00000000ffd80000)
 ParOldGen       total 44032K, used 5452K [0x00000000fc000000, 0x00000000feb00000, 0x00000000feb00000)
  object space 44032K, 12% used [0x00000000fc000000,0x00000000fc553250,0x00000000feb00000)
 Metaspace       used 7541K, capacity 7720K, committed 7936K, reserved 1056768K
  class space    used 868K, capacity 956K, committed 1024K, reserved 1048576K

Card table byte_map: [0x0000000004af0000,0x0000000004b20000] byte_map_base: 0x0000000004310000

Marking Bits: (ParMarkBitMap*) 0x0000000074113950
 Begin Bits: [0x0000000014820000, 0x0000000014920000)
 End Bits:   [0x0000000014920000, 0x0000000014a20000)

Polling page: 0x0000000003360000

CodeCache: size=245760Kb used=3613Kb max_used=3628Kb free=242146Kb
 bounds [0x0000000004c60000, 0x0000000005000000, 0x0000000013c60000]
 total_blobs=1278 nmethods=946 adapters=246
 compilation: enabled

Compilation events (10 events):
Event: 1.438 Thread 0x0000000017375000  946       3       java.util.HashMap$HashIterator::<init> (79 bytes)
Event: 1.438 Thread 0x0000000017375000 nmethod 946 0x0000000004fe1790 code [0x0000000004fe1900, 0x0000000004fe1c90]
Event: 1.452 Thread 0x0000000017329000 nmethod 939 0x0000000004feb490 code [0x0000000004feb700, 0x0000000004fec668]
Event: 1.452 Thread 0x0000000017329000  942       4       org.objectweb.asm.MethodWriter::visitLocalVariable (223 bytes)
Event: 1.452 Thread 0x0000000017325000 nmethod 923 0x0000000004fedcd0 code [0x0000000004fedf60, 0x0000000004fef548]
Event: 1.452 Thread 0x0000000017325000  943       4       org.objectweb.asm.tree.MethodNode::visitInsn (16 bytes)
Event: 1.454 Thread 0x0000000017325000 nmethod 943 0x0000000004fe1410 code [0x0000000004fe1560, 0x0000000004fe16b8]
Event: 1.454 Thread 0x0000000017325000  944       4       org.objectweb.asm.tree.InsnNode::accept (14 bytes)
Event: 1.459 Thread 0x0000000017325000 nmethod 944 0x0000000004fe7d50 code [0x0000000004fe7ec0, 0x0000000004fe8208]
Event: 1.459 Thread 0x0000000017325000  948       4       org.objectweb.asm.ClassVisitor::visitMethod (24 bytes)

GC Heap History (4 events):
Event: 0.898 GC heap before
{Heap before GC invocations=1 (full 0):
 PSYoungGen      total 18944K, used 16384K [0x00000000feb00000, 0x0000000100000000, 0x0000000100000000)
  eden space 16384K, 100% used [0x00000000feb00000,0x00000000ffb00000,0x00000000ffb00000)
  from space 2560K, 0% used [0x00000000ffd80000,0x00000000ffd80000,0x0000000100000000)
  to   space 2560K, 0% used [0x00000000ffb00000,0x00000000ffb00000,0x00000000ffd80000)
 ParOldGen       total 44032K, used 0K [0x00000000fc000000, 0x00000000feb00000, 0x00000000feb00000)
  object space 44032K, 0% used [0x00000000fc000000,0x00000000fc000000,0x00000000feb00000)
 Metaspace       used 6582K, capacity 6746K, committed 7040K, reserved 1056768K
  class space    used 772K, capacity 823K, committed 896K, reserved 1048576K
Event: 0.907 GC heap after
Heap after GC invocations=1 (full 0):
 PSYoungGen      total 18944K, used 2544K [0x00000000feb00000, 0x0000000100000000, 0x0000000100000000)
  eden space 16384K, 0% used [0x00000000feb00000,0x00000000feb00000,0x00000000ffb00000)
  from space 2560K, 99% used [0x00000000ffb00000,0x00000000ffd7c020,0x00000000ffd80000)
  to   space 2560K, 0% used [0x00000000ffd80000,0x00000000ffd80000,0x0000000100000000)
 ParOldGen       total 44032K, used 1441K [0x00000000fc000000, 0x00000000feb00000, 0x00000000feb00000)
  object space 44032K, 3% used [0x00000000fc000000,0x00000000fc1684f0,0x00000000feb00000)
 Metaspace       used 6582K, capacity 6746K, committed 7040K, reserved 1056768K
  class space    used 772K, capacity 823K, committed 896K, reserved 1048576K
}
Event: 1.228 GC heap before
{Heap before GC invocations=2 (full 0):
 PSYoungGen      total 18944K, used 18928K [0x00000000feb00000, 0x0000000100000000, 0x0000000100000000)
  eden space 16384K, 100% used [0x00000000feb00000,0x00000000ffb00000,0x00000000ffb00000)
  from space 2560K, 99% used [0x00000000ffb00000,0x00000000ffd7c020,0x00000000ffd80000)
  to   space 2560K, 0% used [0x00000000ffd80000,0x00000000ffd80000,0x0000000100000000)
 ParOldGen       total 44032K, used 1441K [0x00000000fc000000, 0x00000000feb00000, 0x00000000feb00000)
  object space 44032K, 3% used [0x00000000fc000000,0x00000000fc1684f0,0x00000000feb00000)
 Metaspace       used 7463K, capacity 7624K, committed 7936K, reserved 1056768K
  class space    used 866K, capacity 924K, committed 1024K, reserved 1048576K
Event: 1.237 GC heap after
Heap after GC invocations=2 (full 0):
 PSYoungGen      total 18944K, used 2556K [0x00000000feb00000, 0x0000000100000000, 0x0000000100000000)
  eden space 16384K, 0% used [0x00000000feb00000,0x00000000feb00000,0x00000000ffb00000)
  from space 2560K, 99% used [0x00000000ffd80000,0x00000000fffff1d0,0x0000000100000000)
  to   space 2560K, 0% used [0x00000000ffb00000,0x00000000ffb00000,0x00000000ffd80000)
 ParOldGen       total 44032K, used 5452K [0x00000000fc000000, 0x00000000feb00000, 0x00000000feb00000)
  object space 44032K, 12% used [0x00000000fc000000,0x00000000fc553250,0x00000000feb00000)
 Metaspace       used 7463K, capacity 7624K, committed 7936K, reserved 1056768K
  class space    used 866K, capacity 924K, committed 1024K, reserved 1048576K
}

Deoptimization events (10 events):
Event: 0.870 Thread 0x0000000004b64000 Uncommon trap: reason=unstable_if action=reinterpret pc=0x0000000004e86d5c method=java.util.zip.ZipCoder.decoder()Ljava/nio/charset/CharsetDecoder; @ 4
Event: 0.933 Thread 0x0000000004b64000 Uncommon trap: reason=unstable_if action=reinterpret pc=0x0000000004e8e51c method=java.util.zip.ZipCoder.decoder()Ljava/nio/charset/CharsetDecoder; @ 4
Event: 0.934 Thread 0x0000000004b64000 Uncommon trap: reason=unstable_if action=reinterpret pc=0x0000000004e7fc6c method=java.util.zip.ZipCoder.decoder()Ljava/nio/charset/CharsetDecoder; @ 4
Event: 0.934 Thread 0x0000000004b64000 Uncommon trap: reason=unstable_if action=reinterpret pc=0x0000000004e797bc method=java.util.zip.ZipCoder.decoder()Ljava/nio/charset/CharsetDecoder; @ 4
Event: 0.945 Thread 0x0000000004b64000 Uncommon trap: reason=unstable_if action=reinterpret pc=0x0000000004e79dd4 method=java.util.HashMap$HashIterator.hasNext()Z @ 4
Event: 1.034 Thread 0x0000000004b64000 Uncommon trap: reason=unloaded action=reinterpret pc=0x0000000004e8c13c method=java.util.zip.ZipEntry.setExtra0([BZ)V @ 37
Event: 1.137 Thread 0x0000000004b64000 Uncommon trap: reason=unstable_if action=reinterpret pc=0x0000000004df1ab8 method=java.lang.String.<init>([CII)V @ 18
Event: 1.208 Thread 0x0000000004b64000 Uncommon trap: reason=unstable_if action=reinterpret pc=0x0000000004f309e0 method=org.objectweb.asm.ClassReader.readUTF8(I[C)Ljava/lang/String; @ 11
Event: 1.336 Thread 0x0000000004b64000 Uncommon trap: reason=unstable_if action=reinterpret pc=0x0000000004f884ec method=org.objectweb.asm.ByteVector.putInt(I)Lorg/objectweb/asm/ByteVector; @ 13
Event: 1.430 Thread 0x0000000004b64000 Uncommon trap: reason=unstable_if action=reinterpret pc=0x0000000004fc1934 method=org.objectweb.asm.tree.MethodNode.getLabelNodes([Ljava/lang/Object;)[Ljava/lang/Object; @ 24

Classes redefined (0 events):
No events

Internal exceptions (10 events):
Event: 0.934 Thread 0x0000000004b64000 Implicit null exception at 0x0000000004e79338 to 0x0000000004e797a1
Event: 0.973 Thread 0x0000000004b64000 Exception <a 'sun/nio/fs/WindowsException'> (0x00000000ff1d9798) thrown at [D:\src\AOSP-openjdk-cygwin\jdk8u\hotspot\src\share\vm\prims\jni.cpp, line 709]
Event: 0.973 Thread 0x0000000004b64000 Exception <a 'sun/nio/fs/WindowsException'> (0x00000000ff1d9d58) thrown at [D:\src\AOSP-openjdk-cygwin\jdk8u\hotspot\src\share\vm\prims\jni.cpp, line 709]
Event: 0.973 Thread 0x0000000004b64000 Exception <a 'sun/nio/fs/WindowsException'> (0x00000000ff1da328) thrown at [D:\src\AOSP-openjdk-cygwin\jdk8u\hotspot\src\share\vm\prims\jni.cpp, line 709]
Event: 0.973 Thread 0x0000000004b64000 Exception <a 'sun/nio/fs/WindowsException'> (0x00000000ff1daae8) thrown at [D:\src\AOSP-openjdk-cygwin\jdk8u\hotspot\src\share\vm\prims\jni.cpp, line 709]
Event: 0.973 Thread 0x0000000004b64000 Exception <a 'sun/nio/fs/WindowsException'> (0x00000000ff1db090) thrown at [D:\src\AOSP-openjdk-cygwin\jdk8u\hotspot\src\share\vm\prims\jni.cpp, line 709]
Event: 0.973 Thread 0x0000000004b64000 Exception <a 'sun/nio/fs/WindowsException'> (0x00000000ff1db840) thrown at [D:\src\AOSP-openjdk-cygwin\jdk8u\hotspot\src\share\vm\prims\jni.cpp, line 709]
Event: 0.984 Thread 0x0000000004b64000 Exception <a 'sun/nio/fs/WindowsException'> (0x00000000ff1e0bc0) thrown at [D:\src\AOSP-openjdk-cygwin\jdk8u\hotspot\src\share\vm\prims\jni.cpp, line 709]
Event: 1.070 Thread 0x0000000004b64000 Exception <a 'sun/nio/fs/WindowsException'> (0x00000000ff577e50) thrown at [D:\src\AOSP-openjdk-cygwin\jdk8u\hotspot\src\share\vm\prims\jni.cpp, line 709]
Event: 1.070 Thread 0x0000000004b64000 Exception <a 'sun/nio/fs/WindowsException'> (0x00000000ff5783f8) thrown at [D:\src\AOSP-openjdk-cygwin\jdk8u\hotspot\src\share\vm\prims\jni.cpp, line 709]

Events (10 events):
Event: 1.336 Thread 0x0000000004b64000 Uncommon trap: trap_request=0xffffff65 fr.pc=0x0000000004f884ec
Event: 1.336 Thread 0x0000000004b64000 DEOPT PACKING pc=0x0000000004f884ec sp=0x0000000004ade700
Event: 1.336 Thread 0x0000000004b64000 DEOPT UNPACKING pc=0x0000000004ca556a sp=0x0000000004ade690 mode 2
Event: 1.412 Thread 0x0000000004b64000 DEOPT PACKING pc=0x0000000004f5c006 sp=0x0000000004ade8b0
Event: 1.412 Thread 0x0000000004b64000 DEOPT UNPACKING pc=0x0000000004ca75bf sp=0x0000000004ade690 mode 0
Event: 1.430 Thread 0x0000000004b64000 Uncommon trap: trap_request=0xffffff65 fr.pc=0x0000000004fc1934
Event: 1.430 Thread 0x0000000004b64000 DEOPT PACKING pc=0x0000000004fc1934 sp=0x0000000004ade5b0
Event: 1.430 Thread 0x0000000004b64000 DEOPT UNPACKING pc=0x0000000004ca556a sp=0x0000000004ade540 mode 2
Event: 1.432 Thread 0x0000000004b64000 DEOPT PACKING pc=0x0000000004f3bff0 sp=0x0000000004ade860
Event: 1.432 Thread 0x0000000004b64000 DEOPT UNPACKING pc=0x0000000004ca75bf sp=0x0000000004ade588 mode 0


Dynamic libraries:
0x00007ff6561e0000 - 0x00007ff656211000 	D:\Program Files\Android\Android Studio\jre\bin\java.exe
0x00007ff876090000 - 0x00007ff876270000 	C:\WINDOWS\SYSTEM32\ntdll.dll
0x00007ff8747f0000 - 0x00007ff87489e000 	C:\WINDOWS\System32\KERNEL32.DLL
0x00007ff872970000 - 0x00007ff872bd6000 	C:\WINDOWS\System32\KERNELBASE.dll
0x00007ff8737e0000 - 0x00007ff873881000 	C:\WINDOWS\System32\ADVAPI32.dll
0x00007ff873fc0000 - 0x00007ff87405d000 	C:\WINDOWS\System32\msvcrt.dll
0x00007ff873b40000 - 0x00007ff873b9b000 	C:\WINDOWS\System32\sechost.dll
0x00007ff875f40000 - 0x00007ff87605f000 	C:\WINDOWS\System32\RPCRT4.dll
0x00007ff8739b0000 - 0x00007ff873b3f000 	C:\WINDOWS\System32\USER32.dll
0x00007ff872c40000 - 0x00007ff872c60000 	C:\WINDOWS\System32\win32u.dll
0x00007ff874060000 - 0x00007ff874088000 	C:\WINDOWS\System32\GDI32.dll
0x00007ff8725b0000 - 0x00007ff872743000 	C:\WINDOWS\System32\gdi32full.dll
0x00007ff872510000 - 0x00007ff8725ab000 	C:\WINDOWS\System32\msvcp_win.dll
0x00007ff873460000 - 0x00007ff873556000 	C:\WINDOWS\System32\ucrtbase.dll
0x00007ff861c20000 - 0x00007ff861e89000 	C:\WINDOWS\WinSxS\amd64_microsoft.windows.common-controls_6595b64144ccf1df_6.0.16299.192_none_15c8cdae9364c23b\COMCTL32.dll
0x00007ff8744e0000 - 0x00007ff8747e8000 	C:\WINDOWS\System32\combase.dll
0x00007ff872490000 - 0x00007ff872502000 	C:\WINDOWS\System32\bcryptPrimitives.dll
0x00007ff8737b0000 - 0x00007ff8737dd000 	C:\WINDOWS\System32\IMM32.DLL
0x00000000755a0000 - 0x0000000075672000 	D:\Program Files\Android\Android Studio\jre\jre\bin\msvcr100.dll
0x0000000073950000 - 0x000000007418e000 	D:\Program Files\Android\Android Studio\jre\jre\bin\server\jvm.dll
0x00007ff873cf0000 - 0x00007ff873cf8000 	C:\WINDOWS\System32\PSAPI.DLL
0x00007ff86b630000 - 0x00007ff86b639000 	C:\WINDOWS\SYSTEM32\WSOCK32.dll
0x00007ff86af90000 - 0x00007ff86afb3000 	C:\WINDOWS\SYSTEM32\WINMM.dll
0x00007ff86d010000 - 0x00007ff86d01a000 	C:\WINDOWS\SYSTEM32\VERSION.dll
0x00007ff8748a0000 - 0x00007ff87490c000 	C:\WINDOWS\System32\WS2_32.dll
0x00007ff86af30000 - 0x00007ff86af5a000 	C:\WINDOWS\SYSTEM32\WINMMBASE.dll
0x00007ff872750000 - 0x00007ff87279a000 	C:\WINDOWS\System32\cfgmgr32.dll
0x00007ff86f000000 - 0x00007ff86f00f000 	D:\Program Files\Android\Android Studio\jre\jre\bin\verify.dll
0x00007ff8619d0000 - 0x00007ff8619f9000 	D:\Program Files\Android\Android Studio\jre\jre\bin\java.dll
0x00007ff8615f0000 - 0x00007ff861606000 	D:\Program Files\Android\Android Studio\jre\jre\bin\zip.dll
0x00007ff874b00000 - 0x00007ff875f36000 	C:\WINDOWS\System32\SHELL32.dll
0x00007ff873700000 - 0x00007ff8737a6000 	C:\WINDOWS\System32\shcore.dll
0x00007ff872d10000 - 0x00007ff873457000 	C:\WINDOWS\System32\windows.storage.dll
0x00007ff874aa0000 - 0x00007ff874af1000 	C:\WINDOWS\System32\shlwapi.dll
0x00007ff872470000 - 0x00007ff872481000 	C:\WINDOWS\System32\kernel.appcore.dll
0x00007ff872400000 - 0x00007ff87244c000 	C:\WINDOWS\System32\powrprof.dll
0x00007ff872450000 - 0x00007ff87246b000 	C:\WINDOWS\System32\profapi.dll
0x00007ff871e30000 - 0x00007ff871e47000 	C:\WINDOWS\SYSTEM32\CRYPTSP.dll
0x00007ff871660000 - 0x00007ff871693000 	C:\WINDOWS\system32\rsaenh.dll
0x00007ff871f40000 - 0x00007ff871f65000 	C:\WINDOWS\SYSTEM32\bcrypt.dll
0x00007ff872310000 - 0x00007ff872339000 	C:\WINDOWS\SYSTEM32\USERENV.dll
0x00007ff871e50000 - 0x00007ff871e5b000 	C:\WINDOWS\SYSTEM32\CRYPTBASE.dll
0x00007ff860120000 - 0x00007ff86013a000 	D:\Program Files\Android\Android Studio\jre\jre\bin\net.dll
0x00007ff871c70000 - 0x00007ff871cd6000 	C:\WINDOWS\system32\mswsock.dll
0x00007ff871a00000 - 0x00007ff871a39000 	C:\WINDOWS\SYSTEM32\IPHLPAPI.DLL
0x00007ff8739a0000 - 0x00007ff8739a8000 	C:\WINDOWS\System32\NSI.dll
0x00007ff86f450000 - 0x00007ff86f466000 	C:\WINDOWS\SYSTEM32\dhcpcsvc6.DLL
0x00007ff86f340000 - 0x00007ff86f35a000 	C:\WINDOWS\SYSTEM32\dhcpcsvc.DLL
0x00007ff860100000 - 0x00007ff860111000 	D:\Program Files\Android\Android Studio\jre\jre\bin\nio.dll

VM Arguments:
jvm_args: -Djava.awt.headless=true -Xmx64M -Dfile.encoding=windows-1256 -Duser.country=US -Duser.language=en -Duser.variant 
java_command: com.google.devtools.build.android.desugar.Desugar --input D:\src\Samples\Android\SamsungPay\noonpaySample\app\build\intermediates\transforms\stackFramesFixer\debug\4.jar --output D:\src\Samples\Android\SamsungPay\noonpaySample\app\build\intermediates\transforms\desugar\debug\5.jar --input D:\src\Samples\Android\SamsungPay\noonpaySample\app\build\intermediates\transforms\stackFramesFixer\debug\23.jar --output D:\src\Samples\Android\SamsungPay\noonpaySample\app\build\intermediates\transforms\desugar\debug\24.jar --input D:\src\Samples\Android\SamsungPay\noonpaySample\app\build\intermediates\transforms\stackFramesFixer\debug\2.jar --output D:\src\Samples\Android\SamsungPay\noonpaySample\app\build\intermediates\transforms\desugar\debug\3.jar --classpath_entry D:\src\Samples\Android\SamsungPay\noonpaySample\app\build\intermediates\classes\debug --classpath_entry D:\src\Samples\Android\SamsungPay\noonpaySample\app\build\intermediates\transforms\stackFramesFixer\debug\0.jar --classpath_entry D:\src\Samples\Android\SamsungPay\noonpaySample\app\build\intermediates\transforms\stackFramesFixer\debug\1.jar --classpath_entry D:\src\Samples\Android\SamsungPay\noonpaySample\app\build\intermediates\transforms\stackFramesFixer\debug\2.jar --classpath_entry D:\src\Samples\Android\SamsungPay\noonpaySample\app\build\intermediates\transforms\stackFramesFixer\debug\3.jar --classpath_entry D:\src\Samples\Android\SamsungPay\noonpaySample\app\build\intermediates\transforms\stackFramesFixer\debug\4.jar --classpath_entry D:\src\Samples\Android\SamsungPay\noonpaySample\app\build\intermediates\transforms\stackFramesFixer\debug\5.jar --classpath_entry D:\src\Samples\Android\SamsungPay\noonpaySample\app\build\intermediates\transforms\stackFramesFixer\debug\6.jar --classpath_entry D:\src\Samples\Android\SamsungPay\noonpaySample\app\build\intermediates\transforms\stackFramesFixer\debug\7.jar --classpath_entry D:\src\Samples\Android\SamsungPay\noonpaySample\app\build\intermediates\tr
java_class_path (initial): C:\Users\abdo\AppData\Local\Temp\desugar_deploy.jar8161716715612608376
Launcher Type: SUN_STANDARD

Environment Variables:
JAVA_HOME=C:\Users\abdo\scoop\apps\openjdk\current
USERNAME=abdo
OS=Windows_NT
PROCESSOR_IDENTIFIER=Intel64 Family 6 Model 94 Stepping 3, GenuineIntel



---------------  S Y S T E M  ---------------

OS: Windows 10.0 , 64 bit Build 16299 (10.0.16299.15)

CPU:total 8 (initial active 8) (4 cores per cpu, 2 threads per core) family 6 model 94 stepping 3, cmov, cx8, fxsr, mmx, sse, sse2, sse3, ssse3, sse4.1, sse4.2, popcnt, avx, avx2, aes, clmul, erms, rtm, 3dnowpref, lzcnt, ht, tsc, tscinvbit, bmi1, bmi2, adx

Memory: 4k page, physical 16666212k(4636864k free), swap 17714788k(1604k free)

vm_info: OpenJDK 64-Bit Server VM (25.152-b01) for windows-amd64 JRE (1.8.0_152-release-915-b01), built by "builder" with MS VC++ 10.0 (VS2010)

time: Thu Mar 15 12:25:24 2018
elapsed time: 1 seconds (0d 0h 0m 1s)

