#
# There is insufficient memory for the Java Runtime Environment to continue.
# Native memory allocation (malloc) failed to allocate 964576 bytes for Chunk::new
# Possible reasons:
#   The system is out of physical RAM or swap space
#   In 32 bit mode, the process size limit was hit
# Possible solutions:
#   Reduce memory load on the system
#   Increase physical memory or swap space
#   Check if swap backing store is full
#   Use 64 bit Java on a 64 bit OS
#   Decrease Java heap size (-Xmx/-Xms)
#   Decrease number of Java threads
#   Decrease Java thread stack sizes (-Xss)
#   Set larger code cache with -XX:ReservedCodeCacheSize=
# This output file may be truncated or incomplete.
#
#  Out of Memory Error (allocation.cpp:390), pid=13432, tid=0x0000000000002e44
#
# JRE version: OpenJDK Runtime Environment (8.0_152-b01) (build 1.8.0_152-release-915-b01)
# Java VM: OpenJDK 64-Bit Server VM (25.152-b01 mixed mode windows-amd64 compressed oops)
# Failed to write core dump. Minidumps are not enabled by default on client versions of Windows
#

---------------  T H R E A D  ---------------

Current thread (0x0000000017205800):  JavaThread "C2 CompilerThread0" daemon [_thread_in_native, id=11844, stack(0x0000000017ac0000,0x0000000017bc0000)]

Stack: [0x0000000017ac0000,0x0000000017bc0000]
[error occurred during error reporting (printing stack bounds), id 0xc0000005]

Native frames: (J=compiled Java code, j=interpreted, Vv=VM code, C=native code)


Current CompileTask:
C2:   1745  815       4       org.objectweb.asm.ClassReader::a (3587 bytes)


---------------  P R O C E S S  ---------------

Java Threads: ( => current thread )
  0x00000000172e8800 JavaThread "Service Thread" daemon [_thread_blocked, id=24964, stack(0x0000000017ec0000,0x0000000017fc0000)]
  0x0000000017283800 JavaThread "C1 CompilerThread3" daemon [_thread_blocked, id=44676, stack(0x0000000017dc0000,0x0000000017ec0000)]
  0x0000000017252000 JavaThread "C2 CompilerThread2" daemon [_thread_blocked, id=49616, stack(0x0000000017cc0000,0x0000000017dc0000)]
  0x0000000017209000 JavaThread "C2 CompilerThread1" daemon [_thread_blocked, id=36976, stack(0x0000000017bc0000,0x0000000017cc0000)]
=>0x0000000017205800 JavaThread "C2 CompilerThread0" daemon [_thread_in_native, id=11844, stack(0x0000000017ac0000,0x0000000017bc0000)]
  0x0000000017200800 JavaThread "Attach Listener" daemon [_thread_blocked, id=46472, stack(0x00000000179c0000,0x0000000017ac0000)]
  0x0000000017251800 JavaThread "Signal Dispatcher" daemon [_thread_blocked, id=22876, stack(0x00000000178c0000,0x00000000179c0000)]
  0x00000000171f0800 JavaThread "Finalizer" daemon [_thread_blocked, id=46424, stack(0x00000000175d0000,0x00000000176d0000)]
  0x0000000004b4a000 JavaThread "Reference Handler" daemon [_thread_blocked, id=50460, stack(0x00000000170d0000,0x00000000171d0000)]
  0x0000000004a54000 JavaThread "main" [_thread_in_vm, id=42412, stack(0x0000000004950000,0x0000000004a50000)]

Other Threads:
  0x00000000152f5000 VMThread [stack: 0x0000000016fd0000,0x00000000170d0000] [id=50228]
  0x00000000172e9800 WatcherThread [stack: 0x0000000017fc0000,0x00000000180c0000] [id=49900]

VM state:not at safepoint (normal execution)

VM Mutex/Monitor currently owned by a thread:  ([mutex/lock_event])
[0x0000000004a510d0] AdapterHandlerLibrary_lock - owner thread: 0x0000000004a54000

Heap:
 PSYoungGen      total 18944K, used 9140K [0x00000000feb00000, 0x0000000100000000, 0x0000000100000000)
  eden space 16384K, 40% used [0x00000000feb00000,0x00000000ff172a60,0x00000000ffb00000)
  from space 2560K, 99% used [0x00000000ffd80000,0x00000000ffffa7f0,0x0000000100000000)
  to   space 2560K, 0% used [0x00000000ffb00000,0x00000000ffb00000,0x00000000ffd80000)
 ParOldGen       total 44032K, used 4792K [0x00000000fc000000, 0x00000000feb00000, 0x00000000feb00000)
  object space 44032K, 10% used [0x00000000fc000000,0x00000000fc4ae348,0x00000000feb00000)
 Metaspace       used 7545K, capacity 7688K, committed 7936K, reserved 1056768K
  class space    used 866K, capacity 924K, committed 1024K, reserved 1048576K

Card table byte_map: [0x0000000004850000,0x0000000004880000] byte_map_base: 0x0000000004070000

Marking Bits: (ParMarkBitMap*) 0x0000000074113950
 Begin Bits: [0x0000000014710000, 0x0000000014810000)
 End Bits:   [0x0000000014810000, 0x0000000014910000)

Polling page: 0x0000000002b10000

CodeCache: size=245760Kb used=3512Kb max_used=3524Kb free=242248Kb
 bounds [0x0000000004b50000, 0x0000000004ed0000, 0x0000000013b50000]
 total_blobs=1257 nmethods=925 adapters=246
 compilation: enabled

Compilation events (10 events):
Event: 1.727 Thread 0x0000000017283800  922       3       org.objectweb.asm.ClassWriter::a (64 bytes)
Event: 1.727 Thread 0x0000000017283800 nmethod 922 0x0000000004ebf090 code [0x0000000004ebf240, 0x0000000004ebf688]
Event: 1.728 Thread 0x0000000017283800  923       1       java.util.Arrays$ArrayList::size (6 bytes)
Event: 1.728 Thread 0x0000000017209000  924       4       org.objectweb.asm.tree.MethodNode::visitLineNumber (21 bytes)
Event: 1.729 Thread 0x0000000017283800 nmethod 923 0x0000000004ea30d0 code [0x0000000004ea3220, 0x0000000004ea3330]
Event: 1.732 Thread 0x0000000017209000 nmethod 924 0x0000000004eb44d0 code [0x0000000004eb4640, 0x0000000004eb4918]
Event: 1.732 Thread 0x0000000017252000  925       4       org.objectweb.asm.tree.LineNumberNode::accept (16 bytes)
Event: 1.735 Thread 0x0000000017209000  926       4       org.objectweb.asm.MethodWriter::visitLineNumber (50 bytes)
Event: 1.740 Thread 0x0000000017209000 nmethod 926 0x0000000004ebe6d0 code [0x0000000004ebe840, 0x0000000004ebec98]
Event: 1.740 Thread 0x0000000017252000 nmethod 925 0x0000000004ec1d10 code [0x0000000004ec1ea0, 0x0000000004ec2438]

GC Heap History (4 events):
Event: 1.093 GC heap before
{Heap before GC invocations=1 (full 0):
 PSYoungGen      total 18944K, used 16384K [0x00000000feb00000, 0x0000000100000000, 0x0000000100000000)
  eden space 16384K, 100% used [0x00000000feb00000,0x00000000ffb00000,0x00000000ffb00000)
  from space 2560K, 0% used [0x00000000ffd80000,0x00000000ffd80000,0x0000000100000000)
  to   space 2560K, 0% used [0x00000000ffb00000,0x00000000ffb00000,0x00000000ffd80000)
 ParOldGen       total 44032K, used 0K [0x00000000fc000000, 0x00000000feb00000, 0x00000000feb00000)
  object space 44032K, 0% used [0x00000000fc000000,0x00000000fc000000,0x00000000feb00000)
 Metaspace       used 6590K, capacity 6746K, committed 7040K, reserved 1056768K
  class space    used 772K, capacity 823K, committed 896K, reserved 1048576K
Event: 1.098 GC heap after
Heap after GC invocations=1 (full 0):
 PSYoungGen      total 18944K, used 2544K [0x00000000feb00000, 0x0000000100000000, 0x0000000100000000)
  eden space 16384K, 0% used [0x00000000feb00000,0x00000000feb00000,0x00000000ffb00000)
  from space 2560K, 99% used [0x00000000ffb00000,0x00000000ffd7c020,0x00000000ffd80000)
  to   space 2560K, 0% used [0x00000000ffd80000,0x00000000ffd80000,0x0000000100000000)
 ParOldGen       total 44032K, used 1461K [0x00000000fc000000, 0x00000000feb00000, 0x00000000feb00000)
  object space 44032K, 3% used [0x00000000fc000000,0x00000000fc16d4a8,0x00000000feb00000)
 Metaspace       used 6590K, capacity 6746K, committed 7040K, reserved 1056768K
  class space    used 772K, capacity 823K, committed 896K, reserved 1048576K
}
Event: 1.566 GC heap before
{Heap before GC invocations=2 (full 0):
 PSYoungGen      total 18944K, used 18928K [0x00000000feb00000, 0x0000000100000000, 0x0000000100000000)
  eden space 16384K, 100% used [0x00000000feb00000,0x00000000ffb00000,0x00000000ffb00000)
  from space 2560K, 99% used [0x00000000ffb00000,0x00000000ffd7c020,0x00000000ffd80000)
  to   space 2560K, 0% used [0x00000000ffd80000,0x00000000ffd80000,0x0000000100000000)
 ParOldGen       total 44032K, used 1461K [0x00000000fc000000, 0x00000000feb00000, 0x00000000feb00000)
  object space 44032K, 3% used [0x00000000fc000000,0x00000000fc16d4a8,0x00000000feb00000)
 Metaspace       used 7506K, capacity 7688K, committed 7936K, reserved 1056768K
  class space    used 866K, capacity 924K, committed 1024K, reserved 1048576K
Event: 1.641 GC heap after
Heap after GC invocations=2 (full 0):
 PSYoungGen      total 18944K, used 2537K [0x00000000feb00000, 0x0000000100000000, 0x0000000100000000)
  eden space 16384K, 0% used [0x00000000feb00000,0x00000000feb00000,0x00000000ffb00000)
  from space 2560K, 99% used [0x00000000ffd80000,0x00000000ffffa7f0,0x0000000100000000)
  to   space 2560K, 0% used [0x00000000ffb00000,0x00000000ffb00000,0x00000000ffd80000)
 ParOldGen       total 44032K, used 4792K [0x00000000fc000000, 0x00000000feb00000, 0x00000000feb00000)
  object space 44032K, 10% used [0x00000000fc000000,0x00000000fc4ae348,0x00000000feb00000)
 Metaspace       used 7506K, capacity 7688K, committed 7936K, reserved 1056768K
  class space    used 866K, capacity 924K, committed 1024K, reserved 1048576K
}

Deoptimization events (10 events):
Event: 1.077 Thread 0x0000000004a54000 Uncommon trap: reason=unstable_if action=reinterpret pc=0x0000000004d726fc method=java.util.zip.ZipCoder.decoder()Ljava/nio/charset/CharsetDecoder; @ 4
Event: 1.080 Thread 0x0000000004a54000 Uncommon trap: reason=unstable_if action=reinterpret pc=0x0000000004d72f9c method=java.util.zip.ZipFile$ZipEntryIterator.hasNext()Z @ 25
Event: 1.141 Thread 0x0000000004a54000 Uncommon trap: reason=unstable_if action=reinterpret pc=0x0000000004d846f8 method=java.util.zip.ZipCoder.decoder()Ljava/nio/charset/CharsetDecoder; @ 4
Event: 1.142 Thread 0x0000000004a54000 Uncommon trap: reason=unstable_if action=reinterpret pc=0x0000000004d7e2c8 method=java.util.zip.ZipCoder.decoder()Ljava/nio/charset/CharsetDecoder; @ 4
Event: 1.142 Thread 0x0000000004a54000 Uncommon trap: reason=unstable_if action=reinterpret pc=0x0000000004d8715c method=java.util.zip.ZipCoder.decoder()Ljava/nio/charset/CharsetDecoder; @ 4
Event: 1.149 Thread 0x0000000004a54000 Uncommon trap: reason=unstable_if action=reinterpret pc=0x0000000004d8c188 method=java.util.HashMap$HashIterator.nextNode()Ljava/util/HashMap$Node; @ 74
Event: 1.214 Thread 0x0000000004a54000 Uncommon trap: reason=unstable_if action=reinterpret pc=0x0000000004d90948 method=java.util.HashMap$HashIterator.nextNode()Ljava/util/HashMap$Node; @ 74
Event: 1.275 Thread 0x0000000004a54000 Uncommon trap: reason=unloaded action=reinterpret pc=0x0000000004d6eafc method=java.util.zip.ZipEntry.setExtra0([BZ)V @ 37
Event: 1.393 Thread 0x0000000004a54000 Uncommon trap: reason=unstable_if action=reinterpret pc=0x0000000004ce8378 method=java.lang.String.<init>([CII)V @ 18
Event: 1.531 Thread 0x0000000004a54000 Uncommon trap: reason=unstable_if action=reinterpret pc=0x0000000004e4b7a0 method=org.objectweb.asm.Type.getArgumentsAndReturnSizes(Ljava/lang/String;)I @ 41

Classes redefined (0 events):
No events

Internal exceptions (10 events):
Event: 1.142 Thread 0x0000000004a54000 Implicit null exception at 0x0000000004d86785 to 0x0000000004d8711d
Event: 1.199 Thread 0x0000000004a54000 Exception <a 'sun/nio/fs/WindowsException'> (0x00000000ff1d4760) thrown at [D:\src\AOSP-openjdk-cygwin\jdk8u\hotspot\src\share\vm\prims\jni.cpp, line 709]
Event: 1.200 Thread 0x0000000004a54000 Exception <a 'sun/nio/fs/WindowsException'> (0x00000000ff1d4d20) thrown at [D:\src\AOSP-openjdk-cygwin\jdk8u\hotspot\src\share\vm\prims\jni.cpp, line 709]
Event: 1.200 Thread 0x0000000004a54000 Exception <a 'sun/nio/fs/WindowsException'> (0x00000000ff1d52f0) thrown at [D:\src\AOSP-openjdk-cygwin\jdk8u\hotspot\src\share\vm\prims\jni.cpp, line 709]
Event: 1.200 Thread 0x0000000004a54000 Exception <a 'sun/nio/fs/WindowsException'> (0x00000000ff1d5ab0) thrown at [D:\src\AOSP-openjdk-cygwin\jdk8u\hotspot\src\share\vm\prims\jni.cpp, line 709]
Event: 1.200 Thread 0x0000000004a54000 Exception <a 'sun/nio/fs/WindowsException'> (0x00000000ff1d6058) thrown at [D:\src\AOSP-openjdk-cygwin\jdk8u\hotspot\src\share\vm\prims\jni.cpp, line 709]
Event: 1.200 Thread 0x0000000004a54000 Exception <a 'sun/nio/fs/WindowsException'> (0x00000000ff1d6808) thrown at [D:\src\AOSP-openjdk-cygwin\jdk8u\hotspot\src\share\vm\prims\jni.cpp, line 709]
Event: 1.221 Thread 0x0000000004a54000 Exception <a 'sun/nio/fs/WindowsException'> (0x00000000ff1dbb88) thrown at [D:\src\AOSP-openjdk-cygwin\jdk8u\hotspot\src\share\vm\prims\jni.cpp, line 709]
Event: 1.291 Thread 0x0000000004a54000 Exception <a 'sun/nio/fs/WindowsException'> (0x00000000ff4c8f88) thrown at [D:\src\AOSP-openjdk-cygwin\jdk8u\hotspot\src\share\vm\prims\jni.cpp, line 709]
Event: 1.291 Thread 0x0000000004a54000 Exception <a 'sun/nio/fs/WindowsException'> (0x00000000ff4c9530) thrown at [D:\src\AOSP-openjdk-cygwin\jdk8u\hotspot\src\share\vm\prims\jni.cpp, line 709]

Events (10 events):
Event: 1.393 Thread 0x0000000004a54000 DEOPT UNPACKING pc=0x0000000004b9556a sp=0x0000000004a4ed38 mode 2
Event: 1.394 loading class org/objectweb/asm/Opcodes
Event: 1.394 loading class org/objectweb/asm/Opcodes done
Event: 1.531 Thread 0x0000000004a54000 Uncommon trap: trap_request=0xffffff65 fr.pc=0x0000000004e4b7a0
Event: 1.531 Thread 0x0000000004a54000 DEOPT PACKING pc=0x0000000004e4b7a0 sp=0x0000000004a4eba0
Event: 1.531 Thread 0x0000000004a54000 DEOPT UNPACKING pc=0x0000000004b9556a sp=0x0000000004a4eb28 mode 2
Event: 1.566 Executing VM operation: ParallelGCFailedAllocation
Event: 1.641 Executing VM operation: ParallelGCFailedAllocation done
Event: 1.656 Thread 0x0000000004a54000 DEOPT PACKING pc=0x0000000004cbb307 sp=0x0000000004a4ef60
Event: 1.656 Thread 0x0000000004a54000 DEOPT UNPACKING pc=0x0000000004b975bf sp=0x0000000004a4ec90 mode 0


Dynamic libraries:
0x00007ff6561e0000 - 0x00007ff656211000 	D:\Program Files\Android\Android Studio\jre\bin\java.exe
0x00007ff876090000 - 0x00007ff876270000 	C:\WINDOWS\SYSTEM32\ntdll.dll
0x00007ff8747f0000 - 0x00007ff87489e000 	C:\WINDOWS\System32\KERNEL32.DLL
0x00007ff872970000 - 0x00007ff872bd6000 	C:\WINDOWS\System32\KERNELBASE.dll
0x00007ff8737e0000 - 0x00007ff873881000 	C:\WINDOWS\System32\ADVAPI32.dll
0x00007ff873fc0000 - 0x00007ff87405d000 	C:\WINDOWS\System32\msvcrt.dll
0x00007ff873b40000 - 0x00007ff873b9b000 	C:\WINDOWS\System32\sechost.dll
0x00007ff875f40000 - 0x00007ff87605f000 	C:\WINDOWS\System32\RPCRT4.dll
0x00007ff8739b0000 - 0x00007ff873b3f000 	C:\WINDOWS\System32\USER32.dll
0x00007ff872c40000 - 0x00007ff872c60000 	C:\WINDOWS\System32\win32u.dll
0x00007ff874060000 - 0x00007ff874088000 	C:\WINDOWS\System32\GDI32.dll
0x00007ff8725b0000 - 0x00007ff872743000 	C:\WINDOWS\System32\gdi32full.dll
0x00007ff872510000 - 0x00007ff8725ab000 	C:\WINDOWS\System32\msvcp_win.dll
0x00007ff873460000 - 0x00007ff873556000 	C:\WINDOWS\System32\ucrtbase.dll
0x00007ff861c20000 - 0x00007ff861e89000 	C:\WINDOWS\WinSxS\amd64_microsoft.windows.common-controls_6595b64144ccf1df_6.0.16299.192_none_15c8cdae9364c23b\COMCTL32.dll
0x00007ff8744e0000 - 0x00007ff8747e8000 	C:\WINDOWS\System32\combase.dll
0x00007ff872490000 - 0x00007ff872502000 	C:\WINDOWS\System32\bcryptPrimitives.dll
0x00007ff8737b0000 - 0x00007ff8737dd000 	C:\WINDOWS\System32\IMM32.DLL
0x00000000755a0000 - 0x0000000075672000 	D:\Program Files\Android\Android Studio\jre\jre\bin\msvcr100.dll
0x0000000073950000 - 0x000000007418e000 	D:\Program Files\Android\Android Studio\jre\jre\bin\server\jvm.dll
0x00007ff873cf0000 - 0x00007ff873cf8000 	C:\WINDOWS\System32\PSAPI.DLL
0x00007ff86b630000 - 0x00007ff86b639000 	C:\WINDOWS\SYSTEM32\WSOCK32.dll
0x00007ff86af90000 - 0x00007ff86afb3000 	C:\WINDOWS\SYSTEM32\WINMM.dll
0x00007ff86d010000 - 0x00007ff86d01a000 	C:\WINDOWS\SYSTEM32\VERSION.dll
0x00007ff8748a0000 - 0x00007ff87490c000 	C:\WINDOWS\System32\WS2_32.dll
0x00007ff86af30000 - 0x00007ff86af5a000 	C:\WINDOWS\SYSTEM32\winmmbase.dll
0x00007ff872750000 - 0x00007ff87279a000 	C:\WINDOWS\System32\cfgmgr32.dll
0x00007ff86f000000 - 0x00007ff86f00f000 	D:\Program Files\Android\Android Studio\jre\jre\bin\verify.dll
0x00007ff8619d0000 - 0x00007ff8619f9000 	D:\Program Files\Android\Android Studio\jre\jre\bin\java.dll
0x00007ff8615f0000 - 0x00007ff861606000 	D:\Program Files\Android\Android Studio\jre\jre\bin\zip.dll
0x00007ff874b00000 - 0x00007ff875f36000 	C:\WINDOWS\System32\SHELL32.dll
0x00007ff873700000 - 0x00007ff8737a6000 	C:\WINDOWS\System32\shcore.dll
0x00007ff872d10000 - 0x00007ff873457000 	C:\WINDOWS\System32\windows.storage.dll
0x00007ff874aa0000 - 0x00007ff874af1000 	C:\WINDOWS\System32\shlwapi.dll
0x00007ff872470000 - 0x00007ff872481000 	C:\WINDOWS\System32\kernel.appcore.dll
0x00007ff872400000 - 0x00007ff87244c000 	C:\WINDOWS\System32\powrprof.dll
0x00007ff872450000 - 0x00007ff87246b000 	C:\WINDOWS\System32\profapi.dll
0x00007ff871e30000 - 0x00007ff871e47000 	C:\WINDOWS\SYSTEM32\CRYPTSP.dll
0x00007ff871660000 - 0x00007ff871693000 	C:\WINDOWS\system32\rsaenh.dll
0x00007ff871f40000 - 0x00007ff871f65000 	C:\WINDOWS\SYSTEM32\bcrypt.dll
0x00007ff872310000 - 0x00007ff872339000 	C:\WINDOWS\SYSTEM32\USERENV.dll
0x00007ff871e50000 - 0x00007ff871e5b000 	C:\WINDOWS\SYSTEM32\CRYPTBASE.dll
0x00007ff860120000 - 0x00007ff86013a000 	D:\Program Files\Android\Android Studio\jre\jre\bin\net.dll
0x00007ff871c70000 - 0x00007ff871cd6000 	C:\WINDOWS\system32\mswsock.dll
0x00007ff871a00000 - 0x00007ff871a39000 	C:\WINDOWS\SYSTEM32\IPHLPAPI.DLL
0x00007ff8739a0000 - 0x00007ff8739a8000 	C:\WINDOWS\System32\NSI.dll
0x00007ff86f450000 - 0x00007ff86f466000 	C:\WINDOWS\SYSTEM32\dhcpcsvc6.DLL
0x00007ff86f340000 - 0x00007ff86f35a000 	C:\WINDOWS\SYSTEM32\dhcpcsvc.DLL
0x00007ff860100000 - 0x00007ff860111000 	D:\Program Files\Android\Android Studio\jre\jre\bin\nio.dll

VM Arguments:
jvm_args: -Djava.awt.headless=true -Xmx64M -Dfile.encoding=windows-1256 -Duser.country=US -Duser.language=en -Duser.variant 
java_command: com.google.devtools.build.android.desugar.Desugar --input D:\src\Samples\Android\SamsungPay\noonpaySample\app\build\intermediates\transforms\stackFramesFixer\debug\0.jar --output D:\src\Samples\Android\SamsungPay\noonpaySample\app\build\intermediates\transforms\desugar\debug\1.jar --input D:\src\Samples\Android\SamsungPay\noonpaySample\app\build\intermediates\transforms\stackFramesFixer\debug\12.jar --output D:\src\Samples\Android\SamsungPay\noonpaySample\app\build\intermediates\transforms\desugar\debug\13.jar --input D:\src\Samples\Android\SamsungPay\noonpaySample\app\build\intermediates\transforms\stackFramesFixer\debug\8.jar --output D:\src\Samples\Android\SamsungPay\noonpaySample\app\build\intermediates\transforms\desugar\debug\9.jar --classpath_entry D:\src\Samples\Android\SamsungPay\noonpaySample\app\build\intermediates\classes\debug --classpath_entry D:\src\Samples\Android\SamsungPay\noonpaySample\app\build\intermediates\transforms\stackFramesFixer\debug\0.jar --classpath_entry D:\src\Samples\Android\SamsungPay\noonpaySample\app\build\intermediates\transforms\stackFramesFixer\debug\1.jar --classpath_entry D:\src\Samples\Android\SamsungPay\noonpaySample\app\build\intermediates\transforms\stackFramesFixer\debug\2.jar --classpath_entry D:\src\Samples\Android\SamsungPay\noonpaySample\app\build\intermediates\transforms\stackFramesFixer\debug\3.jar --classpath_entry D:\src\Samples\Android\SamsungPay\noonpaySample\app\build\intermediates\transforms\stackFramesFixer\debug\4.jar --classpath_entry D:\src\Samples\Android\SamsungPay\noonpaySample\app\build\intermediates\transforms\stackFramesFixer\debug\5.jar --classpath_entry D:\src\Samples\Android\SamsungPay\noonpaySample\app\build\intermediates\transforms\stackFramesFixer\debug\6.jar --classpath_entry D:\src\Samples\Android\SamsungPay\noonpaySample\app\build\intermediates\transforms\stackFramesFixer\debug\7.jar --classpath_entry D:\src\Samples\Android\SamsungPay\noonpaySample\app\build\intermediates\tr
java_class_path (initial): C:\Users\abdo\AppData\Local\Temp\desugar_deploy.jar6849692412381006742
Launcher Type: SUN_STANDARD

Environment Variables:
JAVA_HOME=C:\Users\abdo\scoop\apps\openjdk\current
USERNAME=abdo
OS=Windows_NT
PROCESSOR_IDENTIFIER=Intel64 Family 6 Model 94 Stepping 3, GenuineIntel



---------------  S Y S T E M  ---------------

OS: Windows 10.0 , 64 bit Build 16299 (10.0.16299.15)

CPU:total 8 (initial active 8) (4 cores per cpu, 2 threads per core) family 6 model 94 stepping 3, cmov, cx8, fxsr, mmx, sse, sse2, sse3, ssse3, sse4.1, sse4.2, popcnt, avx, avx2, aes, clmul, erms, rtm, 3dnowpref, lzcnt, ht, tsc, tscinvbit, bmi1, bmi2, adx

Memory: 4k page, physical 16666212k(4765664k free), swap 17714788k(10400k free)

vm_info: OpenJDK 64-Bit Server VM (25.152-b01) for windows-amd64 JRE (1.8.0_152-release-915-b01), built by "builder" with MS VC++ 10.0 (VS2010)

time: Thu Mar 15 12:50:09 2018
elapsed time: 1 seconds (0d 0h 0m 1s)

