#
# There is insufficient memory for the Java Runtime Environment to continue.
# Native memory allocation (malloc) failed to allocate 989936 bytes for Chunk::new
# Possible reasons:
#   The system is out of physical RAM or swap space
#   In 32 bit mode, the process size limit was hit
# Possible solutions:
#   Reduce memory load on the system
#   Increase physical memory or swap space
#   Check if swap backing store is full
#   Use 64 bit Java on a 64 bit OS
#   Decrease Java heap size (-Xmx/-Xms)
#   Decrease number of Java threads
#   Decrease Java thread stack sizes (-Xss)
#   Set larger code cache with -XX:ReservedCodeCacheSize=
# This output file may be truncated or incomplete.
#
#  Out of Memory Error (allocation.cpp:390), pid=16420, tid=0x000000000000c02c
#
# JRE version: OpenJDK Runtime Environment (8.0_152-b01) (build 1.8.0_152-release-915-b01)
# Java VM: OpenJDK 64-Bit Server VM (25.152-b01 mixed mode windows-amd64 compressed oops)
# Failed to write core dump. Minidumps are not enabled by default on client versions of Windows
#

---------------  T H R E A D  ---------------

Current thread (0x0000000016b6d800):  JavaThread "C2 CompilerThread1" daemon [_thread_in_native, id=49196, stack(0x0000000017520000,0x0000000017620000)]

Stack: [0x0000000017520000,0x0000000017620000]
[error occurred during error reporting (printing stack bounds), id 0xc0000005]

Native frames: (J=compiled Java code, j=interpreted, Vv=VM code, C=native code)


Current CompileTask:
C2:   1871  836       4       org.objectweb.asm.ClassReader::a (3587 bytes)


---------------  P R O C E S S  ---------------

Java Threads: ( => current thread )
  0x0000000016c45000 JavaThread "Service Thread" daemon [_thread_blocked, id=38640, stack(0x0000000017820000,0x0000000017920000)]
  0x0000000014c58000 JavaThread "C1 CompilerThread3" daemon [_thread_blocked, id=20916, stack(0x0000000017720000,0x0000000017820000)]
  0x0000000016b70800 JavaThread "C2 CompilerThread2" daemon [_thread_in_native, id=49900, stack(0x0000000017620000,0x0000000017720000)]
=>0x0000000016b6d800 JavaThread "C2 CompilerThread1" daemon [_thread_in_native, id=49196, stack(0x0000000017520000,0x0000000017620000)]
  0x0000000016b6a000 JavaThread "C2 CompilerThread0" daemon [_thread_in_native, id=11024, stack(0x0000000017420000,0x0000000017520000)]
  0x0000000016b68800 JavaThread "Attach Listener" daemon [_thread_blocked, id=46824, stack(0x0000000017320000,0x0000000017420000)]
  0x0000000016bb9800 JavaThread "Signal Dispatcher" daemon [_thread_blocked, id=41320, stack(0x0000000017220000,0x0000000017320000)]
  0x0000000016b50800 JavaThread "Finalizer" daemon [_thread_blocked, id=47436, stack(0x0000000016f30000,0x0000000017030000)]
  0x0000000004499000 JavaThread "Reference Handler" daemon [_thread_blocked, id=45128, stack(0x0000000016a30000,0x0000000016b30000)]
  0x00000000043a4000 JavaThread "main" [_thread_in_vm, id=42308, stack(0x00000000042a0000,0x00000000043a0000)]

Other Threads:
  0x0000000014c45000 VMThread [stack: 0x0000000016930000,0x0000000016a30000] [id=5352]
  0x0000000016c45800 WatcherThread [stack: 0x0000000017920000,0x0000000017a20000] [id=36420]

VM state:not at safepoint (normal execution)

VM Mutex/Monitor currently owned by a thread: None

Heap:
 PSYoungGen      total 18944K, used 12713K [0x00000000feb00000, 0x0000000100000000, 0x0000000100000000)
  eden space 16384K, 62% used [0x00000000feb00000,0x00000000ff4effb0,0x00000000ffb00000)
  from space 2560K, 99% used [0x00000000ffd80000,0x00000000ffffa7f0,0x0000000100000000)
  to   space 2560K, 0% used [0x00000000ffb00000,0x00000000ffb00000,0x00000000ffd80000)
 ParOldGen       total 44032K, used 4791K [0x00000000fc000000, 0x00000000feb00000, 0x00000000feb00000)
  object space 44032K, 10% used [0x00000000fc000000,0x00000000fc4adcf8,0x00000000feb00000)
 Metaspace       used 7571K, capacity 7752K, committed 7936K, reserved 1056768K
  class space    used 866K, capacity 924K, committed 1024K, reserved 1048576K

Card table byte_map: [0x00000000041d0000,0x0000000004200000] byte_map_base: 0x00000000039f0000

Marking Bits: (ParMarkBitMap*) 0x0000000074113950
 Begin Bits: [0x0000000014060000, 0x0000000014160000)
 End Bits:   [0x0000000014160000, 0x0000000014260000)

Polling page: 0x0000000004150000

CodeCache: size=245760Kb used=3676Kb max_used=3687Kb free=242083Kb
 bounds [0x00000000044a0000, 0x0000000004840000, 0x00000000134a0000]
 total_blobs=1305 nmethods=973 adapters=246
 compilation: enabled

Compilation events (10 events):
Event: 1.861 Thread 0x0000000016b70800 nmethod 954 0x0000000004835010 code [0x0000000004835180, 0x0000000004835458]
Event: 1.861 Thread 0x0000000016b70800  955       4       org.objectweb.asm.tree.LineNumberNode::accept (16 bytes)
Event: 1.863 Thread 0x0000000016b6a000 nmethod 953 0x0000000004832b90 code [0x0000000004832d00, 0x0000000004833158]
Event: 1.863 Thread 0x0000000014c58000  959       1       java.util.Arrays$ArrayList::size (6 bytes)
Event: 1.864 Thread 0x0000000014c58000 nmethod 959 0x00000000048206d0 code [0x0000000004820820, 0x0000000004820930]
Event: 1.864 Thread 0x0000000014c58000  960       3       java.util.HashMap::<init> (11 bytes)
Event: 1.864 Thread 0x0000000016b6a000  961       4       org.objectweb.asm.ClassReader::a (162 bytes)
Event: 1.864 Thread 0x0000000014c58000 nmethod 960 0x0000000004832750 code [0x00000000048328c0, 0x0000000004832ad0]
Event: 1.865 Thread 0x0000000014c58000  962       3       com.google.common.base.Preconditions::checkArgument (13 bytes)
Event: 1.865 Thread 0x0000000014c58000 nmethod 962 0x00000000048322d0 code [0x0000000004832440, 0x0000000004832668]

GC Heap History (4 events):
Event: 1.343 GC heap before
{Heap before GC invocations=1 (full 0):
 PSYoungGen      total 18944K, used 16384K [0x00000000feb00000, 0x0000000100000000, 0x0000000100000000)
  eden space 16384K, 100% used [0x00000000feb00000,0x00000000ffb00000,0x00000000ffb00000)
  from space 2560K, 0% used [0x00000000ffd80000,0x00000000ffd80000,0x0000000100000000)
  to   space 2560K, 0% used [0x00000000ffb00000,0x00000000ffb00000,0x00000000ffd80000)
 ParOldGen       total 44032K, used 0K [0x00000000fc000000, 0x00000000feb00000, 0x00000000feb00000)
  object space 44032K, 0% used [0x00000000fc000000,0x00000000fc000000,0x00000000feb00000)
 Metaspace       used 6594K, capacity 6746K, committed 7040K, reserved 1056768K
  class space    used 773K, capacity 823K, committed 896K, reserved 1048576K
Event: 1.396 GC heap after
Heap after GC invocations=1 (full 0):
 PSYoungGen      total 18944K, used 2528K [0x00000000feb00000, 0x0000000100000000, 0x0000000100000000)
  eden space 16384K, 0% used [0x00000000feb00000,0x00000000feb00000,0x00000000ffb00000)
  from space 2560K, 98% used [0x00000000ffb00000,0x00000000ffd78030,0x00000000ffd80000)
  to   space 2560K, 0% used [0x00000000ffd80000,0x00000000ffd80000,0x0000000100000000)
 ParOldGen       total 44032K, used 1451K [0x00000000fc000000, 0x00000000feb00000, 0x00000000feb00000)
  object space 44032K, 3% used [0x00000000fc000000,0x00000000fc16afe0,0x00000000feb00000)
 Metaspace       used 6594K, capacity 6746K, committed 7040K, reserved 1056768K
  class space    used 773K, capacity 823K, committed 896K, reserved 1048576K
}
Event: 1.724 GC heap before
{Heap before GC invocations=2 (full 0):
 PSYoungGen      total 18944K, used 18912K [0x00000000feb00000, 0x0000000100000000, 0x0000000100000000)
  eden space 16384K, 100% used [0x00000000feb00000,0x00000000ffb00000,0x00000000ffb00000)
  from space 2560K, 98% used [0x00000000ffb00000,0x00000000ffd78030,0x00000000ffd80000)
  to   space 2560K, 0% used [0x00000000ffd80000,0x00000000ffd80000,0x0000000100000000)
 ParOldGen       total 44032K, used 1451K [0x00000000fc000000, 0x00000000feb00000, 0x00000000feb00000)
  object space 44032K, 3% used [0x00000000fc000000,0x00000000fc16afe0,0x00000000feb00000)
 Metaspace       used 7512K, capacity 7688K, committed 7936K, reserved 1056768K
  class space    used 866K, capacity 924K, committed 1024K, reserved 1048576K
Event: 1.759 GC heap after
Heap after GC invocations=2 (full 0):
 PSYoungGen      total 18944K, used 2537K [0x00000000feb00000, 0x0000000100000000, 0x0000000100000000)
  eden space 16384K, 0% used [0x00000000feb00000,0x00000000feb00000,0x00000000ffb00000)
  from space 2560K, 99% used [0x00000000ffd80000,0x00000000ffffa7f0,0x0000000100000000)
  to   space 2560K, 0% used [0x00000000ffb00000,0x00000000ffb00000,0x00000000ffd80000)
 ParOldGen       total 44032K, used 4791K [0x00000000fc000000, 0x00000000feb00000, 0x00000000feb00000)
  object space 44032K, 10% used [0x00000000fc000000,0x00000000fc4adcf8,0x00000000feb00000)
 Metaspace       used 7512K, capacity 7688K, committed 7936K, reserved 1056768K
  class space    used 866K, capacity 924K, committed 1024K, reserved 1048576K
}

Deoptimization events (10 events):
Event: 1.421 Thread 0x00000000043a4000 Uncommon trap: reason=unstable_if action=reinterpret pc=0x00000000046d47c8 method=java.util.zip.ZipCoder.decoder()Ljava/nio/charset/CharsetDecoder; @ 4
Event: 1.421 Thread 0x00000000043a4000 Uncommon trap: reason=unstable_if action=reinterpret pc=0x00000000046d761c method=java.util.zip.ZipCoder.decoder()Ljava/nio/charset/CharsetDecoder; @ 4
Event: 1.505 Thread 0x00000000043a4000 Uncommon trap: reason=unloaded action=reinterpret pc=0x00000000046d627c method=java.util.zip.ZipEntry.setExtra0([BZ)V @ 37
Event: 1.536 Thread 0x00000000043a4000 Uncommon trap: reason=unstable_if action=reinterpret pc=0x0000000004638d38 method=java.lang.String.<init>([CII)V @ 18
Event: 1.663 Thread 0x00000000043a4000 Uncommon trap: reason=unstable_if action=reinterpret pc=0x00000000047517fc method=org.objectweb.asm.ClassReader.a(II[C)Ljava/lang/String; @ 77
Event: 1.664 Thread 0x00000000043a4000 Uncommon trap: reason=unstable_if action=reinterpret pc=0x000000000474e0f8 method=org.objectweb.asm.ByteVector.putUTF8(Ljava/lang/String;)Lorg/objectweb/asm/ByteVector; @ 98
Event: 1.682 Thread 0x00000000043a4000 Uncommon trap: reason=unstable_if action=reinterpret pc=0x00000000047a424c method=org.objectweb.asm.Item.a(Lorg/objectweb/asm/Item;)Z @ 251
Event: 1.821 Thread 0x00000000043a4000 Uncommon trap: reason=unstable_if action=reinterpret pc=0x00000000047b5738 method=org.objectweb.asm.Type.getArgumentsAndReturnSizes(Ljava/lang/String;)I @ 118
Event: 1.850 Thread 0x00000000043a4000 Uncommon trap: reason=unstable_if action=reinterpret pc=0x000000000481eed8 method=org.objectweb.asm.MethodWriter.visitVarInsn(II)V @ 142
Event: 1.850 Thread 0x00000000043a4000 Uncommon trap: reason=unstable_if action=reinterpret pc=0x0000000004808824 method=org.objectweb.asm.MethodWriter.visitVarInsn(II)V @ 142

Classes redefined (0 events):
No events

Internal exceptions (10 events):
Event: 1.421 Thread 0x00000000043a4000 Implicit null exception at 0x00000000046d6c45 to 0x00000000046d75dd
Event: 1.459 Thread 0x00000000043a4000 Exception <a 'sun/nio/fs/WindowsException'> (0x00000000ff1d6d28) thrown at [D:\src\AOSP-openjdk-cygwin\jdk8u\hotspot\src\share\vm\prims\jni.cpp, line 709]
Event: 1.460 Thread 0x00000000043a4000 Exception <a 'sun/nio/fs/WindowsException'> (0x00000000ff1d72e8) thrown at [D:\src\AOSP-openjdk-cygwin\jdk8u\hotspot\src\share\vm\prims\jni.cpp, line 709]
Event: 1.460 Thread 0x00000000043a4000 Exception <a 'sun/nio/fs/WindowsException'> (0x00000000ff1d78b8) thrown at [D:\src\AOSP-openjdk-cygwin\jdk8u\hotspot\src\share\vm\prims\jni.cpp, line 709]
Event: 1.460 Thread 0x00000000043a4000 Exception <a 'sun/nio/fs/WindowsException'> (0x00000000ff1d8078) thrown at [D:\src\AOSP-openjdk-cygwin\jdk8u\hotspot\src\share\vm\prims\jni.cpp, line 709]
Event: 1.460 Thread 0x00000000043a4000 Exception <a 'sun/nio/fs/WindowsException'> (0x00000000ff1d8620) thrown at [D:\src\AOSP-openjdk-cygwin\jdk8u\hotspot\src\share\vm\prims\jni.cpp, line 709]
Event: 1.460 Thread 0x00000000043a4000 Exception <a 'sun/nio/fs/WindowsException'> (0x00000000ff1d8dd0) thrown at [D:\src\AOSP-openjdk-cygwin\jdk8u\hotspot\src\share\vm\prims\jni.cpp, line 709]
Event: 1.472 Thread 0x00000000043a4000 Exception <a 'sun/nio/fs/WindowsException'> (0x00000000ff1de150) thrown at [D:\src\AOSP-openjdk-cygwin\jdk8u\hotspot\src\share\vm\prims\jni.cpp, line 709]
Event: 1.520 Thread 0x00000000043a4000 Exception <a 'sun/nio/fs/WindowsException'> (0x00000000ff4f9698) thrown at [D:\src\AOSP-openjdk-cygwin\jdk8u\hotspot\src\share\vm\prims\jni.cpp, line 709]
Event: 1.520 Thread 0x00000000043a4000 Exception <a 'sun/nio/fs/WindowsException'> (0x00000000ff4f9c40) thrown at [D:\src\AOSP-openjdk-cygwin\jdk8u\hotspot\src\share\vm\prims\jni.cpp, line 709]

Events (10 events):
Event: 1.759 Executing VM operation: ParallelGCFailedAllocation done
Event: 1.821 Thread 0x00000000043a4000 Uncommon trap: trap_request=0xffffff65 fr.pc=0x00000000047b5738
Event: 1.821 Thread 0x00000000043a4000 DEOPT PACKING pc=0x00000000047b5738 sp=0x000000000439eca0
Event: 1.821 Thread 0x00000000043a4000 DEOPT UNPACKING pc=0x00000000044e556a sp=0x000000000439ec30 mode 2
Event: 1.850 Thread 0x00000000043a4000 Uncommon trap: trap_request=0xffffff65 fr.pc=0x000000000481eed8
Event: 1.850 Thread 0x00000000043a4000 DEOPT PACKING pc=0x000000000481eed8 sp=0x000000000439ed50
Event: 1.850 Thread 0x00000000043a4000 DEOPT UNPACKING pc=0x00000000044e556a sp=0x000000000439eca0 mode 2
Event: 1.850 Thread 0x00000000043a4000 Uncommon trap: trap_request=0xffffff65 fr.pc=0x0000000004808824
Event: 1.850 Thread 0x00000000043a4000 DEOPT PACKING pc=0x0000000004808824 sp=0x000000000439ecd0
Event: 1.850 Thread 0x00000000043a4000 DEOPT UNPACKING pc=0x00000000044e556a sp=0x000000000439ec88 mode 2


Dynamic libraries:
0x00007ff6561e0000 - 0x00007ff656211000 	D:\Program Files\Android\Android Studio\jre\bin\java.exe
0x00007ff876090000 - 0x00007ff876270000 	C:\WINDOWS\SYSTEM32\ntdll.dll
0x00007ff8747f0000 - 0x00007ff87489e000 	C:\WINDOWS\System32\KERNEL32.DLL
0x00007ff872970000 - 0x00007ff872bd6000 	C:\WINDOWS\System32\KERNELBASE.dll
0x00007ff8737e0000 - 0x00007ff873881000 	C:\WINDOWS\System32\ADVAPI32.dll
0x00007ff873fc0000 - 0x00007ff87405d000 	C:\WINDOWS\System32\msvcrt.dll
0x00007ff873b40000 - 0x00007ff873b9b000 	C:\WINDOWS\System32\sechost.dll
0x00007ff875f40000 - 0x00007ff87605f000 	C:\WINDOWS\System32\RPCRT4.dll
0x00007ff8739b0000 - 0x00007ff873b3f000 	C:\WINDOWS\System32\USER32.dll
0x00007ff872c40000 - 0x00007ff872c60000 	C:\WINDOWS\System32\win32u.dll
0x00007ff874060000 - 0x00007ff874088000 	C:\WINDOWS\System32\GDI32.dll
0x00007ff8725b0000 - 0x00007ff872743000 	C:\WINDOWS\System32\gdi32full.dll
0x00007ff872510000 - 0x00007ff8725ab000 	C:\WINDOWS\System32\msvcp_win.dll
0x00007ff873460000 - 0x00007ff873556000 	C:\WINDOWS\System32\ucrtbase.dll
0x00007ff861c20000 - 0x00007ff861e89000 	C:\WINDOWS\WinSxS\amd64_microsoft.windows.common-controls_6595b64144ccf1df_6.0.16299.192_none_15c8cdae9364c23b\COMCTL32.dll
0x00007ff8744e0000 - 0x00007ff8747e8000 	C:\WINDOWS\System32\combase.dll
0x00007ff872490000 - 0x00007ff872502000 	C:\WINDOWS\System32\bcryptPrimitives.dll
0x00007ff8737b0000 - 0x00007ff8737dd000 	C:\WINDOWS\System32\IMM32.DLL
0x00000000755a0000 - 0x0000000075672000 	D:\Program Files\Android\Android Studio\jre\jre\bin\msvcr100.dll
0x0000000073950000 - 0x000000007418e000 	D:\Program Files\Android\Android Studio\jre\jre\bin\server\jvm.dll
0x00007ff873cf0000 - 0x00007ff873cf8000 	C:\WINDOWS\System32\PSAPI.DLL
0x00007ff86b630000 - 0x00007ff86b639000 	C:\WINDOWS\SYSTEM32\WSOCK32.dll
0x00007ff86af90000 - 0x00007ff86afb3000 	C:\WINDOWS\SYSTEM32\WINMM.dll
0x00007ff86d010000 - 0x00007ff86d01a000 	C:\WINDOWS\SYSTEM32\VERSION.dll
0x00007ff8748a0000 - 0x00007ff87490c000 	C:\WINDOWS\System32\WS2_32.dll
0x00007ff86af30000 - 0x00007ff86af5a000 	C:\WINDOWS\SYSTEM32\WINMMBASE.dll
0x00007ff872750000 - 0x00007ff87279a000 	C:\WINDOWS\System32\cfgmgr32.dll
0x00007ff86f000000 - 0x00007ff86f00f000 	D:\Program Files\Android\Android Studio\jre\jre\bin\verify.dll
0x00007ff8619d0000 - 0x00007ff8619f9000 	D:\Program Files\Android\Android Studio\jre\jre\bin\java.dll
0x00007ff8615f0000 - 0x00007ff861606000 	D:\Program Files\Android\Android Studio\jre\jre\bin\zip.dll
0x00007ff874b00000 - 0x00007ff875f36000 	C:\WINDOWS\System32\SHELL32.dll
0x00007ff873700000 - 0x00007ff8737a6000 	C:\WINDOWS\System32\shcore.dll
0x00007ff872d10000 - 0x00007ff873457000 	C:\WINDOWS\System32\windows.storage.dll
0x00007ff874aa0000 - 0x00007ff874af1000 	C:\WINDOWS\System32\shlwapi.dll
0x00007ff872470000 - 0x00007ff872481000 	C:\WINDOWS\System32\kernel.appcore.dll
0x00007ff872400000 - 0x00007ff87244c000 	C:\WINDOWS\System32\powrprof.dll
0x00007ff872450000 - 0x00007ff87246b000 	C:\WINDOWS\System32\profapi.dll
0x00007ff871e30000 - 0x00007ff871e47000 	C:\WINDOWS\SYSTEM32\CRYPTSP.dll
0x00007ff871660000 - 0x00007ff871693000 	C:\WINDOWS\system32\rsaenh.dll
0x00007ff871f40000 - 0x00007ff871f65000 	C:\WINDOWS\SYSTEM32\bcrypt.dll
0x00007ff872310000 - 0x00007ff872339000 	C:\WINDOWS\SYSTEM32\USERENV.dll
0x00007ff871e50000 - 0x00007ff871e5b000 	C:\WINDOWS\SYSTEM32\CRYPTBASE.dll
0x00007ff860120000 - 0x00007ff86013a000 	D:\Program Files\Android\Android Studio\jre\jre\bin\net.dll
0x00007ff871c70000 - 0x00007ff871cd6000 	C:\WINDOWS\system32\mswsock.dll
0x00007ff871a00000 - 0x00007ff871a39000 	C:\WINDOWS\SYSTEM32\IPHLPAPI.DLL
0x00007ff8739a0000 - 0x00007ff8739a8000 	C:\WINDOWS\System32\NSI.dll
0x00007ff86f450000 - 0x00007ff86f466000 	C:\WINDOWS\SYSTEM32\dhcpcsvc6.DLL
0x00007ff86f340000 - 0x00007ff86f35a000 	C:\WINDOWS\SYSTEM32\dhcpcsvc.DLL
0x00007ff860100000 - 0x00007ff860111000 	D:\Program Files\Android\Android Studio\jre\jre\bin\nio.dll

VM Arguments:
jvm_args: -Djava.awt.headless=true -Xmx64M -Dfile.encoding=windows-1256 -Duser.country=US -Duser.language=en -Duser.variant 
java_command: com.google.devtools.build.android.desugar.Desugar --input D:\src\Samples\Android\SamsungPay\noonpaySample\app\build\intermediates\transforms\stackFramesFixer\debug\17.jar --output D:\src\Samples\Android\SamsungPay\noonpaySample\app\build\intermediates\transforms\desugar\debug\18.jar --input D:\src\Samples\Android\SamsungPay\noonpaySample\app\build\intermediates\transforms\stackFramesFixer\debug\8.jar --output D:\src\Samples\Android\SamsungPay\noonpaySample\app\build\intermediates\transforms\desugar\debug\9.jar --input D:\src\Samples\Android\SamsungPay\noonpaySample\app\build\intermediates\transforms\stackFramesFixer\debug\6.jar --output D:\src\Samples\Android\SamsungPay\noonpaySample\app\build\intermediates\transforms\desugar\debug\7.jar --classpath_entry D:\src\Samples\Android\SamsungPay\noonpaySample\app\build\intermediates\classes\debug --classpath_entry D:\src\Samples\Android\SamsungPay\noonpaySample\app\build\intermediates\transforms\stackFramesFixer\debug\0.jar --classpath_entry D:\src\Samples\Android\SamsungPay\noonpaySample\app\build\intermediates\transforms\stackFramesFixer\debug\1.jar --classpath_entry D:\src\Samples\Android\SamsungPay\noonpaySample\app\build\intermediates\transforms\stackFramesFixer\debug\2.jar --classpath_entry D:\src\Samples\Android\SamsungPay\noonpaySample\app\build\intermediates\transforms\stackFramesFixer\debug\3.jar --classpath_entry D:\src\Samples\Android\SamsungPay\noonpaySample\app\build\intermediates\transforms\stackFramesFixer\debug\4.jar --classpath_entry D:\src\Samples\Android\SamsungPay\noonpaySample\app\build\intermediates\transforms\stackFramesFixer\debug\5.jar --classpath_entry D:\src\Samples\Android\SamsungPay\noonpaySample\app\build\intermediates\transforms\stackFramesFixer\debug\6.jar --classpath_entry D:\src\Samples\Android\SamsungPay\noonpaySample\app\build\intermediates\transforms\stackFramesFixer\debug\7.jar --classpath_entry D:\src\Samples\Android\SamsungPay\noonpaySample\app\build\intermediates\tr
java_class_path (initial): C:\Users\abdo\AppData\Local\Temp\desugar_deploy.jar6849692412381006742
Launcher Type: SUN_STANDARD

Environment Variables:
JAVA_HOME=C:\Users\abdo\scoop\apps\openjdk\current
USERNAME=abdo
OS=Windows_NT
PROCESSOR_IDENTIFIER=Intel64 Family 6 Model 94 Stepping 3, GenuineIntel



---------------  S Y S T E M  ---------------

OS: Windows 10.0 , 64 bit Build 16299 (10.0.16299.15)

CPU:total 8 (initial active 8) (4 cores per cpu, 2 threads per core) family 6 model 94 stepping 3, cmov, cx8, fxsr, mmx, sse, sse2, sse3, ssse3, sse4.1, sse4.2, popcnt, avx, avx2, aes, clmul, erms, rtm, 3dnowpref, lzcnt, ht, tsc, tscinvbit, bmi1, bmi2, adx

Memory: 4k page, physical 16666212k(4815948k free), swap 17714788k(1604k free)

vm_info: OpenJDK 64-Bit Server VM (25.152-b01) for windows-amd64 JRE (1.8.0_152-release-915-b01), built by "builder" with MS VC++ 10.0 (VS2010)

time: Thu Mar 15 12:44:35 2018
elapsed time: 1 seconds (0d 0h 0m 1s)

