#
# There is insufficient memory for the Java Runtime Environment to continue.
# Native memory allocation (malloc) failed to allocate 269136 bytes for Chunk::new
# Possible reasons:
#   The system is out of physical RAM or swap space
#   In 32 bit mode, the process size limit was hit
# Possible solutions:
#   Reduce memory load on the system
#   Increase physical memory or swap space
#   Check if swap backing store is full
#   Use 64 bit Java on a 64 bit OS
#   Decrease Java heap size (-Xmx/-Xms)
#   Decrease number of Java threads
#   Decrease Java thread stack sizes (-Xss)
#   Set larger code cache with -XX:ReservedCodeCacheSize=
# This output file may be truncated or incomplete.
#
#  Out of Memory Error (allocation.cpp:390), pid=48928, tid=0x000000000000ba3c
#
# JRE version: OpenJDK Runtime Environment (8.0_152-b01) (build 1.8.0_152-release-915-b01)
# Java VM: OpenJDK 64-Bit Server VM (25.152-b01 mixed mode windows-amd64 compressed oops)
# Failed to write core dump. Minidumps are not enabled by default on client versions of Windows
#

---------------  T H R E A D  ---------------

Current thread (0x0000000017664800):  JavaThread "C2 CompilerThread1" daemon [_thread_in_native, id=47676, stack(0x0000000018020000,0x0000000018120000)]

Stack: [0x0000000018020000,0x0000000018120000]
[error occurred during error reporting (printing stack bounds), id 0xc0000005]

Native frames: (J=compiled Java code, j=interpreted, Vv=VM code, C=native code)


Current CompileTask:
C2:   1101  643       4       sun.nio.fs.WindowsPath::getName (47 bytes)


---------------  P R O C E S S  ---------------

Java Threads: ( => current thread )
  0x000000001770d000 JavaThread "Service Thread" daemon [_thread_blocked, id=40160, stack(0x0000000018320000,0x0000000018420000)]
  0x00000000176b4000 JavaThread "C1 CompilerThread3" daemon [_thread_blocked, id=25936, stack(0x0000000018220000,0x0000000018320000)]
  0x0000000017669800 JavaThread "C2 CompilerThread2" daemon [_thread_blocked, id=48648, stack(0x0000000018120000,0x0000000018220000)]
=>0x0000000017664800 JavaThread "C2 CompilerThread1" daemon [_thread_in_native, id=47676, stack(0x0000000018020000,0x0000000018120000)]
  0x0000000017661000 JavaThread "C2 CompilerThread0" daemon [_thread_blocked, id=22768, stack(0x0000000017f20000,0x0000000018020000)]
  0x0000000017660000 JavaThread "Attach Listener" daemon [_thread_blocked, id=25456, stack(0x0000000017e20000,0x0000000017f20000)]
  0x00000000176b0800 JavaThread "Signal Dispatcher" daemon [_thread_blocked, id=44940, stack(0x0000000017d20000,0x0000000017e20000)]
  0x0000000017650800 JavaThread "Finalizer" daemon [_thread_blocked, id=47616, stack(0x0000000017a30000,0x0000000017b30000)]
  0x0000000004ed9000 JavaThread "Reference Handler" daemon [_thread_blocked, id=47100, stack(0x0000000017530000,0x0000000017630000)]
  0x0000000004de4800 JavaThread "main" [_thread_in_native, id=42832, stack(0x00000000034c0000,0x00000000035c0000)]

Other Threads:
  0x0000000015745800 VMThread [stack: 0x0000000017430000,0x0000000017530000] [id=41740]
  0x000000001770d800 WatcherThread [stack: 0x0000000018420000,0x0000000018520000] [id=33140]

VM state:not at safepoint (normal execution)

VM Mutex/Monitor currently owned by a thread: None

Heap:
 PSYoungGen      total 18944K, used 13582K [0x00000000feb00000, 0x0000000100000000, 0x0000000100000000)
  eden space 16384K, 67% used [0x00000000feb00000,0x00000000ff5cb9a0,0x00000000ffb00000)
  from space 2560K, 98% used [0x00000000ffb00000,0x00000000ffd78030,0x00000000ffd80000)
  to   space 2560K, 0% used [0x00000000ffd80000,0x00000000ffd80000,0x0000000100000000)
 ParOldGen       total 44032K, used 1449K [0x00000000fc000000, 0x00000000feb00000, 0x00000000feb00000)
  object space 44032K, 3% used [0x00000000fc000000,0x00000000fc16a4f0,0x00000000feb00000)
 Metaspace       used 6913K, capacity 7048K, committed 7296K, reserved 1056768K
  class space    used 816K, capacity 860K, committed 896K, reserved 1048576K

Card table byte_map: [0x0000000003600000,0x0000000003630000] byte_map_base: 0x0000000002e20000

Marking Bits: (ParMarkBitMap*) 0x0000000074113950
 Begin Bits: [0x0000000014b60000, 0x0000000014c60000)
 End Bits:   [0x0000000014c60000, 0x0000000014d60000)

Polling page: 0x00000000030b0000

CodeCache: size=245760Kb used=2520Kb max_used=2534Kb free=243239Kb
 bounds [0x0000000004fa0000, 0x0000000005220000, 0x0000000013fa0000]
 total_blobs=974 nmethods=653 adapters=235
 compilation: enabled

Compilation events (10 events):
Event: 1.089 Thread 0x00000000176b4000  650       3       java.util.zip.ZipUtils::unixTimeToFileTime (8 bytes)
Event: 1.089 Thread 0x00000000176b4000 nmethod 650 0x00000000052129d0 code [0x0000000005212b40, 0x0000000005212e90]
Event: 1.089 Thread 0x00000000176b4000  651       3       java.nio.file.attribute.FileTime::<init> (21 bytes)
Event: 1.089 Thread 0x00000000176b4000 nmethod 651 0x0000000005213050 code [0x00000000052131a0, 0x0000000005213370]
Event: 1.089 Thread 0x00000000176b4000  642   !   3       java.nio.file.Files::isRegularFile (16 bytes)
Event: 1.090 Thread 0x00000000176b4000 nmethod 642 0x0000000005213410 code [0x0000000005213600, 0x0000000005214088]
Event: 1.093 Thread 0x0000000017669800 nmethod 652 0x0000000005215690 code [0x0000000005215820, 0x0000000005215d38]
Event: 1.093 Thread 0x00000000176b4000  653       3       java.util.HashMap$HashIterator::hasNext (13 bytes)
Event: 1.093 Thread 0x00000000176b4000 nmethod 653 0x0000000005215310 code [0x0000000005215460, 0x0000000005215610]
Event: 1.096 Thread 0x0000000017661000 nmethod 622 0x0000000005219bd0 code [0x0000000005219da0, 0x000000000521ada8]

GC Heap History (2 events):
Event: 0.953 GC heap before
{Heap before GC invocations=1 (full 0):
 PSYoungGen      total 18944K, used 16384K [0x00000000feb00000, 0x0000000100000000, 0x0000000100000000)
  eden space 16384K, 100% used [0x00000000feb00000,0x00000000ffb00000,0x00000000ffb00000)
  from space 2560K, 0% used [0x00000000ffd80000,0x00000000ffd80000,0x0000000100000000)
  to   space 2560K, 0% used [0x00000000ffb00000,0x00000000ffb00000,0x00000000ffd80000)
 ParOldGen       total 44032K, used 0K [0x00000000fc000000, 0x00000000feb00000, 0x00000000feb00000)
  object space 44032K, 0% used [0x00000000fc000000,0x00000000fc000000,0x00000000feb00000)
 Metaspace       used 6576K, capacity 6746K, committed 7040K, reserved 1056768K
  class space    used 772K, capacity 823K, committed 896K, reserved 1048576K
Event: 0.959 GC heap after
Heap after GC invocations=1 (full 0):
 PSYoungGen      total 18944K, used 2528K [0x00000000feb00000, 0x0000000100000000, 0x0000000100000000)
  eden space 16384K, 0% used [0x00000000feb00000,0x00000000feb00000,0x00000000ffb00000)
  from space 2560K, 98% used [0x00000000ffb00000,0x00000000ffd78030,0x00000000ffd80000)
  to   space 2560K, 0% used [0x00000000ffd80000,0x00000000ffd80000,0x0000000100000000)
 ParOldGen       total 44032K, used 1449K [0x00000000fc000000, 0x00000000feb00000, 0x00000000feb00000)
  object space 44032K, 3% used [0x00000000fc000000,0x00000000fc16a4f0,0x00000000feb00000)
 Metaspace       used 6576K, capacity 6746K, committed 7040K, reserved 1056768K
  class space    used 772K, capacity 823K, committed 896K, reserved 1048576K
}

Deoptimization events (10 events):
Event: 0.929 Thread 0x0000000004de4800 Uncommon trap: reason=unstable_if action=reinterpret pc=0x00000000051c236c method=java.util.zip.ZipCoder.decoder()Ljava/nio/charset/CharsetDecoder; @ 4
Event: 0.929 Thread 0x0000000004de4800 Uncommon trap: reason=unstable_if action=reinterpret pc=0x000000000519b0d8 method=java.util.zip.ZipEntry.setExtra0([BZ)V @ 1
Event: 0.931 Thread 0x0000000004de4800 Uncommon trap: reason=unstable_if action=reinterpret pc=0x00000000051bfb08 method=java.util.zip.ZipFile$ZipEntryIterator.hasNext()Z @ 25
Event: 0.931 Thread 0x0000000004de4800 Uncommon trap: reason=unstable_if action=reinterpret pc=0x00000000051bb9fc method=java.util.zip.ZipCoder.decoder()Ljava/nio/charset/CharsetDecoder; @ 4
Event: 0.933 Thread 0x0000000004de4800 Uncommon trap: reason=unstable_if action=reinterpret pc=0x00000000051bb11c method=java.util.zip.ZipFile$ZipEntryIterator.hasNext()Z @ 25
Event: 0.981 Thread 0x0000000004de4800 Uncommon trap: reason=unstable_if action=reinterpret pc=0x00000000051caa38 method=java.util.zip.ZipCoder.decoder()Ljava/nio/charset/CharsetDecoder; @ 4
Event: 0.981 Thread 0x0000000004de4800 Uncommon trap: reason=unstable_if action=reinterpret pc=0x00000000051cd408 method=java.util.zip.ZipCoder.decoder()Ljava/nio/charset/CharsetDecoder; @ 4
Event: 0.982 Thread 0x0000000004de4800 Uncommon trap: reason=unstable_if action=reinterpret pc=0x00000000051cfadc method=java.util.zip.ZipCoder.decoder()Ljava/nio/charset/CharsetDecoder; @ 4
Event: 0.986 Thread 0x0000000004de4800 Uncommon trap: reason=unstable_if action=reinterpret pc=0x00000000051c6314 method=java.util.HashMap$HashIterator.hasNext()Z @ 4
Event: 1.081 Thread 0x0000000004de4800 Uncommon trap: reason=unloaded action=reinterpret pc=0x00000000051d3dbc method=java.util.zip.ZipEntry.setExtra0([BZ)V @ 37

Classes redefined (0 events):
No events

Internal exceptions (10 events):
Event: 0.981 Thread 0x0000000004de4800 Implicit null exception at 0x00000000051ca00d to 0x00000000051ca9f1
Event: 0.981 Thread 0x0000000004de4800 Implicit null exception at 0x00000000051ccacc to 0x00000000051cd3c9
Event: 0.982 Thread 0x0000000004de4800 Implicit null exception at 0x00000000051cf105 to 0x00000000051cfa9d
Event: 1.015 Thread 0x0000000004de4800 Exception <a 'sun/nio/fs/WindowsException'> (0x00000000ff1dd7b8) thrown at [D:\src\AOSP-openjdk-cygwin\jdk8u\hotspot\src\share\vm\prims\jni.cpp, line 709]
Event: 1.015 Thread 0x0000000004de4800 Exception <a 'sun/nio/fs/WindowsException'> (0x00000000ff1ddd78) thrown at [D:\src\AOSP-openjdk-cygwin\jdk8u\hotspot\src\share\vm\prims\jni.cpp, line 709]
Event: 1.015 Thread 0x0000000004de4800 Exception <a 'sun/nio/fs/WindowsException'> (0x00000000ff1de348) thrown at [D:\src\AOSP-openjdk-cygwin\jdk8u\hotspot\src\share\vm\prims\jni.cpp, line 709]
Event: 1.015 Thread 0x0000000004de4800 Exception <a 'sun/nio/fs/WindowsException'> (0x00000000ff1deb08) thrown at [D:\src\AOSP-openjdk-cygwin\jdk8u\hotspot\src\share\vm\prims\jni.cpp, line 709]
Event: 1.015 Thread 0x0000000004de4800 Exception <a 'sun/nio/fs/WindowsException'> (0x00000000ff1df0b0) thrown at [D:\src\AOSP-openjdk-cygwin\jdk8u\hotspot\src\share\vm\prims\jni.cpp, line 709]
Event: 1.015 Thread 0x0000000004de4800 Exception <a 'sun/nio/fs/WindowsException'> (0x00000000ff1df860) thrown at [D:\src\AOSP-openjdk-cygwin\jdk8u\hotspot\src\share\vm\prims\jni.cpp, line 709]
Event: 1.030 Thread 0x0000000004de4800 Exception <a 'sun/nio/fs/WindowsException'> (0x00000000ff1e4be0) thrown at [D:\src\AOSP-openjdk-cygwin\jdk8u\hotspot\src\share\vm\prims\jni.cpp, line 709]

Events (10 events):
Event: 1.082 loading class java/util/concurrent/TimeUnit$6
Event: 1.082 loading class java/util/concurrent/TimeUnit$6 done
Event: 1.082 loading class java/util/concurrent/TimeUnit$7
Event: 1.082 loading class java/util/concurrent/TimeUnit$7 done
Event: 1.082 loading class java/nio/file/attribute/FileTime
Event: 1.082 loading class java/nio/file/attribute/FileTime done
Event: 1.085 Thread 0x0000000004de4800 DEOPT PACKING pc=0x00000000051b0d8f sp=0x00000000035bef50
Event: 1.085 Thread 0x0000000004de4800 DEOPT UNPACKING pc=0x0000000004fe75bf sp=0x00000000035bec40 mode 0
Event: 1.091 Thread 0x0000000004de4800 DEOPT PACKING pc=0x00000000051b0d8f sp=0x00000000035bef50
Event: 1.091 Thread 0x0000000004de4800 DEOPT UNPACKING pc=0x0000000004fe75bf sp=0x00000000035bec40 mode 0


Dynamic libraries:
0x00007ff6561e0000 - 0x00007ff656211000 	D:\Program Files\Android\Android Studio\jre\bin\java.exe
0x00007ff876090000 - 0x00007ff876270000 	C:\WINDOWS\SYSTEM32\ntdll.dll
0x00007ff8747f0000 - 0x00007ff87489e000 	C:\WINDOWS\System32\KERNEL32.DLL
0x00007ff872970000 - 0x00007ff872bd6000 	C:\WINDOWS\System32\KERNELBASE.dll
0x00007ff8737e0000 - 0x00007ff873881000 	C:\WINDOWS\System32\ADVAPI32.dll
0x00007ff873fc0000 - 0x00007ff87405d000 	C:\WINDOWS\System32\msvcrt.dll
0x00007ff873b40000 - 0x00007ff873b9b000 	C:\WINDOWS\System32\sechost.dll
0x00007ff875f40000 - 0x00007ff87605f000 	C:\WINDOWS\System32\RPCRT4.dll
0x00007ff8739b0000 - 0x00007ff873b3f000 	C:\WINDOWS\System32\USER32.dll
0x00007ff872c40000 - 0x00007ff872c60000 	C:\WINDOWS\System32\win32u.dll
0x00007ff874060000 - 0x00007ff874088000 	C:\WINDOWS\System32\GDI32.dll
0x00007ff8725b0000 - 0x00007ff872743000 	C:\WINDOWS\System32\gdi32full.dll
0x00007ff872510000 - 0x00007ff8725ab000 	C:\WINDOWS\System32\msvcp_win.dll
0x00007ff873460000 - 0x00007ff873556000 	C:\WINDOWS\System32\ucrtbase.dll
0x00007ff861c20000 - 0x00007ff861e89000 	C:\WINDOWS\WinSxS\amd64_microsoft.windows.common-controls_6595b64144ccf1df_6.0.16299.192_none_15c8cdae9364c23b\COMCTL32.dll
0x00007ff8744e0000 - 0x00007ff8747e8000 	C:\WINDOWS\System32\combase.dll
0x00007ff872490000 - 0x00007ff872502000 	C:\WINDOWS\System32\bcryptPrimitives.dll
0x00007ff8737b0000 - 0x00007ff8737dd000 	C:\WINDOWS\System32\IMM32.DLL
0x00000000755a0000 - 0x0000000075672000 	D:\Program Files\Android\Android Studio\jre\jre\bin\msvcr100.dll
0x0000000073950000 - 0x000000007418e000 	D:\Program Files\Android\Android Studio\jre\jre\bin\server\jvm.dll
0x00007ff873cf0000 - 0x00007ff873cf8000 	C:\WINDOWS\System32\PSAPI.DLL
0x00007ff86b630000 - 0x00007ff86b639000 	C:\WINDOWS\SYSTEM32\WSOCK32.dll
0x00007ff86af90000 - 0x00007ff86afb3000 	C:\WINDOWS\SYSTEM32\WINMM.dll
0x00007ff86d010000 - 0x00007ff86d01a000 	C:\WINDOWS\SYSTEM32\VERSION.dll
0x00007ff8748a0000 - 0x00007ff87490c000 	C:\WINDOWS\System32\WS2_32.dll
0x00007ff86af30000 - 0x00007ff86af5a000 	C:\WINDOWS\SYSTEM32\WINMMBASE.dll
0x00007ff872750000 - 0x00007ff87279a000 	C:\WINDOWS\System32\cfgmgr32.dll
0x00007ff86f000000 - 0x00007ff86f00f000 	D:\Program Files\Android\Android Studio\jre\jre\bin\verify.dll
0x00007ff8619d0000 - 0x00007ff8619f9000 	D:\Program Files\Android\Android Studio\jre\jre\bin\java.dll
0x00007ff8615f0000 - 0x00007ff861606000 	D:\Program Files\Android\Android Studio\jre\jre\bin\zip.dll
0x00007ff874b00000 - 0x00007ff875f36000 	C:\WINDOWS\System32\SHELL32.dll
0x00007ff873700000 - 0x00007ff8737a6000 	C:\WINDOWS\System32\shcore.dll
0x00007ff872d10000 - 0x00007ff873457000 	C:\WINDOWS\System32\windows.storage.dll
0x00007ff874aa0000 - 0x00007ff874af1000 	C:\WINDOWS\System32\shlwapi.dll
0x00007ff872470000 - 0x00007ff872481000 	C:\WINDOWS\System32\kernel.appcore.dll
0x00007ff872400000 - 0x00007ff87244c000 	C:\WINDOWS\System32\powrprof.dll
0x00007ff872450000 - 0x00007ff87246b000 	C:\WINDOWS\System32\profapi.dll
0x00007ff871e30000 - 0x00007ff871e47000 	C:\WINDOWS\SYSTEM32\CRYPTSP.dll
0x00007ff871660000 - 0x00007ff871693000 	C:\WINDOWS\system32\rsaenh.dll
0x00007ff871f40000 - 0x00007ff871f65000 	C:\WINDOWS\SYSTEM32\bcrypt.dll
0x00007ff872310000 - 0x00007ff872339000 	C:\WINDOWS\SYSTEM32\USERENV.dll
0x00007ff871e50000 - 0x00007ff871e5b000 	C:\WINDOWS\SYSTEM32\CRYPTBASE.dll
0x00007ff860120000 - 0x00007ff86013a000 	D:\Program Files\Android\Android Studio\jre\jre\bin\net.dll
0x00007ff871c70000 - 0x00007ff871cd6000 	C:\WINDOWS\system32\mswsock.dll
0x00007ff871a00000 - 0x00007ff871a39000 	C:\WINDOWS\SYSTEM32\IPHLPAPI.DLL
0x00007ff8739a0000 - 0x00007ff8739a8000 	C:\WINDOWS\System32\NSI.dll
0x00007ff86f450000 - 0x00007ff86f466000 	C:\WINDOWS\SYSTEM32\dhcpcsvc6.DLL
0x00007ff86f340000 - 0x00007ff86f35a000 	C:\WINDOWS\SYSTEM32\dhcpcsvc.DLL
0x00007ff860100000 - 0x00007ff860111000 	D:\Program Files\Android\Android Studio\jre\jre\bin\nio.dll

VM Arguments:
jvm_args: -Djava.awt.headless=true -Xmx64M -Dfile.encoding=windows-1256 -Duser.country=US -Duser.language=en -Duser.variant 
java_command: com.google.devtools.build.android.desugar.Desugar --input D:\src\Samples\Android\SamsungPay\noonpaySample\app\build\intermediates\transforms\stackFramesFixer\debug\11.jar --output D:\src\Samples\Android\SamsungPay\noonpaySample\app\build\intermediates\transforms\desugar\debug\12.jar --input D:\src\Samples\Android\SamsungPay\noonpaySample\app\build\intermediates\transforms\stackFramesFixer\debug\0.jar --output D:\src\Samples\Android\SamsungPay\noonpaySample\app\build\intermediates\transforms\desugar\debug\1.jar --input D:\src\Samples\Android\SamsungPay\noonpaySample\app\build\intermediates\transforms\stackFramesFixer\debug\17.jar --output D:\src\Samples\Android\SamsungPay\noonpaySample\app\build\intermediates\transforms\desugar\debug\18.jar --input D:\src\Samples\Android\SamsungPay\noonpaySample\app\build\intermediates\transforms\stackFramesFixer\debug\6.jar --output D:\src\Samples\Android\SamsungPay\noonpaySample\app\build\intermediates\transforms\desugar\debug\7.jar --classpath_entry D:\src\Samples\Android\SamsungPay\noonpaySample\app\build\intermediates\classes\debug --classpath_entry D:\src\Samples\Android\SamsungPay\noonpaySample\app\build\intermediates\transforms\stackFramesFixer\debug\0.jar --classpath_entry D:\src\Samples\Android\SamsungPay\noonpaySample\app\build\intermediates\transforms\stackFramesFixer\debug\1.jar --classpath_entry D:\src\Samples\Android\SamsungPay\noonpaySample\app\build\intermediates\transforms\stackFramesFixer\debug\2.jar --classpath_entry D:\src\Samples\Android\SamsungPay\noonpaySample\app\build\intermediates\transforms\stackFramesFixer\debug\3.jar --classpath_entry D:\src\Samples\Android\SamsungPay\noonpaySample\app\build\intermediates\transforms\stackFramesFixer\debug\4.jar --classpath_entry D:\src\Samples\Android\SamsungPay\noonpaySample\app\build\intermediates\transforms\stackFramesFixer\debug\5.jar --classpath_entry D:\src\Samples\Android\SamsungPay\noonpaySample\app\build\intermediates\transforms\stackFramesFixer\
java_class_path (initial): C:\Users\abdo\AppData\Local\Temp\desugar_deploy.jar8161716715612608376
Launcher Type: SUN_STANDARD

Environment Variables:
JAVA_HOME=C:\Users\abdo\scoop\apps\openjdk\current
USERNAME=abdo
OS=Windows_NT
PROCESSOR_IDENTIFIER=Intel64 Family 6 Model 94 Stepping 3, GenuineIntel



---------------  S Y S T E M  ---------------

OS: Windows 10.0 , 64 bit Build 16299 (10.0.16299.15)

CPU:total 8 (initial active 8) (4 cores per cpu, 2 threads per core) family 6 model 94 stepping 3, cmov, cx8, fxsr, mmx, sse, sse2, sse3, ssse3, sse4.1, sse4.2, popcnt, avx, avx2, aes, clmul, erms, rtm, 3dnowpref, lzcnt, ht, tsc, tscinvbit, bmi1, bmi2, adx

Memory: 4k page, physical 16666212k(4661816k free), swap 17714788k(62700k free)

vm_info: OpenJDK 64-Bit Server VM (25.152-b01) for windows-amd64 JRE (1.8.0_152-release-915-b01), built by "builder" with MS VC++ 10.0 (VS2010)

time: Thu Mar 15 12:24:10 2018
elapsed time: 1 seconds (0d 0h 0m 1s)

