#
# There is insufficient memory for the Java Runtime Environment to continue.
# Native memory allocation (malloc) failed to allocate 47216 bytes for Chunk::new
# Possible reasons:
#   The system is out of physical RAM or swap space
#   In 32 bit mode, the process size limit was hit
# Possible solutions:
#   Reduce memory load on the system
#   Increase physical memory or swap space
#   Check if swap backing store is full
#   Use 64 bit Java on a 64 bit OS
#   Decrease Java heap size (-Xmx/-Xms)
#   Decrease number of Java threads
#   Decrease Java thread stack sizes (-Xss)
#   Set larger code cache with -XX:ReservedCodeCacheSize=
# This output file may be truncated or incomplete.
#
#  Out of Memory Error (allocation.cpp:390), pid=44528, tid=0x000000000000d7b0
#
# JRE version: OpenJDK Runtime Environment (8.0_152-b01) (build 1.8.0_152-release-915-b01)
# Java VM: OpenJDK 64-Bit Server VM (25.152-b01 mixed mode windows-amd64 compressed oops)
# Failed to write core dump. Minidumps are not enabled by default on client versions of Windows
#

---------------  T H R E A D  ---------------

Current thread (0x0000000017509800):  JavaThread "C1 CompilerThread3" daemon [_thread_in_native, id=55216, stack(0x0000000018050000,0x0000000018150000)]

Stack: [0x0000000018050000,0x0000000018150000]
[error occurred during error reporting (printing stack bounds), id 0xc0000005]

Native frames: (J=compiled Java code, j=interpreted, Vv=VM code, C=native code)


Current CompileTask:
C1:   2823  722       3       org.objectweb.asm.ClassReader::a (3587 bytes)


---------------  P R O C E S S  ---------------

Java Threads: ( => current thread )
  0x000000001750f800 JavaThread "Service Thread" daemon [_thread_blocked, id=53276, stack(0x0000000018150000,0x0000000018250000)]
=>0x0000000017509800 JavaThread "C1 CompilerThread3" daemon [_thread_in_native, id=55216, stack(0x0000000018050000,0x0000000018150000)]
  0x0000000017505800 JavaThread "C2 CompilerThread2" daemon [_thread_blocked, id=46644, stack(0x0000000017f50000,0x0000000018050000)]
  0x0000000017464000 JavaThread "C2 CompilerThread1" daemon [_thread_in_native, id=52252, stack(0x0000000017e50000,0x0000000017f50000)]
  0x0000000017460800 JavaThread "C2 CompilerThread0" daemon [_thread_blocked, id=53196, stack(0x0000000017d50000,0x0000000017e50000)]
  0x00000000174b1800 JavaThread "Attach Listener" daemon [_thread_blocked, id=51464, stack(0x0000000017c50000,0x0000000017d50000)]
  0x00000000174b0800 JavaThread "Signal Dispatcher" daemon [_thread_blocked, id=46556, stack(0x0000000017b50000,0x0000000017c50000)]
  0x0000000017450800 JavaThread "Finalizer" daemon [_thread_blocked, id=15948, stack(0x0000000017830000,0x0000000017930000)]
  0x0000000004d69000 JavaThread "Reference Handler" daemon [_thread_blocked, id=44700, stack(0x0000000017330000,0x0000000017430000)]
  0x0000000004c74000 JavaThread "main" [_thread_in_vm, id=25016, stack(0x0000000004b70000,0x0000000004c70000)]

Other Threads:
  0x0000000015545000 VMThread [stack: 0x0000000017230000,0x0000000017330000] [id=54148]
  0x0000000017510800 WatcherThread [stack: 0x0000000018250000,0x0000000018350000] [id=51888]

VM state:not at safepoint (normal execution)

VM Mutex/Monitor currently owned by a thread: None

Heap:
 PSYoungGen      total 18944K, used 14955K [0x00000000feb00000, 0x0000000100000000, 0x0000000100000000)
  eden space 16384K, 75% used [0x00000000feb00000,0x00000000ff722d08,0x00000000ffb00000)
  from space 2560K, 98% used [0x00000000ffb00000,0x00000000ffd78030,0x00000000ffd80000)
  to   space 2560K, 0% used [0x00000000ffd80000,0x00000000ffd80000,0x0000000100000000)
 ParOldGen       total 44032K, used 1500K [0x00000000fc000000, 0x00000000feb00000, 0x00000000feb00000)
  object space 44032K, 3% used [0x00000000fc000000,0x00000000fc177310,0x00000000feb00000)
 Metaspace       used 7389K, capacity 7560K, committed 7680K, reserved 1056768K
  class space    used 864K, capacity 924K, committed 1024K, reserved 1048576K

Card table byte_map: [0x0000000004b10000,0x0000000004b40000] byte_map_base: 0x0000000004330000

Marking Bits: (ParMarkBitMap*) 0x0000000074113950
 Begin Bits: [0x0000000014930000, 0x0000000014a30000)
 End Bits:   [0x0000000014a30000, 0x0000000014b30000)

Polling page: 0x0000000004ae0000

CodeCache: size=245760Kb used=2681Kb max_used=2693Kb free=243078Kb
 bounds [0x0000000004d70000, 0x0000000005020000, 0x0000000013d70000]
 total_blobs=1054 nmethods=722 adapters=246
 compilation: enabled

Compilation events (10 events):
Event: 2.805 Thread 0x0000000017509800 nmethod 719 0x000000000500d110 code [0x000000000500d260, 0x000000000500d410]
Event: 2.805 Thread 0x0000000017509800  716       3       org.objectweb.asm.MethodWriter::visitLabel (321 bytes)
Event: 2.806 Thread 0x0000000017509800 nmethod 716 0x000000000500d510 code [0x000000000500d6e0, 0x000000000500dfe8]
Event: 2.806 Thread 0x0000000017509800  721       3       org.objectweb.asm.tree.MethodNode::visitVarInsn (17 bytes)
Event: 2.806 Thread 0x0000000017509800 nmethod 721 0x000000000500e2d0 code [0x000000000500e460, 0x000000000500e788]
Event: 2.806 Thread 0x0000000017509800  722       3       org.objectweb.asm.ClassReader::a (3587 bytes)
Event: 2.810 Thread 0x0000000017505800  728       4       org.objectweb.asm.ClassReader::a (194 bytes)
Event: 2.819 Thread 0x0000000017505800 nmethod 728 0x0000000005011ad0 code [0x0000000005011c40, 0x00000000050121b8]
Event: 2.820 Thread 0x0000000017460800  731       4       org.objectweb.asm.ClassReader::readInt (52 bytes)
Event: 2.821 Thread 0x0000000017464000  732       4       org.objectweb.asm.ByteVector::putUTF8 (142 bytes)

GC Heap History (2 events):
Event: 1.870 GC heap before
{Heap before GC invocations=1 (full 0):
 PSYoungGen      total 18944K, used 16384K [0x00000000feb00000, 0x0000000100000000, 0x0000000100000000)
  eden space 16384K, 100% used [0x00000000feb00000,0x00000000ffb00000,0x00000000ffb00000)
  from space 2560K, 0% used [0x00000000ffd80000,0x00000000ffd80000,0x0000000100000000)
  to   space 2560K, 0% used [0x00000000ffb00000,0x00000000ffb00000,0x00000000ffd80000)
 ParOldGen       total 44032K, used 0K [0x00000000fc000000, 0x00000000feb00000, 0x00000000feb00000)
  object space 44032K, 0% used [0x00000000fc000000,0x00000000fc000000,0x00000000feb00000)
 Metaspace       used 6576K, capacity 6746K, committed 7040K, reserved 1056768K
  class space    used 772K, capacity 823K, committed 896K, reserved 1048576K
Event: 1.901 GC heap after
Heap after GC invocations=1 (full 0):
 PSYoungGen      total 18944K, used 2528K [0x00000000feb00000, 0x0000000100000000, 0x0000000100000000)
  eden space 16384K, 0% used [0x00000000feb00000,0x00000000feb00000,0x00000000ffb00000)
  from space 2560K, 98% used [0x00000000ffb00000,0x00000000ffd78030,0x00000000ffd80000)
  to   space 2560K, 0% used [0x00000000ffd80000,0x00000000ffd80000,0x0000000100000000)
 ParOldGen       total 44032K, used 1500K [0x00000000fc000000, 0x00000000feb00000, 0x00000000feb00000)
  object space 44032K, 3% used [0x00000000fc000000,0x00000000fc177310,0x00000000feb00000)
 Metaspace       used 6576K, capacity 6746K, committed 7040K, reserved 1056768K
  class space    used 772K, capacity 823K, committed 896K, reserved 1048576K
}

Deoptimization events (10 events):
Event: 1.833 Thread 0x0000000004c74000 Uncommon trap: reason=unstable_if action=reinterpret pc=0x0000000004f8d5d8 method=java.util.zip.ZipEntry.setExtra0([BZ)V @ 1
Event: 1.834 Thread 0x0000000004c74000 Uncommon trap: reason=unstable_if action=reinterpret pc=0x0000000004f97548 method=java.util.zip.ZipCoder.decoder()Ljava/nio/charset/CharsetDecoder; @ 4
Event: 1.842 Thread 0x0000000004c74000 Uncommon trap: reason=unstable_if action=reinterpret pc=0x0000000004f99c1c method=java.util.zip.ZipCoder.decoder()Ljava/nio/charset/CharsetDecoder; @ 4
Event: 1.932 Thread 0x0000000004c74000 Uncommon trap: reason=unstable_if action=reinterpret pc=0x0000000004f9549c method=java.util.zip.ZipCoder.decoder()Ljava/nio/charset/CharsetDecoder; @ 4
Event: 1.933 Thread 0x0000000004c74000 Uncommon trap: reason=unstable_if action=reinterpret pc=0x0000000004f9116c method=java.util.zip.ZipCoder.decoder()Ljava/nio/charset/CharsetDecoder; @ 4
Event: 1.933 Thread 0x0000000004c74000 Uncommon trap: reason=unstable_if action=reinterpret pc=0x0000000004f8cd7c method=java.util.zip.ZipCoder.decoder()Ljava/nio/charset/CharsetDecoder; @ 4
Event: 1.941 Thread 0x0000000004c74000 Uncommon trap: reason=unstable_if action=reinterpret pc=0x0000000004fab848 method=java.util.HashMap$HashIterator.nextNode()Ljava/util/HashMap$Node; @ 74
Event: 1.989 Thread 0x0000000004c74000 Uncommon trap: reason=unstable_if action=reinterpret pc=0x0000000004fabd48 method=java.util.HashMap$HashIterator.nextNode()Ljava/util/HashMap$Node; @ 74
Event: 2.051 Thread 0x0000000004c74000 Uncommon trap: reason=unloaded action=reinterpret pc=0x0000000004f8bf7c method=java.util.zip.ZipEntry.setExtra0([BZ)V @ 37
Event: 2.225 Thread 0x0000000004c74000 Uncommon trap: reason=unstable_if action=reinterpret pc=0x0000000004f01678 method=java.lang.String.<init>([CII)V @ 18

Classes redefined (0 events):
No events

Internal exceptions (10 events):
Event: 1.986 Thread 0x0000000004c74000 Exception <a 'sun/nio/fs/WindowsException'> (0x00000000ff1d6e50) thrown at [D:\src\AOSP-openjdk-cygwin\jdk8u\hotspot\src\share\vm\prims\jni.cpp, line 709]
Event: 1.987 Thread 0x0000000004c74000 Exception <a 'sun/nio/fs/WindowsException'> (0x00000000ff1d7420) thrown at [D:\src\AOSP-openjdk-cygwin\jdk8u\hotspot\src\share\vm\prims\jni.cpp, line 709]
Event: 1.987 Thread 0x0000000004c74000 Exception <a 'sun/nio/fs/WindowsException'> (0x00000000ff1d7be0) thrown at [D:\src\AOSP-openjdk-cygwin\jdk8u\hotspot\src\share\vm\prims\jni.cpp, line 709]
Event: 1.987 Thread 0x0000000004c74000 Exception <a 'sun/nio/fs/WindowsException'> (0x00000000ff1d8188) thrown at [D:\src\AOSP-openjdk-cygwin\jdk8u\hotspot\src\share\vm\prims\jni.cpp, line 709]
Event: 1.987 Thread 0x0000000004c74000 Exception <a 'sun/nio/fs/WindowsException'> (0x00000000ff1d8938) thrown at [D:\src\AOSP-openjdk-cygwin\jdk8u\hotspot\src\share\vm\prims\jni.cpp, line 709]
Event: 1.997 Thread 0x0000000004c74000 Exception <a 'sun/nio/fs/WindowsException'> (0x00000000ff1ddcb8) thrown at [D:\src\AOSP-openjdk-cygwin\jdk8u\hotspot\src\share\vm\prims\jni.cpp, line 709]
Event: 2.078 Thread 0x0000000004c74000 Exception <a 'sun/nio/fs/WindowsException'> (0x00000000ff4f9cd0) thrown at [D:\src\AOSP-openjdk-cygwin\jdk8u\hotspot\src\share\vm\prims\jni.cpp, line 709]
Event: 2.079 Thread 0x0000000004c74000 Exception <a 'sun/nio/fs/WindowsException'> (0x00000000ff4fa278) thrown at [D:\src\AOSP-openjdk-cygwin\jdk8u\hotspot\src\share\vm\prims\jni.cpp, line 709]
Event: 2.743 Thread 0x0000000004c74000 Exception <a 'sun/nio/fs/WindowsException'> (0x00000000ff64b720) thrown at [D:\src\AOSP-openjdk-cygwin\jdk8u\hotspot\src\share\vm\prims\jni.cpp, line 709]
Event: 2.743 Thread 0x0000000004c74000 Exception <a 'sun/nio/fs/WindowsException'> (0x00000000ff64bc48) thrown at [D:\src\AOSP-openjdk-cygwin\jdk8u\hotspot\src\share\vm\prims\jni.cpp, line 709]

Events (10 events):
Event: 2.215 loading class org/objectweb/asm/Opcodes done
Event: 2.219 loading class org/objectweb/asm/tree/TryCatchBlockNode
Event: 2.219 loading class org/objectweb/asm/tree/TryCatchBlockNode done
Event: 2.220 loading class org/objectweb/asm/Handler
Event: 2.220 loading class org/objectweb/asm/Handler done
Event: 2.225 Thread 0x0000000004c74000 Uncommon trap: trap_request=0xffffff65 fr.pc=0x0000000004f01678
Event: 2.225 Thread 0x0000000004c74000 DEOPT PACKING pc=0x0000000004f01678 sp=0x0000000004c6eaf0
Event: 2.225 Thread 0x0000000004c74000 DEOPT UNPACKING pc=0x0000000004db556a sp=0x0000000004c6eab8 mode 2
Event: 2.227 loading class java/util/Vector$Itr
Event: 2.227 loading class java/util/Vector$Itr done


Dynamic libraries:
0x00007ff6561e0000 - 0x00007ff656211000 	D:\Program Files\Android\Android Studio\jre\bin\java.exe
0x00007ff876090000 - 0x00007ff876270000 	C:\WINDOWS\SYSTEM32\ntdll.dll
0x00007ff8747f0000 - 0x00007ff87489e000 	C:\WINDOWS\System32\KERNEL32.DLL
0x00007ff872970000 - 0x00007ff872bd6000 	C:\WINDOWS\System32\KERNELBASE.dll
0x00007ff8737e0000 - 0x00007ff873881000 	C:\WINDOWS\System32\ADVAPI32.dll
0x00007ff873fc0000 - 0x00007ff87405d000 	C:\WINDOWS\System32\msvcrt.dll
0x00007ff873b40000 - 0x00007ff873b9b000 	C:\WINDOWS\System32\sechost.dll
0x00007ff875f40000 - 0x00007ff87605f000 	C:\WINDOWS\System32\RPCRT4.dll
0x00007ff8739b0000 - 0x00007ff873b3f000 	C:\WINDOWS\System32\USER32.dll
0x00007ff872c40000 - 0x00007ff872c60000 	C:\WINDOWS\System32\win32u.dll
0x00007ff874060000 - 0x00007ff874088000 	C:\WINDOWS\System32\GDI32.dll
0x00007ff8725b0000 - 0x00007ff872743000 	C:\WINDOWS\System32\gdi32full.dll
0x00007ff872510000 - 0x00007ff8725ab000 	C:\WINDOWS\System32\msvcp_win.dll
0x00007ff873460000 - 0x00007ff873556000 	C:\WINDOWS\System32\ucrtbase.dll
0x00007ff861c20000 - 0x00007ff861e89000 	C:\WINDOWS\WinSxS\amd64_microsoft.windows.common-controls_6595b64144ccf1df_6.0.16299.192_none_15c8cdae9364c23b\COMCTL32.dll
0x00007ff8744e0000 - 0x00007ff8747e8000 	C:\WINDOWS\System32\combase.dll
0x00007ff872490000 - 0x00007ff872502000 	C:\WINDOWS\System32\bcryptPrimitives.dll
0x00007ff8737b0000 - 0x00007ff8737dd000 	C:\WINDOWS\System32\IMM32.DLL
0x00000000755a0000 - 0x0000000075672000 	D:\Program Files\Android\Android Studio\jre\jre\bin\msvcr100.dll
0x0000000073950000 - 0x000000007418e000 	D:\Program Files\Android\Android Studio\jre\jre\bin\server\jvm.dll
0x00007ff873cf0000 - 0x00007ff873cf8000 	C:\WINDOWS\System32\PSAPI.DLL
0x00007ff86b630000 - 0x00007ff86b639000 	C:\WINDOWS\SYSTEM32\WSOCK32.dll
0x00007ff8748a0000 - 0x00007ff87490c000 	C:\WINDOWS\System32\WS2_32.dll
0x00007ff86af90000 - 0x00007ff86afb3000 	C:\WINDOWS\SYSTEM32\WINMM.dll
0x00007ff86d010000 - 0x00007ff86d01a000 	C:\WINDOWS\SYSTEM32\VERSION.dll
0x00007ff86af30000 - 0x00007ff86af5a000 	C:\WINDOWS\SYSTEM32\WINMMBASE.dll
0x00007ff872750000 - 0x00007ff87279a000 	C:\WINDOWS\System32\cfgmgr32.dll
0x00007ff86eff0000 - 0x00007ff86efff000 	D:\Program Files\Android\Android Studio\jre\jre\bin\verify.dll
0x00007ff86b450000 - 0x00007ff86b479000 	D:\Program Files\Android\Android Studio\jre\jre\bin\java.dll
0x00007ff86afc0000 - 0x00007ff86afd6000 	D:\Program Files\Android\Android Studio\jre\jre\bin\zip.dll
0x00007ff874b00000 - 0x00007ff875f36000 	C:\WINDOWS\System32\SHELL32.dll
0x00007ff873700000 - 0x00007ff8737a6000 	C:\WINDOWS\System32\shcore.dll
0x00007ff872d10000 - 0x00007ff873457000 	C:\WINDOWS\System32\windows.storage.dll
0x00007ff874aa0000 - 0x00007ff874af1000 	C:\WINDOWS\System32\shlwapi.dll
0x00007ff872470000 - 0x00007ff872481000 	C:\WINDOWS\System32\kernel.appcore.dll
0x00007ff872400000 - 0x00007ff87244c000 	C:\WINDOWS\System32\powrprof.dll
0x00007ff872450000 - 0x00007ff87246b000 	C:\WINDOWS\System32\profapi.dll
0x00007ff871e30000 - 0x00007ff871e47000 	C:\WINDOWS\SYSTEM32\CRYPTSP.dll
0x00007ff871660000 - 0x00007ff871693000 	C:\WINDOWS\system32\rsaenh.dll
0x00007ff871f40000 - 0x00007ff871f65000 	C:\WINDOWS\SYSTEM32\bcrypt.dll
0x00007ff872310000 - 0x00007ff872339000 	C:\WINDOWS\SYSTEM32\USERENV.dll
0x00007ff871e50000 - 0x00007ff871e5b000 	C:\WINDOWS\SYSTEM32\CRYPTBASE.dll
0x00007ff8619e0000 - 0x00007ff8619fa000 	D:\Program Files\Android\Android Studio\jre\jre\bin\net.dll
0x00007ff871c70000 - 0x00007ff871cd6000 	C:\WINDOWS\system32\mswsock.dll
0x00007ff871a00000 - 0x00007ff871a39000 	C:\WINDOWS\SYSTEM32\IPHLPAPI.DLL
0x00007ff8739a0000 - 0x00007ff8739a8000 	C:\WINDOWS\System32\NSI.dll
0x00007ff86f450000 - 0x00007ff86f466000 	C:\WINDOWS\SYSTEM32\dhcpcsvc6.DLL
0x00007ff86f340000 - 0x00007ff86f35a000 	C:\WINDOWS\SYSTEM32\dhcpcsvc.DLL
0x00007ff8615f0000 - 0x00007ff861601000 	D:\Program Files\Android\Android Studio\jre\jre\bin\nio.dll

VM Arguments:
jvm_args: -Djava.awt.headless=true -Xmx64M -Dfile.encoding=windows-1256 -Duser.country=US -Duser.language=en -Duser.variant 
java_command: com.google.devtools.build.android.desugar.Desugar --input D:\src\Samples\Android\SamsungPay\noonpaySample\app\build\intermediates\transforms\stackFramesFixer\debug\19.jar --output D:\src\Samples\Android\SamsungPay\noonpaySample\app\build\intermediates\transforms\desugar\debug\20.jar --input D:\src\Samples\Android\SamsungPay\noonpaySample\app\build\intermediates\transforms\stackFramesFixer\debug\21.jar --output D:\src\Samples\Android\SamsungPay\noonpaySample\app\build\intermediates\transforms\desugar\debug\22.jar --input D:\src\Samples\Android\SamsungPay\noonpaySample\app\build\intermediates\transforms\stackFramesFixer\debug\6.jar --output D:\src\Samples\Android\SamsungPay\noonpaySample\app\build\intermediates\transforms\desugar\debug\7.jar --classpath_entry D:\src\Samples\Android\SamsungPay\noonpaySample\app\build\intermediates\classes\debug --classpath_entry D:\src\Samples\Android\SamsungPay\noonpaySample\app\build\intermediates\transforms\stackFramesFixer\debug\0.jar --classpath_entry D:\src\Samples\Android\SamsungPay\noonpaySample\app\build\intermediates\transforms\stackFramesFixer\debug\1.jar --classpath_entry D:\src\Samples\Android\SamsungPay\noonpaySample\app\build\intermediates\transforms\stackFramesFixer\debug\2.jar --classpath_entry D:\src\Samples\Android\SamsungPay\noonpaySample\app\build\intermediates\transforms\stackFramesFixer\debug\3.jar --classpath_entry D:\src\Samples\Android\SamsungPay\noonpaySample\app\build\intermediates\transforms\stackFramesFixer\debug\4.jar --classpath_entry D:\src\Samples\Android\SamsungPay\noonpaySample\app\build\intermediates\transforms\stackFramesFixer\debug\5.jar --classpath_entry D:\src\Samples\Android\SamsungPay\noonpaySample\app\build\intermediates\transforms\stackFramesFixer\debug\6.jar --classpath_entry D:\src\Samples\Android\SamsungPay\noonpaySample\app\build\intermediates\transforms\stackFramesFixer\debug\7.jar --classpath_entry D:\src\Samples\Android\SamsungPay\noonpaySample\app\build\intermediates\
java_class_path (initial): C:\Users\abdo\AppData\Local\Temp\desugar_deploy.jar7994517040013856052
Launcher Type: SUN_STANDARD

Environment Variables:
JAVA_HOME=C:\Users\abdo\scoop\apps\openjdk\current
USERNAME=abdo
OS=Windows_NT
PROCESSOR_IDENTIFIER=Intel64 Family 6 Model 94 Stepping 3, GenuineIntel



---------------  S Y S T E M  ---------------

OS: Windows 10.0 , 64 bit Build 16299 (10.0.16299.15)

CPU:total 8 (initial active 8) (4 cores per cpu, 2 threads per core) family 6 model 94 stepping 3, cmov, cx8, fxsr, mmx, sse, sse2, sse3, ssse3, sse4.1, sse4.2, popcnt, avx, avx2, aes, clmul, erms, rtm, 3dnowpref, lzcnt, ht, tsc, tscinvbit, bmi1, bmi2, adx

Memory: 4k page, physical 16666212k(4351932k free), swap 17714788k(5124k free)

vm_info: OpenJDK 64-Bit Server VM (25.152-b01) for windows-amd64 JRE (1.8.0_152-release-915-b01), built by "builder" with MS VC++ 10.0 (VS2010)

time: Thu Mar 15 18:05:37 2018
elapsed time: 2 seconds (0d 0h 0m 2s)

