#
# There is insufficient memory for the Java Runtime Environment to continue.
# Native memory allocation (malloc) failed to allocate 1164416 bytes for Chunk::new
# Possible reasons:
#   The system is out of physical RAM or swap space
#   In 32 bit mode, the process size limit was hit
# Possible solutions:
#   Reduce memory load on the system
#   Increase physical memory or swap space
#   Check if swap backing store is full
#   Use 64 bit Java on a 64 bit OS
#   Decrease Java heap size (-Xmx/-Xms)
#   Decrease number of Java threads
#   Decrease Java thread stack sizes (-Xss)
#   Set larger code cache with -XX:ReservedCodeCacheSize=
# This output file may be truncated or incomplete.
#
#  Out of Memory Error (allocation.cpp:390), pid=50716, tid=0x000000000000d544
#
# JRE version: OpenJDK Runtime Environment (8.0_152-b01) (build 1.8.0_152-release-915-b01)
# Java VM: OpenJDK 64-Bit Server VM (25.152-b01 mixed mode windows-amd64 compressed oops)
# Failed to write core dump. Minidumps are not enabled by default on client versions of Windows
#

---------------  T H R E A D  ---------------

Current thread (0x0000000017464000):  JavaThread "C2 CompilerThread1" daemon [_thread_in_native, id=54596, stack(0x0000000017e20000,0x0000000017f20000)]

Stack: [0x0000000017e20000,0x0000000017f20000]
[error occurred during error reporting (printing stack bounds), id 0xc0000005]

Native frames: (J=compiled Java code, j=interpreted, Vv=VM code, C=native code)


Current CompileTask:
C2:   2611  780       4       org.objectweb.asm.ClassReader::a (3587 bytes)


---------------  P R O C E S S  ---------------

Java Threads: ( => current thread )
  0x0000000017530800 JavaThread "Service Thread" daemon [_thread_blocked, id=32844, stack(0x0000000018120000,0x0000000018220000)]
  0x00000000174b5800 JavaThread "C1 CompilerThread3" daemon [_thread_blocked, id=41388, stack(0x0000000018020000,0x0000000018120000)]
  0x0000000017469000 JavaThread "C2 CompilerThread2" daemon [_thread_in_native, id=52388, stack(0x0000000017f20000,0x0000000018020000)]
=>0x0000000017464000 JavaThread "C2 CompilerThread1" daemon [_thread_in_native, id=54596, stack(0x0000000017e20000,0x0000000017f20000)]
  0x0000000017460800 JavaThread "C2 CompilerThread0" daemon [_thread_in_native, id=54592, stack(0x0000000017d20000,0x0000000017e20000)]
  0x0000000017460000 JavaThread "Attach Listener" daemon [_thread_blocked, id=33824, stack(0x0000000017c20000,0x0000000017d20000)]
  0x00000000174b0800 JavaThread "Signal Dispatcher" daemon [_thread_blocked, id=46992, stack(0x0000000017b20000,0x0000000017c20000)]
  0x0000000017450800 JavaThread "Finalizer" daemon [_thread_blocked, id=53600, stack(0x0000000017830000,0x0000000017930000)]
  0x0000000004d89000 JavaThread "Reference Handler" daemon [_thread_blocked, id=54528, stack(0x0000000017330000,0x0000000017430000)]
  0x0000000004c94000 JavaThread "main" [_thread_in_Java, id=40564, stack(0x0000000004aa0000,0x0000000004ba0000)]

Other Threads:
  0x0000000015535000 VMThread [stack: 0x0000000017230000,0x0000000017330000] [id=53456]
  0x0000000017531800 WatcherThread [stack: 0x0000000018220000,0x0000000018320000] [id=47292]

VM state:not at safepoint (normal execution)

VM Mutex/Monitor currently owned by a thread: None

Heap:
 PSYoungGen      total 18944K, used 9475K [0x00000000feb00000, 0x0000000100000000, 0x0000000100000000)
  eden space 16384K, 42% used [0x00000000feb00000,0x00000000ff1c24c8,0x00000000ffb00000)
  from space 2560K, 99% used [0x00000000ffb00000,0x00000000ffd7e7e0,0x00000000ffd80000)
  to   space 2560K, 0% used [0x00000000ffd80000,0x00000000ffd80000,0x0000000100000000)
 ParOldGen       total 44032K, used 4993K [0x00000000fc000000, 0x00000000feb00000, 0x00000000feb00000)
  object space 44032K, 11% used [0x00000000fc000000,0x00000000fc4e05b8,0x00000000feb00000)
 Metaspace       used 7535K, capacity 7720K, committed 7936K, reserved 1056768K
  class space    used 868K, capacity 956K, committed 1024K, reserved 1048576K

Card table byte_map: [0x00000000049c0000,0x00000000049f0000] byte_map_base: 0x00000000041e0000

Marking Bits: (ParMarkBitMap*) 0x0000000074113950
 Begin Bits: [0x0000000014950000, 0x0000000014a50000)
 End Bits:   [0x0000000014a50000, 0x0000000014b50000)

Polling page: 0x0000000002cf0000

CodeCache: size=245760Kb used=3654Kb max_used=3654Kb free=242105Kb
 bounds [0x0000000004d90000, 0x0000000005130000, 0x0000000013d90000]
 total_blobs=1309 nmethods=977 adapters=246
 compilation: enabled

Compilation events (10 events):
Event: 2.603 Thread 0x00000000174b5800 nmethod 984 0x000000000511ee10 code [0x000000000511f000, 0x000000000511f9b8]
Event: 2.607 Thread 0x00000000174b5800  986       3       org.objectweb.asm.ClassReader::<init> (9 bytes)
Event: 2.607 Thread 0x00000000174b5800 nmethod 986 0x000000000511ea50 code [0x000000000511ebc0, 0x000000000511ed48]
Event: 2.607 Thread 0x00000000174b5800  987       3       com.google.common.base.Preconditions::checkArgument (13 bytes)
Event: 2.607 Thread 0x00000000174b5800 nmethod 987 0x000000000511e5d0 code [0x000000000511e740, 0x000000000511e968]
Event: 2.608 Thread 0x00000000174b5800  988  s    3       java.util.Vector::add (39 bytes)
Event: 2.609 Thread 0x00000000174b5800 nmethod 988 0x000000000511dd10 code [0x000000000511dea0, 0x000000000511e3c8]
Event: 2.609 Thread 0x00000000174b5800  989       3       com.google.common.collect.CollectPreconditions::checkNonnegative (37 bytes)
Event: 2.609 Thread 0x00000000174b5800 nmethod 989 0x0000000005120650 code [0x0000000005120840, 0x0000000005121168]
Event: 2.609 Thread 0x00000000174b5800  990       3       org.objectweb.asm.AnnotationVisitor::<init> (7 bytes)

GC Heap History (6 events):
Event: 1.736 GC heap before
{Heap before GC invocations=1 (full 0):
 PSYoungGen      total 18944K, used 16384K [0x00000000feb00000, 0x0000000100000000, 0x0000000100000000)
  eden space 16384K, 100% used [0x00000000feb00000,0x00000000ffb00000,0x00000000ffb00000)
  from space 2560K, 0% used [0x00000000ffd80000,0x00000000ffd80000,0x0000000100000000)
  to   space 2560K, 0% used [0x00000000ffb00000,0x00000000ffb00000,0x00000000ffd80000)
 ParOldGen       total 44032K, used 0K [0x00000000fc000000, 0x00000000feb00000, 0x00000000feb00000)
  object space 44032K, 0% used [0x00000000fc000000,0x00000000fc000000,0x00000000feb00000)
 Metaspace       used 6572K, capacity 6682K, committed 6784K, reserved 1056768K
  class space    used 772K, capacity 823K, committed 896K, reserved 1048576K
Event: 1.798 GC heap after
Heap after GC invocations=1 (full 0):
 PSYoungGen      total 18944K, used 2528K [0x00000000feb00000, 0x0000000100000000, 0x0000000100000000)
  eden space 16384K, 0% used [0x00000000feb00000,0x00000000feb00000,0x00000000ffb00000)
  from space 2560K, 98% used [0x00000000ffb00000,0x00000000ffd78010,0x00000000ffd80000)
  to   space 2560K, 0% used [0x00000000ffd80000,0x00000000ffd80000,0x0000000100000000)
 ParOldGen       total 44032K, used 1490K [0x00000000fc000000, 0x00000000feb00000, 0x00000000feb00000)
  object space 44032K, 3% used [0x00000000fc000000,0x00000000fc174858,0x00000000feb00000)
 Metaspace       used 6572K, capacity 6682K, committed 6784K, reserved 1056768K
  class space    used 772K, capacity 823K, committed 896K, reserved 1048576K
}
Event: 2.244 GC heap before
{Heap before GC invocations=2 (full 0):
 PSYoungGen      total 18944K, used 18912K [0x00000000feb00000, 0x0000000100000000, 0x0000000100000000)
  eden space 16384K, 100% used [0x00000000feb00000,0x00000000ffb00000,0x00000000ffb00000)
  from space 2560K, 98% used [0x00000000ffb00000,0x00000000ffd78010,0x00000000ffd80000)
  to   space 2560K, 0% used [0x00000000ffd80000,0x00000000ffd80000,0x0000000100000000)
 ParOldGen       total 44032K, used 1490K [0x00000000fc000000, 0x00000000feb00000, 0x00000000feb00000)
  object space 44032K, 3% used [0x00000000fc000000,0x00000000fc174858,0x00000000feb00000)
 Metaspace       used 7454K, capacity 7624K, committed 7936K, reserved 1056768K
  class space    used 865K, capacity 924K, committed 1024K, reserved 1048576K
Event: 2.344 GC heap after
Heap after GC invocations=2 (full 0):
 PSYoungGen      total 18944K, used 2554K [0x00000000feb00000, 0x0000000100000000, 0x0000000100000000)
  eden space 16384K, 0% used [0x00000000feb00000,0x00000000feb00000,0x00000000ffb00000)
  from space 2560K, 99% used [0x00000000ffd80000,0x00000000ffffe938,0x0000000100000000)
  to   space 2560K, 0% used [0x00000000ffb00000,0x00000000ffb00000,0x00000000ffd80000)
 ParOldGen       total 44032K, used 4985K [0x00000000fc000000, 0x00000000feb00000, 0x00000000feb00000)
  object space 44032K, 11% used [0x00000000fc000000,0x00000000fc4de5b8,0x00000000feb00000)
 Metaspace       used 7454K, capacity 7624K, committed 7936K, reserved 1056768K
  class space    used 865K, capacity 924K, committed 1024K, reserved 1048576K
}
Event: 2.470 GC heap before
{Heap before GC invocations=3 (full 0):
 PSYoungGen      total 18944K, used 18938K [0x00000000feb00000, 0x0000000100000000, 0x0000000100000000)
  eden space 16384K, 100% used [0x00000000feb00000,0x00000000ffb00000,0x00000000ffb00000)
  from space 2560K, 99% used [0x00000000ffd80000,0x00000000ffffe938,0x0000000100000000)
  to   space 2560K, 0% used [0x00000000ffb00000,0x00000000ffb00000,0x00000000ffd80000)
 ParOldGen       total 44032K, used 4985K [0x00000000fc000000, 0x00000000feb00000, 0x00000000feb00000)
  object space 44032K, 11% used [0x00000000fc000000,0x00000000fc4de5b8,0x00000000feb00000)
 Metaspace       used 7522K, capacity 7720K, committed 7936K, reserved 1056768K
  class space    used 868K, capacity 956K, committed 1024K, reserved 1048576K
Event: 2.581 GC heap after
Heap after GC invocations=3 (full 0):
 PSYoungGen      total 18944K, used 2553K [0x00000000feb00000, 0x0000000100000000, 0x0000000100000000)
  eden space 16384K, 0% used [0x00000000feb00000,0x00000000feb00000,0x00000000ffb00000)
  from space 2560K, 99% used [0x00000000ffb00000,0x00000000ffd7e7e0,0x00000000ffd80000)
  to   space 2560K, 0% used [0x00000000ffd80000,0x00000000ffd80000,0x0000000100000000)
 ParOldGen       total 44032K, used 4993K [0x00000000fc000000, 0x00000000feb00000, 0x00000000feb00000)
  object space 44032K, 11% used [0x00000000fc000000,0x00000000fc4e05b8,0x00000000feb00000)
 Metaspace       used 7522K, capacity 7720K, committed 7936K, reserved 1056768K
  class space    used 868K, capacity 956K, committed 1024K, reserved 1048576K
}

Deoptimization events (10 events):
Event: 1.849 Thread 0x0000000004c94000 Uncommon trap: reason=unstable_if action=reinterpret pc=0x0000000004faefc0 method=java.util.zip.ZipFile.getZipEntry(Ljava/lang/String;J)Ljava/util/zip/ZipEntry; @ 19
Event: 2.089 Thread 0x0000000004c94000 Uncommon trap: reason=unloaded action=reinterpret pc=0x0000000004fbbbfc method=java.util.zip.ZipEntry.setExtra0([BZ)V @ 37
Event: 2.175 Thread 0x0000000004c94000 Uncommon trap: reason=unstable_if action=reinterpret pc=0x0000000004f1b5b8 method=java.lang.String.<init>([CII)V @ 18
Event: 2.225 Thread 0x0000000004c94000 Uncommon trap: reason=unstable_if action=reinterpret pc=0x0000000005034f38 method=org.objectweb.asm.ClassReader.readUTF8(I[C)Ljava/lang/String; @ 11
Event: 2.412 Thread 0x0000000004c94000 Uncommon trap: reason=unstable_if action=reinterpret pc=0x00000000050926ac method=org.objectweb.asm.ByteVector.putInt(I)Lorg/objectweb/asm/ByteVector; @ 13
Event: 2.434 Thread 0x0000000004c94000 Uncommon trap: reason=unstable_if action=reinterpret pc=0x00000000050cd834 method=org.objectweb.asm.tree.MethodNode.getLabelNodes([Ljava/lang/Object;)[Ljava/lang/Object; @ 24
Event: 2.589 Thread 0x0000000004c94000 Uncommon trap: reason=unstable_if action=reinterpret pc=0x00000000050b5784 method=org.objectweb.asm.MethodWriter.visitVarInsn(II)V @ 142
Event: 2.590 Thread 0x0000000004c94000 Uncommon trap: reason=unstable_if action=reinterpret pc=0x00000000050b16ac method=org.objectweb.asm.MethodWriter.visitVarInsn(II)V @ 142
Event: 2.594 Thread 0x0000000004c94000 Uncommon trap: reason=unstable_if action=reinterpret pc=0x000000000507d6e4 method=org.objectweb.asm.ClassReader.a(II[C)Ljava/lang/String; @ 77
Event: 2.594 Thread 0x0000000004c94000 Uncommon trap: reason=unstable_if action=reinterpret pc=0x0000000005090c94 method=org.objectweb.asm.ByteVector.putUTF8(Ljava/lang/String;)Lorg/objectweb/asm/ByteVector; @ 91

Classes redefined (0 events):
No events

Internal exceptions (10 events):
Event: 1.721 Thread 0x0000000004c94000 Implicit null exception at 0x0000000004fb4845 to 0x0000000004fb51dd
Event: 1.861 Thread 0x0000000004c94000 Exception <a 'sun/nio/fs/WindowsException'> (0x00000000ff1d61a0) thrown at [D:\src\AOSP-openjdk-cygwin\jdk8u\hotspot\src\share\vm\prims\jni.cpp, line 709]
Event: 1.861 Thread 0x0000000004c94000 Exception <a 'sun/nio/fs/WindowsException'> (0x00000000ff1d6760) thrown at [D:\src\AOSP-openjdk-cygwin\jdk8u\hotspot\src\share\vm\prims\jni.cpp, line 709]
Event: 1.861 Thread 0x0000000004c94000 Exception <a 'sun/nio/fs/WindowsException'> (0x00000000ff1d6d30) thrown at [D:\src\AOSP-openjdk-cygwin\jdk8u\hotspot\src\share\vm\prims\jni.cpp, line 709]
Event: 1.861 Thread 0x0000000004c94000 Exception <a 'sun/nio/fs/WindowsException'> (0x00000000ff1d74f0) thrown at [D:\src\AOSP-openjdk-cygwin\jdk8u\hotspot\src\share\vm\prims\jni.cpp, line 709]
Event: 1.861 Thread 0x0000000004c94000 Exception <a 'sun/nio/fs/WindowsException'> (0x00000000ff1d7a98) thrown at [D:\src\AOSP-openjdk-cygwin\jdk8u\hotspot\src\share\vm\prims\jni.cpp, line 709]
Event: 1.861 Thread 0x0000000004c94000 Exception <a 'sun/nio/fs/WindowsException'> (0x00000000ff1d8248) thrown at [D:\src\AOSP-openjdk-cygwin\jdk8u\hotspot\src\share\vm\prims\jni.cpp, line 709]
Event: 2.062 Thread 0x0000000004c94000 Exception <a 'sun/nio/fs/WindowsException'> (0x00000000ff1dd5c8) thrown at [D:\src\AOSP-openjdk-cygwin\jdk8u\hotspot\src\share\vm\prims\jni.cpp, line 709]
Event: 2.120 Thread 0x0000000004c94000 Exception <a 'sun/nio/fs/WindowsException'> (0x00000000ff4cbe60) thrown at [D:\src\AOSP-openjdk-cygwin\jdk8u\hotspot\src\share\vm\prims\jni.cpp, line 709]
Event: 2.120 Thread 0x0000000004c94000 Exception <a 'sun/nio/fs/WindowsException'> (0x00000000ff4cc408) thrown at [D:\src\AOSP-openjdk-cygwin\jdk8u\hotspot\src\share\vm\prims\jni.cpp, line 709]

Events (10 events):
Event: 2.589 Thread 0x0000000004c94000 DEOPT UNPACKING pc=0x0000000004dd556a sp=0x0000000004b9eb00 mode 2
Event: 2.590 Thread 0x0000000004c94000 Uncommon trap: trap_request=0xffffff65 fr.pc=0x00000000050b16ac
Event: 2.590 Thread 0x0000000004c94000 DEOPT PACKING pc=0x00000000050b16ac sp=0x0000000004b9eb70
Event: 2.590 Thread 0x0000000004c94000 DEOPT UNPACKING pc=0x0000000004dd556a sp=0x0000000004b9eb10 mode 2
Event: 2.593 Thread 0x0000000004c94000 Uncommon trap: trap_request=0xffffff65 fr.pc=0x000000000507d6e4
Event: 2.594 Thread 0x0000000004c94000 DEOPT PACKING pc=0x000000000507d6e4 sp=0x0000000004b9e870
Event: 2.594 Thread 0x0000000004c94000 DEOPT UNPACKING pc=0x0000000004dd556a sp=0x0000000004b9e788 mode 2
Event: 2.594 Thread 0x0000000004c94000 Uncommon trap: trap_request=0xffffff65 fr.pc=0x0000000005090c94
Event: 2.594 Thread 0x0000000004c94000 DEOPT PACKING pc=0x0000000005090c94 sp=0x0000000004b9e990
Event: 2.594 Thread 0x0000000004c94000 DEOPT UNPACKING pc=0x0000000004dd556a sp=0x0000000004b9e8d0 mode 2


Dynamic libraries:
0x00007ff6561e0000 - 0x00007ff656211000 	D:\Program Files\Android\Android Studio\jre\bin\java.exe
0x00007ff876090000 - 0x00007ff876270000 	C:\WINDOWS\SYSTEM32\ntdll.dll
0x00007ff8747f0000 - 0x00007ff87489e000 	C:\WINDOWS\System32\KERNEL32.DLL
0x00007ff872970000 - 0x00007ff872bd6000 	C:\WINDOWS\System32\KERNELBASE.dll
0x00007ff8737e0000 - 0x00007ff873881000 	C:\WINDOWS\System32\ADVAPI32.dll
0x00007ff873fc0000 - 0x00007ff87405d000 	C:\WINDOWS\System32\msvcrt.dll
0x00007ff873b40000 - 0x00007ff873b9b000 	C:\WINDOWS\System32\sechost.dll
0x00007ff875f40000 - 0x00007ff87605f000 	C:\WINDOWS\System32\RPCRT4.dll
0x00007ff8739b0000 - 0x00007ff873b3f000 	C:\WINDOWS\System32\USER32.dll
0x00007ff872c40000 - 0x00007ff872c60000 	C:\WINDOWS\System32\win32u.dll
0x00007ff874060000 - 0x00007ff874088000 	C:\WINDOWS\System32\GDI32.dll
0x00007ff8725b0000 - 0x00007ff872743000 	C:\WINDOWS\System32\gdi32full.dll
0x00007ff872510000 - 0x00007ff8725ab000 	C:\WINDOWS\System32\msvcp_win.dll
0x00007ff873460000 - 0x00007ff873556000 	C:\WINDOWS\System32\ucrtbase.dll
0x00007ff861c20000 - 0x00007ff861e89000 	C:\WINDOWS\WinSxS\amd64_microsoft.windows.common-controls_6595b64144ccf1df_6.0.16299.192_none_15c8cdae9364c23b\COMCTL32.dll
0x00007ff8744e0000 - 0x00007ff8747e8000 	C:\WINDOWS\System32\combase.dll
0x00007ff872490000 - 0x00007ff872502000 	C:\WINDOWS\System32\bcryptPrimitives.dll
0x00007ff8737b0000 - 0x00007ff8737dd000 	C:\WINDOWS\System32\IMM32.DLL
0x00000000755a0000 - 0x0000000075672000 	D:\Program Files\Android\Android Studio\jre\jre\bin\msvcr100.dll
0x0000000073950000 - 0x000000007418e000 	D:\Program Files\Android\Android Studio\jre\jre\bin\server\jvm.dll
0x00007ff873cf0000 - 0x00007ff873cf8000 	C:\WINDOWS\System32\PSAPI.DLL
0x00007ff86b630000 - 0x00007ff86b639000 	C:\WINDOWS\SYSTEM32\WSOCK32.dll
0x00007ff8748a0000 - 0x00007ff87490c000 	C:\WINDOWS\System32\WS2_32.dll
0x00007ff86af90000 - 0x00007ff86afb3000 	C:\WINDOWS\SYSTEM32\WINMM.dll
0x00007ff86d010000 - 0x00007ff86d01a000 	C:\WINDOWS\SYSTEM32\VERSION.dll
0x00007ff86af30000 - 0x00007ff86af5a000 	C:\WINDOWS\SYSTEM32\WINMMBASE.dll
0x00007ff872750000 - 0x00007ff87279a000 	C:\WINDOWS\System32\cfgmgr32.dll
0x00007ff86eff0000 - 0x00007ff86efff000 	D:\Program Files\Android\Android Studio\jre\jre\bin\verify.dll
0x00007ff86b450000 - 0x00007ff86b479000 	D:\Program Files\Android\Android Studio\jre\jre\bin\java.dll
0x00007ff8619e0000 - 0x00007ff8619f6000 	D:\Program Files\Android\Android Studio\jre\jre\bin\zip.dll
0x00007ff874b00000 - 0x00007ff875f36000 	C:\WINDOWS\System32\SHELL32.dll
0x00007ff873700000 - 0x00007ff8737a6000 	C:\WINDOWS\System32\shcore.dll
0x00007ff872d10000 - 0x00007ff873457000 	C:\WINDOWS\System32\windows.storage.dll
0x00007ff874aa0000 - 0x00007ff874af1000 	C:\WINDOWS\System32\shlwapi.dll
0x00007ff872470000 - 0x00007ff872481000 	C:\WINDOWS\System32\kernel.appcore.dll
0x00007ff872400000 - 0x00007ff87244c000 	C:\WINDOWS\System32\powrprof.dll
0x00007ff872450000 - 0x00007ff87246b000 	C:\WINDOWS\System32\profapi.dll
0x00007ff871e30000 - 0x00007ff871e47000 	C:\WINDOWS\SYSTEM32\CRYPTSP.dll
0x00007ff871660000 - 0x00007ff871693000 	C:\WINDOWS\system32\rsaenh.dll
0x00007ff871f40000 - 0x00007ff871f65000 	C:\WINDOWS\SYSTEM32\bcrypt.dll
0x00007ff872310000 - 0x00007ff872339000 	C:\WINDOWS\SYSTEM32\USERENV.dll
0x00007ff871e50000 - 0x00007ff871e5b000 	C:\WINDOWS\SYSTEM32\CRYPTBASE.dll
0x00007ff861390000 - 0x00007ff8613aa000 	D:\Program Files\Android\Android Studio\jre\jre\bin\net.dll
0x00007ff871c70000 - 0x00007ff871cd6000 	C:\WINDOWS\system32\mswsock.dll
0x00007ff871a00000 - 0x00007ff871a39000 	C:\WINDOWS\SYSTEM32\IPHLPAPI.DLL
0x00007ff8739a0000 - 0x00007ff8739a8000 	C:\WINDOWS\System32\NSI.dll
0x00007ff86f450000 - 0x00007ff86f466000 	C:\WINDOWS\SYSTEM32\dhcpcsvc6.DLL
0x00007ff86f340000 - 0x00007ff86f35a000 	C:\WINDOWS\SYSTEM32\dhcpcsvc.DLL
0x00007ff8615f0000 - 0x00007ff861601000 	D:\Program Files\Android\Android Studio\jre\jre\bin\nio.dll

VM Arguments:
jvm_args: -Djava.awt.headless=true -Xmx64M -Dfile.encoding=windows-1256 -Duser.country=US -Duser.language=en -Duser.variant 
java_command: com.google.devtools.build.android.desugar.Desugar --input D:\src\Samples\Android\SamsungPay\noonpaySample\app\build\intermediates\transforms\stackFramesFixer\debug\4.jar --output D:\src\Samples\Android\SamsungPay\noonpaySample\app\build\intermediates\transforms\desugar\debug\5.jar --input D:\src\Samples\Android\SamsungPay\noonpaySample\app\build\intermediates\transforms\stackFramesFixer\debug\1.jar --output D:\src\Samples\Android\SamsungPay\noonpaySample\app\build\intermediates\transforms\desugar\debug\2.jar --input D:\src\Samples\Android\SamsungPay\noonpaySample\app\build\intermediates\transforms\stackFramesFixer\debug\20.jar --output D:\src\Samples\Android\SamsungPay\noonpaySample\app\build\intermediates\transforms\desugar\debug\21.jar --classpath_entry D:\src\Samples\Android\SamsungPay\noonpaySample\app\build\intermediates\classes\debug --classpath_entry D:\src\Samples\Android\SamsungPay\noonpaySample\app\build\intermediates\transforms\stackFramesFixer\debug\0.jar --classpath_entry D:\src\Samples\Android\SamsungPay\noonpaySample\app\build\intermediates\transforms\stackFramesFixer\debug\1.jar --classpath_entry D:\src\Samples\Android\SamsungPay\noonpaySample\app\build\intermediates\transforms\stackFramesFixer\debug\2.jar --classpath_entry D:\src\Samples\Android\SamsungPay\noonpaySample\app\build\intermediates\transforms\stackFramesFixer\debug\3.jar --classpath_entry D:\src\Samples\Android\SamsungPay\noonpaySample\app\build\intermediates\transforms\stackFramesFixer\debug\4.jar --classpath_entry D:\src\Samples\Android\SamsungPay\noonpaySample\app\build\intermediates\transforms\stackFramesFixer\debug\5.jar --classpath_entry D:\src\Samples\Android\SamsungPay\noonpaySample\app\build\intermediates\transforms\stackFramesFixer\debug\6.jar --classpath_entry D:\src\Samples\Android\SamsungPay\noonpaySample\app\build\intermediates\transforms\stackFramesFixer\debug\7.jar --classpath_entry D:\src\Samples\Android\SamsungPay\noonpaySample\app\build\intermediates\tr
java_class_path (initial): C:\Users\abdo\AppData\Local\Temp\desugar_deploy.jar5844883797740796237
Launcher Type: SUN_STANDARD

Environment Variables:
JAVA_HOME=C:\Users\abdo\scoop\apps\openjdk\current
USERNAME=abdo
OS=Windows_NT
PROCESSOR_IDENTIFIER=Intel64 Family 6 Model 94 Stepping 3, GenuineIntel



---------------  S Y S T E M  ---------------

OS: Windows 10.0 , 64 bit Build 16299 (10.0.16299.15)

CPU:total 8 (initial active 8) (4 cores per cpu, 2 threads per core) family 6 model 94 stepping 3, cmov, cx8, fxsr, mmx, sse, sse2, sse3, ssse3, sse4.1, sse4.2, popcnt, avx, avx2, aes, clmul, erms, rtm, 3dnowpref, lzcnt, ht, tsc, tscinvbit, bmi1, bmi2, adx

Memory: 4k page, physical 16666212k(5276876k free), swap 17714788k(5756k free)

vm_info: OpenJDK 64-Bit Server VM (25.152-b01) for windows-amd64 JRE (1.8.0_152-release-915-b01), built by "builder" with MS VC++ 10.0 (VS2010)

time: Thu Mar 15 17:07:33 2018
elapsed time: 2 seconds (0d 0h 0m 2s)

