#
# There is insufficient memory for the Java Runtime Environment to continue.
# Native memory allocation (malloc) failed to allocate 32744 bytes for ChunkPool::allocate
# Possible reasons:
#   The system is out of physical RAM or swap space
#   In 32 bit mode, the process size limit was hit
# Possible solutions:
#   Reduce memory load on the system
#   Increase physical memory or swap space
#   Check if swap backing store is full
#   Use 64 bit Java on a 64 bit OS
#   Decrease Java heap size (-Xmx/-Xms)
#   Decrease number of Java threads
#   Decrease Java thread stack sizes (-Xss)
#   Set larger code cache with -XX:ReservedCodeCacheSize=
# This output file may be truncated or incomplete.
#
#  Out of Memory Error (allocation.cpp:273), pid=49024, tid=0x000000000000acf8
#
# JRE version: OpenJDK Runtime Environment (8.0_152-b01) (build 1.8.0_152-release-915-b01)
# Java VM: OpenJDK 64-Bit Server VM (25.152-b01 mixed mode windows-amd64 compressed oops)
# Failed to write core dump. Minidumps are not enabled by default on client versions of Windows
#

---------------  T H R E A D  ---------------

Current thread (0x00000000179f3000):  JavaThread "C2 CompilerThread0" daemon [_thread_in_native, id=44280, stack(0x00000000182b0000,0x00000000183b0000)]

Stack: [0x00000000182b0000,0x00000000183b0000]
[error occurred during error reporting (printing stack bounds), id 0xc0000005]

Native frames: (J=compiled Java code, j=interpreted, Vv=VM code, C=native code)


Current CompileTask:
C2:   1819  982       4       org.objectweb.asm.ClassVisitor::visitMethod (24 bytes)


---------------  P R O C E S S  ---------------

Java Threads: ( => current thread )
  0x0000000017aba000 JavaThread "Service Thread" daemon [_thread_blocked, id=50280, stack(0x00000000186b0000,0x00000000187b0000)]
  0x0000000017a4f000 JavaThread "C1 CompilerThread3" daemon [_thread_in_native, id=40244, stack(0x00000000185b0000,0x00000000186b0000)]
  0x00000000179fc000 JavaThread "C2 CompilerThread2" daemon [_thread_in_native, id=50848, stack(0x00000000184b0000,0x00000000185b0000)]
  0x00000000179f7000 JavaThread "C2 CompilerThread1" daemon [_thread_in_native, id=27820, stack(0x00000000183b0000,0x00000000184b0000)]
=>0x00000000179f3000 JavaThread "C2 CompilerThread0" daemon [_thread_in_native, id=44280, stack(0x00000000182b0000,0x00000000183b0000)]
  0x00000000179f2000 JavaThread "Attach Listener" daemon [_thread_blocked, id=50180, stack(0x00000000181b0000,0x00000000182b0000)]
  0x0000000017a41800 JavaThread "Signal Dispatcher" daemon [_thread_blocked, id=44760, stack(0x00000000180b0000,0x00000000181b0000)]
  0x00000000179e0800 JavaThread "Finalizer" daemon [_thread_blocked, id=35848, stack(0x0000000017dc0000,0x0000000017ec0000)]
  0x0000000005329000 JavaThread "Reference Handler" daemon [_thread_blocked, id=34780, stack(0x00000000178c0000,0x00000000179c0000)]
  0x0000000005234000 JavaThread "main" [_thread_in_native, id=50992, stack(0x00000000050a0000,0x00000000051a0000)]

Other Threads:
  0x0000000015ad5000 VMThread [stack: 0x00000000177c0000,0x00000000178c0000] [id=23224]
  0x0000000017a8f000 WatcherThread [stack: 0x00000000187b0000,0x00000000188b0000] [id=50276]

VM state:not at safepoint (normal execution)

VM Mutex/Monitor currently owned by a thread: None

Heap:
 PSYoungGen      total 18944K, used 3833K [0x00000000feb00000, 0x0000000100000000, 0x0000000100000000)
  eden space 16384K, 7% used [0x00000000feb00000,0x00000000fec43f70,0x00000000ffb00000)
  from space 2560K, 99% used [0x00000000ffb00000,0x00000000ffd7a7f0,0x00000000ffd80000)
  to   space 2560K, 0% used [0x00000000ffd80000,0x00000000ffd80000,0x0000000100000000)
 ParOldGen       total 44032K, used 4925K [0x00000000fc000000, 0x00000000feb00000, 0x00000000feb00000)
  object space 44032K, 11% used [0x00000000fc000000,0x00000000fc4cf440,0x00000000feb00000)
 Metaspace       used 7566K, capacity 7784K, committed 7936K, reserved 1056768K
  class space    used 869K, capacity 956K, committed 1024K, reserved 1048576K

Card table byte_map: [0x0000000003840000,0x0000000003870000] byte_map_base: 0x0000000003060000

Marking Bits: (ParMarkBitMap*) 0x0000000074113950
 Begin Bits: [0x0000000014ef0000, 0x0000000014ff0000)
 End Bits:   [0x0000000014ff0000, 0x00000000150f0000)

Polling page: 0x0000000003340000

CodeCache: size=245760Kb used=3750Kb max_used=3750Kb free=242009Kb
 bounds [0x0000000005330000, 0x00000000056e0000, 0x0000000014330000]
 total_blobs=1333 nmethods=1001 adapters=246
 compilation: enabled

Compilation events (10 events):
Event: 1.814 Thread 0x0000000017a4f000 nmethod 1003 0x00000000056d7090 code [0x00000000056d7200, 0x00000000056d74f8]
Event: 1.814 Thread 0x0000000017a4f000 1004       3       org.objectweb.asm.MethodWriter::visitIntInsn (112 bytes)
Event: 1.815 Thread 0x0000000017a4f000 nmethod 1004 0x00000000056d75d0 code [0x00000000056d7780, 0x00000000056d7c48]
Event: 1.815 Thread 0x0000000017a4f000  997       3       java.util.zip.ZipFile$ZipFileInputStream::available (22 bytes)
Event: 1.815 Thread 0x0000000017a4f000 nmethod 997 0x00000000056c7a50 code [0x00000000056c7ba0, 0x00000000056c7d50]
Event: 1.815 Thread 0x0000000017a4f000  998       3       java.util.zip.ZipFile$ZipFileInputStream::read (25 bytes)
Event: 1.815 Thread 0x0000000017a4f000 nmethod 998 0x00000000056d7e10 code [0x00000000056d7f80, 0x00000000056d8208]
Event: 1.817 Thread 0x0000000017a4f000 1005       3       java.util.Vector::elementData (7 bytes)
Event: 1.817 Thread 0x0000000017a4f000 nmethod 1005 0x00000000056d82d0 code [0x00000000056d8420, 0x00000000056d8590]
Event: 1.817 Thread 0x0000000017a4f000 1006       3       java.util.Vector$Itr::hasNext (20 bytes)

GC Heap History (6 events):
Event: 1.108 GC heap before
{Heap before GC invocations=1 (full 0):
 PSYoungGen      total 18944K, used 16384K [0x00000000feb00000, 0x0000000100000000, 0x0000000100000000)
  eden space 16384K, 100% used [0x00000000feb00000,0x00000000ffb00000,0x00000000ffb00000)
  from space 2560K, 0% used [0x00000000ffd80000,0x00000000ffd80000,0x0000000100000000)
  to   space 2560K, 0% used [0x00000000ffb00000,0x00000000ffb00000,0x00000000ffd80000)
 ParOldGen       total 44032K, used 0K [0x00000000fc000000, 0x00000000feb00000, 0x00000000feb00000)
  object space 44032K, 0% used [0x00000000fc000000,0x00000000fc000000,0x00000000feb00000)
 Metaspace       used 6570K, capacity 6746K, committed 7040K, reserved 1056768K
  class space    used 772K, capacity 823K, committed 896K, reserved 1048576K
Event: 1.137 GC heap after
Heap after GC invocations=1 (full 0):
 PSYoungGen      total 18944K, used 2528K [0x00000000feb00000, 0x0000000100000000, 0x0000000100000000)
  eden space 16384K, 0% used [0x00000000feb00000,0x00000000feb00000,0x00000000ffb00000)
  from space 2560K, 98% used [0x00000000ffb00000,0x00000000ffd78030,0x00000000ffd80000)
  to   space 2560K, 0% used [0x00000000ffd80000,0x00000000ffd80000,0x0000000100000000)
 ParOldGen       total 44032K, used 1463K [0x00000000fc000000, 0x00000000feb00000, 0x00000000feb00000)
  object space 44032K, 3% used [0x00000000fc000000,0x00000000fc16dff8,0x00000000feb00000)
 Metaspace       used 6570K, capacity 6746K, committed 7040K, reserved 1056768K
  class space    used 772K, capacity 823K, committed 896K, reserved 1048576K
}
Event: 1.425 GC heap before
{Heap before GC invocations=2 (full 0):
 PSYoungGen      total 18944K, used 18912K [0x00000000feb00000, 0x0000000100000000, 0x0000000100000000)
  eden space 16384K, 100% used [0x00000000feb00000,0x00000000ffb00000,0x00000000ffb00000)
  from space 2560K, 98% used [0x00000000ffb00000,0x00000000ffd78030,0x00000000ffd80000)
  to   space 2560K, 0% used [0x00000000ffd80000,0x00000000ffd80000,0x0000000100000000)
 ParOldGen       total 44032K, used 1463K [0x00000000fc000000, 0x00000000feb00000, 0x00000000feb00000)
  object space 44032K, 3% used [0x00000000fc000000,0x00000000fc16dff8,0x00000000feb00000)
 Metaspace       used 7475K, capacity 7624K, committed 7936K, reserved 1056768K
  class space    used 866K, capacity 924K, committed 1024K, reserved 1048576K
Event: 1.512 GC heap after
Heap after GC invocations=2 (full 0):
 PSYoungGen      total 18944K, used 2554K [0x00000000feb00000, 0x0000000100000000, 0x0000000100000000)
  eden space 16384K, 0% used [0x00000000feb00000,0x00000000feb00000,0x00000000ffb00000)
  from space 2560K, 99% used [0x00000000ffd80000,0x00000000ffffe800,0x0000000100000000)
  to   space 2560K, 0% used [0x00000000ffb00000,0x00000000ffb00000,0x00000000ffd80000)
 ParOldGen       total 44032K, used 4821K [0x00000000fc000000, 0x00000000feb00000, 0x00000000feb00000)
  object space 44032K, 10% used [0x00000000fc000000,0x00000000fc4b5440,0x00000000feb00000)
 Metaspace       used 7475K, capacity 7624K, committed 7936K, reserved 1056768K
  class space    used 866K, capacity 924K, committed 1024K, reserved 1048576K
}
Event: 1.784 GC heap before
{Heap before GC invocations=3 (full 0):
 PSYoungGen      total 18944K, used 18938K [0x00000000feb00000, 0x0000000100000000, 0x0000000100000000)
  eden space 16384K, 100% used [0x00000000feb00000,0x00000000ffb00000,0x00000000ffb00000)
  from space 2560K, 99% used [0x00000000ffd80000,0x00000000ffffe800,0x0000000100000000)
  to   space 2560K, 0% used [0x00000000ffb00000,0x00000000ffb00000,0x00000000ffd80000)
 ParOldGen       total 44032K, used 4821K [0x00000000fc000000, 0x00000000feb00000, 0x00000000feb00000)
  object space 44032K, 10% used [0x00000000fc000000,0x00000000fc4b5440,0x00000000feb00000)
 Metaspace       used 7559K, capacity 7784K, committed 7936K, reserved 1056768K
  class space    used 869K, capacity 956K, committed 1024K, reserved 1048576K
Event: 1.812 GC heap after
Heap after GC invocations=3 (full 0):
 PSYoungGen      total 18944K, used 2537K [0x00000000feb00000, 0x0000000100000000, 0x0000000100000000)
  eden space 16384K, 0% used [0x00000000feb00000,0x00000000feb00000,0x00000000ffb00000)
  from space 2560K, 99% used [0x00000000ffb00000,0x00000000ffd7a7f0,0x00000000ffd80000)
  to   space 2560K, 0% used [0x00000000ffd80000,0x00000000ffd80000,0x0000000100000000)
 ParOldGen       total 44032K, used 4925K [0x00000000fc000000, 0x00000000feb00000, 0x00000000feb00000)
  object space 44032K, 11% used [0x00000000fc000000,0x00000000fc4cf440,0x00000000feb00000)
 Metaspace       used 7559K, capacity 7784K, committed 7936K, reserved 1056768K
  class space    used 869K, capacity 956K, committed 1024K, reserved 1048576K
}

Deoptimization events (10 events):
Event: 1.168 Thread 0x0000000005234000 Uncommon trap: reason=unstable_if action=reinterpret pc=0x0000000005550354 method=java.util.HashMap$HashIterator.hasNext()Z @ 4
Event: 1.186 Thread 0x0000000005234000 Uncommon trap: reason=unstable_if action=reinterpret pc=0x000000000554e1c0 method=java.util.zip.ZipFile.getZipEntry(Ljava/lang/String;J)Ljava/util/zip/ZipEntry; @ 19
Event: 1.206 Thread 0x0000000005234000 Uncommon trap: reason=unstable_if action=reinterpret pc=0x00000000055600c8 method=java.util.HashMap$HashIterator.nextNode()Ljava/util/HashMap$Node; @ 74
Event: 1.245 Thread 0x0000000005234000 Uncommon trap: reason=unloaded action=reinterpret pc=0x000000000555a97c method=java.util.zip.ZipEntry.setExtra0([BZ)V @ 37
Event: 1.412 Thread 0x0000000005234000 Uncommon trap: reason=unstable_if action=reinterpret pc=0x0000000005631098 method=org.objectweb.asm.Type.getArgumentsAndReturnSizes(Ljava/lang/String;)I @ 47
Event: 1.531 Thread 0x0000000005234000 Uncommon trap: reason=unstable_if action=reinterpret pc=0x000000000561b318 method=org.objectweb.asm.Item.a(Lorg/objectweb/asm/Item;)Z @ 345
Event: 1.641 Thread 0x0000000005234000 Uncommon trap: reason=unstable_if action=reinterpret pc=0x00000000055ceb84 method=java.lang.String.<init>([CII)V @ 18
Event: 1.695 Thread 0x0000000005234000 Uncommon trap: reason=unstable_if action=reinterpret pc=0x0000000005677abc method=org.objectweb.asm.Type.getArgumentsAndReturnSizes(Ljava/lang/String;)I @ 41
Event: 1.705 Thread 0x0000000005234000 Uncommon trap: reason=unstable_if action=reinterpret pc=0x00000000056ab0b0 method=org.objectweb.asm.MethodWriter.visitVarInsn(II)V @ 148
Event: 1.705 Thread 0x0000000005234000 Uncommon trap: reason=unstable_if action=reinterpret pc=0x00000000056a9364 method=org.objectweb.asm.MethodWriter.visitVarInsn(II)V @ 136

Classes redefined (0 events):
No events

Internal exceptions (10 events):
Event: 1.202 Thread 0x0000000005234000 Exception <a 'sun/nio/fs/WindowsException'> (0x00000000ff1d67a0) thrown at [D:\src\AOSP-openjdk-cygwin\jdk8u\hotspot\src\share\vm\prims\jni.cpp, line 709]
Event: 1.202 Thread 0x0000000005234000 Exception <a 'sun/nio/fs/WindowsException'> (0x00000000ff1d6d70) thrown at [D:\src\AOSP-openjdk-cygwin\jdk8u\hotspot\src\share\vm\prims\jni.cpp, line 709]
Event: 1.203 Thread 0x0000000005234000 Exception <a 'sun/nio/fs/WindowsException'> (0x00000000ff1d7530) thrown at [D:\src\AOSP-openjdk-cygwin\jdk8u\hotspot\src\share\vm\prims\jni.cpp, line 709]
Event: 1.203 Thread 0x0000000005234000 Exception <a 'sun/nio/fs/WindowsException'> (0x00000000ff1d7ad8) thrown at [D:\src\AOSP-openjdk-cygwin\jdk8u\hotspot\src\share\vm\prims\jni.cpp, line 709]
Event: 1.203 Thread 0x0000000005234000 Exception <a 'sun/nio/fs/WindowsException'> (0x00000000ff1d8288) thrown at [D:\src\AOSP-openjdk-cygwin\jdk8u\hotspot\src\share\vm\prims\jni.cpp, line 709]
Event: 1.214 Thread 0x0000000005234000 Exception <a 'sun/nio/fs/WindowsException'> (0x00000000ff1dd608) thrown at [D:\src\AOSP-openjdk-cygwin\jdk8u\hotspot\src\share\vm\prims\jni.cpp, line 709]
Event: 1.259 Thread 0x0000000005234000 Exception <a 'sun/nio/fs/WindowsException'> (0x00000000ff4f8b30) thrown at [D:\src\AOSP-openjdk-cygwin\jdk8u\hotspot\src\share\vm\prims\jni.cpp, line 709]
Event: 1.259 Thread 0x0000000005234000 Exception <a 'sun/nio/fs/WindowsException'> (0x00000000ff4f90d8) thrown at [D:\src\AOSP-openjdk-cygwin\jdk8u\hotspot\src\share\vm\prims\jni.cpp, line 709]
Event: 1.688 Thread 0x0000000005234000 Exception <a 'sun/nio/fs/WindowsException'> (0x00000000ff32a048) thrown at [D:\src\AOSP-openjdk-cygwin\jdk8u\hotspot\src\share\vm\prims\jni.cpp, line 709]
Event: 1.691 Thread 0x0000000005234000 Exception <a 'sun/nio/fs/WindowsException'> (0x00000000ff32a570) thrown at [D:\src\AOSP-openjdk-cygwin\jdk8u\hotspot\src\share\vm\prims\jni.cpp, line 709]

Events (10 events):
Event: 1.705 Thread 0x0000000005234000 DEOPT PACKING pc=0x00000000056a9364 sp=0x000000000519ebf0
Event: 1.705 Thread 0x0000000005234000 DEOPT UNPACKING pc=0x000000000537556a sp=0x000000000519eba8 mode 2
Event: 1.763 Thread 0x0000000005234000 DEOPT PACKING pc=0x000000000564c086 sp=0x000000000519ecd0
Event: 1.763 Thread 0x0000000005234000 DEOPT UNPACKING pc=0x00000000053775bf sp=0x000000000519eab0 mode 0
Event: 1.778 Thread 0x0000000005234000 DEOPT PACKING pc=0x0000000005611770 sp=0x000000000519ec80
Event: 1.778 Thread 0x0000000005234000 DEOPT UNPACKING pc=0x00000000053775bf sp=0x000000000519e9a8 mode 0
Event: 1.784 Executing VM operation: ParallelGCFailedAllocation
Event: 1.812 Executing VM operation: ParallelGCFailedAllocation done
Event: 1.815 Thread 0x0000000005234000 DEOPT PACKING pc=0x0000000005611770 sp=0x000000000519ec80
Event: 1.815 Thread 0x0000000005234000 DEOPT UNPACKING pc=0x00000000053775bf sp=0x000000000519e9a8 mode 0


Dynamic libraries:
0x00007ff6561e0000 - 0x00007ff656211000 	D:\Program Files\Android\Android Studio\jre\bin\java.exe
0x00007ff876090000 - 0x00007ff876270000 	C:\WINDOWS\SYSTEM32\ntdll.dll
0x00007ff8747f0000 - 0x00007ff87489e000 	C:\WINDOWS\System32\KERNEL32.DLL
0x00007ff872970000 - 0x00007ff872bd6000 	C:\WINDOWS\System32\KERNELBASE.dll
0x00007ff8737e0000 - 0x00007ff873881000 	C:\WINDOWS\System32\ADVAPI32.dll
0x00007ff873fc0000 - 0x00007ff87405d000 	C:\WINDOWS\System32\msvcrt.dll
0x00007ff873b40000 - 0x00007ff873b9b000 	C:\WINDOWS\System32\sechost.dll
0x00007ff875f40000 - 0x00007ff87605f000 	C:\WINDOWS\System32\RPCRT4.dll
0x00007ff8739b0000 - 0x00007ff873b3f000 	C:\WINDOWS\System32\USER32.dll
0x00007ff872c40000 - 0x00007ff872c60000 	C:\WINDOWS\System32\win32u.dll
0x00007ff874060000 - 0x00007ff874088000 	C:\WINDOWS\System32\GDI32.dll
0x00007ff8725b0000 - 0x00007ff872743000 	C:\WINDOWS\System32\gdi32full.dll
0x00007ff872510000 - 0x00007ff8725ab000 	C:\WINDOWS\System32\msvcp_win.dll
0x00007ff873460000 - 0x00007ff873556000 	C:\WINDOWS\System32\ucrtbase.dll
0x00007ff861c20000 - 0x00007ff861e89000 	C:\WINDOWS\WinSxS\amd64_microsoft.windows.common-controls_6595b64144ccf1df_6.0.16299.192_none_15c8cdae9364c23b\COMCTL32.dll
0x00007ff8744e0000 - 0x00007ff8747e8000 	C:\WINDOWS\System32\combase.dll
0x00007ff872490000 - 0x00007ff872502000 	C:\WINDOWS\System32\bcryptPrimitives.dll
0x00007ff8737b0000 - 0x00007ff8737dd000 	C:\WINDOWS\System32\IMM32.DLL
0x00000000755a0000 - 0x0000000075672000 	D:\Program Files\Android\Android Studio\jre\jre\bin\msvcr100.dll
0x0000000073950000 - 0x000000007418e000 	D:\Program Files\Android\Android Studio\jre\jre\bin\server\jvm.dll
0x00007ff873cf0000 - 0x00007ff873cf8000 	C:\WINDOWS\System32\PSAPI.DLL
0x00007ff86b630000 - 0x00007ff86b639000 	C:\WINDOWS\SYSTEM32\WSOCK32.dll
0x00007ff8748a0000 - 0x00007ff87490c000 	C:\WINDOWS\System32\WS2_32.dll
0x00007ff86af90000 - 0x00007ff86afb3000 	C:\WINDOWS\SYSTEM32\WINMM.dll
0x00007ff86d010000 - 0x00007ff86d01a000 	C:\WINDOWS\SYSTEM32\VERSION.dll
0x00007ff86af30000 - 0x00007ff86af5a000 	C:\WINDOWS\SYSTEM32\winmmbase.dll
0x00007ff872750000 - 0x00007ff87279a000 	C:\WINDOWS\System32\cfgmgr32.dll
0x00007ff86f000000 - 0x00007ff86f00f000 	D:\Program Files\Android\Android Studio\jre\jre\bin\verify.dll
0x00007ff8619d0000 - 0x00007ff8619f9000 	D:\Program Files\Android\Android Studio\jre\jre\bin\java.dll
0x00007ff8615f0000 - 0x00007ff861606000 	D:\Program Files\Android\Android Studio\jre\jre\bin\zip.dll
0x00007ff874b00000 - 0x00007ff875f36000 	C:\WINDOWS\System32\SHELL32.dll
0x00007ff873700000 - 0x00007ff8737a6000 	C:\WINDOWS\System32\shcore.dll
0x00007ff872d10000 - 0x00007ff873457000 	C:\WINDOWS\System32\windows.storage.dll
0x00007ff874aa0000 - 0x00007ff874af1000 	C:\WINDOWS\System32\shlwapi.dll
0x00007ff872470000 - 0x00007ff872481000 	C:\WINDOWS\System32\kernel.appcore.dll
0x00007ff872400000 - 0x00007ff87244c000 	C:\WINDOWS\System32\powrprof.dll
0x00007ff872450000 - 0x00007ff87246b000 	C:\WINDOWS\System32\profapi.dll
0x00007ff871e30000 - 0x00007ff871e47000 	C:\WINDOWS\SYSTEM32\CRYPTSP.dll
0x00007ff871660000 - 0x00007ff871693000 	C:\WINDOWS\system32\rsaenh.dll
0x00007ff871f40000 - 0x00007ff871f65000 	C:\WINDOWS\SYSTEM32\bcrypt.dll
0x00007ff872310000 - 0x00007ff872339000 	C:\WINDOWS\SYSTEM32\USERENV.dll
0x00007ff871e50000 - 0x00007ff871e5b000 	C:\WINDOWS\SYSTEM32\CRYPTBASE.dll
0x00007ff860120000 - 0x00007ff86013a000 	D:\Program Files\Android\Android Studio\jre\jre\bin\net.dll
0x00007ff871c70000 - 0x00007ff871cd6000 	C:\WINDOWS\system32\mswsock.dll
0x00007ff871a00000 - 0x00007ff871a39000 	C:\WINDOWS\SYSTEM32\IPHLPAPI.DLL
0x00007ff8739a0000 - 0x00007ff8739a8000 	C:\WINDOWS\System32\NSI.dll
0x00007ff86f450000 - 0x00007ff86f466000 	C:\WINDOWS\SYSTEM32\dhcpcsvc6.DLL
0x00007ff86f340000 - 0x00007ff86f35a000 	C:\WINDOWS\SYSTEM32\dhcpcsvc.DLL
0x00007ff860100000 - 0x00007ff860111000 	D:\Program Files\Android\Android Studio\jre\jre\bin\nio.dll

VM Arguments:
jvm_args: -Djava.awt.headless=true -Xmx64M -Dfile.encoding=windows-1256 -Duser.country=US -Duser.language=en -Duser.variant 
java_command: com.google.devtools.build.android.desugar.Desugar --input D:\src\Samples\Android\SamsungPay\noonpaySample\app\build\intermediates\transforms\stackFramesFixer\debug\13.jar --output D:\src\Samples\Android\SamsungPay\noonpaySample\app\build\intermediates\transforms\desugar\debug\14.jar --input D:\src\Samples\Android\SamsungPay\noonpaySample\app\build\intermediates\transforms\stackFramesFixer\debug\3.jar --output D:\src\Samples\Android\SamsungPay\noonpaySample\app\build\intermediates\transforms\desugar\debug\4.jar --classpath_entry D:\src\Samples\Android\SamsungPay\noonpaySample\app\build\intermediates\classes\debug --classpath_entry D:\src\Samples\Android\SamsungPay\noonpaySample\app\build\intermediates\transforms\stackFramesFixer\debug\0.jar --classpath_entry D:\src\Samples\Android\SamsungPay\noonpaySample\app\build\intermediates\transforms\stackFramesFixer\debug\1.jar --classpath_entry D:\src\Samples\Android\SamsungPay\noonpaySample\app\build\intermediates\transforms\stackFramesFixer\debug\2.jar --classpath_entry D:\src\Samples\Android\SamsungPay\noonpaySample\app\build\intermediates\transforms\stackFramesFixer\debug\3.jar --classpath_entry D:\src\Samples\Android\SamsungPay\noonpaySample\app\build\intermediates\transforms\stackFramesFixer\debug\4.jar --classpath_entry D:\src\Samples\Android\SamsungPay\noonpaySample\app\build\intermediates\transforms\stackFramesFixer\debug\5.jar --classpath_entry D:\src\Samples\Android\SamsungPay\noonpaySample\app\build\intermediates\transforms\stackFramesFixer\debug\6.jar --classpath_entry D:\src\Samples\Android\SamsungPay\noonpaySample\app\build\intermediates\transforms\stackFramesFixer\debug\7.jar --classpath_entry D:\src\Samples\Android\SamsungPay\noonpaySample\app\build\intermediates\transforms\stackFramesFixer\debug\8.jar --classpath_entry D:\src\Samples\Android\SamsungPay\noonpaySample\app\build\intermediates\transforms\stackFramesFixer\debug\9.jar --classpath_entry D:\src\Samples\Android\SamsungPay\noonpaySampl
java_class_path (initial): C:\Users\abdo\AppData\Local\Temp\desugar_deploy.jar6849692412381006742
Launcher Type: SUN_STANDARD

Environment Variables:
JAVA_HOME=C:\Users\abdo\scoop\apps\openjdk\current
USERNAME=abdo
OS=Windows_NT
PROCESSOR_IDENTIFIER=Intel64 Family 6 Model 94 Stepping 3, GenuineIntel



---------------  S Y S T E M  ---------------

OS: Windows 10.0 , 64 bit Build 16299 (10.0.16299.15)

CPU:total 8 (initial active 8) (4 cores per cpu, 2 threads per core) family 6 model 94 stepping 3, cmov, cx8, fxsr, mmx, sse, sse2, sse3, ssse3, sse4.1, sse4.2, popcnt, avx, avx2, aes, clmul, erms, rtm, 3dnowpref, lzcnt, ht, tsc, tscinvbit, bmi1, bmi2, adx

Memory: 4k page, physical 16666212k(4805740k free), swap 17714788k(4640k free)

vm_info: OpenJDK 64-Bit Server VM (25.152-b01) for windows-amd64 JRE (1.8.0_152-release-915-b01), built by "builder" with MS VC++ 10.0 (VS2010)

time: Thu Mar 15 12:45:37 2018
elapsed time: 1 seconds (0d 0h 0m 1s)

