#
# There is insufficient memory for the Java Runtime Environment to continue.
# Native memory allocation (malloc) failed to allocate 984096 bytes for Chunk::new
# Possible reasons:
#   The system is out of physical RAM or swap space
#   In 32 bit mode, the process size limit was hit
# Possible solutions:
#   Reduce memory load on the system
#   Increase physical memory or swap space
#   Check if swap backing store is full
#   Use 64 bit Java on a 64 bit OS
#   Decrease Java heap size (-Xmx/-Xms)
#   Decrease number of Java threads
#   Decrease Java thread stack sizes (-Xss)
#   Set larger code cache with -XX:ReservedCodeCacheSize=
# This output file may be truncated or incomplete.
#
#  Out of Memory Error (allocation.cpp:390), pid=48824, tid=0x000000000000c288
#
# JRE version: OpenJDK Runtime Environment (8.0_152-b01) (build 1.8.0_152-release-915-b01)
# Java VM: OpenJDK 64-Bit Server VM (25.152-b01 mixed mode windows-amd64 compressed oops)
# Failed to write core dump. Minidumps are not enabled by default on client versions of Windows
#

---------------  T H R E A D  ---------------

Current thread (0x00000000171c2800):  JavaThread "C2 CompilerThread0" daemon [_thread_in_native, id=49800, stack(0x0000000017a80000,0x0000000017b80000)]

Stack: [0x0000000017a80000,0x0000000017b80000]
[error occurred during error reporting (printing stack bounds), id 0xc0000005]

Native frames: (J=compiled Java code, j=interpreted, Vv=VM code, C=native code)


Current CompileTask:
C2:   2349 1016       4       org.objectweb.asm.ClassReader::b (1124 bytes)


---------------  P R O C E S S  ---------------

Java Threads: ( => current thread )
  0x00000000172a7000 JavaThread "Service Thread" daemon [_thread_blocked, id=44520, stack(0x0000000017e80000,0x0000000017f80000)]
  0x0000000017232800 JavaThread "C1 CompilerThread3" daemon [_thread_blocked, id=38748, stack(0x0000000017d80000,0x0000000017e80000)]
  0x00000000171cb000 JavaThread "C2 CompilerThread2" daemon [_thread_blocked, id=50128, stack(0x0000000017c80000,0x0000000017d80000)]
  0x00000000171c8000 JavaThread "C2 CompilerThread1" daemon [_thread_in_native, id=51040, stack(0x0000000017b80000,0x0000000017c80000)]
=>0x00000000171c2800 JavaThread "C2 CompilerThread0" daemon [_thread_in_native, id=49800, stack(0x0000000017a80000,0x0000000017b80000)]
  0x00000000171c1000 JavaThread "Attach Listener" daemon [_thread_blocked, id=47084, stack(0x0000000017980000,0x0000000017a80000)]
  0x0000000017211800 JavaThread "Signal Dispatcher" daemon [_thread_blocked, id=50164, stack(0x0000000017880000,0x0000000017980000)]
  0x00000000171b0800 JavaThread "Finalizer" daemon [_thread_blocked, id=4992, stack(0x0000000017590000,0x0000000017690000)]
  0x00000000152ba800 JavaThread "Reference Handler" daemon [_thread_blocked, id=48248, stack(0x0000000017090000,0x0000000017190000)]
  0x0000000004a14000 JavaThread "main" [_thread_in_Java, id=51072, stack(0x0000000004830000,0x0000000004930000)]

Other Threads:
  0x00000000152b6000 VMThread [stack: 0x0000000016f90000,0x0000000017090000] [id=28896]
  0x00000000172a8000 WatcherThread [stack: 0x0000000017f80000,0x0000000018080000] [id=41980]

VM state:not at safepoint (normal execution)

VM Mutex/Monitor currently owned by a thread: None

Heap:
 PSYoungGen      total 18944K, used 17894K [0x00000000feb00000, 0x0000000100000000, 0x0000000100000000)
  eden space 16384K, 93% used [0x00000000feb00000,0x00000000ff9fb090,0x00000000ffb00000)
  from space 2560K, 99% used [0x00000000ffd80000,0x00000000ffffe810,0x0000000100000000)
  to   space 2560K, 0% used [0x00000000ffb00000,0x00000000ffb00000,0x00000000ffd80000)
 ParOldGen       total 44032K, used 4814K [0x00000000fc000000, 0x00000000feb00000, 0x00000000feb00000)
  object space 44032K, 10% used [0x00000000fc000000,0x00000000fc4b3988,0x00000000feb00000)
 Metaspace       used 7578K, capacity 7784K, committed 7936K, reserved 1056768K
  class space    used 868K, capacity 956K, committed 1024K, reserved 1048576K

Card table byte_map: [0x0000000003030000,0x0000000003060000] byte_map_base: 0x0000000002850000

Marking Bits: (ParMarkBitMap*) 0x0000000074113950
 Begin Bits: [0x00000000146d0000, 0x00000000147d0000)
 End Bits:   [0x00000000147d0000, 0x00000000148d0000)

Polling page: 0x0000000003000000

CodeCache: size=245760Kb used=3820Kb max_used=3833Kb free=241940Kb
 bounds [0x0000000004b10000, 0x0000000004ee0000, 0x0000000013b10000]
 total_blobs=1356 nmethods=1024 adapters=246
 compilation: enabled

Compilation events (10 events):
Event: 2.246 Thread 0x0000000017232800 nmethod 1022 0x0000000004ebf950 code [0x0000000004ebfaa0, 0x0000000004ebfc50]
Event: 2.246 Thread 0x0000000017232800 1023       3       com.google.devtools.build.android.desugar.InvokeDynamicLambdaMethodCollector::<init> (14 bytes)
Event: 2.246 Thread 0x0000000017232800 nmethod 1023 0x0000000004ebf210 code [0x0000000004ebf3a0, 0x0000000004ebf778]
Event: 2.246 Thread 0x0000000017232800 1020       3       org.objectweb.asm.MethodVisitor::visitParameterAnnotation (20 bytes)
Event: 2.247 Thread 0x0000000017232800 nmethod 1020 0x0000000004ebec90 code [0x0000000004ebee00, 0x0000000004ebf068]
Event: 2.247 Thread 0x00000000171cb000 nmethod 1024 0x0000000004ec9e90 code [0x0000000004ec9fc0, 0x0000000004eca098]
Event: 2.247 Thread 0x00000000171cb000 1025       4       org.objectweb.asm.tree.MethodNode::visitMethodInsn (43 bytes)
Event: 2.249 Thread 0x00000000171cb000 nmethod 1025 0x0000000004ec8550 code [0x0000000004ec86a0, 0x0000000004ec8858]
Event: 2.249 Thread 0x00000000171cb000 1026       4       org.objectweb.asm.MethodWriter::visitMethodInsn (228 bytes)
Event: 2.345 Thread 0x00000000171cb000 nmethod 1026 0x0000000004ece910 code [0x0000000004ecec60, 0x0000000004ed1358]

GC Heap History (4 events):
Event: 1.148 GC heap before
{Heap before GC invocations=1 (full 0):
 PSYoungGen      total 18944K, used 16384K [0x00000000feb00000, 0x0000000100000000, 0x0000000100000000)
  eden space 16384K, 100% used [0x00000000feb00000,0x00000000ffb00000,0x00000000ffb00000)
  from space 2560K, 0% used [0x00000000ffd80000,0x00000000ffd80000,0x0000000100000000)
  to   space 2560K, 0% used [0x00000000ffb00000,0x00000000ffb00000,0x00000000ffd80000)
 ParOldGen       total 44032K, used 0K [0x00000000fc000000, 0x00000000feb00000, 0x00000000feb00000)
  object space 44032K, 0% used [0x00000000fc000000,0x00000000fc000000,0x00000000feb00000)
 Metaspace       used 6580K, capacity 6746K, committed 7040K, reserved 1056768K
  class space    used 772K, capacity 823K, committed 896K, reserved 1048576K
Event: 1.160 GC heap after
Heap after GC invocations=1 (full 0):
 PSYoungGen      total 18944K, used 2528K [0x00000000feb00000, 0x0000000100000000, 0x0000000100000000)
  eden space 16384K, 0% used [0x00000000feb00000,0x00000000feb00000,0x00000000ffb00000)
  from space 2560K, 98% used [0x00000000ffb00000,0x00000000ffd78030,0x00000000ffd80000)
  to   space 2560K, 0% used [0x00000000ffd80000,0x00000000ffd80000,0x0000000100000000)
 ParOldGen       total 44032K, used 1459K [0x00000000fc000000, 0x00000000feb00000, 0x00000000feb00000)
  object space 44032K, 3% used [0x00000000fc000000,0x00000000fc16cc90,0x00000000feb00000)
 Metaspace       used 6580K, capacity 6746K, committed 7040K, reserved 1056768K
  class space    used 772K, capacity 823K, committed 896K, reserved 1048576K
}
Event: 1.719 GC heap before
{Heap before GC invocations=2 (full 0):
 PSYoungGen      total 18944K, used 18912K [0x00000000feb00000, 0x0000000100000000, 0x0000000100000000)
  eden space 16384K, 100% used [0x00000000feb00000,0x00000000ffb00000,0x00000000ffb00000)
  from space 2560K, 98% used [0x00000000ffb00000,0x00000000ffd78030,0x00000000ffd80000)
  to   space 2560K, 0% used [0x00000000ffd80000,0x00000000ffd80000,0x0000000100000000)
 ParOldGen       total 44032K, used 1459K [0x00000000fc000000, 0x00000000feb00000, 0x00000000feb00000)
  object space 44032K, 3% used [0x00000000fc000000,0x00000000fc16cc90,0x00000000feb00000)
 Metaspace       used 7502K, capacity 7720K, committed 7936K, reserved 1056768K
  class space    used 868K, capacity 956K, committed 1024K, reserved 1048576K
Event: 1.779 GC heap after
Heap after GC invocations=2 (full 0):
 PSYoungGen      total 18944K, used 2554K [0x00000000feb00000, 0x0000000100000000, 0x0000000100000000)
  eden space 16384K, 0% used [0x00000000feb00000,0x00000000feb00000,0x00000000ffb00000)
  from space 2560K, 99% used [0x00000000ffd80000,0x00000000ffffe810,0x0000000100000000)
  to   space 2560K, 0% used [0x00000000ffb00000,0x00000000ffb00000,0x00000000ffd80000)
 ParOldGen       total 44032K, used 4814K [0x00000000fc000000, 0x00000000feb00000, 0x00000000feb00000)
  object space 44032K, 10% used [0x00000000fc000000,0x00000000fc4b3988,0x00000000feb00000)
 Metaspace       used 7502K, capacity 7720K, committed 7936K, reserved 1056768K
  class space    used 868K, capacity 956K, committed 1024K, reserved 1048576K
}

Deoptimization events (10 events):
Event: 1.224 Thread 0x0000000004a14000 Uncommon trap: reason=unstable_if action=reinterpret pc=0x0000000004d4a988 method=java.util.HashMap$HashIterator.nextNode()Ljava/util/HashMap$Node; @ 74
Event: 1.277 Thread 0x0000000004a14000 Uncommon trap: reason=unstable_if action=reinterpret pc=0x0000000004d4ae88 method=java.util.HashMap$HashIterator.nextNode()Ljava/util/HashMap$Node; @ 74
Event: 1.341 Thread 0x0000000004a14000 Uncommon trap: reason=unloaded action=reinterpret pc=0x0000000004d3cfbc method=java.util.zip.ZipEntry.setExtra0([BZ)V @ 37
Event: 1.445 Thread 0x0000000004a14000 Uncommon trap: reason=unstable_if action=reinterpret pc=0x0000000004ccad78 method=java.lang.String.<init>([CII)V @ 18
Event: 1.631 Thread 0x0000000004a14000 Uncommon trap: reason=unstable_if action=reinterpret pc=0x0000000004db02ac method=org.objectweb.asm.ClassReader.readUTF8(I[C)Ljava/lang/String; @ 7
Event: 1.663 Thread 0x0000000004a14000 Uncommon trap: reason=unstable_if action=reinterpret pc=0x0000000004e3c098 method=org.objectweb.asm.Type.getArgumentsAndReturnSizes(Ljava/lang/String;)I @ 130
Event: 1.667 Thread 0x0000000004a14000 Uncommon trap: reason=unstable_if action=reinterpret pc=0x0000000004e34fbc method=org.objectweb.asm.ClassReader.a(II[C)Ljava/lang/String; @ 77
Event: 1.667 Thread 0x0000000004a14000 Uncommon trap: reason=unstable_if action=reinterpret pc=0x0000000004e0b498 method=org.objectweb.asm.ByteVector.putUTF8(Ljava/lang/String;)Lorg/objectweb/asm/ByteVector; @ 98
Event: 1.718 Thread 0x0000000004a14000 Uncommon trap: reason=unstable_if action=reinterpret pc=0x0000000004df8f58 method=org.objectweb.asm.Item.a(Lorg/objectweb/asm/Item;)Z @ 345
Event: 2.016 Thread 0x0000000004a14000 Uncommon trap: reason=unstable_if action=reinterpret pc=0x0000000004e5bdb8 method=org.objectweb.asm.Type.getArgumentsAndReturnSizes(Ljava/lang/String;)I @ 118

Classes redefined (0 events):
No events

Internal exceptions (10 events):
Event: 1.262 Thread 0x0000000004a14000 Exception <a 'sun/nio/fs/WindowsException'> (0x00000000ff1d68a8) thrown at [D:\src\AOSP-openjdk-cygwin\jdk8u\hotspot\src\share\vm\prims\jni.cpp, line 709]
Event: 1.262 Thread 0x0000000004a14000 Exception <a 'sun/nio/fs/WindowsException'> (0x00000000ff1d6e78) thrown at [D:\src\AOSP-openjdk-cygwin\jdk8u\hotspot\src\share\vm\prims\jni.cpp, line 709]
Event: 1.263 Thread 0x0000000004a14000 Exception <a 'sun/nio/fs/WindowsException'> (0x00000000ff1d7638) thrown at [D:\src\AOSP-openjdk-cygwin\jdk8u\hotspot\src\share\vm\prims\jni.cpp, line 709]
Event: 1.263 Thread 0x0000000004a14000 Exception <a 'sun/nio/fs/WindowsException'> (0x00000000ff1d7be0) thrown at [D:\src\AOSP-openjdk-cygwin\jdk8u\hotspot\src\share\vm\prims\jni.cpp, line 709]
Event: 1.263 Thread 0x0000000004a14000 Exception <a 'sun/nio/fs/WindowsException'> (0x00000000ff1d8390) thrown at [D:\src\AOSP-openjdk-cygwin\jdk8u\hotspot\src\share\vm\prims\jni.cpp, line 709]
Event: 1.283 Thread 0x0000000004a14000 Exception <a 'sun/nio/fs/WindowsException'> (0x00000000ff1dd710) thrown at [D:\src\AOSP-openjdk-cygwin\jdk8u\hotspot\src\share\vm\prims\jni.cpp, line 709]
Event: 1.354 Thread 0x0000000004a14000 Exception <a 'sun/nio/fs/WindowsException'> (0x00000000ff4ca498) thrown at [D:\src\AOSP-openjdk-cygwin\jdk8u\hotspot\src\share\vm\prims\jni.cpp, line 709]
Event: 1.354 Thread 0x0000000004a14000 Exception <a 'sun/nio/fs/WindowsException'> (0x00000000ff4caa40) thrown at [D:\src\AOSP-openjdk-cygwin\jdk8u\hotspot\src\share\vm\prims\jni.cpp, line 709]
Event: 1.621 Thread 0x0000000004a14000 Exception <a 'sun/nio/fs/WindowsException'> (0x00000000ff807d28) thrown at [D:\src\AOSP-openjdk-cygwin\jdk8u\hotspot\src\share\vm\prims\jni.cpp, line 709]
Event: 1.621 Thread 0x0000000004a14000 Exception <a 'sun/nio/fs/WindowsException'> (0x00000000ff808250) thrown at [D:\src\AOSP-openjdk-cygwin\jdk8u\hotspot\src\share\vm\prims\jni.cpp, line 709]

Events (10 events):
Event: 1.718 Thread 0x0000000004a14000 Uncommon trap: trap_request=0xffffff65 fr.pc=0x0000000004df8f58
Event: 1.718 Thread 0x0000000004a14000 DEOPT PACKING pc=0x0000000004df8f58 sp=0x000000000492edd0
Event: 1.718 Thread 0x0000000004a14000 DEOPT UNPACKING pc=0x0000000004b5556a sp=0x000000000492ed68 mode 2
Event: 1.718 Executing VM operation: ParallelGCFailedAllocation
Event: 1.779 Executing VM operation: ParallelGCFailedAllocation done
Event: 2.016 Thread 0x0000000004a14000 Uncommon trap: trap_request=0xffffff65 fr.pc=0x0000000004e5bdb8
Event: 2.016 Thread 0x0000000004a14000 DEOPT PACKING pc=0x0000000004e5bdb8 sp=0x000000000492edf0
Event: 2.016 Thread 0x0000000004a14000 DEOPT UNPACKING pc=0x0000000004b5556a sp=0x000000000492ed80 mode 2
Event: 2.152 Thread 0x0000000004a14000 DEOPT PACKING pc=0x0000000004e29796 sp=0x000000000492ef00
Event: 2.152 Thread 0x0000000004a14000 DEOPT UNPACKING pc=0x0000000004b575bf sp=0x000000000492ece0 mode 0


Dynamic libraries:
0x00007ff6561e0000 - 0x00007ff656211000 	D:\Program Files\Android\Android Studio\jre\bin\java.exe
0x00007ff876090000 - 0x00007ff876270000 	C:\WINDOWS\SYSTEM32\ntdll.dll
0x00007ff8747f0000 - 0x00007ff87489e000 	C:\WINDOWS\System32\KERNEL32.DLL
0x00007ff872970000 - 0x00007ff872bd6000 	C:\WINDOWS\System32\KERNELBASE.dll
0x00007ff8737e0000 - 0x00007ff873881000 	C:\WINDOWS\System32\ADVAPI32.dll
0x00007ff873fc0000 - 0x00007ff87405d000 	C:\WINDOWS\System32\msvcrt.dll
0x00007ff873b40000 - 0x00007ff873b9b000 	C:\WINDOWS\System32\sechost.dll
0x00007ff875f40000 - 0x00007ff87605f000 	C:\WINDOWS\System32\RPCRT4.dll
0x00007ff8739b0000 - 0x00007ff873b3f000 	C:\WINDOWS\System32\USER32.dll
0x00007ff872c40000 - 0x00007ff872c60000 	C:\WINDOWS\System32\win32u.dll
0x00007ff874060000 - 0x00007ff874088000 	C:\WINDOWS\System32\GDI32.dll
0x00007ff8725b0000 - 0x00007ff872743000 	C:\WINDOWS\System32\gdi32full.dll
0x00007ff872510000 - 0x00007ff8725ab000 	C:\WINDOWS\System32\msvcp_win.dll
0x00007ff873460000 - 0x00007ff873556000 	C:\WINDOWS\System32\ucrtbase.dll
0x00007ff861c20000 - 0x00007ff861e89000 	C:\WINDOWS\WinSxS\amd64_microsoft.windows.common-controls_6595b64144ccf1df_6.0.16299.192_none_15c8cdae9364c23b\COMCTL32.dll
0x00007ff8744e0000 - 0x00007ff8747e8000 	C:\WINDOWS\System32\combase.dll
0x00007ff872490000 - 0x00007ff872502000 	C:\WINDOWS\System32\bcryptPrimitives.dll
0x00007ff8737b0000 - 0x00007ff8737dd000 	C:\WINDOWS\System32\IMM32.DLL
0x00000000755a0000 - 0x0000000075672000 	D:\Program Files\Android\Android Studio\jre\jre\bin\msvcr100.dll
0x0000000073950000 - 0x000000007418e000 	D:\Program Files\Android\Android Studio\jre\jre\bin\server\jvm.dll
0x00007ff873cf0000 - 0x00007ff873cf8000 	C:\WINDOWS\System32\PSAPI.DLL
0x00007ff86d010000 - 0x00007ff86d01a000 	C:\WINDOWS\SYSTEM32\VERSION.dll
0x00007ff86b630000 - 0x00007ff86b639000 	C:\WINDOWS\SYSTEM32\WSOCK32.dll
0x00007ff86af90000 - 0x00007ff86afb3000 	C:\WINDOWS\SYSTEM32\WINMM.dll
0x00007ff8748a0000 - 0x00007ff87490c000 	C:\WINDOWS\System32\WS2_32.dll
0x00007ff86af30000 - 0x00007ff86af5a000 	C:\WINDOWS\SYSTEM32\WINMMBASE.dll
0x00007ff872750000 - 0x00007ff87279a000 	C:\WINDOWS\System32\cfgmgr32.dll
0x00007ff86f000000 - 0x00007ff86f00f000 	D:\Program Files\Android\Android Studio\jre\jre\bin\verify.dll
0x00007ff8619d0000 - 0x00007ff8619f9000 	D:\Program Files\Android\Android Studio\jre\jre\bin\java.dll
0x00007ff8615f0000 - 0x00007ff861606000 	D:\Program Files\Android\Android Studio\jre\jre\bin\zip.dll
0x00007ff874b00000 - 0x00007ff875f36000 	C:\WINDOWS\System32\SHELL32.dll
0x00007ff873700000 - 0x00007ff8737a6000 	C:\WINDOWS\System32\shcore.dll
0x00007ff872d10000 - 0x00007ff873457000 	C:\WINDOWS\System32\windows.storage.dll
0x00007ff874aa0000 - 0x00007ff874af1000 	C:\WINDOWS\System32\shlwapi.dll
0x00007ff872470000 - 0x00007ff872481000 	C:\WINDOWS\System32\kernel.appcore.dll
0x00007ff872400000 - 0x00007ff87244c000 	C:\WINDOWS\System32\powrprof.dll
0x00007ff872450000 - 0x00007ff87246b000 	C:\WINDOWS\System32\profapi.dll
0x00007ff871e30000 - 0x00007ff871e47000 	C:\WINDOWS\SYSTEM32\CRYPTSP.dll
0x00007ff871660000 - 0x00007ff871693000 	C:\WINDOWS\system32\rsaenh.dll
0x00007ff871f40000 - 0x00007ff871f65000 	C:\WINDOWS\SYSTEM32\bcrypt.dll
0x00007ff872310000 - 0x00007ff872339000 	C:\WINDOWS\SYSTEM32\USERENV.dll
0x00007ff871e50000 - 0x00007ff871e5b000 	C:\WINDOWS\SYSTEM32\CRYPTBASE.dll
0x00007ff860120000 - 0x00007ff86013a000 	D:\Program Files\Android\Android Studio\jre\jre\bin\net.dll
0x00007ff871c70000 - 0x00007ff871cd6000 	C:\WINDOWS\system32\mswsock.dll
0x00007ff871a00000 - 0x00007ff871a39000 	C:\WINDOWS\SYSTEM32\IPHLPAPI.DLL
0x00007ff8739a0000 - 0x00007ff8739a8000 	C:\WINDOWS\System32\NSI.dll
0x00007ff86f450000 - 0x00007ff86f466000 	C:\WINDOWS\SYSTEM32\dhcpcsvc6.DLL
0x00007ff86f340000 - 0x00007ff86f35a000 	C:\WINDOWS\SYSTEM32\dhcpcsvc.DLL
0x00007ff860100000 - 0x00007ff860111000 	D:\Program Files\Android\Android Studio\jre\jre\bin\nio.dll

VM Arguments:
jvm_args: -Djava.awt.headless=true -Xmx64M -Dfile.encoding=windows-1256 -Duser.country=US -Duser.language=en -Duser.variant 
java_command: com.google.devtools.build.android.desugar.Desugar --input D:\src\Samples\Android\SamsungPay\noonpaySample\app\build\intermediates\transforms\stackFramesFixer\debug\9.jar --output D:\src\Samples\Android\SamsungPay\noonpaySample\app\build\intermediates\transforms\desugar\debug\9.jar --input D:\src\Samples\Android\SamsungPay\noonpaySample\app\build\intermediates\transforms\stackFramesFixer\debug\17.jar --output D:\src\Samples\Android\SamsungPay\noonpaySample\app\build\intermediates\transforms\desugar\debug\17.jar --classpath_entry D:\src\Samples\Android\SamsungPay\noonpaySample\app\build\intermediates\classes\debug --classpath_entry D:\src\Samples\Android\SamsungPay\noonpaySample\app\build\intermediates\transforms\stackFramesFixer\debug\0.jar --classpath_entry D:\src\Samples\Android\SamsungPay\noonpaySample\app\build\intermediates\transforms\stackFramesFixer\debug\1.jar --classpath_entry D:\src\Samples\Android\SamsungPay\noonpaySample\app\build\intermediates\transforms\stackFramesFixer\debug\2.jar --classpath_entry D:\src\Samples\Android\SamsungPay\noonpaySample\app\build\intermediates\transforms\stackFramesFixer\debug\3.jar --classpath_entry D:\src\Samples\Android\SamsungPay\noonpaySample\app\build\intermediates\transforms\stackFramesFixer\debug\4.jar --classpath_entry D:\src\Samples\Android\SamsungPay\noonpaySample\app\build\intermediates\transforms\stackFramesFixer\debug\5.jar --classpath_entry D:\src\Samples\Android\SamsungPay\noonpaySample\app\build\intermediates\transforms\stackFramesFixer\debug\6.jar --classpath_entry D:\src\Samples\Android\SamsungPay\noonpaySample\app\build\intermediates\transforms\stackFramesFixer\debug\8.jar --classpath_entry D:\src\Samples\Android\SamsungPay\noonpaySample\app\build\intermediates\transforms\stackFramesFixer\debug\9.jar --classpath_entry D:\src\Samples\Android\SamsungPay\noonpaySample\app\build\intermediates\transforms\stackFramesFixer\debug\10.jar --classpath_entry D:\src\Samples\Android\SamsungPay\noonpaySamp
java_class_path (initial): C:\Users\abdo\AppData\Local\Temp\desugar_deploy.jar6849692412381006742
Launcher Type: SUN_STANDARD

Environment Variables:
JAVA_HOME=C:\Users\abdo\scoop\apps\openjdk\current
USERNAME=abdo
OS=Windows_NT
PROCESSOR_IDENTIFIER=Intel64 Family 6 Model 94 Stepping 3, GenuineIntel



---------------  S Y S T E M  ---------------

OS: Windows 10.0 , 64 bit Build 16299 (10.0.16299.15)

CPU:total 8 (initial active 8) (4 cores per cpu, 2 threads per core) family 6 model 94 stepping 3, cmov, cx8, fxsr, mmx, sse, sse2, sse3, ssse3, sse4.1, sse4.2, popcnt, avx, avx2, aes, clmul, erms, rtm, 3dnowpref, lzcnt, ht, tsc, tscinvbit, bmi1, bmi2, adx

Memory: 4k page, physical 16666212k(4768796k free), swap 17714788k(2248k free)

vm_info: OpenJDK 64-Bit Server VM (25.152-b01) for windows-amd64 JRE (1.8.0_152-release-915-b01), built by "builder" with MS VC++ 10.0 (VS2010)

time: Thu Mar 15 12:48:33 2018
elapsed time: 2 seconds (0d 0h 0m 2s)

