#
# There is insufficient memory for the Java Runtime Environment to continue.
# Native memory allocation (malloc) failed to allocate 797136 bytes for Chunk::new
# Possible reasons:
#   The system is out of physical RAM or swap space
#   In 32 bit mode, the process size limit was hit
# Possible solutions:
#   Reduce memory load on the system
#   Increase physical memory or swap space
#   Check if swap backing store is full
#   Use 64 bit Java on a 64 bit OS
#   Decrease Java heap size (-Xmx/-Xms)
#   Decrease number of Java threads
#   Decrease Java thread stack sizes (-Xss)
#   Set larger code cache with -XX:ReservedCodeCacheSize=
# This output file may be truncated or incomplete.
#
#  Out of Memory Error (allocation.cpp:390), pid=50136, tid=0x000000000000bb98
#
# JRE version: OpenJDK Runtime Environment (8.0_152-b01) (build 1.8.0_152-release-915-b01)
# Java VM: OpenJDK 64-Bit Server VM (25.152-b01 mixed mode windows-amd64 compressed oops)
# Failed to write core dump. Minidumps are not enabled by default on client versions of Windows
#

---------------  T H R E A D  ---------------

Current thread (0x0000000017946000):  JavaThread "C2 CompilerThread1" daemon [_thread_in_native, id=48024, stack(0x0000000018330000,0x0000000018430000)]

Stack: [0x0000000018330000,0x0000000018430000]
[error occurred during error reporting (printing stack bounds), id 0xc0000005]

Native frames: (J=compiled Java code, j=interpreted, Vv=VM code, C=native code)


Current CompileTask:
C2:   1415  802 %     4       org.objectweb.asm.ClassReader::a @ 74 (3587 bytes)


---------------  P R O C E S S  ---------------

Java Threads: ( => current thread )
  0x00000000179b7800 JavaThread "Service Thread" daemon [_thread_blocked, id=1576, stack(0x0000000018630000,0x0000000018730000)]
  0x0000000017994000 JavaThread "C1 CompilerThread3" daemon [_thread_blocked, id=45136, stack(0x0000000018530000,0x0000000018630000)]
  0x0000000017949000 JavaThread "C2 CompilerThread2" daemon [_thread_blocked, id=47044, stack(0x0000000018430000,0x0000000018530000)]
=>0x0000000017946000 JavaThread "C2 CompilerThread1" daemon [_thread_in_native, id=48024, stack(0x0000000018330000,0x0000000018430000)]
  0x0000000017940800 JavaThread "C2 CompilerThread0" daemon [_thread_blocked, id=42148, stack(0x0000000018230000,0x0000000018330000)]
  0x0000000017991800 JavaThread "Attach Listener" daemon [_thread_blocked, id=48132, stack(0x0000000018130000,0x0000000018230000)]
  0x0000000017990800 JavaThread "Signal Dispatcher" daemon [_thread_blocked, id=12332, stack(0x0000000018030000,0x0000000018130000)]
  0x0000000017930800 JavaThread "Finalizer" daemon [_thread_blocked, id=19576, stack(0x0000000017d10000,0x0000000017e10000)]
  0x0000000005239000 JavaThread "Reference Handler" daemon [_thread_blocked, id=35648, stack(0x0000000017810000,0x0000000017910000)]
  0x0000000005144000 JavaThread "main" [_thread_in_vm, id=54108, stack(0x0000000005010000,0x0000000005110000)]

Other Threads:
  0x0000000015a35000 VMThread [stack: 0x0000000017710000,0x0000000017810000] [id=23184]
  0x00000000179b8000 WatcherThread [stack: 0x0000000018730000,0x0000000018830000] [id=50060]

VM state:not at safepoint (normal execution)

VM Mutex/Monitor currently owned by a thread: None

Heap:
 PSYoungGen      total 18944K, used 17610K [0x00000000feb00000, 0x0000000100000000, 0x0000000100000000)
  eden space 16384K, 92% used [0x00000000feb00000,0x00000000ff9ba898,0x00000000ffb00000)
  from space 2560K, 98% used [0x00000000ffb00000,0x00000000ffd78010,0x00000000ffd80000)
  to   space 2560K, 0% used [0x00000000ffd80000,0x00000000ffd80000,0x0000000100000000)
 ParOldGen       total 44032K, used 1544K [0x00000000fc000000, 0x00000000feb00000, 0x00000000feb00000)
  object space 44032K, 3% used [0x00000000fc000000,0x00000000fc182180,0x00000000feb00000)
 Metaspace       used 7484K, capacity 7624K, committed 7936K, reserved 1056768K
  class space    used 867K, capacity 924K, committed 1024K, reserved 1048576K

Card table byte_map: [0x0000000014600000,0x0000000014630000] byte_map_base: 0x0000000013e20000

Marking Bits: (ParMarkBitMap*) 0x0000000074113950
 Begin Bits: [0x0000000014e30000, 0x0000000014f30000)
 End Bits:   [0x0000000014f30000, 0x0000000015030000)

Polling page: 0x0000000003820000

CodeCache: size=245760Kb used=3195Kb max_used=3199Kb free=242564Kb
 bounds [0x0000000005240000, 0x0000000005570000, 0x0000000014240000]
 total_blobs=1165 nmethods=833 adapters=246
 compilation: enabled

Compilation events (10 events):
Event: 1.403 Thread 0x0000000017994000  830       3       org.objectweb.asm.tree.FrameNode::<init> (111 bytes)
Event: 1.404 Thread 0x0000000017940800  834       4       org.objectweb.asm.ClassWriter::b (152 bytes)
Event: 1.405 Thread 0x0000000017994000 nmethod 830 0x00000000055575d0 code [0x0000000005557960, 0x0000000005559818]
Event: 1.405 Thread 0x0000000017994000  832       3       org.objectweb.asm.MethodWriter::visitFrame (823 bytes)
Event: 1.407 Thread 0x0000000017994000 nmethod 832 0x000000000555b050 code [0x000000000555b520, 0x000000000555dc18]
Event: 1.407 Thread 0x0000000017994000  833       3       org.objectweb.asm.tree.FrameNode::asArray (53 bytes)
Event: 1.408 Thread 0x0000000017994000 nmethod 833 0x000000000555f490 code [0x000000000555f660, 0x000000000555ffb8]
Event: 1.408 Thread 0x0000000017994000  831       3       org.objectweb.asm.tree.FrameNode::accept (173 bytes)
Event: 1.408 Thread 0x0000000017994000 nmethod 831 0x0000000005560290 code [0x00000000055604e0, 0x0000000005560f48]
Event: 1.409 Thread 0x0000000017940800 nmethod 834 0x0000000005561d90 code [0x0000000005561f00, 0x0000000005562278]

GC Heap History (2 events):
Event: 0.993 GC heap before
{Heap before GC invocations=1 (full 0):
 PSYoungGen      total 18944K, used 16384K [0x00000000feb00000, 0x0000000100000000, 0x0000000100000000)
  eden space 16384K, 100% used [0x00000000feb00000,0x00000000ffb00000,0x00000000ffb00000)
  from space 2560K, 0% used [0x00000000ffd80000,0x00000000ffd80000,0x0000000100000000)
  to   space 2560K, 0% used [0x00000000ffb00000,0x00000000ffb00000,0x00000000ffd80000)
 ParOldGen       total 44032K, used 0K [0x00000000fc000000, 0x00000000feb00000, 0x00000000feb00000)
  object space 44032K, 0% used [0x00000000fc000000,0x00000000fc000000,0x00000000feb00000)
 Metaspace       used 6590K, capacity 6746K, committed 7040K, reserved 1056768K
  class space    used 773K, capacity 823K, committed 896K, reserved 1048576K
Event: 1.002 GC heap after
Heap after GC invocations=1 (full 0):
 PSYoungGen      total 18944K, used 2528K [0x00000000feb00000, 0x0000000100000000, 0x0000000100000000)
  eden space 16384K, 0% used [0x00000000feb00000,0x00000000feb00000,0x00000000ffb00000)
  from space 2560K, 98% used [0x00000000ffb00000,0x00000000ffd78010,0x00000000ffd80000)
  to   space 2560K, 0% used [0x00000000ffd80000,0x00000000ffd80000,0x0000000100000000)
 ParOldGen       total 44032K, used 1544K [0x00000000fc000000, 0x00000000feb00000, 0x00000000feb00000)
  object space 44032K, 3% used [0x00000000fc000000,0x00000000fc182180,0x00000000feb00000)
 Metaspace       used 6590K, capacity 6746K, committed 7040K, reserved 1056768K
  class space    used 773K, capacity 823K, committed 896K, reserved 1048576K
}

Deoptimization events (10 events):
Event: 0.967 Thread 0x0000000005144000 Uncommon trap: reason=unstable_if action=reinterpret pc=0x000000000546687c method=java.util.zip.ZipCoder.decoder()Ljava/nio/charset/CharsetDecoder; @ 4
Event: 0.969 Thread 0x0000000005144000 Uncommon trap: reason=unstable_if action=reinterpret pc=0x0000000005461d5c method=java.util.zip.ZipFile$ZipEntryIterator.hasNext()Z @ 25
Event: 1.025 Thread 0x0000000005144000 Uncommon trap: reason=unstable_if action=reinterpret pc=0x00000000054715b8 method=java.util.zip.ZipCoder.decoder()Ljava/nio/charset/CharsetDecoder; @ 4
Event: 1.026 Thread 0x0000000005144000 Uncommon trap: reason=unstable_if action=reinterpret pc=0x000000000546ee48 method=java.util.zip.ZipCoder.decoder()Ljava/nio/charset/CharsetDecoder; @ 4
Event: 1.026 Thread 0x0000000005144000 Uncommon trap: reason=unstable_if action=reinterpret pc=0x00000000054764dc method=java.util.zip.ZipCoder.decoder()Ljava/nio/charset/CharsetDecoder; @ 4
Event: 1.031 Thread 0x0000000005144000 Uncommon trap: reason=unstable_if action=reinterpret pc=0x000000000547f748 method=java.util.HashMap$HashIterator.nextNode()Ljava/util/HashMap$Node; @ 74
Event: 1.082 Thread 0x0000000005144000 Uncommon trap: reason=unstable_if action=reinterpret pc=0x00000000054783c8 method=java.util.HashMap$HashIterator.nextNode()Ljava/util/HashMap$Node; @ 74
Event: 1.137 Thread 0x0000000005144000 Uncommon trap: reason=unloaded action=reinterpret pc=0x000000000546be7c method=java.util.zip.ZipEntry.setExtra0([BZ)V @ 37
Event: 1.247 Thread 0x0000000005144000 Uncommon trap: reason=unstable_if action=reinterpret pc=0x00000000053d98f8 method=java.lang.String.<init>([CII)V @ 18
Event: 1.317 Thread 0x0000000005144000 Uncommon trap: reason=unstable_if action=reinterpret pc=0x00000000054e22b4 method=org.objectweb.asm.ClassReader.readUTF8(I[C)Ljava/lang/String; @ 7

Classes redefined (0 events):
No events

Internal exceptions (10 events):
Event: 1.079 Thread 0x0000000005144000 Exception <a 'sun/nio/fs/WindowsException'> (0x00000000ff1d6e00) thrown at [D:\src\AOSP-openjdk-cygwin\jdk8u\hotspot\src\share\vm\prims\jni.cpp, line 709]
Event: 1.079 Thread 0x0000000005144000 Exception <a 'sun/nio/fs/WindowsException'> (0x00000000ff1d73c8) thrown at [D:\src\AOSP-openjdk-cygwin\jdk8u\hotspot\src\share\vm\prims\jni.cpp, line 709]
Event: 1.079 Thread 0x0000000005144000 Exception <a 'sun/nio/fs/WindowsException'> (0x00000000ff1d7b88) thrown at [D:\src\AOSP-openjdk-cygwin\jdk8u\hotspot\src\share\vm\prims\jni.cpp, line 709]
Event: 1.079 Thread 0x0000000005144000 Exception <a 'sun/nio/fs/WindowsException'> (0x00000000ff1d8128) thrown at [D:\src\AOSP-openjdk-cygwin\jdk8u\hotspot\src\share\vm\prims\jni.cpp, line 709]
Event: 1.079 Thread 0x0000000005144000 Exception <a 'sun/nio/fs/WindowsException'> (0x00000000ff1d88d8) thrown at [D:\src\AOSP-openjdk-cygwin\jdk8u\hotspot\src\share\vm\prims\jni.cpp, line 709]
Event: 1.101 Thread 0x0000000005144000 Exception <a 'sun/nio/fs/WindowsException'> (0x00000000ff1ddc18) thrown at [D:\src\AOSP-openjdk-cygwin\jdk8u\hotspot\src\share\vm\prims\jni.cpp, line 709]
Event: 1.167 Thread 0x0000000005144000 Exception <a 'sun/nio/fs/WindowsException'> (0x00000000ff4f9bc0) thrown at [D:\src\AOSP-openjdk-cygwin\jdk8u\hotspot\src\share\vm\prims\jni.cpp, line 709]
Event: 1.167 Thread 0x0000000005144000 Exception <a 'sun/nio/fs/WindowsException'> (0x00000000ff4fa168) thrown at [D:\src\AOSP-openjdk-cygwin\jdk8u\hotspot\src\share\vm\prims\jni.cpp, line 709]
Event: 1.312 Thread 0x0000000005144000 Exception <a 'sun/nio/fs/WindowsException'> (0x00000000ff741570) thrown at [D:\src\AOSP-openjdk-cygwin\jdk8u\hotspot\src\share\vm\prims\jni.cpp, line 709]
Event: 1.312 Thread 0x0000000005144000 Exception <a 'sun/nio/fs/WindowsException'> (0x00000000ff741a98) thrown at [D:\src\AOSP-openjdk-cygwin\jdk8u\hotspot\src\share\vm\prims\jni.cpp, line 709]

Events (10 events):
Event: 1.247 Thread 0x0000000005144000 DEOPT UNPACKING pc=0x000000000528556a sp=0x000000000510e9b8 mode 2
Event: 1.272 loading class org/objectweb/asm/tree/TryCatchBlockNode
Event: 1.272 loading class org/objectweb/asm/tree/TryCatchBlockNode done
Event: 1.273 loading class org/objectweb/asm/Handler
Event: 1.273 loading class org/objectweb/asm/Handler done
Event: 1.290 loading class java/util/Vector$Itr
Event: 1.290 loading class java/util/Vector$Itr done
Event: 1.317 Thread 0x0000000005144000 Uncommon trap: trap_request=0xffffff65 fr.pc=0x00000000054e22b4
Event: 1.317 Thread 0x0000000005144000 DEOPT PACKING pc=0x00000000054e22b4 sp=0x000000000510ed70
Event: 1.317 Thread 0x0000000005144000 DEOPT UNPACKING pc=0x000000000528556a sp=0x000000000510ed40 mode 2


Dynamic libraries:
0x00007ff6561e0000 - 0x00007ff656211000 	D:\Program Files\Android\Android Studio\jre\bin\java.exe
0x00007ff876090000 - 0x00007ff876270000 	C:\WINDOWS\SYSTEM32\ntdll.dll
0x00007ff8747f0000 - 0x00007ff87489e000 	C:\WINDOWS\System32\KERNEL32.DLL
0x00007ff872970000 - 0x00007ff872bd6000 	C:\WINDOWS\System32\KERNELBASE.dll
0x00007ff8737e0000 - 0x00007ff873881000 	C:\WINDOWS\System32\ADVAPI32.dll
0x00007ff873fc0000 - 0x00007ff87405d000 	C:\WINDOWS\System32\msvcrt.dll
0x00007ff873b40000 - 0x00007ff873b9b000 	C:\WINDOWS\System32\sechost.dll
0x00007ff875f40000 - 0x00007ff87605f000 	C:\WINDOWS\System32\RPCRT4.dll
0x00007ff8739b0000 - 0x00007ff873b3f000 	C:\WINDOWS\System32\USER32.dll
0x00007ff872c40000 - 0x00007ff872c60000 	C:\WINDOWS\System32\win32u.dll
0x00007ff874060000 - 0x00007ff874088000 	C:\WINDOWS\System32\GDI32.dll
0x00007ff8725b0000 - 0x00007ff872743000 	C:\WINDOWS\System32\gdi32full.dll
0x00007ff872510000 - 0x00007ff8725ab000 	C:\WINDOWS\System32\msvcp_win.dll
0x00007ff873460000 - 0x00007ff873556000 	C:\WINDOWS\System32\ucrtbase.dll
0x00007ff861c20000 - 0x00007ff861e89000 	C:\WINDOWS\WinSxS\amd64_microsoft.windows.common-controls_6595b64144ccf1df_6.0.16299.192_none_15c8cdae9364c23b\COMCTL32.dll
0x00007ff8744e0000 - 0x00007ff8747e8000 	C:\WINDOWS\System32\combase.dll
0x00007ff872490000 - 0x00007ff872502000 	C:\WINDOWS\System32\bcryptPrimitives.dll
0x00007ff8737b0000 - 0x00007ff8737dd000 	C:\WINDOWS\System32\IMM32.DLL
0x00000000755a0000 - 0x0000000075672000 	D:\Program Files\Android\Android Studio\jre\jre\bin\msvcr100.dll
0x0000000073950000 - 0x000000007418e000 	D:\Program Files\Android\Android Studio\jre\jre\bin\server\jvm.dll
0x00007ff873cf0000 - 0x00007ff873cf8000 	C:\WINDOWS\System32\PSAPI.DLL
0x00007ff86b630000 - 0x00007ff86b639000 	C:\WINDOWS\SYSTEM32\WSOCK32.dll
0x00007ff86af90000 - 0x00007ff86afb3000 	C:\WINDOWS\SYSTEM32\WINMM.dll
0x00007ff86d010000 - 0x00007ff86d01a000 	C:\WINDOWS\SYSTEM32\VERSION.dll
0x00007ff8748a0000 - 0x00007ff87490c000 	C:\WINDOWS\System32\WS2_32.dll
0x00007ff86af30000 - 0x00007ff86af5a000 	C:\WINDOWS\SYSTEM32\WINMMBASE.dll
0x00007ff872750000 - 0x00007ff87279a000 	C:\WINDOWS\System32\cfgmgr32.dll
0x00007ff86eff0000 - 0x00007ff86efff000 	D:\Program Files\Android\Android Studio\jre\jre\bin\verify.dll
0x00007ff86b450000 - 0x00007ff86b479000 	D:\Program Files\Android\Android Studio\jre\jre\bin\java.dll
0x00007ff86afc0000 - 0x00007ff86afd6000 	D:\Program Files\Android\Android Studio\jre\jre\bin\zip.dll
0x00007ff874b00000 - 0x00007ff875f36000 	C:\WINDOWS\System32\SHELL32.dll
0x00007ff873700000 - 0x00007ff8737a6000 	C:\WINDOWS\System32\shcore.dll
0x00007ff872d10000 - 0x00007ff873457000 	C:\WINDOWS\System32\windows.storage.dll
0x00007ff874aa0000 - 0x00007ff874af1000 	C:\WINDOWS\System32\shlwapi.dll
0x00007ff872470000 - 0x00007ff872481000 	C:\WINDOWS\System32\kernel.appcore.dll
0x00007ff872400000 - 0x00007ff87244c000 	C:\WINDOWS\System32\powrprof.dll
0x00007ff872450000 - 0x00007ff87246b000 	C:\WINDOWS\System32\profapi.dll
0x00007ff871e30000 - 0x00007ff871e47000 	C:\WINDOWS\SYSTEM32\CRYPTSP.dll
0x00007ff871660000 - 0x00007ff871693000 	C:\WINDOWS\system32\rsaenh.dll
0x00007ff871f40000 - 0x00007ff871f65000 	C:\WINDOWS\SYSTEM32\bcrypt.dll
0x00007ff872310000 - 0x00007ff872339000 	C:\WINDOWS\SYSTEM32\USERENV.dll
0x00007ff871e50000 - 0x00007ff871e5b000 	C:\WINDOWS\SYSTEM32\CRYPTBASE.dll
0x00007ff8619e0000 - 0x00007ff8619fa000 	D:\Program Files\Android\Android Studio\jre\jre\bin\net.dll
0x00007ff871c70000 - 0x00007ff871cd6000 	C:\WINDOWS\system32\mswsock.dll
0x00007ff871a00000 - 0x00007ff871a39000 	C:\WINDOWS\SYSTEM32\IPHLPAPI.DLL
0x00007ff8739a0000 - 0x00007ff8739a8000 	C:\WINDOWS\System32\NSI.dll
0x00007ff86f450000 - 0x00007ff86f466000 	C:\WINDOWS\SYSTEM32\dhcpcsvc6.DLL
0x00007ff86f340000 - 0x00007ff86f35a000 	C:\WINDOWS\SYSTEM32\dhcpcsvc.DLL
0x00007ff8615f0000 - 0x00007ff861601000 	D:\Program Files\Android\Android Studio\jre\jre\bin\nio.dll

VM Arguments:
jvm_args: -Djava.awt.headless=true -Xmx64M -Dfile.encoding=windows-1256 -Duser.country=US -Duser.language=en -Duser.variant 
java_command: com.google.devtools.build.android.desugar.Desugar --input D:\src\Samples\Android\SamsungPay\noonpaySample\app\build\intermediates\transforms\stackFramesFixer\debug\10.jar --output D:\src\Samples\Android\SamsungPay\noonpaySample\app\build\intermediates\transforms\desugar\debug\11.jar --input D:\src\Samples\Android\SamsungPay\noonpaySample\app\build\intermediates\transforms\stackFramesFixer\debug\15.jar --output D:\src\Samples\Android\SamsungPay\noonpaySample\app\build\intermediates\transforms\desugar\debug\16.jar --input D:\src\Samples\Android\SamsungPay\noonpaySample\app\build\intermediates\transforms\stackFramesFixer\debug\19.jar --output D:\src\Samples\Android\SamsungPay\noonpaySample\app\build\intermediates\transforms\desugar\debug\20.jar --classpath_entry D:\src\Samples\Android\SamsungPay\noonpaySample\app\build\intermediates\classes\debug --classpath_entry D:\src\Samples\Android\SamsungPay\noonpaySample\app\build\intermediates\transforms\stackFramesFixer\debug\0.jar --classpath_entry D:\src\Samples\Android\SamsungPay\noonpaySample\app\build\intermediates\transforms\stackFramesFixer\debug\1.jar --classpath_entry D:\src\Samples\Android\SamsungPay\noonpaySample\app\build\intermediates\transforms\stackFramesFixer\debug\2.jar --classpath_entry D:\src\Samples\Android\SamsungPay\noonpaySample\app\build\intermediates\transforms\stackFramesFixer\debug\3.jar --classpath_entry D:\src\Samples\Android\SamsungPay\noonpaySample\app\build\intermediates\transforms\stackFramesFixer\debug\4.jar --classpath_entry D:\src\Samples\Android\SamsungPay\noonpaySample\app\build\intermediates\transforms\stackFramesFixer\debug\5.jar --classpath_entry D:\src\Samples\Android\SamsungPay\noonpaySample\app\build\intermediates\transforms\stackFramesFixer\debug\6.jar --classpath_entry D:\src\Samples\Android\SamsungPay\noonpaySample\app\build\intermediates\transforms\stackFramesFixer\debug\7.jar --classpath_entry D:\src\Samples\Android\SamsungPay\noonpaySample\app\build\intermediate
java_class_path (initial): C:\Users\abdo\AppData\Local\Temp\desugar_deploy.jar7994517040013856052
Launcher Type: SUN_STANDARD

Environment Variables:
JAVA_HOME=C:\Users\abdo\scoop\apps\openjdk\current
USERNAME=abdo
OS=Windows_NT
PROCESSOR_IDENTIFIER=Intel64 Family 6 Model 94 Stepping 3, GenuineIntel



---------------  S Y S T E M  ---------------

OS: Windows 10.0 , 64 bit Build 16299 (10.0.16299.15)

CPU:total 8 (initial active 8) (4 cores per cpu, 2 threads per core) family 6 model 94 stepping 3, cmov, cx8, fxsr, mmx, sse, sse2, sse3, ssse3, sse4.1, sse4.2, popcnt, avx, avx2, aes, clmul, erms, rtm, 3dnowpref, lzcnt, ht, tsc, tscinvbit, bmi1, bmi2, adx

Memory: 4k page, physical 16666212k(4493548k free), swap 17714788k(19716k free)

vm_info: OpenJDK 64-Bit Server VM (25.152-b01) for windows-amd64 JRE (1.8.0_152-release-915-b01), built by "builder" with MS VC++ 10.0 (VS2010)

time: Thu Mar 15 18:06:10 2018
elapsed time: 1 seconds (0d 0h 0m 1s)

