#
# There is insufficient memory for the Java Runtime Environment to continue.
# Native memory allocation (malloc) failed to allocate 32744 bytes for ChunkPool::allocate
# Possible reasons:
#   The system is out of physical RAM or swap space
#   In 32 bit mode, the process size limit was hit
# Possible solutions:
#   Reduce memory load on the system
#   Increase physical memory or swap space
#   Check if swap backing store is full
#   Use 64 bit Java on a 64 bit OS
#   Decrease Java heap size (-Xmx/-Xms)
#   Decrease number of Java threads
#   Decrease Java thread stack sizes (-Xss)
#   Set larger code cache with -XX:ReservedCodeCacheSize=
# This output file may be truncated or incomplete.
#
#  Out of Memory Error (allocation.cpp:273), pid=49672, tid=0x00000000000045fc
#
# JRE version: OpenJDK Runtime Environment (8.0_152-b01) (build 1.8.0_152-release-915-b01)
# Java VM: OpenJDK 64-Bit Server VM (25.152-b01 mixed mode windows-amd64 compressed oops)
# Failed to write core dump. Minidumps are not enabled by default on client versions of Windows
#

---------------  T H R E A D  ---------------

Current thread (0x0000000017660800):  JavaThread "C2 CompilerThread0" daemon [_thread_in_native, id=17916, stack(0x0000000017f50000,0x0000000018050000)]

Stack: [0x0000000017f50000,0x0000000018050000]
[error occurred during error reporting (printing stack bounds), id 0xc0000005]

Native frames: (J=compiled Java code, j=interpreted, Vv=VM code, C=native code)


Current CompileTask:
C2:   2585  801 %     4       org.objectweb.asm.ClassReader::a @ 74 (3587 bytes)


---------------  P R O C E S S  ---------------

Java Threads: ( => current thread )
  0x0000000017734800 JavaThread "Service Thread" daemon [_thread_blocked, id=54676, stack(0x0000000018350000,0x0000000018450000)]
  0x00000000176f1800 JavaThread "C1 CompilerThread3" daemon [_thread_blocked, id=25524, stack(0x0000000018250000,0x0000000018350000)]
  0x0000000017669000 JavaThread "C2 CompilerThread2" daemon [_thread_blocked, id=52904, stack(0x0000000018150000,0x0000000018250000)]
  0x0000000017664000 JavaThread "C2 CompilerThread1" daemon [_thread_blocked, id=6232, stack(0x0000000018050000,0x0000000018150000)]
=>0x0000000017660800 JavaThread "C2 CompilerThread0" daemon [_thread_in_native, id=17916, stack(0x0000000017f50000,0x0000000018050000)]
  0x00000000176b1800 JavaThread "Attach Listener" daemon [_thread_blocked, id=40252, stack(0x0000000017e50000,0x0000000017f50000)]
  0x00000000176b0800 JavaThread "Signal Dispatcher" daemon [_thread_blocked, id=51916, stack(0x0000000017d50000,0x0000000017e50000)]
  0x0000000017650800 JavaThread "Finalizer" daemon [_thread_blocked, id=36884, stack(0x0000000017a30000,0x0000000017b30000)]
  0x0000000004f99000 JavaThread "Reference Handler" daemon [_thread_blocked, id=50852, stack(0x0000000017530000,0x0000000017630000)]
  0x0000000004ea4000 JavaThread "main" [_thread_blocked, id=16264, stack(0x0000000004bd0000,0x0000000004cd0000)]

Other Threads:
  0x0000000015745000 VMThread [stack: 0x0000000017430000,0x0000000017530000] [id=37904]
  0x0000000017735800 WatcherThread [stack: 0x0000000018450000,0x0000000018550000] [id=54024]

VM state:at safepoint (normal execution)

VM Mutex/Monitor currently owned by a thread:  ([mutex/lock_event])
[0x0000000004ea10d0] Threads_lock - owner thread: 0x0000000015745000
[0x0000000004ea0cd0] Heap_lock - owner thread: 0x0000000004ea4000

Heap:
 PSYoungGen      total 18944K, used 18912K [0x00000000feb00000, 0x0000000100000000, 0x0000000100000000)
  eden space 16384K, 100% used [0x00000000feb00000,0x00000000ffb00000,0x00000000ffb00000)
  from space 2560K, 98% used [0x00000000ffb00000,0x00000000ffd78010,0x00000000ffd80000)
  to   space 2560K, 99% used [0x00000000ffd80000,0x00000000ffffa7f0,0x0000000100000000)
 ParOldGen       total 44032K, used 4586K [0x00000000fc000000, 0x00000000feb00000, 0x00000000feb00000)
  object space 44032K, 10% used [0x00000000fc000000,0x00000000fc47a938,0x00000000feb00000)
 Metaspace       used 7514K, capacity 7688K, committed 7936K, reserved 1056768K
  class space    used 867K, capacity 924K, committed 1024K, reserved 1048576K

Card table byte_map: [0x0000000004e10000,0x0000000004e40000] byte_map_base: 0x0000000004630000

Marking Bits: (ParMarkBitMap*) 0x0000000074113950
 Begin Bits: [0x0000000014b60000, 0x0000000014c60000)
 End Bits:   [0x0000000014c60000, 0x0000000014d60000)

Polling page: 0x0000000004cd0000

CodeCache: size=245760Kb used=3326Kb max_used=3337Kb free=242434Kb
 bounds [0x0000000004fa0000, 0x00000000052f0000, 0x0000000013fa0000]
 total_blobs=1194 nmethods=862 adapters=246
 compilation: enabled

Compilation events (10 events):
Event: 2.522 Thread 0x00000000176f1800 nmethod 851 0x00000000052d3650 code [0x00000000052d37c0, 0x00000000052d39c8]
Event: 2.525 Thread 0x00000000176f1800  860       3       org.objectweb.asm.FieldWriter::a (262 bytes)
Event: 2.526 Thread 0x00000000176f1800 nmethod 860 0x00000000052d9490 code [0x00000000052d9720, 0x00000000052da628]
Event: 2.526 Thread 0x00000000176f1800  861       3       org.objectweb.asm.MethodWriter::a (845 bytes)
Event: 2.528 Thread 0x0000000017669000  870       4       java.util.ArrayList::get (11 bytes)
Event: 2.529 Thread 0x0000000017669000 nmethod 870 0x00000000052d3290 code [0x00000000052d33c0, 0x00000000052d3478]
Event: 2.529 Thread 0x0000000017664000  871       4       sun.nio.cs.UTF_8$Encoder::encode (359 bytes)
Event: 2.529 Thread 0x00000000176f1800 nmethod 861 0x00000000052e0010 code [0x00000000052e0480, 0x00000000052e2868]
Event: 2.529 Thread 0x00000000176f1800  863       3       org.objectweb.asm.MethodWriter::a (1609 bytes)
Event: 2.532 Thread 0x0000000017664000 nmethod 871 0x00000000052dfb10 code [0x00000000052dfc60, 0x00000000052dfeb8]

GC Heap History (3 events):
Event: 1.646 GC heap before
{Heap before GC invocations=1 (full 0):
 PSYoungGen      total 18944K, used 16384K [0x00000000feb00000, 0x0000000100000000, 0x0000000100000000)
  eden space 16384K, 100% used [0x00000000feb00000,0x00000000ffb00000,0x00000000ffb00000)
  from space 2560K, 0% used [0x00000000ffd80000,0x00000000ffd80000,0x0000000100000000)
  to   space 2560K, 0% used [0x00000000ffb00000,0x00000000ffb00000,0x00000000ffd80000)
 ParOldGen       total 44032K, used 0K [0x00000000fc000000, 0x00000000feb00000, 0x00000000feb00000)
  object space 44032K, 0% used [0x00000000fc000000,0x00000000fc000000,0x00000000feb00000)
 Metaspace       used 6572K, capacity 6682K, committed 6784K, reserved 1056768K
  class space    used 773K, capacity 823K, committed 896K, reserved 1048576K
Event: 1.653 GC heap after
Heap after GC invocations=1 (full 0):
 PSYoungGen      total 18944K, used 2528K [0x00000000feb00000, 0x0000000100000000, 0x0000000100000000)
  eden space 16384K, 0% used [0x00000000feb00000,0x00000000feb00000,0x00000000ffb00000)
  from space 2560K, 98% used [0x00000000ffb00000,0x00000000ffd78010,0x00000000ffd80000)
  to   space 2560K, 0% used [0x00000000ffd80000,0x00000000ffd80000,0x0000000100000000)
 ParOldGen       total 44032K, used 1485K [0x00000000fc000000, 0x00000000feb00000, 0x00000000feb00000)
  object space 44032K, 3% used [0x00000000fc000000,0x00000000fc173640,0x00000000feb00000)
 Metaspace       used 6572K, capacity 6682K, committed 6784K, reserved 1056768K
  class space    used 773K, capacity 823K, committed 896K, reserved 1048576K
}
Event: 2.533 GC heap before
{Heap before GC invocations=2 (full 0):
 PSYoungGen      total 18944K, used 18912K [0x00000000feb00000, 0x0000000100000000, 0x0000000100000000)
  eden space 16384K, 100% used [0x00000000feb00000,0x00000000ffb00000,0x00000000ffb00000)
  from space 2560K, 98% used [0x00000000ffb00000,0x00000000ffd78010,0x00000000ffd80000)
  to   space 2560K, 0% used [0x00000000ffd80000,0x00000000ffd80000,0x0000000100000000)
 ParOldGen       total 44032K, used 1485K [0x00000000fc000000, 0x00000000feb00000, 0x00000000feb00000)
  object space 44032K, 3% used [0x00000000fc000000,0x00000000fc173640,0x00000000feb00000)
 Metaspace       used 7514K, capacity 7688K, committed 7936K, reserved 1056768K
  class space    used 867K, capacity 924K, committed 1024K, reserved 1048576K

Deoptimization events (10 events):
Event: 1.628 Thread 0x0000000004ea4000 Uncommon trap: reason=unstable_if action=reinterpret pc=0x00000000051d2808 method=java.util.zip.ZipCoder.decoder()Ljava/nio/charset/CharsetDecoder; @ 4
Event: 1.630 Thread 0x0000000004ea4000 Uncommon trap: reason=unstable_if action=reinterpret pc=0x00000000051bf31c method=java.util.zip.ZipFile$ZipEntryIterator.hasNext()Z @ 25
Event: 1.630 Thread 0x0000000004ea4000 Uncommon trap: reason=unstable_if action=reinterpret pc=0x00000000051d03dc method=java.util.zip.ZipCoder.decoder()Ljava/nio/charset/CharsetDecoder; @ 4
Event: 1.712 Thread 0x0000000004ea4000 Uncommon trap: reason=unstable_if action=reinterpret pc=0x00000000051c589c method=java.util.zip.ZipCoder.decoder()Ljava/nio/charset/CharsetDecoder; @ 4
Event: 1.712 Thread 0x0000000004ea4000 Uncommon trap: reason=unstable_if action=reinterpret pc=0x00000000051c14ec method=java.util.zip.ZipCoder.decoder()Ljava/nio/charset/CharsetDecoder; @ 4
Event: 1.712 Thread 0x0000000004ea4000 Uncommon trap: reason=unstable_if action=reinterpret pc=0x00000000051bfebc method=java.util.zip.ZipCoder.decoder()Ljava/nio/charset/CharsetDecoder; @ 4
Event: 1.723 Thread 0x0000000004ea4000 Uncommon trap: reason=unstable_if action=reinterpret pc=0x00000000051dc348 method=java.util.HashMap$HashIterator.nextNode()Ljava/util/HashMap$Node; @ 74
Event: 1.780 Thread 0x0000000004ea4000 Uncommon trap: reason=unstable_if action=reinterpret pc=0x00000000051e2648 method=java.util.HashMap$HashIterator.nextNode()Ljava/util/HashMap$Node; @ 74
Event: 1.889 Thread 0x0000000004ea4000 Uncommon trap: reason=unloaded action=reinterpret pc=0x00000000051d42bc method=java.util.zip.ZipEntry.setExtra0([BZ)V @ 37
Event: 1.942 Thread 0x0000000004ea4000 Uncommon trap: reason=unstable_if action=reinterpret pc=0x000000000515f738 method=java.lang.String.<init>([CII)V @ 18

Classes redefined (0 events):
No events

Internal exceptions (10 events):
Event: 1.778 Thread 0x0000000004ea4000 Exception <a 'sun/nio/fs/WindowsException'> (0x00000000ff1d8d58) thrown at [D:\src\AOSP-openjdk-cygwin\jdk8u\hotspot\src\share\vm\prims\jni.cpp, line 709]
Event: 1.778 Thread 0x0000000004ea4000 Exception <a 'sun/nio/fs/WindowsException'> (0x00000000ff1d9328) thrown at [D:\src\AOSP-openjdk-cygwin\jdk8u\hotspot\src\share\vm\prims\jni.cpp, line 709]
Event: 1.778 Thread 0x0000000004ea4000 Exception <a 'sun/nio/fs/WindowsException'> (0x00000000ff1d9ae8) thrown at [D:\src\AOSP-openjdk-cygwin\jdk8u\hotspot\src\share\vm\prims\jni.cpp, line 709]
Event: 1.778 Thread 0x0000000004ea4000 Exception <a 'sun/nio/fs/WindowsException'> (0x00000000ff1da090) thrown at [D:\src\AOSP-openjdk-cygwin\jdk8u\hotspot\src\share\vm\prims\jni.cpp, line 709]
Event: 1.778 Thread 0x0000000004ea4000 Exception <a 'sun/nio/fs/WindowsException'> (0x00000000ff1da840) thrown at [D:\src\AOSP-openjdk-cygwin\jdk8u\hotspot\src\share\vm\prims\jni.cpp, line 709]
Event: 1.793 Thread 0x0000000004ea4000 Exception <a 'sun/nio/fs/WindowsException'> (0x00000000ff1dfbc0) thrown at [D:\src\AOSP-openjdk-cygwin\jdk8u\hotspot\src\share\vm\prims\jni.cpp, line 709]
Event: 1.905 Thread 0x0000000004ea4000 Exception <a 'sun/nio/fs/WindowsException'> (0x00000000ff4fbbd8) thrown at [D:\src\AOSP-openjdk-cygwin\jdk8u\hotspot\src\share\vm\prims\jni.cpp, line 709]
Event: 1.905 Thread 0x0000000004ea4000 Exception <a 'sun/nio/fs/WindowsException'> (0x00000000ff4fc180) thrown at [D:\src\AOSP-openjdk-cygwin\jdk8u\hotspot\src\share\vm\prims\jni.cpp, line 709]
Event: 2.193 Thread 0x0000000004ea4000 Exception <a 'sun/nio/fs/WindowsException'> (0x00000000ff5de690) thrown at [D:\src\AOSP-openjdk-cygwin\jdk8u\hotspot\src\share\vm\prims\jni.cpp, line 709]
Event: 2.193 Thread 0x0000000004ea4000 Exception <a 'sun/nio/fs/WindowsException'> (0x00000000ff5debb8) thrown at [D:\src\AOSP-openjdk-cygwin\jdk8u\hotspot\src\share\vm\prims\jni.cpp, line 709]

Events (10 events):
Event: 2.043 loading class java/util/zip/ZipOutputStream$XEntry done
Event: 2.043 loading class java/util/Vector$Itr
Event: 2.044 loading class java/util/Vector$Itr done
Event: 2.204 loading class org/objectweb/asm/Opcodes
Event: 2.204 loading class org/objectweb/asm/Opcodes done
Event: 2.209 loading class org/objectweb/asm/tree/TryCatchBlockNode
Event: 2.209 loading class org/objectweb/asm/tree/TryCatchBlockNode done
Event: 2.209 loading class org/objectweb/asm/Handler
Event: 2.209 loading class org/objectweb/asm/Handler done
Event: 2.533 Executing VM operation: ParallelGCFailedAllocation


Dynamic libraries:
0x00007ff6561e0000 - 0x00007ff656211000 	D:\Program Files\Android\Android Studio\jre\bin\java.exe
0x00007ff876090000 - 0x00007ff876270000 	C:\WINDOWS\SYSTEM32\ntdll.dll
0x00007ff8747f0000 - 0x00007ff87489e000 	C:\WINDOWS\System32\KERNEL32.DLL
0x00007ff872970000 - 0x00007ff872bd6000 	C:\WINDOWS\System32\KERNELBASE.dll
0x00007ff8737e0000 - 0x00007ff873881000 	C:\WINDOWS\System32\ADVAPI32.dll
0x00007ff873fc0000 - 0x00007ff87405d000 	C:\WINDOWS\System32\msvcrt.dll
0x00007ff873b40000 - 0x00007ff873b9b000 	C:\WINDOWS\System32\sechost.dll
0x00007ff875f40000 - 0x00007ff87605f000 	C:\WINDOWS\System32\RPCRT4.dll
0x00007ff8739b0000 - 0x00007ff873b3f000 	C:\WINDOWS\System32\USER32.dll
0x00007ff872c40000 - 0x00007ff872c60000 	C:\WINDOWS\System32\win32u.dll
0x00007ff874060000 - 0x00007ff874088000 	C:\WINDOWS\System32\GDI32.dll
0x00007ff8725b0000 - 0x00007ff872743000 	C:\WINDOWS\System32\gdi32full.dll
0x00007ff872510000 - 0x00007ff8725ab000 	C:\WINDOWS\System32\msvcp_win.dll
0x00007ff873460000 - 0x00007ff873556000 	C:\WINDOWS\System32\ucrtbase.dll
0x00007ff861c20000 - 0x00007ff861e89000 	C:\WINDOWS\WinSxS\amd64_microsoft.windows.common-controls_6595b64144ccf1df_6.0.16299.192_none_15c8cdae9364c23b\COMCTL32.dll
0x00007ff8744e0000 - 0x00007ff8747e8000 	C:\WINDOWS\System32\combase.dll
0x00007ff872490000 - 0x00007ff872502000 	C:\WINDOWS\System32\bcryptPrimitives.dll
0x00007ff8737b0000 - 0x00007ff8737dd000 	C:\WINDOWS\System32\IMM32.DLL
0x00000000755a0000 - 0x0000000075672000 	D:\Program Files\Android\Android Studio\jre\jre\bin\msvcr100.dll
0x0000000073950000 - 0x000000007418e000 	D:\Program Files\Android\Android Studio\jre\jre\bin\server\jvm.dll
0x00007ff873cf0000 - 0x00007ff873cf8000 	C:\WINDOWS\System32\PSAPI.DLL
0x00007ff86b630000 - 0x00007ff86b639000 	C:\WINDOWS\SYSTEM32\WSOCK32.dll
0x00007ff8748a0000 - 0x00007ff87490c000 	C:\WINDOWS\System32\WS2_32.dll
0x00007ff86af90000 - 0x00007ff86afb3000 	C:\WINDOWS\SYSTEM32\WINMM.dll
0x00007ff86d010000 - 0x00007ff86d01a000 	C:\WINDOWS\SYSTEM32\VERSION.dll
0x00007ff86af30000 - 0x00007ff86af5a000 	C:\WINDOWS\SYSTEM32\WINMMBASE.dll
0x00007ff872750000 - 0x00007ff87279a000 	C:\WINDOWS\System32\cfgmgr32.dll
0x00007ff86eff0000 - 0x00007ff86efff000 	D:\Program Files\Android\Android Studio\jre\jre\bin\verify.dll
0x00007ff86b450000 - 0x00007ff86b479000 	D:\Program Files\Android\Android Studio\jre\jre\bin\java.dll
0x00007ff86afc0000 - 0x00007ff86afd6000 	D:\Program Files\Android\Android Studio\jre\jre\bin\zip.dll
0x00007ff874b00000 - 0x00007ff875f36000 	C:\WINDOWS\System32\SHELL32.dll
0x00007ff873700000 - 0x00007ff8737a6000 	C:\WINDOWS\System32\shcore.dll
0x00007ff872d10000 - 0x00007ff873457000 	C:\WINDOWS\System32\windows.storage.dll
0x00007ff874aa0000 - 0x00007ff874af1000 	C:\WINDOWS\System32\shlwapi.dll
0x00007ff872470000 - 0x00007ff872481000 	C:\WINDOWS\System32\kernel.appcore.dll
0x00007ff872400000 - 0x00007ff87244c000 	C:\WINDOWS\System32\powrprof.dll
0x00007ff872450000 - 0x00007ff87246b000 	C:\WINDOWS\System32\profapi.dll
0x00007ff871e30000 - 0x00007ff871e47000 	C:\WINDOWS\SYSTEM32\CRYPTSP.dll
0x00007ff871660000 - 0x00007ff871693000 	C:\WINDOWS\system32\rsaenh.dll
0x00007ff871f40000 - 0x00007ff871f65000 	C:\WINDOWS\SYSTEM32\bcrypt.dll
0x00007ff872310000 - 0x00007ff872339000 	C:\WINDOWS\SYSTEM32\USERENV.dll
0x00007ff871e50000 - 0x00007ff871e5b000 	C:\WINDOWS\SYSTEM32\CRYPTBASE.dll
0x00007ff8619e0000 - 0x00007ff8619fa000 	D:\Program Files\Android\Android Studio\jre\jre\bin\net.dll
0x00007ff871c70000 - 0x00007ff871cd6000 	C:\WINDOWS\system32\mswsock.dll
0x00007ff871a00000 - 0x00007ff871a39000 	C:\WINDOWS\SYSTEM32\IPHLPAPI.DLL
0x00007ff8739a0000 - 0x00007ff8739a8000 	C:\WINDOWS\System32\NSI.dll
0x00007ff86f450000 - 0x00007ff86f466000 	C:\WINDOWS\SYSTEM32\dhcpcsvc6.DLL
0x00007ff86f340000 - 0x00007ff86f35a000 	C:\WINDOWS\SYSTEM32\dhcpcsvc.DLL
0x00007ff8615f0000 - 0x00007ff861601000 	D:\Program Files\Android\Android Studio\jre\jre\bin\nio.dll

VM Arguments:
jvm_args: -Djava.awt.headless=true -Xmx64M -Dfile.encoding=windows-1256 -Duser.country=US -Duser.language=en -Duser.variant 
java_command: com.google.devtools.build.android.desugar.Desugar --input D:\src\Samples\Android\SamsungPay\noonpaySample\app\build\intermediates\transforms\stackFramesFixer\debug\11.jar --output D:\src\Samples\Android\SamsungPay\noonpaySample\app\build\intermediates\transforms\desugar\debug\12.jar --input D:\src\Samples\Android\SamsungPay\noonpaySample\app\build\intermediates\transforms\stackFramesFixer\debug\15.jar --output D:\src\Samples\Android\SamsungPay\noonpaySample\app\build\intermediates\transforms\desugar\debug\16.jar --input D:\src\Samples\Android\SamsungPay\noonpaySample\app\build\intermediates\transforms\stackFramesFixer\debug\3.jar --output D:\src\Samples\Android\SamsungPay\noonpaySample\app\build\intermediates\transforms\desugar\debug\4.jar --classpath_entry D:\src\Samples\Android\SamsungPay\noonpaySample\app\build\intermediates\classes\debug --classpath_entry D:\src\Samples\Android\SamsungPay\noonpaySample\app\build\intermediates\transforms\stackFramesFixer\debug\0.jar --classpath_entry D:\src\Samples\Android\SamsungPay\noonpaySample\app\build\intermediates\transforms\stackFramesFixer\debug\1.jar --classpath_entry D:\src\Samples\Android\SamsungPay\noonpaySample\app\build\intermediates\transforms\stackFramesFixer\debug\2.jar --classpath_entry D:\src\Samples\Android\SamsungPay\noonpaySample\app\build\intermediates\transforms\stackFramesFixer\debug\3.jar --classpath_entry D:\src\Samples\Android\SamsungPay\noonpaySample\app\build\intermediates\transforms\stackFramesFixer\debug\4.jar --classpath_entry D:\src\Samples\Android\SamsungPay\noonpaySample\app\build\intermediates\transforms\stackFramesFixer\debug\5.jar --classpath_entry D:\src\Samples\Android\SamsungPay\noonpaySample\app\build\intermediates\transforms\stackFramesFixer\debug\6.jar --classpath_entry D:\src\Samples\Android\SamsungPay\noonpaySample\app\build\intermediates\transforms\stackFramesFixer\debug\7.jar --classpath_entry D:\src\Samples\Android\SamsungPay\noonpaySample\app\build\intermediates\
java_class_path (initial): C:\Users\abdo\AppData\Local\Temp\desugar_deploy.jar7994517040013856052
Launcher Type: SUN_STANDARD

Environment Variables:
JAVA_HOME=C:\Users\abdo\scoop\apps\openjdk\current
USERNAME=abdo
OS=Windows_NT
PROCESSOR_IDENTIFIER=Intel64 Family 6 Model 94 Stepping 3, GenuineIntel



---------------  S Y S T E M  ---------------

OS: Windows 10.0 , 64 bit Build 16299 (10.0.16299.15)

CPU:total 8 (initial active 8) (4 cores per cpu, 2 threads per core) family 6 model 94 stepping 3, cmov, cx8, fxsr, mmx, sse, sse2, sse3, ssse3, sse4.1, sse4.2, popcnt, avx, avx2, aes, clmul, erms, rtm, 3dnowpref, lzcnt, ht, tsc, tscinvbit, bmi1, bmi2, adx

Memory: 4k page, physical 16666212k(4348308k free), swap 17714788k(4204k free)

vm_info: OpenJDK 64-Bit Server VM (25.152-b01) for windows-amd64 JRE (1.8.0_152-release-915-b01), built by "builder" with MS VC++ 10.0 (VS2010)

time: Thu Mar 15 18:05:37 2018
elapsed time: 2 seconds (0d 0h 0m 2s)

