#
# There is insufficient memory for the Java Runtime Environment to continue.
# Native memory allocation (malloc) failed to allocate 32744 bytes for ChunkPool::allocate
# Possible reasons:
#   The system is out of physical RAM or swap space
#   In 32 bit mode, the process size limit was hit
# Possible solutions:
#   Reduce memory load on the system
#   Increase physical memory or swap space
#   Check if swap backing store is full
#   Use 64 bit Java on a 64 bit OS
#   Decrease Java heap size (-Xmx/-Xms)
#   Decrease number of Java threads
#   Decrease Java thread stack sizes (-Xss)
#   Set larger code cache with -XX:ReservedCodeCacheSize=
# This output file may be truncated or incomplete.
#
#  Out of Memory Error (allocation.cpp:273), pid=40552, tid=0x000000000000b2b0
#
# JRE version: OpenJDK Runtime Environment (8.0_152-b01) (build 1.8.0_152-release-915-b01)
# Java VM: OpenJDK 64-Bit Server VM (25.152-b01 mixed mode windows-amd64 compressed oops)
# Failed to write core dump. Minidumps are not enabled by default on client versions of Windows
#

---------------  T H R E A D  ---------------

Current thread (0x0000000017082000):  JavaThread "C2 CompilerThread2" daemon [_thread_in_native, id=45744, stack(0x0000000017b20000,0x0000000017c20000)]

Stack: [0x0000000017b20000,0x0000000017c20000]
[error occurred during error reporting (printing stack bounds), id 0xc0000005]

Native frames: (J=compiled Java code, j=interpreted, Vv=VM code, C=native code)


Current CompileTask:
C2:   1419  921       4       org.objectweb.asm.ClassReader::a (500 bytes)


---------------  P R O C E S S  ---------------

Java Threads: ( => current thread )
  0x0000000017119800 JavaThread "Service Thread" daemon [_thread_blocked, id=45152, stack(0x0000000017d20000,0x0000000017e20000)]
  0x0000000017093800 JavaThread "C1 CompilerThread3" daemon [_thread_blocked, id=48356, stack(0x0000000017c20000,0x0000000017d20000)]
=>0x0000000017082000 JavaThread "C2 CompilerThread2" daemon [_thread_in_native, id=45744, stack(0x0000000017b20000,0x0000000017c20000)]
  0x0000000017039800 JavaThread "C2 CompilerThread1" daemon [_thread_in_native, id=47676, stack(0x0000000017a20000,0x0000000017b20000)]
  0x0000000017035800 JavaThread "C2 CompilerThread0" daemon [_thread_in_native, id=47716, stack(0x0000000017920000,0x0000000017a20000)]
  0x0000000017030800 JavaThread "Attach Listener" daemon [_thread_blocked, id=49080, stack(0x0000000017820000,0x0000000017920000)]
  0x0000000017081800 JavaThread "Signal Dispatcher" daemon [_thread_blocked, id=19828, stack(0x0000000017720000,0x0000000017820000)]
  0x0000000017020800 JavaThread "Finalizer" daemon [_thread_blocked, id=48464, stack(0x0000000017400000,0x0000000017500000)]
  0x000000000497a000 JavaThread "Reference Handler" daemon [_thread_blocked, id=31108, stack(0x0000000016f00000,0x0000000017000000)]
  0x0000000004884800 JavaThread "main" [_thread_in_native, id=5352, stack(0x0000000004780000,0x0000000004880000)]

Other Threads:
  0x0000000015125800 VMThread [stack: 0x0000000016e00000,0x0000000016f00000] [id=18824]
  0x000000001711a800 WatcherThread [stack: 0x0000000017e20000,0x0000000017f20000] [id=48980]

VM state:not at safepoint (normal execution)

VM Mutex/Monitor currently owned by a thread: None

Heap:
 PSYoungGen      total 18944K, used 12730K [0x00000000feb00000, 0x0000000100000000, 0x0000000100000000)
  eden space 16384K, 62% used [0x00000000feb00000,0x00000000ff4f0160,0x00000000ffb00000)
  from space 2560K, 99% used [0x00000000ffd80000,0x00000000ffffe800,0x0000000100000000)
  to   space 2560K, 0% used [0x00000000ffb00000,0x00000000ffb00000,0x00000000ffd80000)
 ParOldGen       total 44032K, used 4977K [0x00000000fc000000, 0x00000000feb00000, 0x00000000feb00000)
  object space 44032K, 11% used [0x00000000fc000000,0x00000000fc4dc418,0x00000000feb00000)
 Metaspace       used 7538K, capacity 7688K, committed 7936K, reserved 1056768K
  class space    used 867K, capacity 924K, committed 1024K, reserved 1048576K

Card table byte_map: [0x00000000046f0000,0x0000000004720000] byte_map_base: 0x0000000003f10000

Marking Bits: (ParMarkBitMap*) 0x0000000074113950
 Begin Bits: [0x0000000014540000, 0x0000000014640000)
 End Bits:   [0x0000000014640000, 0x0000000014740000)

Polling page: 0x0000000004670000

CodeCache: size=245760Kb used=3594Kb max_used=3606Kb free=242165Kb
 bounds [0x0000000004980000, 0x0000000004d10000, 0x0000000013980000]
 total_blobs=1257 nmethods=925 adapters=246
 compilation: enabled

Compilation events (10 events):
Event: 1.364 Thread 0x0000000017082000 nmethod 916 0x0000000004cfc3d0 code [0x0000000004cfc6c0, 0x0000000004cfef80]
Event: 1.364 Thread 0x0000000017082000  922       4       sun.nio.cs.UTF_8$Encoder::encode (359 bytes)
Event: 1.368 Thread 0x0000000017082000 nmethod 922 0x0000000004cea3d0 code [0x0000000004cea520, 0x0000000004cea778]
Event: 1.368 Thread 0x0000000017082000  921       4       org.objectweb.asm.ClassReader::a (500 bytes)
Event: 1.372 Thread 0x0000000017039800 nmethod 917 0x0000000004d02750 code [0x0000000004d02a40, 0x0000000004d050c0]
Event: 1.372 Thread 0x0000000017039800  920       4       org.objectweb.asm.tree.LabelNode::getLabel (23 bytes)
Event: 1.373 Thread 0x0000000017093800  928       3       java.util.LinkedHashMap$LinkedHashIterator::hasNext (13 bytes)
Event: 1.373 Thread 0x0000000017093800 nmethod 928 0x0000000004cea050 code [0x0000000004cea1a0, 0x0000000004cea350]
Event: 1.373 Thread 0x0000000017039800 nmethod 920 0x0000000004cf9310 code [0x0000000004cf9460, 0x0000000004cf9558]
Event: 1.373 Thread 0x0000000017039800  919       4       org.objectweb.asm.ClassWriter::a (77 bytes)

GC Heap History (4 events):
Event: 0.884 GC heap before
{Heap before GC invocations=1 (full 0):
 PSYoungGen      total 18944K, used 16384K [0x00000000feb00000, 0x0000000100000000, 0x0000000100000000)
  eden space 16384K, 100% used [0x00000000feb00000,0x00000000ffb00000,0x00000000ffb00000)
  from space 2560K, 0% used [0x00000000ffd80000,0x00000000ffd80000,0x0000000100000000)
  to   space 2560K, 0% used [0x00000000ffb00000,0x00000000ffb00000,0x00000000ffd80000)
 ParOldGen       total 44032K, used 0K [0x00000000fc000000, 0x00000000feb00000, 0x00000000feb00000)
  object space 44032K, 0% used [0x00000000fc000000,0x00000000fc000000,0x00000000feb00000)
 Metaspace       used 6580K, capacity 6746K, committed 7040K, reserved 1056768K
  class space    used 773K, capacity 823K, committed 896K, reserved 1048576K
Event: 0.889 GC heap after
Heap after GC invocations=1 (full 0):
 PSYoungGen      total 18944K, used 2528K [0x00000000feb00000, 0x0000000100000000, 0x0000000100000000)
  eden space 16384K, 0% used [0x00000000feb00000,0x00000000feb00000,0x00000000ffb00000)
  from space 2560K, 98% used [0x00000000ffb00000,0x00000000ffd78010,0x00000000ffd80000)
  to   space 2560K, 0% used [0x00000000ffd80000,0x00000000ffd80000,0x0000000100000000)
 ParOldGen       total 44032K, used 1529K [0x00000000fc000000, 0x00000000feb00000, 0x00000000feb00000)
  object space 44032K, 3% used [0x00000000fc000000,0x00000000fc17e6c8,0x00000000feb00000)
 Metaspace       used 6580K, capacity 6746K, committed 7040K, reserved 1056768K
  class space    used 773K, capacity 823K, committed 896K, reserved 1048576K
}
Event: 1.160 GC heap before
{Heap before GC invocations=2 (full 0):
 PSYoungGen      total 18944K, used 18912K [0x00000000feb00000, 0x0000000100000000, 0x0000000100000000)
  eden space 16384K, 100% used [0x00000000feb00000,0x00000000ffb00000,0x00000000ffb00000)
  from space 2560K, 98% used [0x00000000ffb00000,0x00000000ffd78010,0x00000000ffd80000)
  to   space 2560K, 0% used [0x00000000ffd80000,0x00000000ffd80000,0x0000000100000000)
 ParOldGen       total 44032K, used 1529K [0x00000000fc000000, 0x00000000feb00000, 0x00000000feb00000)
  object space 44032K, 3% used [0x00000000fc000000,0x00000000fc17e6c8,0x00000000feb00000)
 Metaspace       used 7463K, capacity 7624K, committed 7936K, reserved 1056768K
  class space    used 867K, capacity 924K, committed 1024K, reserved 1048576K
Event: 1.168 GC heap after
Heap after GC invocations=2 (full 0):
 PSYoungGen      total 18944K, used 2554K [0x00000000feb00000, 0x0000000100000000, 0x0000000100000000)
  eden space 16384K, 0% used [0x00000000feb00000,0x00000000feb00000,0x00000000ffb00000)
  from space 2560K, 99% used [0x00000000ffd80000,0x00000000ffffe800,0x0000000100000000)
  to   space 2560K, 0% used [0x00000000ffb00000,0x00000000ffb00000,0x00000000ffd80000)
 ParOldGen       total 44032K, used 4977K [0x00000000fc000000, 0x00000000feb00000, 0x00000000feb00000)
  object space 44032K, 11% used [0x00000000fc000000,0x00000000fc4dc418,0x00000000feb00000)
 Metaspace       used 7463K, capacity 7624K, committed 7936K, reserved 1056768K
  class space    used 867K, capacity 924K, committed 1024K, reserved 1048576K
}

Deoptimization events (10 events):
Event: 0.858 Thread 0x0000000004884800 Uncommon trap: reason=unstable_if action=reinterpret pc=0x0000000004b9ac58 method=java.util.zip.ZipEntry.setExtra0([BZ)V @ 1
Event: 0.859 Thread 0x0000000004884800 Uncommon trap: reason=unstable_if action=reinterpret pc=0x0000000004b9e9bc method=java.util.zip.ZipCoder.decoder()Ljava/nio/charset/CharsetDecoder; @ 4
Event: 0.915 Thread 0x0000000004884800 Uncommon trap: reason=unstable_if action=reinterpret pc=0x0000000004bb29b8 method=java.util.zip.ZipCoder.decoder()Ljava/nio/charset/CharsetDecoder; @ 4
Event: 0.915 Thread 0x0000000004884800 Uncommon trap: reason=unstable_if action=reinterpret pc=0x0000000004bb0248 method=java.util.zip.ZipCoder.decoder()Ljava/nio/charset/CharsetDecoder; @ 4
Event: 0.916 Thread 0x0000000004884800 Uncommon trap: reason=unstable_if action=reinterpret pc=0x0000000004bade1c method=java.util.zip.ZipCoder.decoder()Ljava/nio/charset/CharsetDecoder; @ 4
Event: 1.002 Thread 0x0000000004884800 Uncommon trap: reason=unloaded action=reinterpret pc=0x0000000004b9df7c method=java.util.zip.ZipEntry.setExtra0([BZ)V @ 37
Event: 1.085 Thread 0x0000000004884800 Uncommon trap: reason=unstable_if action=reinterpret pc=0x0000000004b0da78 method=java.lang.String.<init>([CII)V @ 18
Event: 1.130 Thread 0x0000000004884800 Uncommon trap: reason=unstable_if action=reinterpret pc=0x0000000004c1b174 method=org.objectweb.asm.ClassReader.readUTF8(I[C)Ljava/lang/String; @ 7
Event: 1.182 Thread 0x0000000004884800 Uncommon trap: reason=unstable_if action=reinterpret pc=0x0000000004c650e4 method=org.objectweb.asm.Item.a(Lorg/objectweb/asm/Item;)Z @ 345
Event: 1.285 Thread 0x0000000004884800 Uncommon trap: reason=unstable_if action=reinterpret pc=0x0000000004cd4768 method=java.io.BufferedOutputStream.write(I)V @ 9

Classes redefined (0 events):
No events

Internal exceptions (10 events):
Event: 0.951 Thread 0x0000000004884800 Exception <a 'sun/nio/fs/WindowsException'> (0x00000000ff1ddde8) thrown at [D:\src\AOSP-openjdk-cygwin\jdk8u\hotspot\src\share\vm\prims\jni.cpp, line 709]
Event: 0.961 Thread 0x0000000004884800 Exception <a 'sun/nio/fs/WindowsException'> (0x00000000ff1e3168) thrown at [D:\src\AOSP-openjdk-cygwin\jdk8u\hotspot\src\share\vm\prims\jni.cpp, line 709]
Event: 1.025 Thread 0x0000000004884800 Exception <a 'sun/nio/fs/WindowsException'> (0x00000000ff579f20) thrown at [D:\src\AOSP-openjdk-cygwin\jdk8u\hotspot\src\share\vm\prims\jni.cpp, line 709]
Event: 1.025 Thread 0x0000000004884800 Exception <a 'sun/nio/fs/WindowsException'> (0x00000000ff57a4c8) thrown at [D:\src\AOSP-openjdk-cygwin\jdk8u\hotspot\src\share\vm\prims\jni.cpp, line 709]
Event: 1.122 Thread 0x0000000004884800 Exception <a 'sun/nio/fs/WindowsException'> (0x00000000ff7c2438) thrown at [D:\src\AOSP-openjdk-cygwin\jdk8u\hotspot\src\share\vm\prims\jni.cpp, line 709]
Event: 1.122 Thread 0x0000000004884800 Exception <a 'sun/nio/fs/WindowsException'> (0x00000000ff7c2960) thrown at [D:\src\AOSP-openjdk-cygwin\jdk8u\hotspot\src\share\vm\prims\jni.cpp, line 709]
Event: 1.259 Thread 0x0000000004884800 Exception <a 'sun/nio/fs/WindowsException'> (0x00000000fefb1b20) thrown at [D:\src\AOSP-openjdk-cygwin\jdk8u\hotspot\src\share\vm\prims\jni.cpp, line 709]
Event: 1.259 Thread 0x0000000004884800 Exception <a 'sun/nio/fs/WindowsException'> (0x00000000fefb2048) thrown at [D:\src\AOSP-openjdk-cygwin\jdk8u\hotspot\src\share\vm\prims\jni.cpp, line 709]
Event: 1.373 Thread 0x0000000004884800 Exception <a 'sun/nio/fs/WindowsException'> (0x00000000ff4d23d0) thrown at [D:\src\AOSP-openjdk-cygwin\jdk8u\hotspot\src\share\vm\prims\jni.cpp, line 709]
Event: 1.373 Thread 0x0000000004884800 Exception <a 'sun/nio/fs/WindowsException'> (0x00000000ff4d28f8) thrown at [D:\src\AOSP-openjdk-cygwin\jdk8u\hotspot\src\share\vm\prims\jni.cpp, line 709]

Events (10 events):
Event: 1.182 Thread 0x0000000004884800 Uncommon trap: trap_request=0xffffff65 fr.pc=0x0000000004c650e4
Event: 1.182 Thread 0x0000000004884800 DEOPT PACKING pc=0x0000000004c650e4 sp=0x000000000487eda0
Event: 1.182 Thread 0x0000000004884800 DEOPT UNPACKING pc=0x00000000049c556a sp=0x000000000487ed38 mode 2
Event: 1.273 Thread 0x0000000004884800 DEOPT PACKING pc=0x0000000004cb1986 sp=0x000000000487edf0
Event: 1.273 Thread 0x0000000004884800 DEOPT UNPACKING pc=0x00000000049c75bf sp=0x000000000487ebd0 mode 0
Event: 1.283 Thread 0x0000000004884800 DEOPT PACKING pc=0x0000000004aeb547 sp=0x000000000487f150
Event: 1.283 Thread 0x0000000004884800 DEOPT UNPACKING pc=0x00000000049c75bf sp=0x000000000487ee80 mode 0
Event: 1.285 Thread 0x0000000004884800 Uncommon trap: trap_request=0xffffff65 fr.pc=0x0000000004cd4768
Event: 1.285 Thread 0x0000000004884800 DEOPT PACKING pc=0x0000000004cd4768 sp=0x000000000487f220
Event: 1.285 Thread 0x0000000004884800 DEOPT UNPACKING pc=0x00000000049c556a sp=0x000000000487f1d0 mode 2


Dynamic libraries:
0x00007ff6561e0000 - 0x00007ff656211000 	D:\Program Files\Android\Android Studio\jre\bin\java.exe
0x00007ff876090000 - 0x00007ff876270000 	C:\WINDOWS\SYSTEM32\ntdll.dll
0x00007ff8747f0000 - 0x00007ff87489e000 	C:\WINDOWS\System32\KERNEL32.DLL
0x00007ff872970000 - 0x00007ff872bd6000 	C:\WINDOWS\System32\KERNELBASE.dll
0x00007ff8737e0000 - 0x00007ff873881000 	C:\WINDOWS\System32\ADVAPI32.dll
0x00007ff873fc0000 - 0x00007ff87405d000 	C:\WINDOWS\System32\msvcrt.dll
0x00007ff873b40000 - 0x00007ff873b9b000 	C:\WINDOWS\System32\sechost.dll
0x00007ff875f40000 - 0x00007ff87605f000 	C:\WINDOWS\System32\RPCRT4.dll
0x00007ff8739b0000 - 0x00007ff873b3f000 	C:\WINDOWS\System32\USER32.dll
0x00007ff872c40000 - 0x00007ff872c60000 	C:\WINDOWS\System32\win32u.dll
0x00007ff874060000 - 0x00007ff874088000 	C:\WINDOWS\System32\GDI32.dll
0x00007ff8725b0000 - 0x00007ff872743000 	C:\WINDOWS\System32\gdi32full.dll
0x00007ff872510000 - 0x00007ff8725ab000 	C:\WINDOWS\System32\msvcp_win.dll
0x00007ff873460000 - 0x00007ff873556000 	C:\WINDOWS\System32\ucrtbase.dll
0x00007ff861c20000 - 0x00007ff861e89000 	C:\WINDOWS\WinSxS\amd64_microsoft.windows.common-controls_6595b64144ccf1df_6.0.16299.192_none_15c8cdae9364c23b\COMCTL32.dll
0x00007ff8744e0000 - 0x00007ff8747e8000 	C:\WINDOWS\System32\combase.dll
0x00007ff872490000 - 0x00007ff872502000 	C:\WINDOWS\System32\bcryptPrimitives.dll
0x00007ff8737b0000 - 0x00007ff8737dd000 	C:\WINDOWS\System32\IMM32.DLL
0x00000000755a0000 - 0x0000000075672000 	D:\Program Files\Android\Android Studio\jre\jre\bin\msvcr100.dll
0x0000000073950000 - 0x000000007418e000 	D:\Program Files\Android\Android Studio\jre\jre\bin\server\jvm.dll
0x00007ff873cf0000 - 0x00007ff873cf8000 	C:\WINDOWS\System32\PSAPI.DLL
0x00007ff86b630000 - 0x00007ff86b639000 	C:\WINDOWS\SYSTEM32\WSOCK32.dll
0x00007ff86af90000 - 0x00007ff86afb3000 	C:\WINDOWS\SYSTEM32\WINMM.dll
0x00007ff86d010000 - 0x00007ff86d01a000 	C:\WINDOWS\SYSTEM32\VERSION.dll
0x00007ff8748a0000 - 0x00007ff87490c000 	C:\WINDOWS\System32\WS2_32.dll
0x00007ff86af30000 - 0x00007ff86af5a000 	C:\WINDOWS\SYSTEM32\WINMMBASE.dll
0x00007ff872750000 - 0x00007ff87279a000 	C:\WINDOWS\System32\cfgmgr32.dll
0x00007ff86f000000 - 0x00007ff86f00f000 	D:\Program Files\Android\Android Studio\jre\jre\bin\verify.dll
0x00007ff8619d0000 - 0x00007ff8619f9000 	D:\Program Files\Android\Android Studio\jre\jre\bin\java.dll
0x00007ff8615f0000 - 0x00007ff861606000 	D:\Program Files\Android\Android Studio\jre\jre\bin\zip.dll
0x00007ff874b00000 - 0x00007ff875f36000 	C:\WINDOWS\System32\SHELL32.dll
0x00007ff873700000 - 0x00007ff8737a6000 	C:\WINDOWS\System32\shcore.dll
0x00007ff872d10000 - 0x00007ff873457000 	C:\WINDOWS\System32\windows.storage.dll
0x00007ff874aa0000 - 0x00007ff874af1000 	C:\WINDOWS\System32\shlwapi.dll
0x00007ff872470000 - 0x00007ff872481000 	C:\WINDOWS\System32\kernel.appcore.dll
0x00007ff872400000 - 0x00007ff87244c000 	C:\WINDOWS\System32\powrprof.dll
0x00007ff872450000 - 0x00007ff87246b000 	C:\WINDOWS\System32\profapi.dll
0x00007ff871e30000 - 0x00007ff871e47000 	C:\WINDOWS\SYSTEM32\CRYPTSP.dll
0x00007ff871660000 - 0x00007ff871693000 	C:\WINDOWS\system32\rsaenh.dll
0x00007ff871f40000 - 0x00007ff871f65000 	C:\WINDOWS\SYSTEM32\bcrypt.dll
0x00007ff872310000 - 0x00007ff872339000 	C:\WINDOWS\SYSTEM32\USERENV.dll
0x00007ff871e50000 - 0x00007ff871e5b000 	C:\WINDOWS\SYSTEM32\CRYPTBASE.dll
0x00007ff860120000 - 0x00007ff86013a000 	D:\Program Files\Android\Android Studio\jre\jre\bin\net.dll
0x00007ff871c70000 - 0x00007ff871cd6000 	C:\WINDOWS\system32\mswsock.dll
0x00007ff871a00000 - 0x00007ff871a39000 	C:\WINDOWS\SYSTEM32\IPHLPAPI.DLL
0x00007ff8739a0000 - 0x00007ff8739a8000 	C:\WINDOWS\System32\NSI.dll
0x00007ff86f450000 - 0x00007ff86f466000 	C:\WINDOWS\SYSTEM32\dhcpcsvc6.DLL
0x00007ff86f340000 - 0x00007ff86f35a000 	C:\WINDOWS\SYSTEM32\dhcpcsvc.DLL
0x00007ff860100000 - 0x00007ff860111000 	D:\Program Files\Android\Android Studio\jre\jre\bin\nio.dll

VM Arguments:
jvm_args: -Djava.awt.headless=true -Xmx64M -Dfile.encoding=windows-1256 -Duser.country=US -Duser.language=en -Duser.variant 
java_command: com.google.devtools.build.android.desugar.Desugar --input D:\src\Samples\Android\SamsungPay\noonpaySample\app\build\intermediates\transforms\stackFramesFixer\debug\10.jar --output D:\src\Samples\Android\SamsungPay\noonpaySample\app\build\intermediates\transforms\desugar\debug\11.jar --input D:\src\Samples\Android\SamsungPay\noonpaySample\app\build\intermediates\transforms\stackFramesFixer\debug\13.jar --output D:\src\Samples\Android\SamsungPay\noonpaySample\app\build\intermediates\transforms\desugar\debug\14.jar --input D:\src\Samples\Android\SamsungPay\noonpaySample\app\build\intermediates\transforms\stackFramesFixer\debug\7.jar --output D:\src\Samples\Android\SamsungPay\noonpaySample\app\build\intermediates\transforms\desugar\debug\8.jar --input D:\src\Samples\Android\SamsungPay\noonpaySample\app\build\intermediates\transforms\stackFramesFixer\debug\24.jar --output D:\src\Samples\Android\SamsungPay\noonpaySample\app\build\intermediates\transforms\desugar\debug\25.jar --classpath_entry D:\src\Samples\Android\SamsungPay\noonpaySample\app\build\intermediates\classes\debug --classpath_entry D:\src\Samples\Android\SamsungPay\noonpaySample\app\build\intermediates\transforms\stackFramesFixer\debug\0.jar --classpath_entry D:\src\Samples\Android\SamsungPay\noonpaySample\app\build\intermediates\transforms\stackFramesFixer\debug\1.jar --classpath_entry D:\src\Samples\Android\SamsungPay\noonpaySample\app\build\intermediates\transforms\stackFramesFixer\debug\2.jar --classpath_entry D:\src\Samples\Android\SamsungPay\noonpaySample\app\build\intermediates\transforms\stackFramesFixer\debug\3.jar --classpath_entry D:\src\Samples\Android\SamsungPay\noonpaySample\app\build\intermediates\transforms\stackFramesFixer\debug\4.jar --classpath_entry D:\src\Samples\Android\SamsungPay\noonpaySample\app\build\intermediates\transforms\stackFramesFixer\debug\5.jar --classpath_entry D:\src\Samples\Android\SamsungPay\noonpaySample\app\build\intermediates\transforms\stackFramesFixe
java_class_path (initial): C:\Users\abdo\AppData\Local\Temp\desugar_deploy.jar8161716715612608376
Launcher Type: SUN_STANDARD

Environment Variables:
JAVA_HOME=C:\Users\abdo\scoop\apps\openjdk\current
USERNAME=abdo
OS=Windows_NT
PROCESSOR_IDENTIFIER=Intel64 Family 6 Model 94 Stepping 3, GenuineIntel



---------------  S Y S T E M  ---------------

OS: Windows 10.0 , 64 bit Build 16299 (10.0.16299.15)

CPU:total 8 (initial active 8) (4 cores per cpu, 2 threads per core) family 6 model 94 stepping 3, cmov, cx8, fxsr, mmx, sse, sse2, sse3, ssse3, sse4.1, sse4.2, popcnt, avx, avx2, aes, clmul, erms, rtm, 3dnowpref, lzcnt, ht, tsc, tscinvbit, bmi1, bmi2, adx

Memory: 4k page, physical 16666212k(4637208k free), swap 17714788k(3460k free)

vm_info: OpenJDK 64-Bit Server VM (25.152-b01) for windows-amd64 JRE (1.8.0_152-release-915-b01), built by "builder" with MS VC++ 10.0 (VS2010)

time: Thu Mar 15 12:25:24 2018
elapsed time: 1 seconds (0d 0h 0m 1s)

