#
# There is insufficient memory for the Java Runtime Environment to continue.
# Native memory allocation (malloc) failed to allocate 32744 bytes for ChunkPool::allocate
# Possible reasons:
#   The system is out of physical RAM or swap space
#   In 32 bit mode, the process size limit was hit
# Possible solutions:
#   Reduce memory load on the system
#   Increase physical memory or swap space
#   Check if swap backing store is full
#   Use 64 bit Java on a 64 bit OS
#   Decrease Java heap size (-Xmx/-Xms)
#   Decrease number of Java threads
#   Decrease Java thread stack sizes (-Xss)
#   Set larger code cache with -XX:ReservedCodeCacheSize=
# This output file may be truncated or incomplete.
#
#  Out of Memory Error (allocation.cpp:273), pid=50752, tid=0x000000000000c00c
#
# JRE version: OpenJDK Runtime Environment (8.0_152-b01) (build 1.8.0_152-release-915-b01)
# Java VM: OpenJDK 64-Bit Server VM (25.152-b01 mixed mode windows-amd64 compressed oops)
# Failed to write core dump. Minidumps are not enabled by default on client versions of Windows
#

---------------  T H R E A D  ---------------

Current thread (0x0000000017a76000):  JavaThread "C1 CompilerThread3" daemon [_thread_in_vm, id=49164, stack(0x0000000018610000,0x0000000018710000)]

Stack: [0x0000000018610000,0x0000000018710000]
[error occurred during error reporting (printing stack bounds), id 0xc0000005]

Native frames: (J=compiled Java code, j=interpreted, Vv=VM code, C=native code)


Current CompileTask:
C1:   1890  826       3       java.util.LinkedHashMap$LinkedHashIterator::hasNext (13 bytes)


---------------  P R O C E S S  ---------------

Java Threads: ( => current thread )
  0x00000000196db000 JavaThread "Thread-0" [_thread_new, id=44044, stack(0x0000000000000000,0x0000000000000000)]
  0x0000000005204000 JavaThread "DestroyJavaVM" [_thread_blocked, id=50948, stack(0x0000000005100000,0x0000000005200000)]
  0x0000000017b12800 JavaThread "Service Thread" daemon [_thread_blocked, id=51108, stack(0x0000000018710000,0x0000000018810000)]
=>0x0000000017a76000 JavaThread "C1 CompilerThread3" daemon [_thread_in_vm, id=49164, stack(0x0000000018610000,0x0000000018710000)]
  0x0000000017a72000 JavaThread "C2 CompilerThread2" daemon [_thread_blocked, id=46188, stack(0x0000000018510000,0x0000000018610000)]
  0x0000000017a2a800 JavaThread "C2 CompilerThread1" daemon [_thread_in_native, id=46116, stack(0x0000000018410000,0x0000000018510000)]
  0x0000000017a26800 JavaThread "C2 CompilerThread0" daemon [_thread_blocked, id=51100, stack(0x0000000018310000,0x0000000018410000)]
  0x0000000017a25800 JavaThread "Attach Listener" daemon [_thread_blocked, id=51096, stack(0x0000000018210000,0x0000000018310000)]
  0x0000000017a71800 JavaThread "Signal Dispatcher" daemon [_thread_blocked, id=38504, stack(0x0000000018110000,0x0000000018210000)]
  0x0000000015b11800 JavaThread "Finalizer" daemon [_thread_blocked, id=50984, stack(0x0000000017df0000,0x0000000017ef0000)]
  0x00000000052fa000 JavaThread "Reference Handler" daemon [_thread_blocked, id=51016, stack(0x00000000178f0000,0x00000000179f0000)]

Other Threads:
  0x0000000015b05000 VMThread [stack: 0x00000000177f0000,0x00000000178f0000] [id=50972]
  0x0000000017b13800 WatcherThread [stack: 0x0000000018810000,0x0000000018910000] [id=16984]

VM state:not at safepoint (normal execution)

VM Mutex/Monitor currently owned by a thread: None

Heap:
 PSYoungGen      total 18944K, used 17643K [0x00000000feb00000, 0x0000000100000000, 0x0000000100000000)
  eden space 16384K, 92% used [0x00000000feb00000,0x00000000ff9bed10,0x00000000ffb00000)
  from space 2560K, 99% used [0x00000000ffb00000,0x00000000ffd7c020,0x00000000ffd80000)
  to   space 2560K, 0% used [0x00000000ffd80000,0x00000000ffd80000,0x0000000100000000)
 ParOldGen       total 44032K, used 1436K [0x00000000fc000000, 0x00000000feb00000, 0x00000000feb00000)
  object space 44032K, 3% used [0x00000000fc000000,0x00000000fc167188,0x00000000feb00000)
 Metaspace       used 7486K, capacity 7624K, committed 7936K, reserved 1056768K
  class space    used 869K, capacity 924K, committed 1024K, reserved 1048576K

Card table byte_map: [0x00000000146c0000,0x00000000146f0000] byte_map_base: 0x0000000013ee0000

Marking Bits: (ParMarkBitMap*) 0x0000000074113950
 Begin Bits: [0x0000000014ef0000, 0x0000000014ff0000)
 End Bits:   [0x0000000014ff0000, 0x00000000150f0000)

Polling page: 0x0000000005050000

CodeCache: size=245760Kb used=3191Kb max_used=3191Kb free=242568Kb
 bounds [0x0000000005300000, 0x0000000005630000, 0x0000000014300000]
 total_blobs=1156 nmethods=824 adapters=246
 compilation: enabled

Compilation events (10 events):
Event: 1.570 Thread 0x0000000017a76000 nmethod 820 0x000000000561b990 code [0x000000000561bd20, 0x000000000561dbd8]
Event: 1.570 Thread 0x0000000017a76000  823       3       org.objectweb.asm.tree.FrameNode::accept (173 bytes)
Event: 1.571 Thread 0x0000000017a76000 nmethod 823 0x0000000005611890 code [0x0000000005611ae0, 0x0000000005612548]
Event: 1.571 Thread 0x0000000017a76000  822       3       java.util.SubList::size (9 bytes)
Event: 1.571 Thread 0x0000000017a76000 nmethod 822 0x000000000560ab10 code [0x000000000560ac80, 0x000000000560af48]
Event: 1.571 Thread 0x0000000017a76000  824       3       java.util.Arrays::asList (9 bytes)
Event: 1.571 Thread 0x0000000017a76000 nmethod 824 0x000000000561f410 code [0x000000000561f5a0, 0x000000000561fa08]
Event: 1.587 Thread 0x0000000017a76000  825       3       java.util.zip.ZipOutputStream::writeShort (41 bytes)
Event: 1.588 Thread 0x0000000017a76000 nmethod 825 0x000000000561fc90 code [0x000000000561fe00, 0x0000000005620118]
Event: 1.888 Thread 0x0000000017a76000  826       3       java.util.LinkedHashMap$LinkedHashIterator::hasNext (13 bytes)

GC Heap History (2 events):
Event: 1.033 GC heap before
{Heap before GC invocations=1 (full 0):
 PSYoungGen      total 18944K, used 16384K [0x00000000feb00000, 0x0000000100000000, 0x0000000100000000)
  eden space 16384K, 100% used [0x00000000feb00000,0x00000000ffb00000,0x00000000ffb00000)
  from space 2560K, 0% used [0x00000000ffd80000,0x00000000ffd80000,0x0000000100000000)
  to   space 2560K, 0% used [0x00000000ffb00000,0x00000000ffb00000,0x00000000ffd80000)
 ParOldGen       total 44032K, used 0K [0x00000000fc000000, 0x00000000feb00000, 0x00000000feb00000)
  object space 44032K, 0% used [0x00000000fc000000,0x00000000fc000000,0x00000000feb00000)
 Metaspace       used 6569K, capacity 6682K, committed 6784K, reserved 1056768K
  class space    used 773K, capacity 823K, committed 896K, reserved 1048576K
Event: 1.037 GC heap after
Heap after GC invocations=1 (full 0):
 PSYoungGen      total 18944K, used 2544K [0x00000000feb00000, 0x0000000100000000, 0x0000000100000000)
  eden space 16384K, 0% used [0x00000000feb00000,0x00000000feb00000,0x00000000ffb00000)
  from space 2560K, 99% used [0x00000000ffb00000,0x00000000ffd7c020,0x00000000ffd80000)
  to   space 2560K, 0% used [0x00000000ffd80000,0x00000000ffd80000,0x0000000100000000)
 ParOldGen       total 44032K, used 1436K [0x00000000fc000000, 0x00000000feb00000, 0x00000000feb00000)
  object space 44032K, 3% used [0x00000000fc000000,0x00000000fc167188,0x00000000feb00000)
 Metaspace       used 6569K, capacity 6682K, committed 6784K, reserved 1056768K
  class space    used 773K, capacity 823K, committed 896K, reserved 1048576K
}

Deoptimization events (10 events):
Event: 1.019 Thread 0x0000000005204000 Uncommon trap: reason=unstable_if action=reinterpret pc=0x000000000552d8b8 method=java.util.zip.ZipCoder.decoder()Ljava/nio/charset/CharsetDecoder; @ 4
Event: 1.020 Thread 0x0000000005204000 Uncommon trap: reason=unstable_if action=reinterpret pc=0x000000000552181c method=java.util.zip.ZipFile$ZipEntryIterator.hasNext()Z @ 25
Event: 1.020 Thread 0x0000000005204000 Uncommon trap: reason=unstable_if action=reinterpret pc=0x0000000005530288 method=java.util.zip.ZipCoder.decoder()Ljava/nio/charset/CharsetDecoder; @ 4
Event: 1.061 Thread 0x0000000005204000 Uncommon trap: reason=unstable_if action=reinterpret pc=0x000000000552799c method=java.util.zip.ZipCoder.decoder()Ljava/nio/charset/CharsetDecoder; @ 4
Event: 1.073 Thread 0x0000000005204000 Uncommon trap: reason=unstable_if action=reinterpret pc=0x0000000005534808 method=java.util.HashMap$HashIterator.nextNode()Ljava/util/HashMap$Node; @ 74
Event: 1.164 Thread 0x0000000005204000 Uncommon trap: reason=unstable_if action=reinterpret pc=0x000000000553be48 method=java.util.HashMap$HashIterator.nextNode()Ljava/util/HashMap$Node; @ 74
Event: 1.206 Thread 0x0000000005204000 Uncommon trap: reason=unloaded action=reinterpret pc=0x000000000552993c method=java.util.zip.ZipEntry.setExtra0([BZ)V @ 37
Event: 1.283 Thread 0x0000000005204000 Uncommon trap: reason=unstable_if action=reinterpret pc=0x0000000005490338 method=java.lang.String.<init>([CII)V @ 18
Event: 1.372 Thread 0x0000000005204000 Uncommon trap: reason=unstable_if action=reinterpret pc=0x000000000559ebb4 method=org.objectweb.asm.ClassReader.readUTF8(I[C)Ljava/lang/String; @ 7
Event: 1.393 Thread 0x0000000005204000 Uncommon trap: reason=unstable_if action=reinterpret pc=0x00000000055e4264 method=org.objectweb.asm.Item.a(Lorg/objectweb/asm/Item;)Z @ 345

Classes redefined (0 events):
No events

Internal exceptions (10 events):
Event: 1.131 Thread 0x0000000005204000 Exception <a 'sun/nio/fs/WindowsException'> (0x00000000ff1d92c8) thrown at [D:\src\AOSP-openjdk-cygwin\jdk8u\hotspot\src\share\vm\prims\jni.cpp, line 709]
Event: 1.131 Thread 0x0000000005204000 Exception <a 'sun/nio/fs/WindowsException'> (0x00000000ff1d9870) thrown at [D:\src\AOSP-openjdk-cygwin\jdk8u\hotspot\src\share\vm\prims\jni.cpp, line 709]
Event: 1.131 Thread 0x0000000005204000 Exception <a 'sun/nio/fs/WindowsException'> (0x00000000ff1da020) thrown at [D:\src\AOSP-openjdk-cygwin\jdk8u\hotspot\src\share\vm\prims\jni.cpp, line 709]
Event: 1.170 Thread 0x0000000005204000 Exception <a 'sun/nio/fs/WindowsException'> (0x00000000ff1df3a0) thrown at [D:\src\AOSP-openjdk-cygwin\jdk8u\hotspot\src\share\vm\prims\jni.cpp, line 709]
Event: 1.220 Thread 0x0000000005204000 Exception <a 'sun/nio/fs/WindowsException'> (0x00000000ff4fa7e0) thrown at [D:\src\AOSP-openjdk-cygwin\jdk8u\hotspot\src\share\vm\prims\jni.cpp, line 709]
Event: 1.220 Thread 0x0000000005204000 Exception <a 'sun/nio/fs/WindowsException'> (0x00000000ff4fad88) thrown at [D:\src\AOSP-openjdk-cygwin\jdk8u\hotspot\src\share\vm\prims\jni.cpp, line 709]
Event: 1.365 Thread 0x0000000005204000 Exception <a 'sun/nio/fs/WindowsException'> (0x00000000ff742068) thrown at [D:\src\AOSP-openjdk-cygwin\jdk8u\hotspot\src\share\vm\prims\jni.cpp, line 709]
Event: 1.365 Thread 0x0000000005204000 Exception <a 'sun/nio/fs/WindowsException'> (0x00000000ff742590) thrown at [D:\src\AOSP-openjdk-cygwin\jdk8u\hotspot\src\share\vm\prims\jni.cpp, line 709]
Event: 1.559 Thread 0x0000000005204000 Exception <a 'sun/nio/fs/WindowsException'> (0x00000000ff9283a0) thrown at [D:\src\AOSP-openjdk-cygwin\jdk8u\hotspot\src\share\vm\prims\jni.cpp, line 709]
Event: 1.559 Thread 0x0000000005204000 Exception <a 'sun/nio/fs/WindowsException'> (0x00000000ff9288c8) thrown at [D:\src\AOSP-openjdk-cygwin\jdk8u\hotspot\src\share\vm\prims\jni.cpp, line 709]

Events (10 events):
Event: 1.292 loading class org/objectweb/asm/Handler
Event: 1.292 loading class org/objectweb/asm/Handler done
Event: 1.340 loading class java/util/Vector$Itr
Event: 1.340 loading class java/util/Vector$Itr done
Event: 1.372 Thread 0x0000000005204000 Uncommon trap: trap_request=0xffffff65 fr.pc=0x000000000559ebb4
Event: 1.372 Thread 0x0000000005204000 DEOPT PACKING pc=0x000000000559ebb4 sp=0x00000000051ff1e0
Event: 1.372 Thread 0x0000000005204000 DEOPT UNPACKING pc=0x000000000534556a sp=0x00000000051ff1b0 mode 2
Event: 1.393 Thread 0x0000000005204000 Uncommon trap: trap_request=0xffffff65 fr.pc=0x00000000055e4264
Event: 1.393 Thread 0x0000000005204000 DEOPT PACKING pc=0x00000000055e4264 sp=0x00000000051feed0
Event: 1.393 Thread 0x0000000005204000 DEOPT UNPACKING pc=0x000000000534556a sp=0x00000000051fee68 mode 2


Dynamic libraries:
0x00007ff6561e0000 - 0x00007ff656211000 	D:\Program Files\Android\Android Studio\jre\bin\java.exe
0x00007ff876090000 - 0x00007ff876270000 	C:\WINDOWS\SYSTEM32\ntdll.dll
0x00007ff8747f0000 - 0x00007ff87489e000 	C:\WINDOWS\System32\KERNEL32.DLL
0x00007ff872970000 - 0x00007ff872bd6000 	C:\WINDOWS\System32\KERNELBASE.dll
0x00007ff8737e0000 - 0x00007ff873881000 	C:\WINDOWS\System32\ADVAPI32.dll
0x00007ff873fc0000 - 0x00007ff87405d000 	C:\WINDOWS\System32\msvcrt.dll
0x00007ff873b40000 - 0x00007ff873b9b000 	C:\WINDOWS\System32\sechost.dll
0x00007ff875f40000 - 0x00007ff87605f000 	C:\WINDOWS\System32\RPCRT4.dll
0x00007ff8739b0000 - 0x00007ff873b3f000 	C:\WINDOWS\System32\USER32.dll
0x00007ff872c40000 - 0x00007ff872c60000 	C:\WINDOWS\System32\win32u.dll
0x00007ff874060000 - 0x00007ff874088000 	C:\WINDOWS\System32\GDI32.dll
0x00007ff8725b0000 - 0x00007ff872743000 	C:\WINDOWS\System32\gdi32full.dll
0x00007ff872510000 - 0x00007ff8725ab000 	C:\WINDOWS\System32\msvcp_win.dll
0x00007ff873460000 - 0x00007ff873556000 	C:\WINDOWS\System32\ucrtbase.dll
0x00007ff861c20000 - 0x00007ff861e89000 	C:\WINDOWS\WinSxS\amd64_microsoft.windows.common-controls_6595b64144ccf1df_6.0.16299.192_none_15c8cdae9364c23b\COMCTL32.dll
0x00007ff8744e0000 - 0x00007ff8747e8000 	C:\WINDOWS\System32\combase.dll
0x00007ff872490000 - 0x00007ff872502000 	C:\WINDOWS\System32\bcryptPrimitives.dll
0x00007ff8737b0000 - 0x00007ff8737dd000 	C:\WINDOWS\System32\IMM32.DLL
0x00000000755a0000 - 0x0000000075672000 	D:\Program Files\Android\Android Studio\jre\jre\bin\msvcr100.dll
0x0000000073950000 - 0x000000007418e000 	D:\Program Files\Android\Android Studio\jre\jre\bin\server\jvm.dll
0x00007ff873cf0000 - 0x00007ff873cf8000 	C:\WINDOWS\System32\PSAPI.DLL
0x00007ff86b630000 - 0x00007ff86b639000 	C:\WINDOWS\SYSTEM32\WSOCK32.dll
0x00007ff86af90000 - 0x00007ff86afb3000 	C:\WINDOWS\SYSTEM32\WINMM.dll
0x00007ff86d010000 - 0x00007ff86d01a000 	C:\WINDOWS\SYSTEM32\VERSION.dll
0x00007ff8748a0000 - 0x00007ff87490c000 	C:\WINDOWS\System32\WS2_32.dll
0x00007ff86af30000 - 0x00007ff86af5a000 	C:\WINDOWS\SYSTEM32\WINMMBASE.dll
0x00007ff872750000 - 0x00007ff87279a000 	C:\WINDOWS\System32\cfgmgr32.dll
0x00007ff86f000000 - 0x00007ff86f00f000 	D:\Program Files\Android\Android Studio\jre\jre\bin\verify.dll
0x00007ff8619d0000 - 0x00007ff8619f9000 	D:\Program Files\Android\Android Studio\jre\jre\bin\java.dll
0x00007ff8615f0000 - 0x00007ff861606000 	D:\Program Files\Android\Android Studio\jre\jre\bin\zip.dll
0x00007ff874b00000 - 0x00007ff875f36000 	C:\WINDOWS\System32\SHELL32.dll
0x00007ff873700000 - 0x00007ff8737a6000 	C:\WINDOWS\System32\shcore.dll
0x00007ff872d10000 - 0x00007ff873457000 	C:\WINDOWS\System32\windows.storage.dll
0x00007ff874aa0000 - 0x00007ff874af1000 	C:\WINDOWS\System32\shlwapi.dll
0x00007ff872470000 - 0x00007ff872481000 	C:\WINDOWS\System32\kernel.appcore.dll
0x00007ff872400000 - 0x00007ff87244c000 	C:\WINDOWS\System32\powrprof.dll
0x00007ff872450000 - 0x00007ff87246b000 	C:\WINDOWS\System32\profapi.dll
0x00007ff871e30000 - 0x00007ff871e47000 	C:\WINDOWS\SYSTEM32\CRYPTSP.dll
0x00007ff871660000 - 0x00007ff871693000 	C:\WINDOWS\system32\rsaenh.dll
0x00007ff871f40000 - 0x00007ff871f65000 	C:\WINDOWS\SYSTEM32\bcrypt.dll
0x00007ff872310000 - 0x00007ff872339000 	C:\WINDOWS\SYSTEM32\USERENV.dll
0x00007ff871e50000 - 0x00007ff871e5b000 	C:\WINDOWS\SYSTEM32\CRYPTBASE.dll
0x00007ff860120000 - 0x00007ff86013a000 	D:\Program Files\Android\Android Studio\jre\jre\bin\net.dll
0x00007ff871c70000 - 0x00007ff871cd6000 	C:\WINDOWS\system32\mswsock.dll
0x00007ff871a00000 - 0x00007ff871a39000 	C:\WINDOWS\SYSTEM32\IPHLPAPI.DLL
0x00007ff8739a0000 - 0x00007ff8739a8000 	C:\WINDOWS\System32\NSI.dll
0x00007ff86f450000 - 0x00007ff86f466000 	C:\WINDOWS\SYSTEM32\dhcpcsvc6.DLL
0x00007ff86f340000 - 0x00007ff86f35a000 	C:\WINDOWS\SYSTEM32\dhcpcsvc.DLL
0x00007ff860100000 - 0x00007ff860111000 	D:\Program Files\Android\Android Studio\jre\jre\bin\nio.dll

VM Arguments:
jvm_args: -Djava.awt.headless=true -Xmx64M -Dfile.encoding=windows-1256 -Duser.country=US -Duser.language=en -Duser.variant 
java_command: com.google.devtools.build.android.desugar.Desugar --input D:\src\Samples\Android\SamsungPay\noonpaySample\app\build\intermediates\transforms\stackFramesFixer\debug\11.jar --output D:\src\Samples\Android\SamsungPay\noonpaySample\app\build\intermediates\transforms\desugar\debug\12.jar --input D:\src\Samples\Android\SamsungPay\noonpaySample\app\build\intermediates\transforms\stackFramesFixer\debug\1.jar --output D:\src\Samples\Android\SamsungPay\noonpaySample\app\build\intermediates\transforms\desugar\debug\2.jar --input D:\src\Samples\Android\SamsungPay\noonpaySample\app\build\intermediates\transforms\stackFramesFixer\debug\19.jar --output D:\src\Samples\Android\SamsungPay\noonpaySample\app\build\intermediates\transforms\desugar\debug\20.jar --classpath_entry D:\src\Samples\Android\SamsungPay\noonpaySample\app\build\intermediates\classes\debug --classpath_entry D:\src\Samples\Android\SamsungPay\noonpaySample\app\build\intermediates\transforms\stackFramesFixer\debug\0.jar --classpath_entry D:\src\Samples\Android\SamsungPay\noonpaySample\app\build\intermediates\transforms\stackFramesFixer\debug\1.jar --classpath_entry D:\src\Samples\Android\SamsungPay\noonpaySample\app\build\intermediates\transforms\stackFramesFixer\debug\2.jar --classpath_entry D:\src\Samples\Android\SamsungPay\noonpaySample\app\build\intermediates\transforms\stackFramesFixer\debug\3.jar --classpath_entry D:\src\Samples\Android\SamsungPay\noonpaySample\app\build\intermediates\transforms\stackFramesFixer\debug\4.jar --classpath_entry D:\src\Samples\Android\SamsungPay\noonpaySample\app\build\intermediates\transforms\stackFramesFixer\debug\5.jar --classpath_entry D:\src\Samples\Android\SamsungPay\noonpaySample\app\build\intermediates\transforms\stackFramesFixer\debug\6.jar --classpath_entry D:\src\Samples\Android\SamsungPay\noonpaySample\app\build\intermediates\transforms\stackFramesFixer\debug\7.jar --classpath_entry D:\src\Samples\Android\SamsungPay\noonpaySample\app\build\intermediates\
java_class_path (initial): C:\Users\abdo\AppData\Local\Temp\desugar_deploy.jar6849692412381006742
Launcher Type: SUN_STANDARD

Environment Variables:
JAVA_HOME=C:\Users\abdo\scoop\apps\openjdk\current
USERNAME=abdo
OS=Windows_NT
PROCESSOR_IDENTIFIER=Intel64 Family 6 Model 94 Stepping 3, GenuineIntel



---------------  S Y S T E M  ---------------

OS: Windows 10.0 , 64 bit Build 16299 (10.0.16299.15)

CPU:total 8 (initial active 8) (4 cores per cpu, 2 threads per core) family 6 model 94 stepping 3, cmov, cx8, fxsr, mmx, sse, sse2, sse3, ssse3, sse4.1, sse4.2, popcnt, avx, avx2, aes, clmul, erms, rtm, 3dnowpref, lzcnt, ht, tsc, tscinvbit, bmi1, bmi2, adx

Memory: 4k page, physical 16666212k(4808812k free), swap 17714788k(8488k free)

vm_info: OpenJDK 64-Bit Server VM (25.152-b01) for windows-amd64 JRE (1.8.0_152-release-915-b01), built by "builder" with MS VC++ 10.0 (VS2010)

time: Thu Mar 15 12:45:37 2018
elapsed time: 1 seconds (0d 0h 0m 1s)

