#
# There is insufficient memory for the Java Runtime Environment to continue.
# Native memory allocation (malloc) failed to allocate 131088 bytes for Chunk::new
# Possible reasons:
#   The system is out of physical RAM or swap space
#   In 32 bit mode, the process size limit was hit
# Possible solutions:
#   Reduce memory load on the system
#   Increase physical memory or swap space
#   Check if swap backing store is full
#   Use 64 bit Java on a 64 bit OS
#   Decrease Java heap size (-Xmx/-Xms)
#   Decrease number of Java threads
#   Decrease Java thread stack sizes (-Xss)
#   Set larger code cache with -XX:ReservedCodeCacheSize=
# This output file may be truncated or incomplete.
#
#  Out of Memory Error (allocation.cpp:390), pid=39620, tid=0x000000000000cb78
#
# JRE version: OpenJDK Runtime Environment (8.0_152-b01) (build 1.8.0_152-release-915-b01)
# Java VM: OpenJDK 64-Bit Server VM (25.152-b01 mixed mode windows-amd64 compressed oops)
# Failed to write core dump. Minidumps are not enabled by default on client versions of Windows
#

---------------  T H R E A D  ---------------

Current thread (0x0000000017811000):  JavaThread "C2 CompilerThread2" daemon [_thread_in_native, id=52088, stack(0x0000000018270000,0x0000000018370000)]

Stack: [0x0000000018270000,0x0000000018370000]
[error occurred during error reporting (printing stack bounds), id 0xc0000005]

Native frames: (J=compiled Java code, j=interpreted, Vv=VM code, C=native code)


Current CompileTask:
C2:   2367  789 %     4       org.objectweb.asm.ClassReader::a @ 74 (3587 bytes)


---------------  P R O C E S S  ---------------

Java Threads: ( => current thread )
  0x0000000017859000 JavaThread "Service Thread" daemon [_thread_blocked, id=49628, stack(0x0000000018470000,0x0000000018570000)]
  0x000000001781c800 JavaThread "C1 CompilerThread3" daemon [_thread_blocked, id=51464, stack(0x0000000018370000,0x0000000018470000)]
=>0x0000000017811000 JavaThread "C2 CompilerThread2" daemon [_thread_in_native, id=52088, stack(0x0000000018270000,0x0000000018370000)]
  0x000000001780b800 JavaThread "C2 CompilerThread1" daemon [_thread_blocked, id=18084, stack(0x0000000018170000,0x0000000018270000)]
  0x000000001778a000 JavaThread "C2 CompilerThread0" daemon [_thread_blocked, id=17860, stack(0x0000000018070000,0x0000000018170000)]
  0x0000000017789000 JavaThread "Attach Listener" daemon [_thread_blocked, id=7028, stack(0x0000000017f70000,0x0000000018070000)]
  0x00000000177d9800 JavaThread "Signal Dispatcher" daemon [_thread_blocked, id=51880, stack(0x0000000017e70000,0x0000000017f70000)]
  0x0000000017770800 JavaThread "Finalizer" daemon [_thread_blocked, id=53956, stack(0x0000000017b50000,0x0000000017c50000)]
  0x0000000005069000 JavaThread "Reference Handler" daemon [_thread_blocked, id=45280, stack(0x0000000017650000,0x0000000017750000)]
  0x0000000004f74000 JavaThread "main" [_thread_in_vm, id=48512, stack(0x0000000004e20000,0x0000000004f20000)]

Other Threads:
  0x0000000015875000 VMThread [stack: 0x0000000017550000,0x0000000017650000] [id=34132]
  0x000000001786a000 WatcherThread [stack: 0x0000000018570000,0x0000000018670000] [id=11476]

VM state:not at safepoint (normal execution)

VM Mutex/Monitor currently owned by a thread:  ([mutex/lock_event])
[0x0000000004f71150] AdapterHandlerLibrary_lock - owner thread: 0x0000000004f74000

Heap:
 PSYoungGen      total 18944K, used 4597K [0x00000000feb00000, 0x0000000100000000, 0x0000000100000000)
  eden space 16384K, 12% used [0x00000000feb00000,0x00000000fecfeec8,0x00000000ffb00000)
  from space 2560K, 99% used [0x00000000ffd80000,0x00000000ffffe810,0x0000000100000000)
  to   space 2560K, 0% used [0x00000000ffb00000,0x00000000ffb00000,0x00000000ffd80000)
 ParOldGen       total 44032K, used 4798K [0x00000000fc000000, 0x00000000feb00000, 0x00000000feb00000)
  object space 44032K, 10% used [0x00000000fc000000,0x00000000fc4afb38,0x00000000feb00000)
 Metaspace       used 7523K, capacity 7688K, committed 7936K, reserved 1056768K
  class space    used 866K, capacity 924K, committed 1024K, reserved 1048576K

Card table byte_map: [0x0000000014430000,0x0000000014460000] byte_map_base: 0x0000000013c50000

Marking Bits: (ParMarkBitMap*) 0x0000000074113950
 Begin Bits: [0x0000000014c60000, 0x0000000014d60000)
 End Bits:   [0x0000000014d60000, 0x0000000014e60000)

Polling page: 0x0000000003610000

CodeCache: size=245760Kb used=3411Kb max_used=3411Kb free=242348Kb
 bounds [0x0000000005070000, 0x00000000053d0000, 0x0000000014070000]
 total_blobs=1213 nmethods=881 adapters=246
 compilation: enabled

Compilation events (10 events):
Event: 2.363 Thread 0x000000001781c800  879       3       java.util.zip.ZipOutputStream::writeShort (41 bytes)
Event: 2.363 Thread 0x000000001781c800 nmethod 879 0x00000000053bca10 code [0x00000000053bcb80, 0x00000000053bce98]
Event: 2.363 Thread 0x000000001781c800  877       3       org.objectweb.asm.FieldWriter::a (475 bytes)
Event: 2.364 Thread 0x000000001781c800 nmethod 877 0x00000000053c45d0 code [0x00000000053c4980, 0x00000000053c5db8]
Event: 2.364 Thread 0x000000001781c800  880       3       org.objectweb.asm.MethodVisitor::visitTypeInsn (17 bytes)
Event: 2.364 Thread 0x000000001781c800 nmethod 880 0x00000000053b0c50 code [0x00000000053b0dc0, 0x00000000053b1028]
Event: 2.364 Thread 0x000000001781c800  882       3       java.util.zip.ZipFile::access$1400 (14 bytes)
Event: 2.365 Thread 0x000000001781c800 nmethod 882 0x00000000053b08d0 code [0x00000000053b0a40, 0x00000000053b0ba8]
Event: 2.365 Thread 0x000000001781c800  881       3       org.objectweb.asm.tree.MethodNode::visitTypeInsn (17 bytes)
Event: 2.365 Thread 0x000000001781c800 nmethod 881 0x00000000053c6710 code [0x00000000053c68a0, 0x00000000053c6be8]

GC Heap History (4 events):
Event: 1.229 GC heap before
{Heap before GC invocations=1 (full 0):
 PSYoungGen      total 18944K, used 16384K [0x00000000feb00000, 0x0000000100000000, 0x0000000100000000)
  eden space 16384K, 100% used [0x00000000feb00000,0x00000000ffb00000,0x00000000ffb00000)
  from space 2560K, 0% used [0x00000000ffd80000,0x00000000ffd80000,0x0000000100000000)
  to   space 2560K, 0% used [0x00000000ffb00000,0x00000000ffb00000,0x00000000ffd80000)
 ParOldGen       total 44032K, used 0K [0x00000000fc000000, 0x00000000feb00000, 0x00000000feb00000)
  object space 44032K, 0% used [0x00000000fc000000,0x00000000fc000000,0x00000000feb00000)
 Metaspace       used 6589K, capacity 6746K, committed 7040K, reserved 1056768K
  class space    used 772K, capacity 823K, committed 896K, reserved 1048576K
Event: 1.233 GC heap after
Heap after GC invocations=1 (full 0):
 PSYoungGen      total 18944K, used 2528K [0x00000000feb00000, 0x0000000100000000, 0x0000000100000000)
  eden space 16384K, 0% used [0x00000000feb00000,0x00000000feb00000,0x00000000ffb00000)
  from space 2560K, 98% used [0x00000000ffb00000,0x00000000ffd78010,0x00000000ffd80000)
  to   space 2560K, 0% used [0x00000000ffd80000,0x00000000ffd80000,0x0000000100000000)
 ParOldGen       total 44032K, used 1491K [0x00000000fc000000, 0x00000000feb00000, 0x00000000feb00000)
  object space 44032K, 3% used [0x00000000fc000000,0x00000000fc174e40,0x00000000feb00000)
 Metaspace       used 6589K, capacity 6746K, committed 7040K, reserved 1056768K
  class space    used 772K, capacity 823K, committed 896K, reserved 1048576K
}
Event: 2.152 GC heap before
{Heap before GC invocations=2 (full 0):
 PSYoungGen      total 18944K, used 18912K [0x00000000feb00000, 0x0000000100000000, 0x0000000100000000)
  eden space 16384K, 100% used [0x00000000feb00000,0x00000000ffb00000,0x00000000ffb00000)
  from space 2560K, 98% used [0x00000000ffb00000,0x00000000ffd78010,0x00000000ffd80000)
  to   space 2560K, 0% used [0x00000000ffd80000,0x00000000ffd80000,0x0000000100000000)
 ParOldGen       total 44032K, used 1491K [0x00000000fc000000, 0x00000000feb00000, 0x00000000feb00000)
  object space 44032K, 3% used [0x00000000fc000000,0x00000000fc174e40,0x00000000feb00000)
 Metaspace       used 7510K, capacity 7688K, committed 7936K, reserved 1056768K
  class space    used 866K, capacity 924K, committed 1024K, reserved 1048576K
Event: 2.322 GC heap after
Heap after GC invocations=2 (full 0):
 PSYoungGen      total 18944K, used 2554K [0x00000000feb00000, 0x0000000100000000, 0x0000000100000000)
  eden space 16384K, 0% used [0x00000000feb00000,0x00000000feb00000,0x00000000ffb00000)
  from space 2560K, 99% used [0x00000000ffd80000,0x00000000ffffe810,0x0000000100000000)
  to   space 2560K, 0% used [0x00000000ffb00000,0x00000000ffb00000,0x00000000ffd80000)
 ParOldGen       total 44032K, used 4798K [0x00000000fc000000, 0x00000000feb00000, 0x00000000feb00000)
  object space 44032K, 10% used [0x00000000fc000000,0x00000000fc4afb38,0x00000000feb00000)
 Metaspace       used 7510K, capacity 7688K, committed 7936K, reserved 1056768K
  class space    used 866K, capacity 924K, committed 1024K, reserved 1048576K
}

Deoptimization events (10 events):
Event: 1.214 Thread 0x0000000004f74000 Uncommon trap: reason=unstable_if action=reinterpret pc=0x0000000005299c2c method=java.util.zip.ZipFile$ZipEntryIterator.hasNext()Z @ 25
Event: 1.214 Thread 0x0000000004f74000 Uncommon trap: reason=unstable_if action=reinterpret pc=0x00000000052a6078 method=java.util.zip.ZipCoder.decoder()Ljava/nio/charset/CharsetDecoder; @ 4
Event: 1.214 Thread 0x0000000004f74000 Uncommon trap: reason=unstable_if action=reinterpret pc=0x0000000005299758 method=java.util.zip.ZipEntry.setExtra0([BZ)V @ 1
Event: 1.215 Thread 0x0000000004f74000 Uncommon trap: reason=unstable_if action=reinterpret pc=0x00000000052a2148 method=java.util.zip.ZipCoder.decoder()Ljava/nio/charset/CharsetDecoder; @ 4
Event: 1.216 Thread 0x0000000004f74000 Uncommon trap: reason=unstable_if action=reinterpret pc=0x00000000052a8adc method=java.util.zip.ZipCoder.decoder()Ljava/nio/charset/CharsetDecoder; @ 4
Event: 1.266 Thread 0x0000000004f74000 Uncommon trap: reason=unstable_if action=reinterpret pc=0x00000000052aaf9c method=java.util.zip.ZipCoder.decoder()Ljava/nio/charset/CharsetDecoder; @ 4
Event: 1.266 Thread 0x0000000004f74000 Uncommon trap: reason=unstable_if action=reinterpret pc=0x000000000529c56c method=java.util.zip.ZipCoder.decoder()Ljava/nio/charset/CharsetDecoder; @ 4
Event: 1.267 Thread 0x0000000004f74000 Uncommon trap: reason=unstable_if action=reinterpret pc=0x000000000529913c method=java.util.zip.ZipCoder.decoder()Ljava/nio/charset/CharsetDecoder; @ 4
Event: 1.840 Thread 0x0000000004f74000 Uncommon trap: reason=unloaded action=reinterpret pc=0x000000000529d6fc method=java.util.zip.ZipEntry.setExtra0([BZ)V @ 37
Event: 1.966 Thread 0x0000000004f74000 Uncommon trap: reason=unstable_if action=reinterpret pc=0x00000000052083f8 method=java.lang.String.<init>([CII)V @ 18

Classes redefined (0 events):
No events

Internal exceptions (10 events):
Event: 1.267 Thread 0x0000000004f74000 Implicit null exception at 0x0000000005298cb8 to 0x0000000005299121
Event: 1.362 Thread 0x0000000004f74000 Exception <a 'sun/nio/fs/WindowsException'> (0x00000000ff1d7500) thrown at [D:\src\AOSP-openjdk-cygwin\jdk8u\hotspot\src\share\vm\prims\jni.cpp, line 709]
Event: 1.362 Thread 0x0000000004f74000 Exception <a 'sun/nio/fs/WindowsException'> (0x00000000ff1d7ac0) thrown at [D:\src\AOSP-openjdk-cygwin\jdk8u\hotspot\src\share\vm\prims\jni.cpp, line 709]
Event: 1.362 Thread 0x0000000004f74000 Exception <a 'sun/nio/fs/WindowsException'> (0x00000000ff1d8090) thrown at [D:\src\AOSP-openjdk-cygwin\jdk8u\hotspot\src\share\vm\prims\jni.cpp, line 709]
Event: 1.362 Thread 0x0000000004f74000 Exception <a 'sun/nio/fs/WindowsException'> (0x00000000ff1d8850) thrown at [D:\src\AOSP-openjdk-cygwin\jdk8u\hotspot\src\share\vm\prims\jni.cpp, line 709]
Event: 1.362 Thread 0x0000000004f74000 Exception <a 'sun/nio/fs/WindowsException'> (0x00000000ff1d8df8) thrown at [D:\src\AOSP-openjdk-cygwin\jdk8u\hotspot\src\share\vm\prims\jni.cpp, line 709]
Event: 1.362 Thread 0x0000000004f74000 Exception <a 'sun/nio/fs/WindowsException'> (0x00000000ff1d95a8) thrown at [D:\src\AOSP-openjdk-cygwin\jdk8u\hotspot\src\share\vm\prims\jni.cpp, line 709]
Event: 1.527 Thread 0x0000000004f74000 Exception <a 'sun/nio/fs/WindowsException'> (0x00000000ff1de928) thrown at [D:\src\AOSP-openjdk-cygwin\jdk8u\hotspot\src\share\vm\prims\jni.cpp, line 709]
Event: 1.955 Thread 0x0000000004f74000 Exception <a 'sun/nio/fs/WindowsException'> (0x00000000ff4fa940) thrown at [D:\src\AOSP-openjdk-cygwin\jdk8u\hotspot\src\share\vm\prims\jni.cpp, line 709]
Event: 1.955 Thread 0x0000000004f74000 Exception <a 'sun/nio/fs/WindowsException'> (0x00000000ff4faee8) thrown at [D:\src\AOSP-openjdk-cygwin\jdk8u\hotspot\src\share\vm\prims\jni.cpp, line 709]

Events (10 events):
Event: 2.056 loading class java/util/zip/ZipOutputStream$XEntry
Event: 2.056 loading class java/util/zip/ZipOutputStream$XEntry done
Event: 2.060 loading class org/objectweb/asm/Opcodes
Event: 2.060 loading class org/objectweb/asm/Opcodes done
Event: 2.061 loading class org/objectweb/asm/tree/TryCatchBlockNode
Event: 2.061 loading class org/objectweb/asm/tree/TryCatchBlockNode done
Event: 2.062 loading class org/objectweb/asm/Handler
Event: 2.062 loading class org/objectweb/asm/Handler done
Event: 2.152 Executing VM operation: ParallelGCFailedAllocation
Event: 2.322 Executing VM operation: ParallelGCFailedAllocation done


Dynamic libraries:
0x00007ff6561e0000 - 0x00007ff656211000 	D:\Program Files\Android\Android Studio\jre\bin\java.exe
0x00007ff876090000 - 0x00007ff876270000 	C:\WINDOWS\SYSTEM32\ntdll.dll
0x00007ff8747f0000 - 0x00007ff87489e000 	C:\WINDOWS\System32\KERNEL32.DLL
0x00007ff872970000 - 0x00007ff872bd6000 	C:\WINDOWS\System32\KERNELBASE.dll
0x00007ff8737e0000 - 0x00007ff873881000 	C:\WINDOWS\System32\ADVAPI32.dll
0x00007ff873fc0000 - 0x00007ff87405d000 	C:\WINDOWS\System32\msvcrt.dll
0x00007ff873b40000 - 0x00007ff873b9b000 	C:\WINDOWS\System32\combase.dll
0x00007ff875f40000 - 0x00007ff87605f000 	C:\WINDOWS\System32\bcryptPrimitives.dll
0x00007ff8739b0000 - 0x00007ff873b3f000 	C:\WINDOWS\System32\USER32.dll
0x00007ff872c40000 - 0x00007ff872c60000 	C:\WINDOWS\System32\win32u.dll
0x00007ff874060000 - 0x00007ff874088000 	C:\WINDOWS\System32\GDI32.dll
0x00007ff8725b0000 - 0x00007ff872743000 	D:\Program Files\Android\Android Studio\jre\jre\bin\server\jvm.dll
0x00007ff872510000 - 0x00007ff8725ab000 	C:\WINDOWS\System32\msvcp_win.dll
0x00007ff873460000 - 0x00007ff873556000 	C:\WINDOWS\System32\ucrtbase.dll
0x00007ff861c20000 - 0x00007ff861e89000 	C:\WINDOWS\WinSxS\amd64_microsoft.windows.common-controls_6595b64144ccf1df_6.0.16299.192_none_15c8cdae9364c23b\COMCTL32.dll
0x00007ff8744e0000 - 0x00007ff8747e8000 	C:\WINDOWS\System32\combase.dll
0x00007ff872490000 - 0x00007ff872502000 	C:\WINDOWS\System32\bcryptPrimitives.dll
0x00007ff8737b0000 - 0x00007ff8737dd000 	C:\WINDOWS\System32\IMM32.DLL
0x00000000755a0000 - 0x0000000075672000 	D:\Program Files\Android\Android Studio\jre\jre\bin\msvcr100.dll
0x0000000073950000 - 0x000000007418e000 	D:\Program Files\Android\Android Studio\jre\jre\bin\server\jvm.dll
0x00007ff873cf0000 - 0x00007ff873cf8000 	C:\WINDOWS\System32\PSAPI.DLL
0x00007ff86b630000 - 0x00007ff86b639000 	C:\WINDOWS\SYSTEM32\WSOCK32.dll
0x00007ff8748a0000 - 0x00007ff87490c000 	C:\WINDOWS\System32\WS2_32.dll
0x00007ff86af90000 - 0x00007ff86afb3000 	C:\WINDOWS\SYSTEM32\WINMM.dll
0x00007ff86d010000 - 0x00007ff86d01a000 	C:\WINDOWS\SYSTEM32\VERSION.dll
0x00007ff86af30000 - 0x00007ff86af5a000 	C:\WINDOWS\SYSTEM32\WINMMBASE.dll
0x00007ff872750000 - 0x00007ff87279a000 	C:\WINDOWS\System32\cfgmgr32.dll
0x00007ff86f000000 - 0x00007ff86f00f000 	D:\Program Files\Android\Android Studio\jre\jre\bin\verify.dll
0x00007ff86b450000 - 0x00007ff86b479000 	C:\WINDOWS\SYSTEM32\WINMM.dll
0x00007ff86afc0000 - 0x00007ff86afd6000 	C:\WINDOWS\SYSTEM32\VERSION.dll
0x00007ff874b00000 - 0x00007ff875f36000 	C:\WINDOWS\System32\cfgmgr32.dll
0x00007ff873700000 - 0x00007ff8737a6000 	D:\Program Files\Android\Android Studio\jre\jre\bin\verify.dll
0x00007ff872d10000 - 0x00007ff873457000 	D:\Program Files\Android\Android Studio\jre\jre\bin\java.dll
0x00007ff874aa0000 - 0x00007ff874af1000 	D:\Program Files\Android\Android Studio\jre\jre\bin\zip.dll
0x00007ff872470000 - 0x00007ff872481000 	C:\WINDOWS\System32\kernel.appcore.dll
0x00007ff872400000 - 0x00007ff87244c000 	C:\WINDOWS\System32\powrprof.dll
0x00007ff872450000 - 0x00007ff87246b000 	C:\WINDOWS\System32\profapi.dll
0x00007ff871e30000 - 0x00007ff871e47000 	C:\WINDOWS\SYSTEM32\CRYPTSP.dll
0x00007ff871660000 - 0x00007ff871693000 	C:\WINDOWS\system32\rsaenh.dll
0x00007ff871f40000 - 0x00007ff871f65000 	C:\WINDOWS\SYSTEM32\bcrypt.dll
0x00007ff872310000 - 0x00007ff872339000 	C:\WINDOWS\SYSTEM32\USERENV.dll
0x00007ff871e50000 - 0x00007ff871e5b000 	C:\WINDOWS\SYSTEM32\CRYPTBASE.dll
0x00007ff8619e0000 - 0x00007ff8619fa000 	D:\Program Files\Android\Android Studio\jre\jre\bin\net.dll
0x00007ff871c70000 - 0x00007ff871cd6000 	C:\WINDOWS\system32\mswsock.dll
0x00007ff871a00000 - 0x00007ff871a39000 	C:\WINDOWS\SYSTEM32\IPHLPAPI.DLL
0x00007ff8739a0000 - 0x00007ff8739a8000 	C:\WINDOWS\System32\NSI.dll
0x00007ff86f450000 - 0x00007ff86f466000 	C:\WINDOWS\SYSTEM32\dhcpcsvc6.DLL
0x00007ff86f340000 - 0x00007ff86f35a000 	C:\WINDOWS\SYSTEM32\dhcpcsvc.DLL
0x00007ff8615f0000 - 0x00007ff861601000 	D:\Program Files\Android\Android Studio\jre\jre\bin\nio.dll

VM Arguments:
jvm_args: -Djava.awt.headless=true -Xmx64M -Dfile.encoding=windows-1256 -Duser.country=US -Duser.language=en -Duser.variant 
java_command: com.google.devtools.build.android.desugar.Desugar --input D:\src\Samples\Android\SamsungPay\noonpaySample\app\build\intermediates\transforms\stackFramesFixer\debug\15.jar --output D:\src\Samples\Android\SamsungPay\noonpaySample\app\build\intermediates\transforms\desugar\debug\16.jar --input D:\src\Samples\Android\SamsungPay\noonpaySample\app\build\intermediates\transforms\stackFramesFixer\debug\21.jar --output D:\src\Samples\Android\SamsungPay\noonpaySample\app\build\intermediates\transforms\desugar\debug\22.jar --input D:\src\Samples\Android\SamsungPay\noonpaySample\app\build\intermediates\transforms\stackFramesFixer\debug\6.jar --output D:\src\Samples\Android\SamsungPay\noonpaySample\app\build\intermediates\transforms\desugar\debug\7.jar --classpath_entry D:\src\Samples\Android\SamsungPay\noonpaySample\app\build\intermediates\classes\debug --classpath_entry D:\src\Samples\Android\SamsungPay\noonpaySample\app\build\intermediates\transforms\stackFramesFixer\debug\0.jar --classpath_entry D:\src\Samples\Android\SamsungPay\noonpaySample\app\build\intermediates\transforms\stackFramesFixer\debug\1.jar --classpath_entry D:\src\Samples\Android\SamsungPay\noonpaySample\app\build\intermediates\transforms\stackFramesFixer\debug\2.jar --classpath_entry D:\src\Samples\Android\SamsungPay\noonpaySample\app\build\intermediates\transforms\stackFramesFixer\debug\3.jar --classpath_entry D:\src\Samples\Android\SamsungPay\noonpaySample\app\build\intermediates\transforms\stackFramesFixer\debug\4.jar --classpath_entry D:\src\Samples\Android\SamsungPay\noonpaySample\app\build\intermediates\transforms\stackFramesFixer\debug\5.jar --classpath_entry D:\src\Samples\Android\SamsungPay\noonpaySample\app\build\intermediates\transforms\stackFramesFixer\debug\6.jar --classpath_entry D:\src\Samples\Android\SamsungPay\noonpaySample\app\build\intermediates\transforms\stackFramesFixer\debug\7.jar --classpath_entry D:\src\Samples\Android\SamsungPay\noonpaySample\app\build\intermediates\
java_class_path (initial): C:\Users\abdo\AppData\Local\Temp\desugar_deploy.jar8799993622479453752
Launcher Type: SUN_STANDARD

Environment Variables:
JAVA_HOME=C:\Users\abdo\scoop\apps\openjdk\current
USERNAME=abdo
OS=Windows_NT
PROCESSOR_IDENTIFIER=Intel64 Family 6 Model 94 Stepping 3, GenuineIntel



---------------  S Y S T E M  ---------------

OS: Windows 10.0 , 64 bit Build 16299 (10.0.16299.15)

CPU:total 8 (initial active 8) (4 cores per cpu, 2 threads per core) family 6 model 94 stepping 3, cmov, cx8, fxsr, mmx, sse, sse2, sse3, ssse3, sse4.1, sse4.2, popcnt, avx, avx2, aes, clmul, erms, rtm, 3dnowpref, lzcnt, ht, tsc, tscinvbit, bmi1, bmi2, adx

Memory: 4k page, physical 16666212k(4552224k free), swap 17714788k(3184k free)

vm_info: OpenJDK 64-Bit Server VM (25.152-b01) for windows-amd64 JRE (1.8.0_152-release-915-b01), built by "builder" with MS VC++ 10.0 (VS2010)

time: Thu Mar 15 18:29:26 2018
elapsed time: 2 seconds (0d 0h 0m 2s)

