#
# There is insufficient memory for the Java Runtime Environment to continue.
# Native memory allocation (malloc) failed to allocate 130736 bytes for Chunk::new
# Possible reasons:
#   The system is out of physical RAM or swap space
#   In 32 bit mode, the process size limit was hit
# Possible solutions:
#   Reduce memory load on the system
#   Increase physical memory or swap space
#   Check if swap backing store is full
#   Use 64 bit Java on a 64 bit OS
#   Decrease Java heap size (-Xmx/-Xms)
#   Decrease number of Java threads
#   Decrease Java thread stack sizes (-Xss)
#   Set larger code cache with -XX:ReservedCodeCacheSize=
# This output file may be truncated or incomplete.
#
#  Out of Memory Error (allocation.cpp:390), pid=48456, tid=0x000000000000c358
#
# JRE version: OpenJDK Runtime Environment (8.0_152-b01) (build 1.8.0_152-release-915-b01)
# Java VM: OpenJDK 64-Bit Server VM (25.152-b01 mixed mode windows-amd64 compressed oops)
# Failed to write core dump. Minidumps are not enabled by default on client versions of Windows
#

---------------  T H R E A D  ---------------

Current thread (0x0000000016fc2000):  JavaThread "C2 CompilerThread2" daemon [_thread_in_native, id=50008, stack(0x0000000017a30000,0x0000000017b30000)]

Stack: [0x0000000017a30000,0x0000000017b30000]
[error occurred during error reporting (printing stack bounds), id 0xc0000005]

Native frames: (J=compiled Java code, j=interpreted, Vv=VM code, C=native code)


Current CompileTask:
C2:   1503  547       4       com.google.common.collect.Iterators$12::next (10 bytes)


---------------  P R O C E S S  ---------------

Java Threads: ( => current thread )
  0x0000000017050800 JavaThread "Service Thread" daemon [_thread_blocked, id=49388, stack(0x0000000017c30000,0x0000000017d30000)]
  0x0000000016fc8000 JavaThread "C1 CompilerThread3" daemon [_thread_blocked, id=41744, stack(0x0000000017b30000,0x0000000017c30000)]
=>0x0000000016fc2000 JavaThread "C2 CompilerThread2" daemon [_thread_in_native, id=50008, stack(0x0000000017a30000,0x0000000017b30000)]
  0x0000000016f79800 JavaThread "C2 CompilerThread1" daemon [_thread_in_native, id=49728, stack(0x0000000017930000,0x0000000017a30000)]
  0x0000000016f77000 JavaThread "C2 CompilerThread0" daemon [_thread_in_native, id=14736, stack(0x0000000017830000,0x0000000017930000)]
  0x0000000016f71800 JavaThread "Attach Listener" daemon [_thread_blocked, id=42484, stack(0x0000000017730000,0x0000000017830000)]
  0x0000000016fc1800 JavaThread "Signal Dispatcher" daemon [_thread_blocked, id=49708, stack(0x0000000017630000,0x0000000017730000)]
  0x0000000016f60800 JavaThread "Finalizer" daemon [_thread_blocked, id=29196, stack(0x0000000017340000,0x0000000017440000)]
  0x00000000048ae800 JavaThread "Reference Handler" daemon [_thread_blocked, id=49108, stack(0x0000000016e40000,0x0000000016f40000)]
  0x00000000047b4000 JavaThread "main" [_thread_in_Java, id=44996, stack(0x00000000046b0000,0x00000000047b0000)]

Other Threads:
  0x00000000048ac000 VMThread [stack: 0x0000000016d40000,0x0000000016e40000] [id=49268]
  0x0000000017069800 WatcherThread [stack: 0x0000000017d30000,0x0000000017e30000] [id=13364]

VM state:not at safepoint (normal execution)

VM Mutex/Monitor currently owned by a thread: None

Heap:
 PSYoungGen      total 18944K, used 13010K [0x00000000feb00000, 0x0000000100000000, 0x0000000100000000)
  eden space 16384K, 79% used [0x00000000feb00000,0x00000000ff7b4af0,0x00000000ffb00000)
  from space 2560K, 0% used [0x00000000ffd80000,0x00000000ffd80000,0x0000000100000000)
  to   space 2560K, 0% used [0x00000000ffb00000,0x00000000ffb00000,0x00000000ffd80000)
 ParOldGen       total 44032K, used 0K [0x00000000fc000000, 0x00000000feb00000, 0x00000000feb00000)
  object space 44032K, 0% used [0x00000000fc000000,0x00000000fc000000,0x00000000feb00000)
 Metaspace       used 6603K, capacity 6746K, committed 7040K, reserved 1056768K
  class space    used 773K, capacity 823K, committed 896K, reserved 1048576K

Card table byte_map: [0x0000000004560000,0x0000000004590000] byte_map_base: 0x0000000003d80000

Marking Bits: (ParMarkBitMap*) 0x0000000074113950
 Begin Bits: [0x0000000014470000, 0x0000000014570000)
 End Bits:   [0x0000000014570000, 0x0000000014670000)

Polling page: 0x0000000002d40000

CodeCache: size=245760Kb used=2245Kb max_used=2245Kb free=243514Kb
 bounds [0x00000000048b0000, 0x0000000004b20000, 0x00000000138b0000]
 total_blobs=868 nmethods=545 adapters=235
 compilation: enabled

Compilation events (10 events):
Event: 1.447 Thread 0x0000000016f77000 nmethod 543 0x0000000004ab9090 code [0x0000000004ab91c0, 0x0000000004ab9238]
Event: 1.447 Thread 0x0000000016f77000  544       4       com.google.common.collect.TransformedIterator::hasNext (10 bytes)
Event: 1.449 Thread 0x0000000016f77000 nmethod 544 0x0000000004adcf50 code [0x0000000004add0a0, 0x0000000004add3d8]
Event: 1.449 Thread 0x0000000016f77000  545       4       java.util.zip.ZipEntry::<init> (43 bytes)
Event: 1.450 Thread 0x0000000016f77000 nmethod 545 0x0000000004add790 code [0x0000000004add8c0, 0x0000000004add958]
Event: 1.451 Thread 0x0000000016fc2000 nmethod 542 0x0000000004adc490 code [0x0000000004adc600, 0x0000000004adcb08]
Event: 1.455 Thread 0x0000000016f79800 nmethod 541 0x0000000004adda50 code [0x0000000004addc60, 0x0000000004ade480]
Event: 1.489 Thread 0x0000000016f77000  546       4       com.google.common.collect.TransformedIterator::next (14 bytes)
Event: 1.489 Thread 0x0000000016fc2000  547       4       com.google.common.collect.Iterators$12::next (10 bytes)
Event: 1.489 Thread 0x0000000016f79800  548       4       java.util.zip.ZipFile$ZipEntryIterator::nextElement (5 bytes)

GC Heap History (0 events):
No events

Deoptimization events (2 events):
Event: 0.870 Thread 0x00000000047b4000 Uncommon trap: reason=range_check action=make_not_entrant pc=0x0000000004a39fa0 method=sun.reflect.generics.parser.SignatureParser.current()C @ 34
Event: 1.365 Thread 0x00000000047b4000 Uncommon trap: reason=unstable_if action=reinterpret pc=0x0000000004a5acb8 method=java.lang.String.startsWith(Ljava/lang/String;I)Z @ 25

Classes redefined (0 events):
No events

Internal exceptions (10 events):
Event: 1.096 Thread 0x00000000047b4000 Exception <a 'sun/nio/fs/WindowsException'> (0x00000000ff2c82f0) thrown at [D:\src\AOSP-openjdk-cygwin\jdk8u\hotspot\src\share\vm\prims\jni.cpp, line 709]
Event: 1.097 Thread 0x00000000047b4000 Exception <a 'sun/nio/fs/WindowsException'> (0x00000000ff2c8970) thrown at [D:\src\AOSP-openjdk-cygwin\jdk8u\hotspot\src\share\vm\prims\jni.cpp, line 709]
Event: 1.097 Thread 0x00000000047b4000 Exception <a 'sun/nio/fs/WindowsException'> (0x00000000ff2c9170) thrown at [D:\src\AOSP-openjdk-cygwin\jdk8u\hotspot\src\share\vm\prims\jni.cpp, line 709]
Event: 1.097 Thread 0x00000000047b4000 Exception <a 'sun/nio/fs/WindowsException'> (0x00000000ff2c97b0) thrown at [D:\src\AOSP-openjdk-cygwin\jdk8u\hotspot\src\share\vm\prims\jni.cpp, line 709]
Event: 1.097 Thread 0x00000000047b4000 Exception <a 'sun/nio/fs/WindowsException'> (0x00000000ff2c9f90) thrown at [D:\src\AOSP-openjdk-cygwin\jdk8u\hotspot\src\share\vm\prims\jni.cpp, line 709]
Event: 1.098 Thread 0x00000000047b4000 Exception <a 'sun/nio/fs/WindowsException'> (0x00000000ff2ca570) thrown at [D:\src\AOSP-openjdk-cygwin\jdk8u\hotspot\src\share\vm\prims\jni.cpp, line 709]
Event: 1.098 Thread 0x00000000047b4000 Exception <a 'sun/nio/fs/WindowsException'> (0x00000000ff2cad30) thrown at [D:\src\AOSP-openjdk-cygwin\jdk8u\hotspot\src\share\vm\prims\jni.cpp, line 709]
Event: 1.098 Thread 0x00000000047b4000 Exception <a 'sun/nio/fs/WindowsException'> (0x00000000ff2cb2d0) thrown at [D:\src\AOSP-openjdk-cygwin\jdk8u\hotspot\src\share\vm\prims\jni.cpp, line 709]
Event: 1.098 Thread 0x00000000047b4000 Exception <a 'sun/nio/fs/WindowsException'> (0x00000000ff2cba80) thrown at [D:\src\AOSP-openjdk-cygwin\jdk8u\hotspot\src\share\vm\prims\jni.cpp, line 709]
Event: 1.254 Thread 0x00000000047b4000 Exception <a 'sun/nio/fs/WindowsException'> (0x00000000ff2f8218) thrown at [D:\src\AOSP-openjdk-cygwin\jdk8u\hotspot\src\share\vm\prims\jni.cpp, line 709]

Events (10 events):
Event: 1.364 loading class com/google/common/base/Functions done
Event: 1.364 loading class com/google/common/base/Functions$ToStringFunction
Event: 1.364 loading class com/google/common/base/Functions$ToStringFunction done
Event: 1.365 loading class com/google/common/collect/Iterators$7
Event: 1.365 loading class com/google/common/collect/Iterators$7 done
Event: 1.365 loading class com/google/common/collect/TransformedIterator
Event: 1.365 loading class com/google/common/collect/TransformedIterator done
Event: 1.365 Thread 0x00000000047b4000 Uncommon trap: trap_request=0xffffff65 fr.pc=0x0000000004a5acb8
Event: 1.365 Thread 0x00000000047b4000 DEOPT PACKING pc=0x0000000004a5acb8 sp=0x00000000047aefe0
Event: 1.365 Thread 0x00000000047b4000 DEOPT UNPACKING pc=0x00000000048f556a sp=0x00000000047aef58 mode 2


Dynamic libraries:
0x00007ff6561e0000 - 0x00007ff656211000 	D:\Program Files\Android\Android Studio\jre\bin\java.exe
0x00007ff876090000 - 0x00007ff876270000 	C:\WINDOWS\SYSTEM32\ntdll.dll
0x00007ff8747f0000 - 0x00007ff87489e000 	C:\WINDOWS\System32\KERNEL32.DLL
0x00007ff872970000 - 0x00007ff872bd6000 	C:\WINDOWS\System32\KERNELBASE.dll
0x00007ff8737e0000 - 0x00007ff873881000 	C:\WINDOWS\System32\ADVAPI32.dll
0x00007ff873fc0000 - 0x00007ff87405d000 	C:\WINDOWS\System32\msvcrt.dll
0x00007ff873b40000 - 0x00007ff873b9b000 	C:\WINDOWS\System32\sechost.dll
0x00007ff875f40000 - 0x00007ff87605f000 	C:\WINDOWS\System32\RPCRT4.dll
0x00007ff8739b0000 - 0x00007ff873b3f000 	C:\WINDOWS\System32\USER32.dll
0x00007ff872c40000 - 0x00007ff872c60000 	C:\WINDOWS\System32\win32u.dll
0x00007ff874060000 - 0x00007ff874088000 	C:\WINDOWS\System32\GDI32.dll
0x00007ff8725b0000 - 0x00007ff872743000 	C:\WINDOWS\System32\gdi32full.dll
0x00007ff872510000 - 0x00007ff8725ab000 	C:\WINDOWS\System32\msvcp_win.dll
0x00007ff873460000 - 0x00007ff873556000 	C:\WINDOWS\System32\ucrtbase.dll
0x00007ff861c20000 - 0x00007ff861e89000 	C:\WINDOWS\WinSxS\amd64_microsoft.windows.common-controls_6595b64144ccf1df_6.0.16299.192_none_15c8cdae9364c23b\COMCTL32.dll
0x00007ff8744e0000 - 0x00007ff8747e8000 	C:\WINDOWS\System32\combase.dll
0x00007ff872490000 - 0x00007ff872502000 	C:\WINDOWS\System32\bcryptPrimitives.dll
0x00007ff8737b0000 - 0x00007ff8737dd000 	C:\WINDOWS\System32\IMM32.DLL
0x00000000755a0000 - 0x0000000075672000 	D:\Program Files\Android\Android Studio\jre\jre\bin\msvcr100.dll
0x0000000073950000 - 0x000000007418e000 	D:\Program Files\Android\Android Studio\jre\jre\bin\server\jvm.dll
0x00007ff873cf0000 - 0x00007ff873cf8000 	C:\WINDOWS\System32\PSAPI.DLL
0x00007ff86b630000 - 0x00007ff86b639000 	C:\WINDOWS\SYSTEM32\WSOCK32.dll
0x00007ff86d010000 - 0x00007ff86d01a000 	C:\WINDOWS\SYSTEM32\VERSION.dll
0x00007ff86af90000 - 0x00007ff86afb3000 	C:\WINDOWS\SYSTEM32\WINMM.dll
0x00007ff8748a0000 - 0x00007ff87490c000 	C:\WINDOWS\System32\WS2_32.dll
0x00007ff86af30000 - 0x00007ff86af5a000 	C:\WINDOWS\SYSTEM32\winmmbase.dll
0x00007ff872750000 - 0x00007ff87279a000 	C:\WINDOWS\System32\cfgmgr32.dll
0x00007ff86f000000 - 0x00007ff86f00f000 	D:\Program Files\Android\Android Studio\jre\jre\bin\verify.dll
0x00007ff8619d0000 - 0x00007ff8619f9000 	D:\Program Files\Android\Android Studio\jre\jre\bin\java.dll
0x00007ff8615f0000 - 0x00007ff861606000 	D:\Program Files\Android\Android Studio\jre\jre\bin\zip.dll
0x00007ff874b00000 - 0x00007ff875f36000 	C:\WINDOWS\System32\SHELL32.dll
0x00007ff873700000 - 0x00007ff8737a6000 	C:\WINDOWS\System32\shcore.dll
0x00007ff872d10000 - 0x00007ff873457000 	C:\WINDOWS\System32\windows.storage.dll
0x00007ff874aa0000 - 0x00007ff874af1000 	C:\WINDOWS\System32\shlwapi.dll
0x00007ff872470000 - 0x00007ff872481000 	C:\WINDOWS\System32\kernel.appcore.dll
0x00007ff872400000 - 0x00007ff87244c000 	C:\WINDOWS\System32\powrprof.dll
0x00007ff872450000 - 0x00007ff87246b000 	C:\WINDOWS\System32\profapi.dll
0x00007ff871e30000 - 0x00007ff871e47000 	C:\WINDOWS\SYSTEM32\CRYPTSP.dll
0x00007ff871660000 - 0x00007ff871693000 	C:\WINDOWS\system32\rsaenh.dll
0x00007ff871f40000 - 0x00007ff871f65000 	C:\WINDOWS\SYSTEM32\bcrypt.dll
0x00007ff872310000 - 0x00007ff872339000 	C:\WINDOWS\SYSTEM32\USERENV.dll
0x00007ff871e50000 - 0x00007ff871e5b000 	C:\WINDOWS\SYSTEM32\CRYPTBASE.dll
0x00007ff860120000 - 0x00007ff86013a000 	D:\Program Files\Android\Android Studio\jre\jre\bin\net.dll
0x00007ff871c70000 - 0x00007ff871cd6000 	C:\WINDOWS\system32\mswsock.dll
0x00007ff871a00000 - 0x00007ff871a39000 	C:\WINDOWS\SYSTEM32\IPHLPAPI.DLL
0x00007ff8739a0000 - 0x00007ff8739a8000 	C:\WINDOWS\System32\NSI.dll
0x00007ff86f450000 - 0x00007ff86f466000 	C:\WINDOWS\SYSTEM32\dhcpcsvc6.DLL
0x00007ff86f340000 - 0x00007ff86f35a000 	C:\WINDOWS\SYSTEM32\dhcpcsvc.DLL
0x00007ff860100000 - 0x00007ff860111000 	D:\Program Files\Android\Android Studio\jre\jre\bin\nio.dll

VM Arguments:
jvm_args: -Djava.awt.headless=true -Xmx64M -Dfile.encoding=windows-1256 -Duser.country=US -Duser.language=en -Duser.variant 
java_command: com.google.devtools.build.android.desugar.Desugar --input D:\src\Samples\Android\SamsungPay\noonpaySample\app\build\intermediates\transforms\stackFramesFixer\debug\17.jar --output D:\src\Samples\Android\SamsungPay\noonpaySample\app\build\intermediates\transforms\desugar\debug\18.jar --input D:\src\Samples\Android\SamsungPay\noonpaySample\app\build\intermediates\transforms\stackFramesFixer\debug\7.jar --output D:\src\Samples\Android\SamsungPay\noonpaySample\app\build\intermediates\transforms\desugar\debug\8.jar --input D:\src\Samples\Android\SamsungPay\noonpaySample\app\build\intermediates\transforms\stackFramesFixer\debug\2.jar --output D:\src\Samples\Android\SamsungPay\noonpaySample\app\build\intermediates\transforms\desugar\debug\3.jar --classpath_entry D:\src\Samples\Android\SamsungPay\noonpaySample\app\build\intermediates\classes\debug --classpath_entry D:\src\Samples\Android\SamsungPay\noonpaySample\app\build\intermediates\transforms\stackFramesFixer\debug\0.jar --classpath_entry D:\src\Samples\Android\SamsungPay\noonpaySample\app\build\intermediates\transforms\stackFramesFixer\debug\1.jar --classpath_entry D:\src\Samples\Android\SamsungPay\noonpaySample\app\build\intermediates\transforms\stackFramesFixer\debug\2.jar --classpath_entry D:\src\Samples\Android\SamsungPay\noonpaySample\app\build\intermediates\transforms\stackFramesFixer\debug\3.jar --classpath_entry D:\src\Samples\Android\SamsungPay\noonpaySample\app\build\intermediates\transforms\stackFramesFixer\debug\4.jar --classpath_entry D:\src\Samples\Android\SamsungPay\noonpaySample\app\build\intermediates\transforms\stackFramesFixer\debug\5.jar --classpath_entry D:\src\Samples\Android\SamsungPay\noonpaySample\app\build\intermediates\transforms\stackFramesFixer\debug\6.jar --classpath_entry D:\src\Samples\Android\SamsungPay\noonpaySample\app\build\intermediates\transforms\stackFramesFixer\debug\7.jar --classpath_entry D:\src\Samples\Android\SamsungPay\noonpaySample\app\build\intermediates\tr
java_class_path (initial): C:\Users\abdo\AppData\Local\Temp\desugar_deploy.jar6849692412381006742
Launcher Type: SUN_STANDARD

Environment Variables:
JAVA_HOME=C:\Users\abdo\scoop\apps\openjdk\current
USERNAME=abdo
OS=Windows_NT
PROCESSOR_IDENTIFIER=Intel64 Family 6 Model 94 Stepping 3, GenuineIntel



---------------  S Y S T E M  ---------------

OS: Windows 10.0 , 64 bit Build 16299 (10.0.16299.15)

CPU:total 8 (initial active 8) (4 cores per cpu, 2 threads per core) family 6 model 94 stepping 3, cmov, cx8, fxsr, mmx, sse, sse2, sse3, ssse3, sse4.1, sse4.2, popcnt, avx, avx2, aes, clmul, erms, rtm, 3dnowpref, lzcnt, ht, tsc, tscinvbit, bmi1, bmi2, adx

Memory: 4k page, physical 16666212k(5242772k free), swap 17714788k(4184k free)

vm_info: OpenJDK 64-Bit Server VM (25.152-b01) for windows-amd64 JRE (1.8.0_152-release-915-b01), built by "builder" with MS VC++ 10.0 (VS2010)

time: Thu Mar 15 12:40:47 2018
elapsed time: 1 seconds (0d 0h 0m 1s)

