#
# There is insufficient memory for the Java Runtime Environment to continue.
# Native memory allocation (malloc) failed to allocate 91520 bytes for Chunk::new
# Possible reasons:
#   The system is out of physical RAM or swap space
#   In 32 bit mode, the process size limit was hit
# Possible solutions:
#   Reduce memory load on the system
#   Increase physical memory or swap space
#   Check if swap backing store is full
#   Use 64 bit Java on a 64 bit OS
#   Decrease Java heap size (-Xmx/-Xms)
#   Decrease number of Java threads
#   Decrease Java thread stack sizes (-Xss)
#   Set larger code cache with -XX:ReservedCodeCacheSize=
# This output file may be truncated or incomplete.
#
#  Out of Memory Error (allocation.cpp:390), pid=56264, tid=0x000000000000dce0
#
# JRE version: OpenJDK Runtime Environment (8.0_152-b01) (build 1.8.0_152-release-915-b01)
# Java VM: OpenJDK 64-Bit Server VM (25.152-b01 mixed mode windows-amd64 compressed oops)
# Failed to write core dump. Minidumps are not enabled by default on client versions of Windows
#

---------------  T H R E A D  ---------------

Current thread (0x000000001772b000):  JavaThread "C2 CompilerThread2" daemon [_thread_in_native, id=56544, stack(0x0000000018210000,0x0000000018310000)]

Stack: [0x0000000018210000,0x0000000018310000]
[error occurred during error reporting (printing stack bounds), id 0xc0000005]

Native frames: (J=compiled Java code, j=interpreted, Vv=VM code, C=native code)


Current CompileTask:
C2:   1745  534       4       java.util.zip.ZipFile$ZipEntryIterator::nextElement (5 bytes)


---------------  P R O C E S S  ---------------

Java Threads: ( => current thread )
  0x0000000017807000 JavaThread "Service Thread" daemon [_thread_blocked, id=56552, stack(0x0000000018410000,0x0000000018510000)]
  0x0000000017775000 JavaThread "C1 CompilerThread3" daemon [_thread_blocked, id=56548, stack(0x0000000018310000,0x0000000018410000)]
=>0x000000001772b000 JavaThread "C2 CompilerThread2" daemon [_thread_in_native, id=56544, stack(0x0000000018210000,0x0000000018310000)]
  0x0000000017726000 JavaThread "C2 CompilerThread1" daemon [_thread_in_native, id=56540, stack(0x0000000018110000,0x0000000018210000)]
  0x0000000017722800 JavaThread "C2 CompilerThread0" daemon [_thread_in_native, id=56536, stack(0x0000000018010000,0x0000000018110000)]
  0x0000000017721000 JavaThread "Attach Listener" daemon [_thread_blocked, id=56532, stack(0x0000000017f10000,0x0000000018010000)]
  0x0000000017771800 JavaThread "Signal Dispatcher" daemon [_thread_blocked, id=56528, stack(0x0000000017e10000,0x0000000017f10000)]
  0x0000000017710800 JavaThread "Finalizer" daemon [_thread_blocked, id=56372, stack(0x0000000017af0000,0x0000000017bf0000)]
  0x0000000004ff9000 JavaThread "Reference Handler" daemon [_thread_blocked, id=56360, stack(0x00000000175f0000,0x00000000176f0000)]
  0x0000000004f04000 JavaThread "main" [_thread_in_vm, id=54300, stack(0x0000000004de0000,0x0000000004ee0000)]

Other Threads:
  0x00000000157f5000 VMThread [stack: 0x00000000174f0000,0x00000000175f0000] [id=56348]
  0x0000000017807800 WatcherThread [stack: 0x0000000018510000,0x0000000018610000] [id=56556]

VM state:not at safepoint (normal execution)

VM Mutex/Monitor currently owned by a thread: None

Heap:
 PSYoungGen      total 18944K, used 12027K [0x00000000feb00000, 0x0000000100000000, 0x0000000100000000)
  eden space 16384K, 73% used [0x00000000feb00000,0x00000000ff6bef80,0x00000000ffb00000)
  from space 2560K, 0% used [0x00000000ffd80000,0x00000000ffd80000,0x0000000100000000)
  to   space 2560K, 0% used [0x00000000ffb00000,0x00000000ffb00000,0x00000000ffd80000)
 ParOldGen       total 44032K, used 0K [0x00000000fc000000, 0x00000000feb00000, 0x00000000feb00000)
  object space 44032K, 0% used [0x00000000fc000000,0x00000000fc000000,0x00000000feb00000)
 Metaspace       used 6566K, capacity 6682K, committed 6784K, reserved 1056768K
  class space    used 772K, capacity 823K, committed 896K, reserved 1048576K

Card table byte_map: [0x00000000143c0000,0x00000000143f0000] byte_map_base: 0x0000000013be0000

Marking Bits: (ParMarkBitMap*) 0x0000000074113950
 Begin Bits: [0x0000000014bf0000, 0x0000000014cf0000)
 End Bits:   [0x0000000014cf0000, 0x0000000014df0000)

Polling page: 0x00000000035d0000

CodeCache: size=245760Kb used=2178Kb max_used=2191Kb free=243581Kb
 bounds [0x0000000005000000, 0x0000000005270000, 0x0000000014000000]
 total_blobs=852 nmethods=531 adapters=235
 compilation: enabled

Compilation events (10 events):
Event: 1.722 Thread 0x0000000017722800 nmethod 529 0x00000000051fc290 code [0x00000000051fc3c0, 0x00000000051fc438]
Event: 1.723 Thread 0x0000000017726000 nmethod 528 0x000000000521e690 code [0x000000000521e800, 0x000000000521ed08]
Event: 1.723 Thread 0x0000000017722800  530       4       com.google.common.collect.TransformedIterator::hasNext (10 bytes)
Event: 1.724 Thread 0x0000000017726000  531       4       java.util.zip.ZipEntry::<init> (43 bytes)
Event: 1.724 Thread 0x0000000017726000 nmethod 531 0x0000000005221890 code [0x00000000052219c0, 0x0000000005221a58]
Event: 1.725 Thread 0x0000000017722800 nmethod 530 0x000000000521de50 code [0x000000000521dfa0, 0x000000000521e2d8]
Event: 1.729 Thread 0x000000001772b000 nmethod 527 0x0000000005224c90 code [0x0000000005224ea0, 0x00000000052256c0]
Event: 1.731 Thread 0x0000000017726000  532       4       com.google.common.collect.TransformedIterator::next (14 bytes)
Event: 1.731 Thread 0x0000000017722800  533       4       com.google.common.collect.Iterators$12::next (10 bytes)
Event: 1.731 Thread 0x000000001772b000  534       4       java.util.zip.ZipFile$ZipEntryIterator::nextElement (5 bytes)

GC Heap History (0 events):
No events

Deoptimization events (2 events):
Event: 1.065 Thread 0x0000000004f04000 Uncommon trap: reason=range_check action=make_not_entrant pc=0x0000000005187020 method=sun.reflect.generics.parser.SignatureParser.current()C @ 34
Event: 1.548 Thread 0x0000000004f04000 Uncommon trap: reason=unstable_if action=reinterpret pc=0x00000000051a50b8 method=java.lang.String.startsWith(Ljava/lang/String;I)Z @ 25

Classes redefined (0 events):
No events

Internal exceptions (10 events):
Event: 1.267 Thread 0x0000000004f04000 Exception <a 'sun/nio/fs/WindowsException'> (0x00000000ff2c8340) thrown at [D:\src\AOSP-openjdk-cygwin\jdk8u\hotspot\src\share\vm\prims\jni.cpp, line 709]
Event: 1.267 Thread 0x0000000004f04000 Exception <a 'sun/nio/fs/WindowsException'> (0x00000000ff2c89c0) thrown at [D:\src\AOSP-openjdk-cygwin\jdk8u\hotspot\src\share\vm\prims\jni.cpp, line 709]
Event: 1.268 Thread 0x0000000004f04000 Exception <a 'sun/nio/fs/WindowsException'> (0x00000000ff2c91c0) thrown at [D:\src\AOSP-openjdk-cygwin\jdk8u\hotspot\src\share\vm\prims\jni.cpp, line 709]
Event: 1.268 Thread 0x0000000004f04000 Exception <a 'sun/nio/fs/WindowsException'> (0x00000000ff2c9800) thrown at [D:\src\AOSP-openjdk-cygwin\jdk8u\hotspot\src\share\vm\prims\jni.cpp, line 709]
Event: 1.268 Thread 0x0000000004f04000 Exception <a 'sun/nio/fs/WindowsException'> (0x00000000ff2c9fe0) thrown at [D:\src\AOSP-openjdk-cygwin\jdk8u\hotspot\src\share\vm\prims\jni.cpp, line 709]
Event: 1.268 Thread 0x0000000004f04000 Exception <a 'sun/nio/fs/WindowsException'> (0x00000000ff2ca5c0) thrown at [D:\src\AOSP-openjdk-cygwin\jdk8u\hotspot\src\share\vm\prims\jni.cpp, line 709]
Event: 1.268 Thread 0x0000000004f04000 Exception <a 'sun/nio/fs/WindowsException'> (0x00000000ff2cad80) thrown at [D:\src\AOSP-openjdk-cygwin\jdk8u\hotspot\src\share\vm\prims\jni.cpp, line 709]
Event: 1.268 Thread 0x0000000004f04000 Exception <a 'sun/nio/fs/WindowsException'> (0x00000000ff2cb320) thrown at [D:\src\AOSP-openjdk-cygwin\jdk8u\hotspot\src\share\vm\prims\jni.cpp, line 709]
Event: 1.268 Thread 0x0000000004f04000 Exception <a 'sun/nio/fs/WindowsException'> (0x00000000ff2cbad0) thrown at [D:\src\AOSP-openjdk-cygwin\jdk8u\hotspot\src\share\vm\prims\jni.cpp, line 709]
Event: 1.296 Thread 0x0000000004f04000 Exception <a 'sun/nio/fs/WindowsException'> (0x00000000ff2f8380) thrown at [D:\src\AOSP-openjdk-cygwin\jdk8u\hotspot\src\share\vm\prims\jni.cpp, line 709]

Events (10 events):
Event: 1.538 loading class com/google/common/base/Functions done
Event: 1.546 loading class com/google/common/base/Functions$ToStringFunction
Event: 1.546 loading class com/google/common/base/Functions$ToStringFunction done
Event: 1.547 loading class com/google/common/collect/Iterators$7
Event: 1.547 loading class com/google/common/collect/Iterators$7 done
Event: 1.547 loading class com/google/common/collect/TransformedIterator
Event: 1.547 loading class com/google/common/collect/TransformedIterator done
Event: 1.548 Thread 0x0000000004f04000 Uncommon trap: trap_request=0xffffff65 fr.pc=0x00000000051a50b8
Event: 1.548 Thread 0x0000000004f04000 DEOPT PACKING pc=0x00000000051a50b8 sp=0x0000000004edf650
Event: 1.548 Thread 0x0000000004f04000 DEOPT UNPACKING pc=0x000000000504556a sp=0x0000000004edf5c8 mode 2


Dynamic libraries:
0x00007ff6561e0000 - 0x00007ff656211000 	D:\Program Files\Android\Android Studio\jre\bin\java.exe
0x00007ff876090000 - 0x00007ff876270000 	C:\WINDOWS\SYSTEM32\ntdll.dll
0x00007ff8747f0000 - 0x00007ff87489e000 	C:\WINDOWS\System32\KERNEL32.DLL
0x00007ff872970000 - 0x00007ff872bd6000 	C:\WINDOWS\System32\KERNELBASE.dll
0x00007ff8737e0000 - 0x00007ff873881000 	C:\WINDOWS\System32\ADVAPI32.dll
0x00007ff873fc0000 - 0x00007ff87405d000 	C:\WINDOWS\System32\msvcrt.dll
0x00007ff873b40000 - 0x00007ff873b9b000 	C:\WINDOWS\System32\sechost.dll
0x00007ff875f40000 - 0x00007ff87605f000 	C:\WINDOWS\System32\RPCRT4.dll
0x00007ff8739b0000 - 0x00007ff873b3f000 	C:\WINDOWS\System32\USER32.dll
0x00007ff872c40000 - 0x00007ff872c60000 	C:\WINDOWS\System32\win32u.dll
0x00007ff874060000 - 0x00007ff874088000 	C:\WINDOWS\System32\GDI32.dll
0x00007ff8725b0000 - 0x00007ff872743000 	C:\WINDOWS\System32\gdi32full.dll
0x00007ff872510000 - 0x00007ff8725ab000 	C:\WINDOWS\System32\msvcp_win.dll
0x00007ff873460000 - 0x00007ff873556000 	C:\WINDOWS\System32\ucrtbase.dll
0x00007ff861c20000 - 0x00007ff861e89000 	C:\WINDOWS\WinSxS\amd64_microsoft.windows.common-controls_6595b64144ccf1df_6.0.16299.192_none_15c8cdae9364c23b\COMCTL32.dll
0x00007ff8744e0000 - 0x00007ff8747e8000 	C:\WINDOWS\System32\combase.dll
0x00007ff872490000 - 0x00007ff872502000 	C:\WINDOWS\System32\bcryptPrimitives.dll
0x00007ff8737b0000 - 0x00007ff8737dd000 	C:\WINDOWS\System32\IMM32.DLL
0x00000000755a0000 - 0x0000000075672000 	D:\Program Files\Android\Android Studio\jre\jre\bin\msvcr100.dll
0x0000000073950000 - 0x000000007418e000 	D:\Program Files\Android\Android Studio\jre\jre\bin\server\jvm.dll
0x00007ff873cf0000 - 0x00007ff873cf8000 	C:\WINDOWS\System32\PSAPI.DLL
0x00007ff86b630000 - 0x00007ff86b639000 	C:\WINDOWS\SYSTEM32\WSOCK32.dll
0x00007ff8748a0000 - 0x00007ff87490c000 	C:\WINDOWS\System32\WS2_32.dll
0x00007ff86af90000 - 0x00007ff86afb3000 	C:\WINDOWS\SYSTEM32\WINMM.dll
0x00007ff86d010000 - 0x00007ff86d01a000 	C:\WINDOWS\SYSTEM32\VERSION.dll
0x00007ff86af30000 - 0x00007ff86af5a000 	C:\WINDOWS\SYSTEM32\WINMMBASE.dll
0x00007ff872750000 - 0x00007ff87279a000 	C:\WINDOWS\System32\cfgmgr32.dll
0x00007ff86f000000 - 0x00007ff86f00f000 	D:\Program Files\Android\Android Studio\jre\jre\bin\verify.dll
0x00007ff86b450000 - 0x00007ff86b479000 	D:\Program Files\Android\Android Studio\jre\jre\bin\java.dll
0x00007ff86afc0000 - 0x00007ff86afd6000 	D:\Program Files\Android\Android Studio\jre\jre\bin\zip.dll
0x00007ff874b00000 - 0x00007ff875f36000 	C:\WINDOWS\System32\SHELL32.dll
0x00007ff873700000 - 0x00007ff8737a6000 	C:\WINDOWS\System32\shcore.dll
0x00007ff872d10000 - 0x00007ff873457000 	C:\WINDOWS\System32\windows.storage.dll
0x00007ff874aa0000 - 0x00007ff874af1000 	C:\WINDOWS\System32\shlwapi.dll
0x00007ff872470000 - 0x00007ff872481000 	C:\WINDOWS\System32\kernel.appcore.dll
0x00007ff872400000 - 0x00007ff87244c000 	C:\WINDOWS\System32\powrprof.dll
0x00007ff872450000 - 0x00007ff87246b000 	C:\WINDOWS\System32\profapi.dll
0x00007ff871e30000 - 0x00007ff871e47000 	C:\WINDOWS\SYSTEM32\CRYPTSP.dll
0x00007ff871660000 - 0x00007ff871693000 	C:\WINDOWS\system32\rsaenh.dll
0x00007ff871f40000 - 0x00007ff871f65000 	C:\WINDOWS\SYSTEM32\bcrypt.dll
0x00007ff872310000 - 0x00007ff872339000 	C:\WINDOWS\SYSTEM32\USERENV.dll
0x00007ff871e50000 - 0x00007ff871e5b000 	C:\WINDOWS\SYSTEM32\CRYPTBASE.dll
0x00007ff8619e0000 - 0x00007ff8619fa000 	D:\Program Files\Android\Android Studio\jre\jre\bin\net.dll
0x00007ff871c70000 - 0x00007ff871cd6000 	C:\WINDOWS\system32\mswsock.dll
0x00007ff871a00000 - 0x00007ff871a39000 	C:\WINDOWS\SYSTEM32\IPHLPAPI.DLL
0x00007ff8739a0000 - 0x00007ff8739a8000 	C:\WINDOWS\System32\NSI.dll
0x00007ff86f450000 - 0x00007ff86f466000 	C:\WINDOWS\SYSTEM32\dhcpcsvc6.DLL
0x00007ff86f340000 - 0x00007ff86f35a000 	C:\WINDOWS\SYSTEM32\dhcpcsvc.DLL
0x00007ff8615f0000 - 0x00007ff861601000 	D:\Program Files\Android\Android Studio\jre\jre\bin\nio.dll

VM Arguments:
jvm_args: -Djava.awt.headless=true -Xmx64M -Dfile.encoding=windows-1256 -Duser.country=US -Duser.language=en -Duser.variant 
java_command: com.google.devtools.build.android.desugar.Desugar --input D:\src\Samples\Android\SamsungPay\noonpaySample\app\build\intermediates\transforms\stackFramesFixer\debug\4.jar --output D:\src\Samples\Android\SamsungPay\noonpaySample\app\build\intermediates\transforms\desugar\debug\5.jar --input D:\src\Samples\Android\SamsungPay\noonpaySample\app\build\intermediates\transforms\stackFramesFixer\debug\13.jar --output D:\src\Samples\Android\SamsungPay\noonpaySample\app\build\intermediates\transforms\desugar\debug\14.jar --input D:\src\Samples\Android\SamsungPay\noonpaySample\app\build\intermediates\transforms\stackFramesFixer\debug\5.jar --output D:\src\Samples\Android\SamsungPay\noonpaySample\app\build\intermediates\transforms\desugar\debug\6.jar --classpath_entry D:\src\Samples\Android\SamsungPay\noonpaySample\app\build\intermediates\classes\debug --classpath_entry D:\src\Samples\Android\SamsungPay\noonpaySample\app\build\intermediates\transforms\stackFramesFixer\debug\0.jar --classpath_entry D:\src\Samples\Android\SamsungPay\noonpaySample\app\build\intermediates\transforms\stackFramesFixer\debug\1.jar --classpath_entry D:\src\Samples\Android\SamsungPay\noonpaySample\app\build\intermediates\transforms\stackFramesFixer\debug\2.jar --classpath_entry D:\src\Samples\Android\SamsungPay\noonpaySample\app\build\intermediates\transforms\stackFramesFixer\debug\3.jar --classpath_entry D:\src\Samples\Android\SamsungPay\noonpaySample\app\build\intermediates\transforms\stackFramesFixer\debug\4.jar --classpath_entry D:\src\Samples\Android\SamsungPay\noonpaySample\app\build\intermediates\transforms\stackFramesFixer\debug\5.jar --classpath_entry D:\src\Samples\Android\SamsungPay\noonpaySample\app\build\intermediates\transforms\stackFramesFixer\debug\6.jar --classpath_entry D:\src\Samples\Android\SamsungPay\noonpaySample\app\build\intermediates\transforms\stackFramesFixer\debug\7.jar --classpath_entry D:\src\Samples\Android\SamsungPay\noonpaySample\app\build\intermediates\tr
java_class_path (initial): C:\Users\abdo\AppData\Local\Temp\desugar_deploy.jar9046475168045982317
Launcher Type: SUN_STANDARD

Environment Variables:
JAVA_HOME=C:\Users\abdo\scoop\apps\openjdk\current
USERNAME=abdo
OS=Windows_NT
PROCESSOR_IDENTIFIER=Intel64 Family 6 Model 94 Stepping 3, GenuineIntel



---------------  S Y S T E M  ---------------

OS: Windows 10.0 , 64 bit Build 16299 (10.0.16299.15)

CPU:total 8 (initial active 8) (4 cores per cpu, 2 threads per core) family 6 model 94 stepping 3, cmov, cx8, fxsr, mmx, sse, sse2, sse3, ssse3, sse4.1, sse4.2, popcnt, avx, avx2, aes, clmul, erms, rtm, 3dnowpref, lzcnt, ht, tsc, tscinvbit, bmi1, bmi2, adx

Memory: 4k page, physical 16666212k(4911748k free), swap 17714788k(700k free)

vm_info: OpenJDK 64-Bit Server VM (25.152-b01) for windows-amd64 JRE (1.8.0_152-release-915-b01), built by "builder" with MS VC++ 10.0 (VS2010)

time: Thu Mar 15 19:32:49 2018
elapsed time: 1 seconds (0d 0h 0m 1s)

