#
# There is insufficient memory for the Java Runtime Environment to continue.
# Native memory allocation (malloc) failed to allocate 32744 bytes for ChunkPool::allocate
# Possible reasons:
#   The system is out of physical RAM or swap space
#   In 32 bit mode, the process size limit was hit
# Possible solutions:
#   Reduce memory load on the system
#   Increase physical memory or swap space
#   Check if swap backing store is full
#   Use 64 bit Java on a 64 bit OS
#   Decrease Java heap size (-Xmx/-Xms)
#   Decrease number of Java threads
#   Decrease Java thread stack sizes (-Xss)
#   Set larger code cache with -XX:ReservedCodeCacheSize=
# This output file may be truncated or incomplete.
#
#  Out of Memory Error (allocation.cpp:273), pid=26168, tid=0x000000000000ba30
#
# JRE version: OpenJDK Runtime Environment (8.0_152-b01) (build 1.8.0_152-release-915-b01)
# Java VM: OpenJDK 64-Bit Server VM (25.152-b01 mixed mode windows-amd64 compressed oops)
# Failed to write core dump. Minidumps are not enabled by default on client versions of Windows
#

---------------  T H R E A D  ---------------

Current thread (0x0000000016fd2800):  JavaThread "C1 CompilerThread3" daemon [_thread_in_vm, id=47664, stack(0x0000000017ba0000,0x0000000017ca0000)]

Stack: [0x0000000017ba0000,0x0000000017ca0000]
[error occurred during error reporting (printing stack bounds), id 0xc0000005]

Native frames: (J=compiled Java code, j=interpreted, Vv=VM code, C=native code)


Current CompileTask:
C1:   2565  905       3       org.objectweb.asm.ClassReader::readUTF8 (60 bytes)


---------------  P R O C E S S  ---------------

Java Threads: ( => current thread )
  0x00000000170aa000 JavaThread "Service Thread" daemon [_thread_blocked, id=5472, stack(0x0000000017ca0000,0x0000000017da0000)]
=>0x0000000016fd2800 JavaThread "C1 CompilerThread3" daemon [_thread_in_vm, id=47664, stack(0x0000000017ba0000,0x0000000017ca0000)]
  0x0000000016fd1000 JavaThread "C2 CompilerThread2" daemon [_thread_blocked, id=43820, stack(0x0000000017aa0000,0x0000000017ba0000)]
  0x0000000016fcb800 JavaThread "C2 CompilerThread1" daemon [_thread_blocked, id=48528, stack(0x00000000179a0000,0x0000000017aa0000)]
  0x0000000016fc8000 JavaThread "C2 CompilerThread0" daemon [_thread_in_native, id=54808, stack(0x00000000178a0000,0x00000000179a0000)]
  0x0000000017019800 JavaThread "Attach Listener" daemon [_thread_blocked, id=47384, stack(0x00000000177a0000,0x00000000178a0000)]
  0x0000000017018800 JavaThread "Signal Dispatcher" daemon [_thread_blocked, id=51656, stack(0x00000000176a0000,0x00000000177a0000)]
  0x00000000150c1800 JavaThread "Finalizer" daemon [_thread_blocked, id=45328, stack(0x0000000017390000,0x0000000017490000)]
  0x00000000150ba800 JavaThread "Reference Handler" daemon [_thread_blocked, id=47008, stack(0x0000000016e90000,0x0000000016f90000)]
  0x0000000004814000 JavaThread "main" [_thread_in_vm, id=33964, stack(0x0000000004710000,0x0000000004810000)]

Other Threads:
  0x00000000150b6000 VMThread [stack: 0x0000000016d90000,0x0000000016e90000] [id=28896]
  0x00000000170ab000 WatcherThread [stack: 0x0000000017da0000,0x0000000017ea0000] [id=45340]

VM state:not at safepoint (normal execution)

VM Mutex/Monitor currently owned by a thread: None

Heap:
 PSYoungGen      total 18944K, used 5584K [0x00000000feb00000, 0x0000000100000000, 0x0000000100000000)
  eden space 16384K, 18% used [0x00000000feb00000,0x00000000fedf9860,0x00000000ffb00000)
  from space 2560K, 99% used [0x00000000ffd80000,0x00000000ffffa7f0,0x0000000100000000)
  to   space 2560K, 0% used [0x00000000ffb00000,0x00000000ffb00000,0x00000000ffd80000)
 ParOldGen       total 44032K, used 4836K [0x00000000fc000000, 0x00000000feb00000, 0x00000000feb00000)
  object space 44032K, 10% used [0x00000000fc000000,0x00000000fc4b9130,0x00000000feb00000)
 Metaspace       used 7545K, capacity 7688K, committed 7936K, reserved 1056768K
  class space    used 867K, capacity 924K, committed 1024K, reserved 1048576K

Card table byte_map: [0x0000000004640000,0x0000000004670000] byte_map_base: 0x0000000003e60000

Marking Bits: (ParMarkBitMap*) 0x0000000074113950
 Begin Bits: [0x00000000144d0000, 0x00000000145d0000)
 End Bits:   [0x00000000145d0000, 0x00000000146d0000)

Polling page: 0x0000000002990000

CodeCache: size=245760Kb used=3462Kb max_used=3475Kb free=242297Kb
 bounds [0x0000000004910000, 0x0000000004c80000, 0x0000000013910000]
 total_blobs=1235 nmethods=903 adapters=246
 compilation: enabled

Compilation events (10 events):
Event: 2.303 Thread 0x0000000016fd2800 nmethod 901 0x0000000004c67550 code [0x0000000004c676a0, 0x0000000004c677f0]
Event: 2.303 Thread 0x0000000016fd2800  898       3       org.objectweb.asm.Item::<init> (5 bytes)
Event: 2.303 Thread 0x0000000016fd2800 nmethod 898 0x0000000004c67190 code [0x0000000004c672e0, 0x0000000004c67490]
Event: 2.303 Thread 0x0000000016fd2800  899       1       sun.util.calendar.CalendarDate::getYear (5 bytes)
Event: 2.303 Thread 0x0000000016fd2800 nmethod 899 0x0000000004c5f310 code [0x0000000004c5f460, 0x0000000004c5f570]
Event: 2.303 Thread 0x0000000016fd2800  904       1       java.nio.Buffer::capacity (5 bytes)
Event: 2.303 Thread 0x0000000016fd2800 nmethod 904 0x0000000004c66ed0 code [0x0000000004c67020, 0x0000000004c67130]
Event: 2.304 Thread 0x0000000016fd1000 nmethod 903 0x0000000004c668d0 code [0x0000000004c66a20, 0x0000000004c66d88]
Event: 2.306 Thread 0x0000000016fcb800 nmethod 902 0x0000000004c77990 code [0x0000000004c77b00, 0x0000000004c77ff8]
Event: 2.564 Thread 0x0000000016fd2800  905       3       org.objectweb.asm.ClassReader::readUTF8 (60 bytes)

GC Heap History (4 events):
Event: 1.334 GC heap before
{Heap before GC invocations=1 (full 0):
 PSYoungGen      total 18944K, used 16384K [0x00000000feb00000, 0x0000000100000000, 0x0000000100000000)
  eden space 16384K, 100% used [0x00000000feb00000,0x00000000ffb00000,0x00000000ffb00000)
  from space 2560K, 0% used [0x00000000ffd80000,0x00000000ffd80000,0x0000000100000000)
  to   space 2560K, 0% used [0x00000000ffb00000,0x00000000ffb00000,0x00000000ffd80000)
 ParOldGen       total 44032K, used 0K [0x00000000fc000000, 0x00000000feb00000, 0x00000000feb00000)
  object space 44032K, 0% used [0x00000000fc000000,0x00000000fc000000,0x00000000feb00000)
 Metaspace       used 6599K, capacity 6746K, committed 7040K, reserved 1056768K
  class space    used 772K, capacity 823K, committed 896K, reserved 1048576K
Event: 1.364 GC heap after
Heap after GC invocations=1 (full 0):
 PSYoungGen      total 18944K, used 2528K [0x00000000feb00000, 0x0000000100000000, 0x0000000100000000)
  eden space 16384K, 0% used [0x00000000feb00000,0x00000000feb00000,0x00000000ffb00000)
  from space 2560K, 98% used [0x00000000ffb00000,0x00000000ffd78030,0x00000000ffd80000)
  to   space 2560K, 0% used [0x00000000ffd80000,0x00000000ffd80000,0x0000000100000000)
 ParOldGen       total 44032K, used 1476K [0x00000000fc000000, 0x00000000feb00000, 0x00000000feb00000)
  object space 44032K, 3% used [0x00000000fc000000,0x00000000fc1712d0,0x00000000feb00000)
 Metaspace       used 6599K, capacity 6746K, committed 7040K, reserved 1056768K
  class space    used 772K, capacity 823K, committed 896K, reserved 1048576K
}
Event: 2.037 GC heap before
{Heap before GC invocations=2 (full 0):
 PSYoungGen      total 18944K, used 18912K [0x00000000feb00000, 0x0000000100000000, 0x0000000100000000)
  eden space 16384K, 100% used [0x00000000feb00000,0x00000000ffb00000,0x00000000ffb00000)
  from space 2560K, 98% used [0x00000000ffb00000,0x00000000ffd78030,0x00000000ffd80000)
  to   space 2560K, 0% used [0x00000000ffd80000,0x00000000ffd80000,0x0000000100000000)
 ParOldGen       total 44032K, used 1476K [0x00000000fc000000, 0x00000000feb00000, 0x00000000feb00000)
  object space 44032K, 3% used [0x00000000fc000000,0x00000000fc1712d0,0x00000000feb00000)
 Metaspace       used 7521K, capacity 7688K, committed 7936K, reserved 1056768K
  class space    used 866K, capacity 924K, committed 1024K, reserved 1048576K
Event: 2.266 GC heap after
Heap after GC invocations=2 (full 0):
 PSYoungGen      total 18944K, used 2537K [0x00000000feb00000, 0x0000000100000000, 0x0000000100000000)
  eden space 16384K, 0% used [0x00000000feb00000,0x00000000feb00000,0x00000000ffb00000)
  from space 2560K, 99% used [0x00000000ffd80000,0x00000000ffffa7f0,0x0000000100000000)
  to   space 2560K, 0% used [0x00000000ffb00000,0x00000000ffb00000,0x00000000ffd80000)
 ParOldGen       total 44032K, used 4836K [0x00000000fc000000, 0x00000000feb00000, 0x00000000feb00000)
  object space 44032K, 10% used [0x00000000fc000000,0x00000000fc4b9130,0x00000000feb00000)
 Metaspace       used 7521K, capacity 7688K, committed 7936K, reserved 1056768K
  class space    used 866K, capacity 924K, committed 1024K, reserved 1048576K
}

Deoptimization events (10 events):
Event: 1.392 Thread 0x0000000004814000 Uncommon trap: reason=unstable_if action=reinterpret pc=0x0000000004b499b8 method=java.util.zip.ZipCoder.decoder()Ljava/nio/charset/CharsetDecoder; @ 4
Event: 1.393 Thread 0x0000000004814000 Uncommon trap: reason=unstable_if action=reinterpret pc=0x0000000004b4225c method=java.util.zip.ZipCoder.decoder()Ljava/nio/charset/CharsetDecoder; @ 4
Event: 1.393 Thread 0x0000000004814000 Uncommon trap: reason=unstable_if action=reinterpret pc=0x0000000004b4529c method=java.util.zip.ZipCoder.decoder()Ljava/nio/charset/CharsetDecoder; @ 4
Event: 1.399 Thread 0x0000000004814000 Uncommon trap: reason=unstable_if action=reinterpret pc=0x0000000004b4de08 method=java.util.HashMap$HashIterator.nextNode()Ljava/util/HashMap$Node; @ 74
Event: 1.561 Thread 0x0000000004814000 Uncommon trap: reason=unstable_if action=reinterpret pc=0x0000000004b50648 method=java.util.HashMap$HashIterator.nextNode()Ljava/util/HashMap$Node; @ 74
Event: 1.647 Thread 0x0000000004814000 Uncommon trap: reason=unloaded action=reinterpret pc=0x0000000004b43d7c method=java.util.zip.ZipEntry.setExtra0([BZ)V @ 37
Event: 1.936 Thread 0x0000000004814000 Uncommon trap: reason=unstable_if action=reinterpret pc=0x0000000004c17558 method=org.objectweb.asm.Item.a(Lorg/objectweb/asm/Item;)Z @ 345
Event: 2.036 Thread 0x0000000004814000 Uncommon trap: reason=unstable_if action=reinterpret pc=0x0000000004c2181c method=org.objectweb.asm.Type.getArgumentsAndReturnSizes(Ljava/lang/String;)I @ 47
Event: 2.292 Thread 0x0000000004814000 Uncommon trap: reason=unstable_if action=reinterpret pc=0x0000000004c51a68 method=org.objectweb.asm.MethodWriter.visitVarInsn(II)V @ 130
Event: 2.301 Thread 0x0000000004814000 Uncommon trap: reason=unstable_if action=reinterpret pc=0x0000000004bb3af8 method=java.lang.String.<init>([CII)V @ 18

Classes redefined (0 events):
No events

Internal exceptions (10 events):
Event: 1.539 Thread 0x0000000004814000 Exception <a 'sun/nio/fs/WindowsException'> (0x00000000ff1d6ff8) thrown at [D:\src\AOSP-openjdk-cygwin\jdk8u\hotspot\src\share\vm\prims\jni.cpp, line 709]
Event: 1.539 Thread 0x0000000004814000 Exception <a 'sun/nio/fs/WindowsException'> (0x00000000ff1d75c8) thrown at [D:\src\AOSP-openjdk-cygwin\jdk8u\hotspot\src\share\vm\prims\jni.cpp, line 709]
Event: 1.539 Thread 0x0000000004814000 Exception <a 'sun/nio/fs/WindowsException'> (0x00000000ff1d7d88) thrown at [D:\src\AOSP-openjdk-cygwin\jdk8u\hotspot\src\share\vm\prims\jni.cpp, line 709]
Event: 1.539 Thread 0x0000000004814000 Exception <a 'sun/nio/fs/WindowsException'> (0x00000000ff1d8330) thrown at [D:\src\AOSP-openjdk-cygwin\jdk8u\hotspot\src\share\vm\prims\jni.cpp, line 709]
Event: 1.539 Thread 0x0000000004814000 Exception <a 'sun/nio/fs/WindowsException'> (0x00000000ff1d8ae0) thrown at [D:\src\AOSP-openjdk-cygwin\jdk8u\hotspot\src\share\vm\prims\jni.cpp, line 709]
Event: 1.585 Thread 0x0000000004814000 Exception <a 'sun/nio/fs/WindowsException'> (0x00000000ff1dde60) thrown at [D:\src\AOSP-openjdk-cygwin\jdk8u\hotspot\src\share\vm\prims\jni.cpp, line 709]
Event: 1.668 Thread 0x0000000004814000 Exception <a 'sun/nio/fs/WindowsException'> (0x00000000ff4f9e90) thrown at [D:\src\AOSP-openjdk-cygwin\jdk8u\hotspot\src\share\vm\prims\jni.cpp, line 709]
Event: 1.668 Thread 0x0000000004814000 Exception <a 'sun/nio/fs/WindowsException'> (0x00000000ff4fa438) thrown at [D:\src\AOSP-openjdk-cygwin\jdk8u\hotspot\src\share\vm\prims\jni.cpp, line 709]
Event: 2.560 Thread 0x0000000004814000 Exception <a 'sun/nio/fs/WindowsException'> (0x00000000fedd00f8) thrown at [D:\src\AOSP-openjdk-cygwin\jdk8u\hotspot\src\share\vm\prims\jni.cpp, line 709]
Event: 2.560 Thread 0x0000000004814000 Exception <a 'sun/nio/fs/WindowsException'> (0x00000000fedd0620) thrown at [D:\src\AOSP-openjdk-cygwin\jdk8u\hotspot\src\share\vm\prims\jni.cpp, line 709]

Events (10 events):
Event: 2.037 Executing VM operation: ParallelGCFailedAllocation
Event: 2.266 Executing VM operation: ParallelGCFailedAllocation done
Event: 2.292 Thread 0x0000000004814000 Uncommon trap: trap_request=0xffffff65 fr.pc=0x0000000004c51a68
Event: 2.292 Thread 0x0000000004814000 DEOPT PACKING pc=0x0000000004c51a68 sp=0x000000000480ea80
Event: 2.292 Thread 0x0000000004814000 DEOPT UNPACKING pc=0x000000000495556a sp=0x000000000480e9d0 mode 2
Event: 2.301 Thread 0x0000000004814000 Uncommon trap: trap_request=0xffffff65 fr.pc=0x0000000004bb3af8
Event: 2.301 Thread 0x0000000004814000 DEOPT PACKING pc=0x0000000004bb3af8 sp=0x000000000480eb70
Event: 2.301 Thread 0x0000000004814000 DEOPT UNPACKING pc=0x000000000495556a sp=0x000000000480ea18 mode 2
Event: 2.301 loading class java/util/Vector$Itr
Event: 2.302 loading class java/util/Vector$Itr done


Dynamic libraries:
0x00007ff6561e0000 - 0x00007ff656211000 	D:\Program Files\Android\Android Studio\jre\bin\java.exe
0x00007ff876090000 - 0x00007ff876270000 	C:\WINDOWS\SYSTEM32\ntdll.dll
0x00007ff8747f0000 - 0x00007ff87489e000 	C:\WINDOWS\System32\KERNEL32.DLL
0x00007ff872970000 - 0x00007ff872bd6000 	C:\WINDOWS\System32\KERNELBASE.dll
0x00007ff8737e0000 - 0x00007ff873881000 	C:\WINDOWS\System32\ADVAPI32.dll
0x00007ff873fc0000 - 0x00007ff87405d000 	C:\WINDOWS\System32\msvcrt.dll
0x00007ff873b40000 - 0x00007ff873b9b000 	C:\WINDOWS\System32\sechost.dll
0x00007ff875f40000 - 0x00007ff87605f000 	C:\WINDOWS\System32\RPCRT4.dll
0x00007ff8739b0000 - 0x00007ff873b3f000 	C:\WINDOWS\System32\USER32.dll
0x00007ff872c40000 - 0x00007ff872c60000 	C:\WINDOWS\System32\win32u.dll
0x00007ff874060000 - 0x00007ff874088000 	C:\WINDOWS\System32\GDI32.dll
0x00007ff8725b0000 - 0x00007ff872743000 	C:\WINDOWS\System32\gdi32full.dll
0x00007ff872510000 - 0x00007ff8725ab000 	C:\WINDOWS\System32\msvcp_win.dll
0x00007ff873460000 - 0x00007ff873556000 	C:\WINDOWS\System32\ucrtbase.dll
0x00007ff861c20000 - 0x00007ff861e89000 	C:\WINDOWS\WinSxS\amd64_microsoft.windows.common-controls_6595b64144ccf1df_6.0.16299.192_none_15c8cdae9364c23b\COMCTL32.dll
0x00007ff8744e0000 - 0x00007ff8747e8000 	C:\WINDOWS\System32\combase.dll
0x00007ff872490000 - 0x00007ff872502000 	C:\WINDOWS\System32\bcryptPrimitives.dll
0x00007ff8737b0000 - 0x00007ff8737dd000 	C:\WINDOWS\System32\IMM32.DLL
0x00000000755a0000 - 0x0000000075672000 	D:\Program Files\Android\Android Studio\jre\jre\bin\msvcr100.dll
0x0000000073950000 - 0x000000007418e000 	D:\Program Files\Android\Android Studio\jre\jre\bin\server\jvm.dll
0x00007ff873cf0000 - 0x00007ff873cf8000 	C:\WINDOWS\System32\PSAPI.DLL
0x00007ff86b630000 - 0x00007ff86b639000 	C:\WINDOWS\SYSTEM32\WSOCK32.dll
0x00007ff8748a0000 - 0x00007ff87490c000 	C:\WINDOWS\System32\WS2_32.dll
0x00007ff86af90000 - 0x00007ff86afb3000 	C:\WINDOWS\SYSTEM32\WINMM.dll
0x00007ff86d010000 - 0x00007ff86d01a000 	C:\WINDOWS\SYSTEM32\VERSION.dll
0x00007ff86af30000 - 0x00007ff86af5a000 	C:\WINDOWS\SYSTEM32\WINMMBASE.dll
0x00007ff872750000 - 0x00007ff87279a000 	C:\WINDOWS\System32\cfgmgr32.dll
0x00007ff86f000000 - 0x00007ff86f00f000 	D:\Program Files\Android\Android Studio\jre\jre\bin\verify.dll
0x00007ff86b450000 - 0x00007ff86b479000 	D:\Program Files\Android\Android Studio\jre\jre\bin\java.dll
0x00007ff86afc0000 - 0x00007ff86afd6000 	D:\Program Files\Android\Android Studio\jre\jre\bin\zip.dll
0x00007ff874b00000 - 0x00007ff875f36000 	C:\WINDOWS\System32\SHELL32.dll
0x00007ff873700000 - 0x00007ff8737a6000 	C:\WINDOWS\System32\shcore.dll
0x00007ff872d10000 - 0x00007ff873457000 	C:\WINDOWS\System32\windows.storage.dll
0x00007ff874aa0000 - 0x00007ff874af1000 	C:\WINDOWS\System32\shlwapi.dll
0x00007ff872470000 - 0x00007ff872481000 	C:\WINDOWS\System32\kernel.appcore.dll
0x00007ff872400000 - 0x00007ff87244c000 	C:\WINDOWS\System32\powrprof.dll
0x00007ff872450000 - 0x00007ff87246b000 	C:\WINDOWS\System32\profapi.dll
0x00007ff871e30000 - 0x00007ff871e47000 	C:\WINDOWS\SYSTEM32\CRYPTSP.dll
0x00007ff871660000 - 0x00007ff871693000 	C:\WINDOWS\system32\rsaenh.dll
0x00007ff871f40000 - 0x00007ff871f65000 	C:\WINDOWS\SYSTEM32\bcrypt.dll
0x00007ff872310000 - 0x00007ff872339000 	C:\WINDOWS\SYSTEM32\USERENV.dll
0x00007ff871e50000 - 0x00007ff871e5b000 	C:\WINDOWS\SYSTEM32\CRYPTBASE.dll
0x00007ff8619e0000 - 0x00007ff8619fa000 	D:\Program Files\Android\Android Studio\jre\jre\bin\net.dll
0x00007ff871c70000 - 0x00007ff871cd6000 	C:\WINDOWS\system32\mswsock.dll
0x00007ff871a00000 - 0x00007ff871a39000 	C:\WINDOWS\SYSTEM32\IPHLPAPI.DLL
0x00007ff8739a0000 - 0x00007ff8739a8000 	C:\WINDOWS\System32\NSI.dll
0x00007ff86f450000 - 0x00007ff86f466000 	C:\WINDOWS\SYSTEM32\dhcpcsvc6.DLL
0x00007ff86f340000 - 0x00007ff86f35a000 	C:\WINDOWS\SYSTEM32\dhcpcsvc.DLL
0x00007ff8615f0000 - 0x00007ff861601000 	D:\Program Files\Android\Android Studio\jre\jre\bin\nio.dll

VM Arguments:
jvm_args: -Djava.awt.headless=true -Xmx64M -Dfile.encoding=windows-1256 -Duser.country=US -Duser.language=en -Duser.variant 
java_command: com.google.devtools.build.android.desugar.Desugar --input D:\src\Samples\Android\SamsungPay\noonpaySample\app\build\intermediates\transforms\stackFramesFixer\debug\13.jar --output D:\src\Samples\Android\SamsungPay\noonpaySample\app\build\intermediates\transforms\desugar\debug\14.jar --input D:\src\Samples\Android\SamsungPay\noonpaySample\app\build\intermediates\transforms\stackFramesFixer\debug\2.jar --output D:\src\Samples\Android\SamsungPay\noonpaySample\app\build\intermediates\transforms\desugar\debug\3.jar --classpath_entry D:\src\Samples\Android\SamsungPay\noonpaySample\app\build\intermediates\classes\debug --classpath_entry D:\src\Samples\Android\SamsungPay\noonpaySample\app\build\intermediates\transforms\stackFramesFixer\debug\0.jar --classpath_entry D:\src\Samples\Android\SamsungPay\noonpaySample\app\build\intermediates\transforms\stackFramesFixer\debug\1.jar --classpath_entry D:\src\Samples\Android\SamsungPay\noonpaySample\app\build\intermediates\transforms\stackFramesFixer\debug\2.jar --classpath_entry D:\src\Samples\Android\SamsungPay\noonpaySample\app\build\intermediates\transforms\stackFramesFixer\debug\3.jar --classpath_entry D:\src\Samples\Android\SamsungPay\noonpaySample\app\build\intermediates\transforms\stackFramesFixer\debug\4.jar --classpath_entry D:\src\Samples\Android\SamsungPay\noonpaySample\app\build\intermediates\transforms\stackFramesFixer\debug\5.jar --classpath_entry D:\src\Samples\Android\SamsungPay\noonpaySample\app\build\intermediates\transforms\stackFramesFixer\debug\6.jar --classpath_entry D:\src\Samples\Android\SamsungPay\noonpaySample\app\build\intermediates\transforms\stackFramesFixer\debug\7.jar --classpath_entry D:\src\Samples\Android\SamsungPay\noonpaySample\app\build\intermediates\transforms\stackFramesFixer\debug\8.jar --classpath_entry D:\src\Samples\Android\SamsungPay\noonpaySample\app\build\intermediates\transforms\stackFramesFixer\debug\9.jar --classpath_entry D:\src\Samples\Android\SamsungPay\noonpaySampl
java_class_path (initial): C:\Users\abdo\AppData\Local\Temp\desugar_deploy.jar8799993622479453752
Launcher Type: SUN_STANDARD

Environment Variables:
JAVA_HOME=C:\Users\abdo\scoop\apps\openjdk\current
USERNAME=abdo
OS=Windows_NT
PROCESSOR_IDENTIFIER=Intel64 Family 6 Model 94 Stepping 3, GenuineIntel



---------------  S Y S T E M  ---------------

OS: Windows 10.0 , 64 bit Build 16299 (10.0.16299.15)

CPU:total 8 (initial active 8) (4 cores per cpu, 2 threads per core) family 6 model 94 stepping 3, cmov, cx8, fxsr, mmx, sse, sse2, sse3, ssse3, sse4.1, sse4.2, popcnt, avx, avx2, aes, clmul, erms, rtm, 3dnowpref, lzcnt, ht, tsc, tscinvbit, bmi1, bmi2, adx

Memory: 4k page, physical 16666212k(4545612k free), swap 17714788k(576k free)

vm_info: OpenJDK 64-Bit Server VM (25.152-b01) for windows-amd64 JRE (1.8.0_152-release-915-b01), built by "builder" with MS VC++ 10.0 (VS2010)

time: Thu Mar 15 18:29:26 2018
elapsed time: 2 seconds (0d 0h 0m 2s)

