#
# There is insufficient memory for the Java Runtime Environment to continue.
# Native memory allocation (malloc) failed to allocate 32744 bytes for ChunkPool::allocate
# Possible reasons:
#   The system is out of physical RAM or swap space
#   In 32 bit mode, the process size limit was hit
# Possible solutions:
#   Reduce memory load on the system
#   Increase physical memory or swap space
#   Check if swap backing store is full
#   Use 64 bit Java on a 64 bit OS
#   Decrease Java heap size (-Xmx/-Xms)
#   Decrease number of Java threads
#   Decrease Java thread stack sizes (-Xss)
#   Set larger code cache with -XX:ReservedCodeCacheSize=
# This output file may be truncated or incomplete.
#
#  Out of Memory Error (allocation.cpp:273), pid=17280, tid=0x000000000000c0ec
#
# JRE version: OpenJDK Runtime Environment (8.0_152-b01) (build 1.8.0_152-release-915-b01)
# Java VM: OpenJDK 64-Bit Server VM (25.152-b01 mixed mode windows-amd64 compressed oops)
# Failed to write core dump. Minidumps are not enabled by default on client versions of Windows
#

---------------  T H R E A D  ---------------

Current thread (0x0000000004624000):  JavaThread "main" [_thread_in_vm, id=49388, stack(0x0000000004520000,0x0000000004620000)]

Stack: [0x0000000004520000,0x0000000004620000]
[error occurred during error reporting (printing stack bounds), id 0xc0000005]

Native frames: (J=compiled Java code, j=interpreted, Vv=VM code, C=native code)

Java frames: (J=compiled Java code, j=interpreted, Vv=VM code)
j  java.security.Provider.getServices()Ljava/util/Set;+34
j  java.security.SecureRandom.getPrngAlgorithm()Ljava/lang/String;+32
j  java.security.SecureRandom.getDefaultPRNG(Z[B)V+0
j  java.security.SecureRandom.<init>()V+23
j  java.nio.file.TempFileHelper.<clinit>()V+45
v  ~StubRoutines::call_stub
j  java.nio.file.Files.createTempDirectory(Ljava/lang/String;[Ljava/nio/file/attribute/FileAttribute;)Ljava/nio/file/Path;+3
j  com.google.devtools.build.android.desugar.Desugar.createAndRegisterLambdaDumpDirectory()Ljava/nio/file/Path;+41
j  com.google.devtools.build.android.desugar.Desugar.main([Ljava/lang/String;)V+0
v  ~StubRoutines::call_stub

---------------  P R O C E S S  ---------------

Java Threads: ( => current thread )
  0x0000000016e85800 JavaThread "Service Thread" daemon [_thread_blocked, id=29760, stack(0x0000000017a80000,0x0000000017b80000)]
  0x0000000016e15000 JavaThread "C1 CompilerThread3" daemon [_thread_blocked, id=52672, stack(0x0000000017980000,0x0000000017a80000)]
  0x0000000016dca800 JavaThread "C2 CompilerThread2" daemon [_thread_blocked, id=47764, stack(0x0000000017880000,0x0000000017980000)]
  0x0000000016dc8000 JavaThread "C2 CompilerThread1" daemon [_thread_blocked, id=39244, stack(0x0000000017780000,0x0000000017880000)]
  0x0000000016dc4000 JavaThread "C2 CompilerThread0" daemon [_thread_blocked, id=7528, stack(0x0000000017680000,0x0000000017780000)]
  0x0000000016e11800 JavaThread "Attach Listener" daemon [_thread_blocked, id=15708, stack(0x0000000017580000,0x0000000017680000)]
  0x0000000016e10800 JavaThread "Signal Dispatcher" daemon [_thread_blocked, id=41744, stack(0x0000000017480000,0x0000000017580000)]
  0x0000000014ed1800 JavaThread "Finalizer" daemon [_thread_blocked, id=52884, stack(0x0000000017190000,0x0000000017290000)]
  0x0000000014eca800 JavaThread "Reference Handler" daemon [_thread_blocked, id=29056, stack(0x0000000016c90000,0x0000000016d90000)]
=>0x0000000004624000 JavaThread "main" [_thread_in_vm, id=49388, stack(0x0000000004520000,0x0000000004620000)]

Other Threads:
  0x0000000014ec5800 VMThread [stack: 0x0000000016b90000,0x0000000016c90000] [id=35476]
  0x0000000016e86800 WatcherThread [stack: 0x0000000017b80000,0x0000000017c80000] [id=54180]

VM state:not at safepoint (normal execution)

VM Mutex/Monitor currently owned by a thread: None

Heap:
 PSYoungGen      total 18944K, used 1682K [0x00000000feb00000, 0x0000000100000000, 0x0000000100000000)
  eden space 16384K, 10% used [0x00000000feb00000,0x00000000feca4898,0x00000000ffb00000)
  from space 2560K, 0% used [0x00000000ffd80000,0x00000000ffd80000,0x0000000100000000)
  to   space 2560K, 0% used [0x00000000ffb00000,0x00000000ffb00000,0x00000000ffd80000)
 ParOldGen       total 44032K, used 0K [0x00000000fc000000, 0x00000000feb00000, 0x00000000feb00000)
  object space 44032K, 0% used [0x00000000fc000000,0x00000000fc000000,0x00000000feb00000)
 Metaspace       used 3470K, capacity 4652K, committed 4864K, reserved 1056768K
  class space    used 363K, capacity 424K, committed 512K, reserved 1048576K

Card table byte_map: [0x0000000004440000,0x0000000004470000] byte_map_base: 0x0000000003c60000

Marking Bits: (ParMarkBitMap*) 0x0000000074113950
 Begin Bits: [0x00000000142e0000, 0x00000000143e0000)
 End Bits:   [0x00000000143e0000, 0x00000000144e0000)

Polling page: 0x0000000002bd0000

CodeCache: size=245760Kb used=1183Kb max_used=1194Kb free=244576Kb
 bounds [0x0000000004720000, 0x0000000004990000, 0x0000000013720000]
 total_blobs=319 nmethods=67 adapters=166
 compilation: enabled

Compilation events (10 events):
Event: 0.197 Thread 0x0000000016e15000 nmethod 58 0x0000000004841bd0 code [0x0000000004841d40, 0x0000000004841fd8]
Event: 0.197 Thread 0x0000000016e15000   57       3       java.util.Hashtable$Entry::<init> (26 bytes)
Event: 0.197 Thread 0x0000000016e15000 nmethod 57 0x0000000004842110 code [0x0000000004842260, 0x0000000004842450]
Event: 0.198 Thread 0x0000000016e15000   59       3       java.lang.String::toLowerCase (439 bytes)
Event: 0.200 Thread 0x0000000016dc8000   64       4       java.lang.CharacterData::of (120 bytes)
Event: 0.200 Thread 0x0000000016e15000 nmethod 59 0x0000000004842510 code [0x0000000004842840, 0x00000000048440b8]
Event: 0.200 Thread 0x0000000016e15000   60       3       java.util.HashMap::putVal (300 bytes)
Event: 0.200 Thread 0x0000000016dc8000 nmethod 64 0x0000000004847bd0 code [0x0000000004847d00, 0x0000000004847d78]
Event: 0.200 Thread 0x0000000016dc4000   65       4       java.lang.String::hashCode (55 bytes)
Event: 0.200 Thread 0x0000000016dc8000   66       4       java.lang.CharacterDataLatin1::toLowerCase (39 bytes)

GC Heap History (0 events):
No events

Deoptimization events (0 events):
No events

Classes redefined (0 events):
No events

Internal exceptions (2 events):
Event: 0.041 Thread 0x0000000004624000 Exception <a 'java/lang/NoSuchMethodError': Method sun.misc.Unsafe.defineClass(Ljava/lang/String;[BII)Ljava/lang/Class; name or signature does not match> (0x00000000feb07ca8) thrown at [D:\src\AOSP-openjdk-cygwin\jdk8u\hotspot\src\share\vm\prims\jni.cpp, 
Event: 0.041 Thread 0x0000000004624000 Exception <a 'java/lang/NoSuchMethodError': Method sun.misc.Unsafe.prefetchRead(Ljava/lang/Object;J)V name or signature does not match> (0x00000000feb07f90) thrown at [D:\src\AOSP-openjdk-cygwin\jdk8u\hotspot\src\share\vm\prims\jni.cpp, line 4011]

Events (10 events):
Event: 0.196 loading class java/util/LinkedHashMap$LinkedEntrySet done
Event: 0.196 loading class java/util/LinkedHashMap$LinkedEntryIterator
Event: 0.196 loading class java/util/LinkedHashMap$LinkedHashIterator
Event: 0.196 loading class java/util/LinkedHashMap$LinkedHashIterator done
Event: 0.196 loading class java/util/LinkedHashMap$LinkedEntryIterator done
Event: 0.196 loading class java/security/Provider$Service
Event: 0.196 loading class java/security/Provider$Service done
Event: 0.197 loading class java/security/Provider$UString
Event: 0.197 loading class java/security/Provider$UString done
Event: 0.200 loading class java/util/LinkedHashSet


Dynamic libraries:
0x00007ff6561e0000 - 0x00007ff656211000 	D:\Program Files\Android\Android Studio\jre\bin\java.exe
0x00007ff876090000 - 0x00007ff876270000 	C:\WINDOWS\SYSTEM32\ntdll.dll
0x00007ff8747f0000 - 0x00007ff87489e000 	C:\WINDOWS\System32\KERNEL32.DLL
0x00007ff872970000 - 0x00007ff872bd6000 	C:\WINDOWS\System32\KERNELBASE.dll
0x00007ff8737e0000 - 0x00007ff873881000 	C:\WINDOWS\System32\ADVAPI32.dll
0x00007ff873fc0000 - 0x00007ff87405d000 	C:\WINDOWS\System32\msvcrt.dll
0x00007ff873b40000 - 0x00007ff873b9b000 	C:\WINDOWS\System32\sechost.dll
0x00007ff875f40000 - 0x00007ff87605f000 	C:\WINDOWS\System32\RPCRT4.dll
0x00007ff8739b0000 - 0x00007ff873b3f000 	C:\WINDOWS\System32\USER32.dll
0x00007ff872c40000 - 0x00007ff872c60000 	C:\WINDOWS\System32\win32u.dll
0x00007ff874060000 - 0x00007ff874088000 	C:\WINDOWS\System32\GDI32.dll
0x00007ff8725b0000 - 0x00007ff872743000 	C:\WINDOWS\System32\gdi32full.dll
0x00007ff872510000 - 0x00007ff8725ab000 	C:\WINDOWS\System32\msvcp_win.dll
0x00007ff873460000 - 0x00007ff873556000 	C:\WINDOWS\System32\ucrtbase.dll
0x00007ff861c20000 - 0x00007ff861e89000 	C:\WINDOWS\WinSxS\amd64_microsoft.windows.common-controls_6595b64144ccf1df_6.0.16299.192_none_15c8cdae9364c23b\COMCTL32.dll
0x00007ff8744e0000 - 0x00007ff8747e8000 	C:\WINDOWS\System32\combase.dll
0x00007ff872490000 - 0x00007ff872502000 	C:\WINDOWS\System32\bcryptPrimitives.dll
0x00007ff8737b0000 - 0x00007ff8737dd000 	C:\WINDOWS\System32\IMM32.DLL
0x00000000755a0000 - 0x0000000075672000 	D:\Program Files\Android\Android Studio\jre\jre\bin\msvcr100.dll
0x0000000073950000 - 0x000000007418e000 	D:\Program Files\Android\Android Studio\jre\jre\bin\server\jvm.dll
0x00007ff873cf0000 - 0x00007ff873cf8000 	C:\WINDOWS\System32\PSAPI.DLL
0x00007ff86b630000 - 0x00007ff86b639000 	C:\WINDOWS\SYSTEM32\WSOCK32.dll
0x00007ff8748a0000 - 0x00007ff87490c000 	C:\WINDOWS\System32\WS2_32.dll
0x00007ff86af90000 - 0x00007ff86afb3000 	C:\WINDOWS\SYSTEM32\WINMM.dll
0x00007ff86d010000 - 0x00007ff86d01a000 	C:\WINDOWS\SYSTEM32\VERSION.dll
0x00007ff86af30000 - 0x00007ff86af5a000 	C:\WINDOWS\SYSTEM32\WINMMBASE.dll
0x00007ff872750000 - 0x00007ff87279a000 	C:\WINDOWS\System32\cfgmgr32.dll
0x00007ff86f000000 - 0x00007ff86f00f000 	D:\Program Files\Android\Android Studio\jre\jre\bin\verify.dll
0x00007ff86b450000 - 0x00007ff86b479000 	D:\Program Files\Android\Android Studio\jre\jre\bin\java.dll
0x00007ff86afc0000 - 0x00007ff86afd6000 	D:\Program Files\Android\Android Studio\jre\jre\bin\zip.dll
0x00007ff874b00000 - 0x00007ff875f36000 	C:\WINDOWS\System32\SHELL32.dll
0x00007ff873700000 - 0x00007ff8737a6000 	C:\WINDOWS\System32\shcore.dll
0x00007ff872d10000 - 0x00007ff873457000 	C:\WINDOWS\System32\windows.storage.dll
0x00007ff874aa0000 - 0x00007ff874af1000 	C:\WINDOWS\System32\shlwapi.dll
0x00007ff872470000 - 0x00007ff872481000 	C:\WINDOWS\System32\kernel.appcore.dll
0x00007ff872400000 - 0x00007ff87244c000 	C:\WINDOWS\System32\powrprof.dll
0x00007ff872450000 - 0x00007ff87246b000 	C:\WINDOWS\System32\profapi.dll

VM Arguments:
jvm_args: -Djava.awt.headless=true -Xmx64M -Dfile.encoding=windows-1256 -Duser.country=US -Duser.language=en -Duser.variant 
java_command: com.google.devtools.build.android.desugar.Desugar --input D:\src\Samples\Android\SamsungPay\noonpaySample\app\build\intermediates\transforms\stackFramesFixer\debug\13.jar --output D:\src\Samples\Android\SamsungPay\noonpaySample\app\build\intermediates\transforms\desugar\debug\14.jar --input D:\src\Samples\Android\SamsungPay\noonpaySample\app\build\intermediates\transforms\stackFramesFixer\debug\6.jar --output D:\src\Samples\Android\SamsungPay\noonpaySample\app\build\intermediates\transforms\desugar\debug\7.jar --classpath_entry D:\src\Samples\Android\SamsungPay\noonpaySample\app\build\intermediates\classes\debug --classpath_entry D:\src\Samples\Android\SamsungPay\noonpaySample\app\build\intermediates\transforms\stackFramesFixer\debug\0.jar --classpath_entry D:\src\Samples\Android\SamsungPay\noonpaySample\app\build\intermediates\transforms\stackFramesFixer\debug\1.jar --classpath_entry D:\src\Samples\Android\SamsungPay\noonpaySample\app\build\intermediates\transforms\stackFramesFixer\debug\2.jar --classpath_entry D:\src\Samples\Android\SamsungPay\noonpaySample\app\build\intermediates\transforms\stackFramesFixer\debug\3.jar --classpath_entry D:\src\Samples\Android\SamsungPay\noonpaySample\app\build\intermediates\transforms\stackFramesFixer\debug\4.jar --classpath_entry D:\src\Samples\Android\SamsungPay\noonpaySample\app\build\intermediates\transforms\stackFramesFixer\debug\5.jar --classpath_entry D:\src\Samples\Android\SamsungPay\noonpaySample\app\build\intermediates\transforms\stackFramesFixer\debug\6.jar --classpath_entry D:\src\Samples\Android\SamsungPay\noonpaySample\app\build\intermediates\transforms\stackFramesFixer\debug\7.jar --classpath_entry D:\src\Samples\Android\SamsungPay\noonpaySample\app\build\intermediates\transforms\stackFramesFixer\debug\8.jar --classpath_entry D:\src\Samples\Android\SamsungPay\noonpaySample\app\build\intermediates\transforms\stackFramesFixer\debug\9.jar --classpath_entry D:\src\Samples\Android\SamsungPay\noonpaySampl
java_class_path (initial): C:\Users\abdo\AppData\Local\Temp\desugar_deploy.jar8799993622479453752
Launcher Type: SUN_STANDARD

Environment Variables:
JAVA_HOME=C:\Users\abdo\scoop\apps\openjdk\current
USERNAME=abdo
OS=Windows_NT
PROCESSOR_IDENTIFIER=Intel64 Family 6 Model 94 Stepping 3, GenuineIntel



---------------  S Y S T E M  ---------------

OS: Windows 10.0 , 64 bit Build 16299 (10.0.16299.15)

CPU:total 8 (initial active 8) (4 cores per cpu, 2 threads per core) family 6 model 94 stepping 3, cmov, cx8, fxsr, mmx, sse, sse2, sse3, ssse3, sse4.1, sse4.2, popcnt, avx, avx2, aes, clmul, erms, rtm, 3dnowpref, lzcnt, ht, tsc, tscinvbit, bmi1, bmi2, adx

Memory: 4k page, physical 16666212k(5294560k free), swap 17714788k(4780k free)

vm_info: OpenJDK 64-Bit Server VM (25.152-b01) for windows-amd64 JRE (1.8.0_152-release-915-b01), built by "builder" with MS VC++ 10.0 (VS2010)

time: Thu Mar 15 19:05:20 2018
elapsed time: 0 seconds (0d 0h 0m 0s)

