#
# There is insufficient memory for the Java Runtime Environment to continue.
# Native memory allocation (malloc) failed to allocate 105216 bytes for Chunk::new
# Possible reasons:
#   The system is out of physical RAM or swap space
#   In 32 bit mode, the process size limit was hit
# Possible solutions:
#   Reduce memory load on the system
#   Increase physical memory or swap space
#   Check if swap backing store is full
#   Use 64 bit Java on a 64 bit OS
#   Decrease Java heap size (-Xmx/-Xms)
#   Decrease number of Java threads
#   Decrease Java thread stack sizes (-Xss)
#   Set larger code cache with -XX:ReservedCodeCacheSize=
# This output file may be truncated or incomplete.
#
#  Out of Memory Error (allocation.cpp:390), pid=51048, tid=0x000000000000be64
#
# JRE version: OpenJDK Runtime Environment (8.0_152-b01) (build 1.8.0_152-release-915-b01)
# Java VM: OpenJDK 64-Bit Server VM (25.152-b01 mixed mode windows-amd64 compressed oops)
# Failed to write core dump. Minidumps are not enabled by default on client versions of Windows
#

---------------  T H R E A D  ---------------

Current thread (0x00000000173b2000):  JavaThread "C2 CompilerThread2" daemon [_thread_in_native, id=48740, stack(0x0000000017e50000,0x0000000017f50000)]

Stack: [0x0000000017e50000,0x0000000017f50000]
[error occurred during error reporting (printing stack bounds), id 0xc0000005]

Native frames: (J=compiled Java code, j=interpreted, Vv=VM code, C=native code)


Current CompileTask:
C2:   1760  741       4       org.objectweb.asm.ClassReader::readUTF8 (60 bytes)


---------------  P R O C E S S  ---------------

Java Threads: ( => current thread )
  0x000000001741a800 JavaThread "Service Thread" daemon [_thread_blocked, id=25024, stack(0x0000000018050000,0x0000000018150000)]
  0x00000000173b6000 JavaThread "C1 CompilerThread3" daemon [_thread_in_native, id=45020, stack(0x0000000017f50000,0x0000000018050000)]
=>0x00000000173b2000 JavaThread "C2 CompilerThread2" daemon [_thread_in_native, id=48740, stack(0x0000000017e50000,0x0000000017f50000)]
  0x0000000017369000 JavaThread "C2 CompilerThread1" daemon [_thread_in_native, id=47656, stack(0x0000000017d50000,0x0000000017e50000)]
  0x0000000017365800 JavaThread "C2 CompilerThread0" daemon [_thread_in_native, id=49200, stack(0x0000000017c50000,0x0000000017d50000)]
  0x0000000017364000 JavaThread "Attach Listener" daemon [_thread_blocked, id=49140, stack(0x0000000017b50000,0x0000000017c50000)]
  0x00000000173b1800 JavaThread "Signal Dispatcher" daemon [_thread_blocked, id=50304, stack(0x0000000017a50000,0x0000000017b50000)]
  0x0000000017350800 JavaThread "Finalizer" daemon [_thread_blocked, id=50164, stack(0x0000000017730000,0x0000000017830000)]
  0x0000000004c6a000 JavaThread "Reference Handler" daemon [_thread_blocked, id=50912, stack(0x0000000017230000,0x0000000017330000)]
  0x0000000004b74000 JavaThread "main" [_thread_in_vm, id=33236, stack(0x00000000049f0000,0x0000000004af0000)]

Other Threads:
  0x0000000015445000 VMThread [stack: 0x0000000017130000,0x0000000017230000] [id=41472]
  0x000000001741f000 WatcherThread [stack: 0x0000000018150000,0x0000000018250000] [id=7608]

VM state:not at safepoint (normal execution)

VM Mutex/Monitor currently owned by a thread: None

Heap:
 PSYoungGen      total 18944K, used 14898K [0x00000000feb00000, 0x0000000100000000, 0x0000000100000000)
  eden space 16384K, 75% used [0x00000000feb00000,0x00000000ff714810,0x00000000ffb00000)
  from space 2560K, 98% used [0x00000000ffb00000,0x00000000ffd78030,0x00000000ffd80000)
  to   space 2560K, 0% used [0x00000000ffd80000,0x00000000ffd80000,0x0000000100000000)
 ParOldGen       total 44032K, used 1443K [0x00000000fc000000, 0x00000000feb00000, 0x00000000feb00000)
  object space 44032K, 3% used [0x00000000fc000000,0x00000000fc168d98,0x00000000feb00000)
 Metaspace       used 7376K, capacity 7560K, committed 7680K, reserved 1056768K
  class space    used 865K, capacity 924K, committed 1024K, reserved 1048576K

Card table byte_map: [0x0000000004b10000,0x0000000004b40000] byte_map_base: 0x0000000004330000

Marking Bits: (ParMarkBitMap*) 0x0000000074113950
 Begin Bits: [0x0000000014830000, 0x0000000014930000)
 End Bits:   [0x0000000014930000, 0x0000000014a30000)

Polling page: 0x0000000004950000

CodeCache: size=245760Kb used=2712Kb max_used=2723Kb free=243047Kb
 bounds [0x0000000004c70000, 0x0000000004f20000, 0x0000000013c70000]
 total_blobs=1066 nmethods=734 adapters=246
 compilation: enabled

Compilation events (10 events):
Event: 1.750 Thread 0x00000000173b6000  733       3       org.objectweb.asm.ClassReader::readShort (27 bytes)
Event: 1.750 Thread 0x00000000173b6000 nmethod 733 0x0000000004f15a90 code [0x0000000004f15be0, 0x0000000004f15d90]
Event: 1.750 Thread 0x00000000173b6000  734       3       org.objectweb.asm.Type::getArgumentsAndReturnSizes (151 bytes)
Event: 1.751 Thread 0x00000000173b6000 nmethod 734 0x0000000004f15e90 code [0x0000000004f160c0, 0x0000000004f16e58]
Event: 1.751 Thread 0x00000000173b6000  735       3       org.objectweb.asm.ClassReader::a (3587 bytes)
Event: 1.753 Thread 0x0000000017365800  740       4       org.objectweb.asm.ClassReader::a (194 bytes)
Event: 1.753 Thread 0x00000000173b2000  741       4       org.objectweb.asm.ClassReader::readUTF8 (60 bytes)
Event: 1.754 Thread 0x0000000017369000  743       4       org.objectweb.asm.ClassReader::readInt (52 bytes)
Event: 1.755 Thread 0x0000000017369000 nmethod 743 0x0000000004f1a090 code [0x0000000004f1a1c0, 0x0000000004f1a2b8]
Event: 1.757 Thread 0x0000000017369000  748       4       org.objectweb.asm.ByteVector::putUTF8 (142 bytes)

GC Heap History (2 events):
Event: 1.308 GC heap before
{Heap before GC invocations=1 (full 0):
 PSYoungGen      total 18944K, used 16384K [0x00000000feb00000, 0x0000000100000000, 0x0000000100000000)
  eden space 16384K, 100% used [0x00000000feb00000,0x00000000ffb00000,0x00000000ffb00000)
  from space 2560K, 0% used [0x00000000ffd80000,0x00000000ffd80000,0x0000000100000000)
  to   space 2560K, 0% used [0x00000000ffb00000,0x00000000ffb00000,0x00000000ffd80000)
 ParOldGen       total 44032K, used 0K [0x00000000fc000000, 0x00000000feb00000, 0x00000000feb00000)
  object space 44032K, 0% used [0x00000000fc000000,0x00000000fc000000,0x00000000feb00000)
 Metaspace       used 6562K, capacity 6682K, committed 6784K, reserved 1056768K
  class space    used 772K, capacity 823K, committed 896K, reserved 1048576K
Event: 1.339 GC heap after
Heap after GC invocations=1 (full 0):
 PSYoungGen      total 18944K, used 2528K [0x00000000feb00000, 0x0000000100000000, 0x0000000100000000)
  eden space 16384K, 0% used [0x00000000feb00000,0x00000000feb00000,0x00000000ffb00000)
  from space 2560K, 98% used [0x00000000ffb00000,0x00000000ffd78030,0x00000000ffd80000)
  to   space 2560K, 0% used [0x00000000ffd80000,0x00000000ffd80000,0x0000000100000000)
 ParOldGen       total 44032K, used 1443K [0x00000000fc000000, 0x00000000feb00000, 0x00000000feb00000)
  object space 44032K, 3% used [0x00000000fc000000,0x00000000fc168d98,0x00000000feb00000)
 Metaspace       used 6562K, capacity 6682K, committed 6784K, reserved 1056768K
  class space    used 772K, capacity 823K, committed 896K, reserved 1048576K
}

Deoptimization events (10 events):
Event: 1.261 Thread 0x0000000004b74000 Uncommon trap: reason=unstable_if action=reinterpret pc=0x0000000004e8b66c method=java.util.zip.ZipFile$ZipEntryIterator.hasNext()Z @ 25
Event: 1.261 Thread 0x0000000004b74000 Uncommon trap: reason=unstable_if action=reinterpret pc=0x0000000004e9be38 method=java.util.zip.ZipCoder.decoder()Ljava/nio/charset/CharsetDecoder; @ 4
Event: 1.261 Thread 0x0000000004b74000 Uncommon trap: reason=unstable_if action=reinterpret pc=0x0000000004e8d8d8 method=java.util.zip.ZipEntry.setExtra0([BZ)V @ 1
Event: 1.271 Thread 0x0000000004b74000 Uncommon trap: reason=unstable_if action=reinterpret pc=0x0000000004e8f048 method=java.util.zip.ZipFile$ZipEntryIterator.hasNext()Z @ 25
Event: 1.271 Thread 0x0000000004b74000 Uncommon trap: reason=unstable_if action=reinterpret pc=0x0000000004e996c8 method=java.util.zip.ZipCoder.decoder()Ljava/nio/charset/CharsetDecoder; @ 4
Event: 1.273 Thread 0x0000000004b74000 Uncommon trap: reason=unstable_if action=reinterpret pc=0x0000000004e95f5c method=java.util.zip.ZipCoder.decoder()Ljava/nio/charset/CharsetDecoder; @ 4
Event: 1.394 Thread 0x0000000004b74000 Uncommon trap: reason=unstable_if action=reinterpret pc=0x0000000004ea6214 method=java.util.HashMap$HashIterator.hasNext()Z @ 4
Event: 1.474 Thread 0x0000000004b74000 Uncommon trap: reason=unstable_if action=reinterpret pc=0x0000000004e90200 method=java.util.zip.ZipFile.getZipEntry(Ljava/lang/String;J)Ljava/util/zip/ZipEntry; @ 19
Event: 1.590 Thread 0x0000000004b74000 Uncommon trap: reason=unloaded action=reinterpret pc=0x0000000004e9dc7c method=java.util.zip.ZipEntry.setExtra0([BZ)V @ 37
Event: 1.726 Thread 0x0000000004b74000 Uncommon trap: reason=unstable_if action=reinterpret pc=0x0000000004e00f38 method=java.lang.String.<init>([CII)V @ 18

Classes redefined (0 events):
No events

Internal exceptions (10 events):
Event: 1.273 Thread 0x0000000004b74000 Implicit null exception at 0x0000000004e95585 to 0x0000000004e95f1d
Event: 1.485 Thread 0x0000000004b74000 Exception <a 'sun/nio/fs/WindowsException'> (0x00000000ff1d7440) thrown at [D:\src\AOSP-openjdk-cygwin\jdk8u\hotspot\src\share\vm\prims\jni.cpp, line 709]
Event: 1.486 Thread 0x0000000004b74000 Exception <a 'sun/nio/fs/WindowsException'> (0x00000000ff1d7a00) thrown at [D:\src\AOSP-openjdk-cygwin\jdk8u\hotspot\src\share\vm\prims\jni.cpp, line 709]
Event: 1.486 Thread 0x0000000004b74000 Exception <a 'sun/nio/fs/WindowsException'> (0x00000000ff1d7fd0) thrown at [D:\src\AOSP-openjdk-cygwin\jdk8u\hotspot\src\share\vm\prims\jni.cpp, line 709]
Event: 1.486 Thread 0x0000000004b74000 Exception <a 'sun/nio/fs/WindowsException'> (0x00000000ff1d8790) thrown at [D:\src\AOSP-openjdk-cygwin\jdk8u\hotspot\src\share\vm\prims\jni.cpp, line 709]
Event: 1.486 Thread 0x0000000004b74000 Exception <a 'sun/nio/fs/WindowsException'> (0x00000000ff1d8d38) thrown at [D:\src\AOSP-openjdk-cygwin\jdk8u\hotspot\src\share\vm\prims\jni.cpp, line 709]
Event: 1.486 Thread 0x0000000004b74000 Exception <a 'sun/nio/fs/WindowsException'> (0x00000000ff1d94e8) thrown at [D:\src\AOSP-openjdk-cygwin\jdk8u\hotspot\src\share\vm\prims\jni.cpp, line 709]
Event: 1.530 Thread 0x0000000004b74000 Exception <a 'sun/nio/fs/WindowsException'> (0x00000000ff1de868) thrown at [D:\src\AOSP-openjdk-cygwin\jdk8u\hotspot\src\share\vm\prims\jni.cpp, line 709]
Event: 1.678 Thread 0x0000000004b74000 Exception <a 'sun/nio/fs/WindowsException'> (0x00000000ff4f9e48) thrown at [D:\src\AOSP-openjdk-cygwin\jdk8u\hotspot\src\share\vm\prims\jni.cpp, line 709]
Event: 1.678 Thread 0x0000000004b74000 Exception <a 'sun/nio/fs/WindowsException'> (0x00000000ff4fa3f0) thrown at [D:\src\AOSP-openjdk-cygwin\jdk8u\hotspot\src\share\vm\prims\jni.cpp, line 709]

Events (10 events):
Event: 1.730 loading class org/objectweb/asm/Edge
Event: 1.730 loading class org/objectweb/asm/Edge done
Event: 1.734 loading class org/objectweb/asm/tree/MethodNode$1
Event: 1.734 loading class org/objectweb/asm/tree/MethodNode$1 done
Event: 1.735 Executing VM operation: Deoptimize
Event: 1.735 Executing VM operation: Deoptimize done
Event: 1.737 loading class org/objectweb/asm/tree/TryCatchBlockNode
Event: 1.737 loading class org/objectweb/asm/tree/TryCatchBlockNode done
Event: 1.741 loading class org/objectweb/asm/Handler
Event: 1.741 loading class org/objectweb/asm/Handler done


Dynamic libraries:
0x00007ff6561e0000 - 0x00007ff656211000 	D:\Program Files\Android\Android Studio\jre\bin\java.exe
0x00007ff876090000 - 0x00007ff876270000 	C:\WINDOWS\SYSTEM32\ntdll.dll
0x00007ff8747f0000 - 0x00007ff87489e000 	C:\WINDOWS\System32\KERNEL32.DLL
0x00007ff872970000 - 0x00007ff872bd6000 	C:\WINDOWS\System32\KERNELBASE.dll
0x00007ff8737e0000 - 0x00007ff873881000 	C:\WINDOWS\System32\ADVAPI32.dll
0x00007ff873fc0000 - 0x00007ff87405d000 	C:\WINDOWS\System32\msvcrt.dll
0x00007ff873b40000 - 0x00007ff873b9b000 	C:\WINDOWS\System32\sechost.dll
0x00007ff875f40000 - 0x00007ff87605f000 	C:\WINDOWS\System32\RPCRT4.dll
0x00007ff8739b0000 - 0x00007ff873b3f000 	C:\WINDOWS\System32\USER32.dll
0x00007ff872c40000 - 0x00007ff872c60000 	C:\WINDOWS\System32\win32u.dll
0x00007ff874060000 - 0x00007ff874088000 	C:\WINDOWS\System32\GDI32.dll
0x00007ff8725b0000 - 0x00007ff872743000 	C:\WINDOWS\System32\gdi32full.dll
0x00007ff872510000 - 0x00007ff8725ab000 	C:\WINDOWS\System32\msvcp_win.dll
0x00007ff873460000 - 0x00007ff873556000 	C:\WINDOWS\System32\ucrtbase.dll
0x00007ff861c20000 - 0x00007ff861e89000 	C:\WINDOWS\WinSxS\amd64_microsoft.windows.common-controls_6595b64144ccf1df_6.0.16299.192_none_15c8cdae9364c23b\COMCTL32.dll
0x00007ff8744e0000 - 0x00007ff8747e8000 	C:\WINDOWS\System32\combase.dll
0x00007ff872490000 - 0x00007ff872502000 	C:\WINDOWS\System32\bcryptPrimitives.dll
0x00007ff8737b0000 - 0x00007ff8737dd000 	C:\WINDOWS\System32\IMM32.DLL
0x00000000755a0000 - 0x0000000075672000 	D:\Program Files\Android\Android Studio\jre\jre\bin\msvcr100.dll
0x0000000073950000 - 0x000000007418e000 	D:\Program Files\Android\Android Studio\jre\jre\bin\server\jvm.dll
0x00007ff873cf0000 - 0x00007ff873cf8000 	C:\WINDOWS\System32\PSAPI.DLL
0x00007ff86b630000 - 0x00007ff86b639000 	C:\WINDOWS\SYSTEM32\WSOCK32.dll
0x00007ff8748a0000 - 0x00007ff87490c000 	C:\WINDOWS\System32\WS2_32.dll
0x00007ff86af90000 - 0x00007ff86afb3000 	C:\WINDOWS\SYSTEM32\WINMM.dll
0x00007ff86d010000 - 0x00007ff86d01a000 	C:\WINDOWS\SYSTEM32\VERSION.dll
0x00007ff86af30000 - 0x00007ff86af5a000 	C:\WINDOWS\SYSTEM32\WINMMBASE.dll
0x00007ff872750000 - 0x00007ff87279a000 	C:\WINDOWS\System32\cfgmgr32.dll
0x00007ff86f000000 - 0x00007ff86f00f000 	D:\Program Files\Android\Android Studio\jre\jre\bin\verify.dll
0x00007ff8619d0000 - 0x00007ff8619f9000 	D:\Program Files\Android\Android Studio\jre\jre\bin\java.dll
0x00007ff8615f0000 - 0x00007ff861606000 	D:\Program Files\Android\Android Studio\jre\jre\bin\zip.dll
0x00007ff874b00000 - 0x00007ff875f36000 	C:\WINDOWS\System32\SHELL32.dll
0x00007ff873700000 - 0x00007ff8737a6000 	C:\WINDOWS\System32\shcore.dll
0x00007ff872d10000 - 0x00007ff873457000 	C:\WINDOWS\System32\windows.storage.dll
0x00007ff874aa0000 - 0x00007ff874af1000 	C:\WINDOWS\System32\shlwapi.dll
0x00007ff872470000 - 0x00007ff872481000 	C:\WINDOWS\System32\kernel.appcore.dll
0x00007ff872400000 - 0x00007ff87244c000 	C:\WINDOWS\System32\powrprof.dll
0x00007ff872450000 - 0x00007ff87246b000 	C:\WINDOWS\System32\profapi.dll
0x00007ff871e30000 - 0x00007ff871e47000 	C:\WINDOWS\SYSTEM32\CRYPTSP.dll
0x00007ff871660000 - 0x00007ff871693000 	C:\WINDOWS\system32\rsaenh.dll
0x00007ff871f40000 - 0x00007ff871f65000 	C:\WINDOWS\SYSTEM32\bcrypt.dll
0x00007ff872310000 - 0x00007ff872339000 	C:\WINDOWS\SYSTEM32\USERENV.dll
0x00007ff871e50000 - 0x00007ff871e5b000 	C:\WINDOWS\SYSTEM32\CRYPTBASE.dll
0x00007ff860120000 - 0x00007ff86013a000 	D:\Program Files\Android\Android Studio\jre\jre\bin\net.dll
0x00007ff871c70000 - 0x00007ff871cd6000 	C:\WINDOWS\system32\mswsock.dll
0x00007ff871a00000 - 0x00007ff871a39000 	C:\WINDOWS\SYSTEM32\IPHLPAPI.DLL
0x00007ff8739a0000 - 0x00007ff8739a8000 	C:\WINDOWS\System32\NSI.dll
0x00007ff86f450000 - 0x00007ff86f466000 	C:\WINDOWS\SYSTEM32\dhcpcsvc6.DLL
0x00007ff86f340000 - 0x00007ff86f35a000 	C:\WINDOWS\SYSTEM32\dhcpcsvc.DLL
0x00007ff860100000 - 0x00007ff860111000 	D:\Program Files\Android\Android Studio\jre\jre\bin\nio.dll

VM Arguments:
jvm_args: -Djava.awt.headless=true -Xmx64M -Dfile.encoding=windows-1256 -Duser.country=US -Duser.language=en -Duser.variant 
java_command: com.google.devtools.build.android.desugar.Desugar --input D:\src\Samples\Android\SamsungPay\noonpaySample\app\build\intermediates\transforms\stackFramesFixer\debug\9.jar --output D:\src\Samples\Android\SamsungPay\noonpaySample\app\build\intermediates\transforms\desugar\debug\10.jar --input D:\src\Samples\Android\SamsungPay\noonpaySample\app\build\intermediates\transforms\stackFramesFixer\debug\12.jar --output D:\src\Samples\Android\SamsungPay\noonpaySample\app\build\intermediates\transforms\desugar\debug\13.jar --input D:\src\Samples\Android\SamsungPay\noonpaySample\app\build\intermediates\transforms\stackFramesFixer\debug\21.jar --output D:\src\Samples\Android\SamsungPay\noonpaySample\app\build\intermediates\transforms\desugar\debug\22.jar --classpath_entry D:\src\Samples\Android\SamsungPay\noonpaySample\app\build\intermediates\classes\debug --classpath_entry D:\src\Samples\Android\SamsungPay\noonpaySample\app\build\intermediates\transforms\stackFramesFixer\debug\0.jar --classpath_entry D:\src\Samples\Android\SamsungPay\noonpaySample\app\build\intermediates\transforms\stackFramesFixer\debug\1.jar --classpath_entry D:\src\Samples\Android\SamsungPay\noonpaySample\app\build\intermediates\transforms\stackFramesFixer\debug\2.jar --classpath_entry D:\src\Samples\Android\SamsungPay\noonpaySample\app\build\intermediates\transforms\stackFramesFixer\debug\3.jar --classpath_entry D:\src\Samples\Android\SamsungPay\noonpaySample\app\build\intermediates\transforms\stackFramesFixer\debug\4.jar --classpath_entry D:\src\Samples\Android\SamsungPay\noonpaySample\app\build\intermediates\transforms\stackFramesFixer\debug\5.jar --classpath_entry D:\src\Samples\Android\SamsungPay\noonpaySample\app\build\intermediates\transforms\stackFramesFixer\debug\6.jar --classpath_entry D:\src\Samples\Android\SamsungPay\noonpaySample\app\build\intermediates\transforms\stackFramesFixer\debug\7.jar --classpath_entry D:\src\Samples\Android\SamsungPay\noonpaySample\app\build\intermediates
java_class_path (initial): C:\Users\abdo\AppData\Local\Temp\desugar_deploy.jar6849692412381006742
Launcher Type: SUN_STANDARD

Environment Variables:
JAVA_HOME=C:\Users\abdo\scoop\apps\openjdk\current
USERNAME=abdo
OS=Windows_NT
PROCESSOR_IDENTIFIER=Intel64 Family 6 Model 94 Stepping 3, GenuineIntel



---------------  S Y S T E M  ---------------

OS: Windows 10.0 , 64 bit Build 16299 (10.0.16299.15)

CPU:total 8 (initial active 8) (4 cores per cpu, 2 threads per core) family 6 model 94 stepping 3, cmov, cx8, fxsr, mmx, sse, sse2, sse3, ssse3, sse4.1, sse4.2, popcnt, avx, avx2, aes, clmul, erms, rtm, 3dnowpref, lzcnt, ht, tsc, tscinvbit, bmi1, bmi2, adx

Memory: 4k page, physical 16666212k(4806780k free), swap 17714788k(1584k free)

vm_info: OpenJDK 64-Bit Server VM (25.152-b01) for windows-amd64 JRE (1.8.0_152-release-915-b01), built by "builder" with MS VC++ 10.0 (VS2010)

time: Thu Mar 15 12:45:37 2018
elapsed time: 1 seconds (0d 0h 0m 1s)

