#
# There is insufficient memory for the Java Runtime Environment to continue.
# Native memory allocation (malloc) failed to allocate 817776 bytes for Chunk::new
# Possible reasons:
#   The system is out of physical RAM or swap space
#   In 32 bit mode, the process size limit was hit
# Possible solutions:
#   Reduce memory load on the system
#   Increase physical memory or swap space
#   Check if swap backing store is full
#   Use 64 bit Java on a 64 bit OS
#   Decrease Java heap size (-Xmx/-Xms)
#   Decrease number of Java threads
#   Decrease Java thread stack sizes (-Xss)
#   Set larger code cache with -XX:ReservedCodeCacheSize=
# This output file may be truncated or incomplete.
#
#  Out of Memory Error (allocation.cpp:390), pid=46248, tid=0x000000000000c040
#
# JRE version: OpenJDK Runtime Environment (8.0_152-b01) (build 1.8.0_152-release-915-b01)
# Java VM: OpenJDK 64-Bit Server VM (25.152-b01 mixed mode windows-amd64 compressed oops)
# Failed to write core dump. Minidumps are not enabled by default on client versions of Windows
#

---------------  T H R E A D  ---------------

Current thread (0x000000001731a800):  JavaThread "C2 CompilerThread0" daemon [_thread_in_native, id=49216, stack(0x0000000017c00000,0x0000000017d00000)]

Stack: [0x0000000017c00000,0x0000000017d00000]
[error occurred during error reporting (printing stack bounds), id 0xc0000005]

Native frames: (J=compiled Java code, j=interpreted, Vv=VM code, C=native code)


Current CompileTask:
C2:   2443  821 %     4       org.objectweb.asm.ClassReader::a @ 74 (3587 bytes)


---------------  P R O C E S S  ---------------

Java Threads: ( => current thread )
  0x00000000173f2000 JavaThread "Service Thread" daemon [_thread_blocked, id=40820, stack(0x0000000018000000,0x0000000018100000)]
  0x000000001542e000 JavaThread "C1 CompilerThread3" daemon [_thread_in_vm, id=49612, stack(0x0000000017f00000,0x0000000018000000)]
  0x000000001542a000 JavaThread "C2 CompilerThread2" daemon [_thread_in_native, id=49328, stack(0x0000000017e00000,0x0000000017f00000)]
  0x0000000017321000 JavaThread "C2 CompilerThread1" daemon [_thread_in_native, id=49168, stack(0x0000000017d00000,0x0000000017e00000)]
=>0x000000001731a800 JavaThread "C2 CompilerThread0" daemon [_thread_in_native, id=49216, stack(0x0000000017c00000,0x0000000017d00000)]
  0x0000000017319800 JavaThread "Attach Listener" daemon [_thread_blocked, id=46188, stack(0x0000000017b00000,0x0000000017c00000)]
  0x0000000017369800 JavaThread "Signal Dispatcher" daemon [_thread_blocked, id=49112, stack(0x0000000017a00000,0x0000000017b00000)]
  0x0000000015421000 JavaThread "Finalizer" daemon [_thread_blocked, id=48852, stack(0x00000000176e0000,0x00000000177e0000)]
  0x0000000015418000 JavaThread "Reference Handler" daemon [_thread_blocked, id=49164, stack(0x00000000171e0000,0x00000000172e0000)]
  0x0000000004b54000 JavaThread "main" [_thread_in_Java, id=16984, stack(0x0000000004a50000,0x0000000004b50000)]

Other Threads:
  0x0000000004c4d000 VMThread [stack: 0x00000000170e0000,0x00000000171e0000] [id=47984]
  0x00000000173f3000 WatcherThread [stack: 0x0000000018100000,0x0000000018200000] [id=39940]

VM state:not at safepoint (normal execution)

VM Mutex/Monitor currently owned by a thread:  ([mutex/lock_event])
[0x0000000004a4ebe0] CodeCache_lock - owner thread: 0x0000000000000000

Heap:
 PSYoungGen      total 18944K, used 5470K [0x00000000feb00000, 0x0000000100000000, 0x0000000100000000)
  eden space 16384K, 17% used [0x00000000feb00000,0x00000000feddd208,0x00000000ffb00000)
  from space 2560K, 99% used [0x00000000ffd80000,0x00000000ffffa820,0x0000000100000000)
  to   space 2560K, 0% used [0x00000000ffb00000,0x00000000ffb00000,0x00000000ffd80000)
 ParOldGen       total 44032K, used 4839K [0x00000000fc000000, 0x00000000feb00000, 0x00000000feb00000)
  object space 44032K, 10% used [0x00000000fc000000,0x00000000fc4b9d00,0x00000000feb00000)
 Metaspace       used 7539K, capacity 7688K, committed 7936K, reserved 1056768K
  class space    used 866K, capacity 924K, committed 1024K, reserved 1048576K

Card table byte_map: [0x00000000049e0000,0x0000000004a10000] byte_map_base: 0x0000000004200000

Marking Bits: (ParMarkBitMap*) 0x0000000074113950
 Begin Bits: [0x0000000014810000, 0x0000000014910000)
 End Bits:   [0x0000000014910000, 0x0000000014a10000)

Polling page: 0x0000000002c60000

CodeCache: size=245760Kb used=3468Kb max_used=3468Kb free=242291Kb
 bounds [0x0000000004c50000, 0x0000000004fc0000, 0x0000000013c50000]
 total_blobs=1228 nmethods=896 adapters=246
 compilation: enabled

Compilation events (10 events):
Event: 2.428 Thread 0x000000001542a000 nmethod 878 0x0000000004f98e50 code [0x0000000004f98fc0, 0x0000000004f99598]
Event: 2.428 Thread 0x000000001542a000  884       4       org.objectweb.asm.MethodWriter::a (38 bytes)
Event: 2.429 Thread 0x000000001542e000 nmethod 883 0x0000000004f9cc90 code [0x0000000004f9d4c0, 0x0000000004fa0b98]
Event: 2.429 Thread 0x000000001542e000  885       3       org.objectweb.asm.MethodWriter::visitCode (1 bytes)
Event: 2.429 Thread 0x000000001542e000 nmethod 885 0x0000000004f8d290 code [0x0000000004f8d3e0, 0x0000000004f8d530]
Event: 2.429 Thread 0x000000001542e000  886       3       java.util.zip.ZipOutputStream::writeShort (41 bytes)
Event: 2.429 Thread 0x000000001542e000 nmethod 886 0x0000000004f988d0 code [0x0000000004f98a40, 0x0000000004f98d58]
Event: 2.429 Thread 0x000000001542e000  887   !   3       java.util.zip.ZipFile$ZipFileInputStream::read (131 bytes)
Event: 2.430 Thread 0x000000001542a000 nmethod 884 0x0000000004f960d0 code [0x0000000004f96220, 0x0000000004f96338]
Event: 2.430 Thread 0x000000001542e000 nmethod 887 0x0000000004f9bcd0 code [0x0000000004f9bea0, 0x0000000004f9c728]

GC Heap History (4 events):
Event: 1.925 GC heap before
{Heap before GC invocations=1 (full 0):
 PSYoungGen      total 18944K, used 16384K [0x00000000feb00000, 0x0000000100000000, 0x0000000100000000)
  eden space 16384K, 100% used [0x00000000feb00000,0x00000000ffb00000,0x00000000ffb00000)
  from space 2560K, 0% used [0x00000000ffd80000,0x00000000ffd80000,0x0000000100000000)
  to   space 2560K, 0% used [0x00000000ffb00000,0x00000000ffb00000,0x00000000ffd80000)
 ParOldGen       total 44032K, used 0K [0x00000000fc000000, 0x00000000feb00000, 0x00000000feb00000)
  object space 44032K, 0% used [0x00000000fc000000,0x00000000fc000000,0x00000000feb00000)
 Metaspace       used 6601K, capacity 6746K, committed 7040K, reserved 1056768K
  class space    used 772K, capacity 823K, committed 896K, reserved 1048576K
Event: 2.003 GC heap after
Heap after GC invocations=1 (full 0):
 PSYoungGen      total 18944K, used 2528K [0x00000000feb00000, 0x0000000100000000, 0x0000000100000000)
  eden space 16384K, 0% used [0x00000000feb00000,0x00000000feb00000,0x00000000ffb00000)
  from space 2560K, 98% used [0x00000000ffb00000,0x00000000ffd78030,0x00000000ffd80000)
  to   space 2560K, 0% used [0x00000000ffd80000,0x00000000ffd80000,0x0000000100000000)
 ParOldGen       total 44032K, used 1452K [0x00000000fc000000, 0x00000000feb00000, 0x00000000feb00000)
  object space 44032K, 3% used [0x00000000fc000000,0x00000000fc16b188,0x00000000feb00000)
 Metaspace       used 6601K, capacity 6746K, committed 7040K, reserved 1056768K
  class space    used 772K, capacity 823K, committed 896K, reserved 1048576K
}
Event: 2.405 GC heap before
{Heap before GC invocations=2 (full 0):
 PSYoungGen      total 18944K, used 18912K [0x00000000feb00000, 0x0000000100000000, 0x0000000100000000)
  eden space 16384K, 100% used [0x00000000feb00000,0x00000000ffb00000,0x00000000ffb00000)
  from space 2560K, 98% used [0x00000000ffb00000,0x00000000ffd78030,0x00000000ffd80000)
  to   space 2560K, 0% used [0x00000000ffd80000,0x00000000ffd80000,0x0000000100000000)
 ParOldGen       total 44032K, used 1452K [0x00000000fc000000, 0x00000000feb00000, 0x00000000feb00000)
  object space 44032K, 3% used [0x00000000fc000000,0x00000000fc16b188,0x00000000feb00000)
 Metaspace       used 7516K, capacity 7688K, committed 7936K, reserved 1056768K
  class space    used 866K, capacity 924K, committed 1024K, reserved 1048576K
Event: 2.415 GC heap after
Heap after GC invocations=2 (full 0):
 PSYoungGen      total 18944K, used 2538K [0x00000000feb00000, 0x0000000100000000, 0x0000000100000000)
  eden space 16384K, 0% used [0x00000000feb00000,0x00000000feb00000,0x00000000ffb00000)
  from space 2560K, 99% used [0x00000000ffd80000,0x00000000ffffa820,0x0000000100000000)
  to   space 2560K, 0% used [0x00000000ffb00000,0x00000000ffb00000,0x00000000ffd80000)
 ParOldGen       total 44032K, used 4839K [0x00000000fc000000, 0x00000000feb00000, 0x00000000feb00000)
  object space 44032K, 10% used [0x00000000fc000000,0x00000000fc4b9d00,0x00000000feb00000)
 Metaspace       used 7516K, capacity 7688K, committed 7936K, reserved 1056768K
  class space    used 866K, capacity 924K, committed 1024K, reserved 1048576K
}

Deoptimization events (10 events):
Event: 1.866 Thread 0x0000000004b54000 Uncommon trap: reason=unstable_if action=reinterpret pc=0x0000000004e815c8 method=java.util.zip.ZipCoder.decoder()Ljava/nio/charset/CharsetDecoder; @ 4
Event: 1.868 Thread 0x0000000004b54000 Uncommon trap: reason=unstable_if action=reinterpret pc=0x0000000004e8679c method=java.util.zip.ZipCoder.decoder()Ljava/nio/charset/CharsetDecoder; @ 4
Event: 2.038 Thread 0x0000000004b54000 Uncommon trap: reason=unstable_if action=reinterpret pc=0x0000000004e88c5c method=java.util.zip.ZipCoder.decoder()Ljava/nio/charset/CharsetDecoder; @ 4
Event: 2.038 Thread 0x0000000004b54000 Uncommon trap: reason=unstable_if action=reinterpret pc=0x0000000004e7baac method=java.util.zip.ZipCoder.decoder()Ljava/nio/charset/CharsetDecoder; @ 4
Event: 2.039 Thread 0x0000000004b54000 Uncommon trap: reason=unstable_if action=reinterpret pc=0x0000000004e791fc method=java.util.zip.ZipCoder.decoder()Ljava/nio/charset/CharsetDecoder; @ 4
Event: 2.052 Thread 0x0000000004b54000 Uncommon trap: reason=unstable_if action=reinterpret pc=0x0000000004e939c8 method=java.util.HashMap$HashIterator.nextNode()Ljava/util/HashMap$Node; @ 74
Event: 2.111 Thread 0x0000000004b54000 Uncommon trap: reason=unstable_if action=reinterpret pc=0x0000000004e93ec8 method=java.util.HashMap$HashIterator.nextNode()Ljava/util/HashMap$Node; @ 74
Event: 2.155 Thread 0x0000000004b54000 Uncommon trap: reason=unloaded action=reinterpret pc=0x0000000004e7c8fc method=java.util.zip.ZipEntry.setExtra0([BZ)V @ 37
Event: 2.356 Thread 0x0000000004b54000 Uncommon trap: reason=unstable_if action=reinterpret pc=0x0000000004f594d8 method=org.objectweb.asm.Item.a(Lorg/objectweb/asm/Item;)Z @ 345
Event: 2.405 Thread 0x0000000004b54000 Uncommon trap: reason=unstable_if action=reinterpret pc=0x0000000004f6c91c method=org.objectweb.asm.Type.getArgumentsAndReturnSizes(Ljava/lang/String;)I @ 47

Classes redefined (0 events):
No events

Internal exceptions (10 events):
Event: 2.039 Thread 0x0000000004b54000 Implicit null exception at 0x0000000004e78d78 to 0x0000000004e791e1
Event: 2.102 Thread 0x0000000004b54000 Exception <a 'sun/nio/fs/WindowsException'> (0x00000000ff1d7080) thrown at [D:\src\AOSP-openjdk-cygwin\jdk8u\hotspot\src\share\vm\prims\jni.cpp, line 709]
Event: 2.103 Thread 0x0000000004b54000 Exception <a 'sun/nio/fs/WindowsException'> (0x00000000ff1d7640) thrown at [D:\src\AOSP-openjdk-cygwin\jdk8u\hotspot\src\share\vm\prims\jni.cpp, line 709]
Event: 2.103 Thread 0x0000000004b54000 Exception <a 'sun/nio/fs/WindowsException'> (0x00000000ff1d7c10) thrown at [D:\src\AOSP-openjdk-cygwin\jdk8u\hotspot\src\share\vm\prims\jni.cpp, line 709]
Event: 2.103 Thread 0x0000000004b54000 Exception <a 'sun/nio/fs/WindowsException'> (0x00000000ff1d83d0) thrown at [D:\src\AOSP-openjdk-cygwin\jdk8u\hotspot\src\share\vm\prims\jni.cpp, line 709]
Event: 2.103 Thread 0x0000000004b54000 Exception <a 'sun/nio/fs/WindowsException'> (0x00000000ff1d8978) thrown at [D:\src\AOSP-openjdk-cygwin\jdk8u\hotspot\src\share\vm\prims\jni.cpp, line 709]
Event: 2.103 Thread 0x0000000004b54000 Exception <a 'sun/nio/fs/WindowsException'> (0x00000000ff1d9128) thrown at [D:\src\AOSP-openjdk-cygwin\jdk8u\hotspot\src\share\vm\prims\jni.cpp, line 709]
Event: 2.117 Thread 0x0000000004b54000 Exception <a 'sun/nio/fs/WindowsException'> (0x00000000ff1de4a8) thrown at [D:\src\AOSP-openjdk-cygwin\jdk8u\hotspot\src\share\vm\prims\jni.cpp, line 709]
Event: 2.174 Thread 0x0000000004b54000 Exception <a 'sun/nio/fs/WindowsException'> (0x00000000ff4f9b90) thrown at [D:\src\AOSP-openjdk-cygwin\jdk8u\hotspot\src\share\vm\prims\jni.cpp, line 709]
Event: 2.174 Thread 0x0000000004b54000 Exception <a 'sun/nio/fs/WindowsException'> (0x00000000ff4fa138) thrown at [D:\src\AOSP-openjdk-cygwin\jdk8u\hotspot\src\share\vm\prims\jni.cpp, line 709]

Events (10 events):
Event: 2.267 loading class org/objectweb/asm/Handler
Event: 2.267 loading class org/objectweb/asm/Handler done
Event: 2.356 Thread 0x0000000004b54000 Uncommon trap: trap_request=0xffffff65 fr.pc=0x0000000004f594d8
Event: 2.356 Thread 0x0000000004b54000 DEOPT PACKING pc=0x0000000004f594d8 sp=0x0000000004b4e880
Event: 2.356 Thread 0x0000000004b54000 DEOPT UNPACKING pc=0x0000000004c9556a sp=0x0000000004b4e818 mode 2
Event: 2.405 Thread 0x0000000004b54000 Uncommon trap: trap_request=0xffffff65 fr.pc=0x0000000004f6c91c
Event: 2.405 Thread 0x0000000004b54000 DEOPT PACKING pc=0x0000000004f6c91c sp=0x0000000004b4e870
Event: 2.405 Thread 0x0000000004b54000 DEOPT UNPACKING pc=0x0000000004c9556a sp=0x0000000004b4e7f8 mode 2
Event: 2.405 Executing VM operation: ParallelGCFailedAllocation
Event: 2.415 Executing VM operation: ParallelGCFailedAllocation done


Dynamic libraries:
0x00007ff6561e0000 - 0x00007ff656211000 	D:\Program Files\Android\Android Studio\jre\bin\java.exe
0x00007ff876090000 - 0x00007ff876270000 	C:\WINDOWS\SYSTEM32\ntdll.dll
0x00007ff8747f0000 - 0x00007ff87489e000 	C:\WINDOWS\System32\KERNEL32.DLL
0x00007ff872970000 - 0x00007ff872bd6000 	C:\WINDOWS\System32\KERNELBASE.dll
0x00007ff8737e0000 - 0x00007ff873881000 	C:\WINDOWS\System32\ADVAPI32.dll
0x00007ff873fc0000 - 0x00007ff87405d000 	C:\WINDOWS\System32\msvcrt.dll
0x00007ff873b40000 - 0x00007ff873b9b000 	C:\WINDOWS\System32\sechost.dll
0x00007ff875f40000 - 0x00007ff87605f000 	C:\WINDOWS\System32\RPCRT4.dll
0x00007ff8739b0000 - 0x00007ff873b3f000 	C:\WINDOWS\System32\USER32.dll
0x00007ff872c40000 - 0x00007ff872c60000 	C:\WINDOWS\System32\win32u.dll
0x00007ff874060000 - 0x00007ff874088000 	C:\WINDOWS\System32\GDI32.dll
0x00007ff8725b0000 - 0x00007ff872743000 	C:\WINDOWS\System32\gdi32full.dll
0x00007ff872510000 - 0x00007ff8725ab000 	C:\WINDOWS\System32\msvcp_win.dll
0x00007ff873460000 - 0x00007ff873556000 	C:\WINDOWS\System32\ucrtbase.dll
0x00007ff861c20000 - 0x00007ff861e89000 	C:\WINDOWS\WinSxS\amd64_microsoft.windows.common-controls_6595b64144ccf1df_6.0.16299.192_none_15c8cdae9364c23b\COMCTL32.dll
0x00007ff8744e0000 - 0x00007ff8747e8000 	C:\WINDOWS\System32\combase.dll
0x00007ff872490000 - 0x00007ff872502000 	C:\WINDOWS\System32\bcryptPrimitives.dll
0x00007ff8737b0000 - 0x00007ff8737dd000 	C:\WINDOWS\System32\IMM32.DLL
0x00000000755a0000 - 0x0000000075672000 	D:\Program Files\Android\Android Studio\jre\jre\bin\msvcr100.dll
0x0000000073950000 - 0x000000007418e000 	D:\Program Files\Android\Android Studio\jre\jre\bin\server\jvm.dll
0x00007ff873cf0000 - 0x00007ff873cf8000 	C:\WINDOWS\System32\PSAPI.DLL
0x00007ff86b630000 - 0x00007ff86b639000 	C:\WINDOWS\SYSTEM32\WSOCK32.dll
0x00007ff8748a0000 - 0x00007ff87490c000 	C:\WINDOWS\System32\WS2_32.dll
0x00007ff86d010000 - 0x00007ff86d01a000 	C:\WINDOWS\SYSTEM32\VERSION.dll
0x00007ff86af90000 - 0x00007ff86afb3000 	C:\WINDOWS\SYSTEM32\WINMM.dll
0x00007ff86af30000 - 0x00007ff86af5a000 	C:\WINDOWS\SYSTEM32\WINMMBASE.dll
0x00007ff872750000 - 0x00007ff87279a000 	C:\WINDOWS\System32\cfgmgr32.dll
0x00007ff86f000000 - 0x00007ff86f00f000 	D:\Program Files\Android\Android Studio\jre\jre\bin\verify.dll
0x00007ff8619d0000 - 0x00007ff8619f9000 	D:\Program Files\Android\Android Studio\jre\jre\bin\java.dll
0x00007ff8615f0000 - 0x00007ff861606000 	D:\Program Files\Android\Android Studio\jre\jre\bin\zip.dll
0x00007ff874b00000 - 0x00007ff875f36000 	C:\WINDOWS\System32\SHELL32.dll
0x00007ff873700000 - 0x00007ff8737a6000 	C:\WINDOWS\System32\shcore.dll
0x00007ff872d10000 - 0x00007ff873457000 	C:\WINDOWS\System32\windows.storage.dll
0x00007ff874aa0000 - 0x00007ff874af1000 	C:\WINDOWS\System32\shlwapi.dll
0x00007ff872470000 - 0x00007ff872481000 	C:\WINDOWS\System32\kernel.appcore.dll
0x00007ff872400000 - 0x00007ff87244c000 	C:\WINDOWS\System32\powrprof.dll
0x00007ff872450000 - 0x00007ff87246b000 	C:\WINDOWS\System32\profapi.dll
0x00007ff871e30000 - 0x00007ff871e47000 	C:\WINDOWS\SYSTEM32\CRYPTSP.dll
0x00007ff871660000 - 0x00007ff871693000 	C:\WINDOWS\system32\rsaenh.dll
0x00007ff871f40000 - 0x00007ff871f65000 	C:\WINDOWS\SYSTEM32\bcrypt.dll
0x00007ff872310000 - 0x00007ff872339000 	C:\WINDOWS\SYSTEM32\USERENV.dll
0x00007ff871e50000 - 0x00007ff871e5b000 	C:\WINDOWS\SYSTEM32\CRYPTBASE.dll
0x00007ff860120000 - 0x00007ff86013a000 	D:\Program Files\Android\Android Studio\jre\jre\bin\net.dll
0x00007ff871c70000 - 0x00007ff871cd6000 	C:\WINDOWS\system32\mswsock.dll
0x00007ff871a00000 - 0x00007ff871a39000 	C:\WINDOWS\SYSTEM32\IPHLPAPI.DLL
0x00007ff8739a0000 - 0x00007ff8739a8000 	C:\WINDOWS\System32\NSI.dll
0x00007ff86f450000 - 0x00007ff86f466000 	C:\WINDOWS\SYSTEM32\dhcpcsvc6.DLL
0x00007ff86f340000 - 0x00007ff86f35a000 	C:\WINDOWS\SYSTEM32\dhcpcsvc.DLL
0x00007ff860100000 - 0x00007ff860111000 	D:\Program Files\Android\Android Studio\jre\jre\bin\nio.dll

VM Arguments:
jvm_args: -Djava.awt.headless=true -Xmx64M -Dfile.encoding=windows-1256 -Duser.country=US -Duser.language=en -Duser.variant 
java_command: com.google.devtools.build.android.desugar.Desugar --input D:\src\Samples\Android\SamsungPay\noonpaySample\app\build\intermediates\transforms\stackFramesFixer\debug\14.jar --output D:\src\Samples\Android\SamsungPay\noonpaySample\app\build\intermediates\transforms\desugar\debug\15.jar --input D:\src\Samples\Android\SamsungPay\noonpaySample\app\build\intermediates\classes\debug --output D:\src\Samples\Android\SamsungPay\noonpaySample\app\build\intermediates\transforms\desugar\debug\0 --input D:\src\Samples\Android\SamsungPay\noonpaySample\app\build\intermediates\transforms\stackFramesFixer\debug\2.jar --output D:\src\Samples\Android\SamsungPay\noonpaySample\app\build\intermediates\transforms\desugar\debug\3.jar --classpath_entry D:\src\Samples\Android\SamsungPay\noonpaySample\app\build\intermediates\classes\debug --classpath_entry D:\src\Samples\Android\SamsungPay\noonpaySample\app\build\intermediates\transforms\stackFramesFixer\debug\0.jar --classpath_entry D:\src\Samples\Android\SamsungPay\noonpaySample\app\build\intermediates\transforms\stackFramesFixer\debug\1.jar --classpath_entry D:\src\Samples\Android\SamsungPay\noonpaySample\app\build\intermediates\transforms\stackFramesFixer\debug\2.jar --classpath_entry D:\src\Samples\Android\SamsungPay\noonpaySample\app\build\intermediates\transforms\stackFramesFixer\debug\3.jar --classpath_entry D:\src\Samples\Android\SamsungPay\noonpaySample\app\build\intermediates\transforms\stackFramesFixer\debug\4.jar --classpath_entry D:\src\Samples\Android\SamsungPay\noonpaySample\app\build\intermediates\transforms\stackFramesFixer\debug\5.jar --classpath_entry D:\src\Samples\Android\SamsungPay\noonpaySample\app\build\intermediates\transforms\stackFramesFixer\debug\6.jar --classpath_entry D:\src\Samples\Android\SamsungPay\noonpaySample\app\build\intermediates\transforms\stackFramesFixer\debug\7.jar --classpath_entry D:\src\Samples\Android\SamsungPay\noonpaySample\app\build\intermediates\transforms\stackFramesFixer\debu
java_class_path (initial): C:\Users\abdo\AppData\Local\Temp\desugar_deploy.jar6849692412381006742
Launcher Type: SUN_STANDARD

Environment Variables:
JAVA_HOME=C:\Users\abdo\scoop\apps\openjdk\current
USERNAME=abdo
OS=Windows_NT
PROCESSOR_IDENTIFIER=Intel64 Family 6 Model 94 Stepping 3, GenuineIntel



---------------  S Y S T E M  ---------------

OS: Windows 10.0 , 64 bit Build 16299 (10.0.16299.15)

CPU:total 8 (initial active 8) (4 cores per cpu, 2 threads per core) family 6 model 94 stepping 3, cmov, cx8, fxsr, mmx, sse, sse2, sse3, ssse3, sse4.1, sse4.2, popcnt, avx, avx2, aes, clmul, erms, rtm, 3dnowpref, lzcnt, ht, tsc, tscinvbit, bmi1, bmi2, adx

Memory: 4k page, physical 16666212k(4697532k free), swap 17714788k(15292k free)

vm_info: OpenJDK 64-Bit Server VM (25.152-b01) for windows-amd64 JRE (1.8.0_152-release-915-b01), built by "builder" with MS VC++ 10.0 (VS2010)

time: Thu Mar 15 12:42:56 2018
elapsed time: 2 seconds (0d 0h 0m 2s)

