#
# There is insufficient memory for the Java Runtime Environment to continue.
# Native memory allocation (malloc) failed to allocate 198976 bytes for Chunk::new
# Possible reasons:
#   The system is out of physical RAM or swap space
#   In 32 bit mode, the process size limit was hit
# Possible solutions:
#   Reduce memory load on the system
#   Increase physical memory or swap space
#   Check if swap backing store is full
#   Use 64 bit Java on a 64 bit OS
#   Decrease Java heap size (-Xmx/-Xms)
#   Decrease number of Java threads
#   Decrease Java thread stack sizes (-Xss)
#   Set larger code cache with -XX:ReservedCodeCacheSize=
# This output file may be truncated or incomplete.
#
#  Out of Memory Error (allocation.cpp:390), pid=48948, tid=0x000000000000cbd0
#
# JRE version: OpenJDK Runtime Environment (8.0_152-b01) (build 1.8.0_152-release-915-b01)
# Java VM: OpenJDK 64-Bit Server VM (25.152-b01 mixed mode windows-amd64 compressed oops)
# Failed to write core dump. Minidumps are not enabled by default on client versions of Windows
#

---------------  T H R E A D  ---------------

Current thread (0x0000000017a20000):  JavaThread "C2 CompilerThread2" daemon [_thread_in_native, id=52176, stack(0x00000000184d0000,0x00000000185d0000)]

Stack: [0x00000000184d0000,0x00000000185d0000]
[error occurred during error reporting (printing stack bounds), id 0xc0000005]

Native frames: (J=compiled Java code, j=interpreted, Vv=VM code, C=native code)


Current CompileTask:
C2:   2926  762       4       org.objectweb.asm.Item::a (143 bytes)


---------------  P R O C E S S  ---------------

Java Threads: ( => current thread )
  0x0000000015b0e000 JavaThread "Service Thread" daemon [_thread_blocked, id=50292, stack(0x00000000186d0000,0x00000000187d0000)]
  0x0000000015b08000 JavaThread "C1 CompilerThread3" daemon [_thread_in_native, id=50728, stack(0x00000000185d0000,0x00000000186d0000)]
=>0x0000000017a20000 JavaThread "C2 CompilerThread2" daemon [_thread_in_native, id=52176, stack(0x00000000184d0000,0x00000000185d0000)]
  0x0000000017a1d800 JavaThread "C2 CompilerThread1" daemon [_thread_blocked, id=52320, stack(0x00000000183d0000,0x00000000184d0000)]
  0x0000000017a1a000 JavaThread "C2 CompilerThread0" daemon [_thread_blocked, id=50604, stack(0x00000000182d0000,0x00000000183d0000)]
  0x0000000017a18800 JavaThread "Attach Listener" daemon [_thread_blocked, id=49464, stack(0x00000000181d0000,0x00000000182d0000)]
  0x0000000017a69800 JavaThread "Signal Dispatcher" daemon [_thread_blocked, id=53216, stack(0x00000000180d0000,0x00000000181d0000)]
  0x0000000017a00800 JavaThread "Finalizer" daemon [_thread_blocked, id=7024, stack(0x0000000017de0000,0x0000000017ee0000)]
  0x0000000015afb800 JavaThread "Reference Handler" daemon [_thread_blocked, id=37504, stack(0x00000000178e0000,0x00000000179e0000)]
  0x0000000005254000 JavaThread "main" [_thread_in_Java, id=16112, stack(0x0000000005090000,0x0000000005190000)]

Other Threads:
  0x0000000015af5800 VMThread [stack: 0x00000000177e0000,0x00000000178e0000] [id=45028]
  0x0000000017a96000 WatcherThread [stack: 0x00000000187d0000,0x00000000188d0000] [id=54184]

VM state:not at safepoint (normal execution)

VM Mutex/Monitor currently owned by a thread:  ([mutex/lock_event])
[0x000000000389eb00] CodeCache_lock - owner thread: 0x0000000015b08000
[0x0000000005252660] Compile_lock - owner thread: 0x0000000015b08000
[0x00000000052537e0] MethodCompileQueue_lock - owner thread: 0x0000000015b08000

Heap:
 PSYoungGen      total 18944K, used 15534K [0x00000000feb00000, 0x0000000100000000, 0x0000000100000000)
  eden space 16384K, 79% used [0x00000000feb00000,0x00000000ff7b3a50,0x00000000ffb00000)
  from space 2560K, 98% used [0x00000000ffb00000,0x00000000ffd78030,0x00000000ffd80000)
  to   space 2560K, 0% used [0x00000000ffd80000,0x00000000ffd80000,0x0000000100000000)
 ParOldGen       total 44032K, used 1461K [0x00000000fc000000, 0x00000000feb00000, 0x00000000feb00000)
  object space 44032K, 3% used [0x00000000fc000000,0x00000000fc16d5c8,0x00000000feb00000)
 Metaspace       used 7433K, capacity 7592K, committed 7680K, reserved 1056768K
  class space    used 868K, capacity 956K, committed 1024K, reserved 1048576K

Card table byte_map: [0x00000000037f0000,0x0000000003820000] byte_map_base: 0x0000000003010000

Marking Bits: (ParMarkBitMap*) 0x0000000074113950
 Begin Bits: [0x0000000014f10000, 0x0000000015010000)
 End Bits:   [0x0000000015010000, 0x0000000015110000)

Polling page: 0x0000000003380000

CodeCache: size=245760Kb used=2948Kb max_used=2948Kb free=242811Kb
 bounds [0x0000000005350000, 0x0000000005640000, 0x0000000014350000]
 total_blobs=1081 nmethods=748 adapters=246
 compilation: enabled

Compilation events (10 events):
Event: 2.904 Thread 0x0000000017a1a000 nmethod 739 0x0000000005608750 code [0x00000000056088a0, 0x0000000005608af8]
Event: 2.905 Thread 0x0000000017a1d800  750       4       org.objectweb.asm.ClassReader::readUTF8 (60 bytes)
Event: 2.909 Thread 0x0000000017a20000  756       4       org.objectweb.asm.ByteVector::putShort (52 bytes)
Event: 2.910 Thread 0x0000000017a20000 nmethod 756 0x0000000005608350 code [0x00000000056084a0, 0x0000000005608608]
Event: 2.916 Thread 0x0000000017a1a000  761       4       org.objectweb.asm.ClassWriter::a (49 bytes)
Event: 2.917 Thread 0x0000000017a20000  762       4       org.objectweb.asm.Item::a (143 bytes)
Event: 2.918 Thread 0x0000000017a1a000 nmethod 761 0x0000000005607f90 code [0x00000000056080e0, 0x0000000005608208]
Event: 2.920 Thread 0x0000000017a1d800 nmethod 750 0x000000000560ac50 code [0x000000000560adc0, 0x000000000560b658]
Event: 2.921 Thread 0x0000000017a1a000  766  s    4       java.io.BufferedOutputStream::write (35 bytes)
Event: 2.923 Thread 0x0000000017a1a000 nmethod 766 0x000000000560a650 code [0x000000000560a7a0, 0x000000000560ab08]

GC Heap History (2 events):
Event: 1.076 GC heap before
{Heap before GC invocations=1 (full 0):
 PSYoungGen      total 18944K, used 16384K [0x00000000feb00000, 0x0000000100000000, 0x0000000100000000)
  eden space 16384K, 100% used [0x00000000feb00000,0x00000000ffb00000,0x00000000ffb00000)
  from space 2560K, 0% used [0x00000000ffd80000,0x00000000ffd80000,0x0000000100000000)
  to   space 2560K, 0% used [0x00000000ffb00000,0x00000000ffb00000,0x00000000ffd80000)
 ParOldGen       total 44032K, used 0K [0x00000000fc000000, 0x00000000feb00000, 0x00000000feb00000)
  object space 44032K, 0% used [0x00000000fc000000,0x00000000fc000000,0x00000000feb00000)
 Metaspace       used 6594K, capacity 6746K, committed 7040K, reserved 1056768K
  class space    used 773K, capacity 823K, committed 896K, reserved 1048576K
Event: 1.082 GC heap after
Heap after GC invocations=1 (full 0):
 PSYoungGen      total 18944K, used 2528K [0x00000000feb00000, 0x0000000100000000, 0x0000000100000000)
  eden space 16384K, 0% used [0x00000000feb00000,0x00000000feb00000,0x00000000ffb00000)
  from space 2560K, 98% used [0x00000000ffb00000,0x00000000ffd78030,0x00000000ffd80000)
  to   space 2560K, 0% used [0x00000000ffd80000,0x00000000ffd80000,0x0000000100000000)
 ParOldGen       total 44032K, used 1461K [0x00000000fc000000, 0x00000000feb00000, 0x00000000feb00000)
  object space 44032K, 3% used [0x00000000fc000000,0x00000000fc16d5c8,0x00000000feb00000)
 Metaspace       used 6594K, capacity 6746K, committed 7040K, reserved 1056768K
  class space    used 773K, capacity 823K, committed 896K, reserved 1048576K
}

Deoptimization events (10 events):
Event: 0.968 Thread 0x0000000005254000 Uncommon trap: reason=unstable_if action=reinterpret pc=0x00000000054f8ef8 method=java.lang.String.startsWith(Ljava/lang/String;I)Z @ 25
Event: 1.035 Thread 0x0000000005254000 Uncommon trap: reason=unstable_if action=reinterpret pc=0x0000000005570a2c method=java.util.zip.ZipFile$ZipEntryIterator.hasNext()Z @ 25
Event: 1.035 Thread 0x0000000005254000 Uncommon trap: reason=unstable_if action=reinterpret pc=0x0000000005573fec method=java.util.zip.ZipCoder.decoder()Ljava/nio/charset/CharsetDecoder; @ 4
Event: 1.035 Thread 0x0000000005254000 Uncommon trap: reason=unstable_if action=reinterpret pc=0x000000000554ea98 method=java.util.zip.ZipEntry.setExtra0([BZ)V @ 1
Event: 1.037 Thread 0x0000000005254000 Uncommon trap: reason=unstable_if action=reinterpret pc=0x000000000557b0c8 method=java.util.zip.ZipCoder.decoder()Ljava/nio/charset/CharsetDecoder; @ 4
Event: 1.041 Thread 0x0000000005254000 Uncommon trap: reason=unstable_if action=reinterpret pc=0x000000000557d9f8 method=java.util.zip.ZipCoder.decoder()Ljava/nio/charset/CharsetDecoder; @ 4
Event: 1.145 Thread 0x0000000005254000 Uncommon trap: reason=unstable_if action=reinterpret pc=0x000000000558299c method=java.util.zip.ZipCoder.decoder()Ljava/nio/charset/CharsetDecoder; @ 4
Event: 1.484 Thread 0x0000000005254000 Uncommon trap: reason=unloaded action=reinterpret pc=0x0000000005574bfc method=java.util.zip.ZipEntry.setExtra0([BZ)V @ 37
Event: 1.693 Thread 0x0000000005254000 Uncommon trap: reason=unstable_if action=reinterpret pc=0x00000000054eb878 method=java.lang.String.<init>([CII)V @ 18
Event: 2.921 Thread 0x0000000005254000 Uncommon trap: reason=unstable_if action=reinterpret pc=0x000000000560b42c method=org.objectweb.asm.ClassReader.readUTF8(I[C)Ljava/lang/String; @ 7

Classes redefined (0 events):
No events

Internal exceptions (10 events):
Event: 1.245 Thread 0x0000000005254000 Exception <a 'sun/nio/fs/WindowsException'> (0x00000000ff1d8fd8) thrown at [D:\src\AOSP-openjdk-cygwin\jdk8u\hotspot\src\share\vm\prims\jni.cpp, line 709]
Event: 1.245 Thread 0x0000000005254000 Exception <a 'sun/nio/fs/WindowsException'> (0x00000000ff1d95a8) thrown at [D:\src\AOSP-openjdk-cygwin\jdk8u\hotspot\src\share\vm\prims\jni.cpp, line 709]
Event: 1.245 Thread 0x0000000005254000 Exception <a 'sun/nio/fs/WindowsException'> (0x00000000ff1d9d68) thrown at [D:\src\AOSP-openjdk-cygwin\jdk8u\hotspot\src\share\vm\prims\jni.cpp, line 709]
Event: 1.245 Thread 0x0000000005254000 Exception <a 'sun/nio/fs/WindowsException'> (0x00000000ff1da310) thrown at [D:\src\AOSP-openjdk-cygwin\jdk8u\hotspot\src\share\vm\prims\jni.cpp, line 709]
Event: 1.245 Thread 0x0000000005254000 Exception <a 'sun/nio/fs/WindowsException'> (0x00000000ff1daac0) thrown at [D:\src\AOSP-openjdk-cygwin\jdk8u\hotspot\src\share\vm\prims\jni.cpp, line 709]
Event: 1.306 Thread 0x0000000005254000 Exception <a 'sun/nio/fs/WindowsException'> (0x00000000ff1dfe40) thrown at [D:\src\AOSP-openjdk-cygwin\jdk8u\hotspot\src\share\vm\prims\jni.cpp, line 709]
Event: 1.545 Thread 0x0000000005254000 Exception <a 'sun/nio/fs/WindowsException'> (0x00000000ff4ce5c0) thrown at [D:\src\AOSP-openjdk-cygwin\jdk8u\hotspot\src\share\vm\prims\jni.cpp, line 709]
Event: 1.545 Thread 0x0000000005254000 Exception <a 'sun/nio/fs/WindowsException'> (0x00000000ff4ceb68) thrown at [D:\src\AOSP-openjdk-cygwin\jdk8u\hotspot\src\share\vm\prims\jni.cpp, line 709]
Event: 2.869 Thread 0x0000000005254000 Exception <a 'sun/nio/fs/WindowsException'> (0x00000000ff6404a0) thrown at [D:\src\AOSP-openjdk-cygwin\jdk8u\hotspot\src\share\vm\prims\jni.cpp, line 709]
Event: 2.869 Thread 0x0000000005254000 Exception <a 'sun/nio/fs/WindowsException'> (0x00000000ff6409c8) thrown at [D:\src\AOSP-openjdk-cygwin\jdk8u\hotspot\src\share\vm\prims\jni.cpp, line 709]

Events (10 events):
Event: 1.725 loading class java/util/Vector$Itr done
Event: 2.887 loading class org/objectweb/asm/Opcodes
Event: 2.887 loading class org/objectweb/asm/Opcodes done
Event: 2.913 loading class org/objectweb/asm/tree/TryCatchBlockNode
Event: 2.913 loading class org/objectweb/asm/tree/TryCatchBlockNode done
Event: 2.913 loading class org/objectweb/asm/Handler
Event: 2.913 loading class org/objectweb/asm/Handler done
Event: 2.921 Thread 0x0000000005254000 Uncommon trap: trap_request=0xffffff65 fr.pc=0x000000000560b42c
Event: 2.921 Thread 0x0000000005254000 DEOPT PACKING pc=0x000000000560b42c sp=0x000000000518f270
Event: 2.921 Thread 0x0000000005254000 DEOPT UNPACKING pc=0x000000000539556a sp=0x000000000518f240 mode 2


Dynamic libraries:
0x00007ff6561e0000 - 0x00007ff656211000 	D:\Program Files\Android\Android Studio\jre\bin\java.exe
0x00007ff876090000 - 0x00007ff876270000 	C:\WINDOWS\SYSTEM32\ntdll.dll
0x00007ff8747f0000 - 0x00007ff87489e000 	C:\WINDOWS\System32\KERNEL32.DLL
0x00007ff872970000 - 0x00007ff872bd6000 	C:\WINDOWS\System32\KERNELBASE.dll
0x00007ff8737e0000 - 0x00007ff873881000 	C:\WINDOWS\System32\ADVAPI32.dll
0x00007ff873fc0000 - 0x00007ff87405d000 	C:\WINDOWS\System32\msvcrt.dll
0x00007ff873b40000 - 0x00007ff873b9b000 	C:\WINDOWS\System32\sechost.dll
0x00007ff875f40000 - 0x00007ff87605f000 	C:\WINDOWS\System32\RPCRT4.dll
0x00007ff8739b0000 - 0x00007ff873b3f000 	C:\WINDOWS\System32\USER32.dll
0x00007ff872c40000 - 0x00007ff872c60000 	C:\WINDOWS\System32\win32u.dll
0x00007ff874060000 - 0x00007ff874088000 	C:\WINDOWS\System32\GDI32.dll
0x00007ff8725b0000 - 0x00007ff872743000 	C:\WINDOWS\System32\gdi32full.dll
0x00007ff872510000 - 0x00007ff8725ab000 	C:\WINDOWS\System32\msvcp_win.dll
0x00007ff873460000 - 0x00007ff873556000 	C:\WINDOWS\System32\ucrtbase.dll
0x00007ff861c20000 - 0x00007ff861e89000 	C:\WINDOWS\WinSxS\amd64_microsoft.windows.common-controls_6595b64144ccf1df_6.0.16299.192_none_15c8cdae9364c23b\COMCTL32.dll
0x00007ff8744e0000 - 0x00007ff8747e8000 	C:\WINDOWS\System32\combase.dll
0x00007ff872490000 - 0x00007ff872502000 	C:\WINDOWS\System32\bcryptPrimitives.dll
0x00007ff8737b0000 - 0x00007ff8737dd000 	C:\WINDOWS\System32\IMM32.DLL
0x00000000755a0000 - 0x0000000075672000 	D:\Program Files\Android\Android Studio\jre\jre\bin\msvcr100.dll
0x0000000073950000 - 0x000000007418e000 	D:\Program Files\Android\Android Studio\jre\jre\bin\server\jvm.dll
0x00007ff873cf0000 - 0x00007ff873cf8000 	C:\WINDOWS\System32\PSAPI.DLL
0x00007ff86b630000 - 0x00007ff86b639000 	C:\WINDOWS\SYSTEM32\WSOCK32.dll
0x00007ff86af90000 - 0x00007ff86afb3000 	C:\WINDOWS\SYSTEM32\WINMM.dll
0x00007ff86d010000 - 0x00007ff86d01a000 	C:\WINDOWS\SYSTEM32\VERSION.dll
0x00007ff8748a0000 - 0x00007ff87490c000 	C:\WINDOWS\System32\WS2_32.dll
0x00007ff86af30000 - 0x00007ff86af5a000 	C:\WINDOWS\SYSTEM32\WINMMBASE.dll
0x00007ff872750000 - 0x00007ff87279a000 	C:\WINDOWS\System32\cfgmgr32.dll
0x00007ff86eff0000 - 0x00007ff86efff000 	D:\Program Files\Android\Android Studio\jre\jre\bin\verify.dll
0x00007ff86b450000 - 0x00007ff86b479000 	D:\Program Files\Android\Android Studio\jre\jre\bin\java.dll
0x00007ff8619e0000 - 0x00007ff8619f6000 	D:\Program Files\Android\Android Studio\jre\jre\bin\zip.dll
0x00007ff874b00000 - 0x00007ff875f36000 	C:\WINDOWS\System32\SHELL32.dll
0x00007ff873700000 - 0x00007ff8737a6000 	C:\WINDOWS\System32\shcore.dll
0x00007ff872d10000 - 0x00007ff873457000 	C:\WINDOWS\System32\windows.storage.dll
0x00007ff874aa0000 - 0x00007ff874af1000 	C:\WINDOWS\System32\shlwapi.dll
0x00007ff872470000 - 0x00007ff872481000 	C:\WINDOWS\System32\kernel.appcore.dll
0x00007ff872400000 - 0x00007ff87244c000 	C:\WINDOWS\System32\powrprof.dll
0x00007ff872450000 - 0x00007ff87246b000 	C:\WINDOWS\System32\profapi.dll
0x00007ff871e30000 - 0x00007ff871e47000 	C:\WINDOWS\SYSTEM32\CRYPTSP.dll
0x00007ff871660000 - 0x00007ff871693000 	C:\WINDOWS\system32\rsaenh.dll
0x00007ff871f40000 - 0x00007ff871f65000 	C:\WINDOWS\SYSTEM32\bcrypt.dll
0x00007ff872310000 - 0x00007ff872339000 	C:\WINDOWS\SYSTEM32\USERENV.dll
0x00007ff871e50000 - 0x00007ff871e5b000 	C:\WINDOWS\SYSTEM32\CRYPTBASE.dll
0x00007ff861390000 - 0x00007ff8613aa000 	D:\Program Files\Android\Android Studio\jre\jre\bin\net.dll
0x00007ff871c70000 - 0x00007ff871cd6000 	C:\WINDOWS\system32\mswsock.dll
0x00007ff871a00000 - 0x00007ff871a39000 	C:\WINDOWS\SYSTEM32\IPHLPAPI.DLL
0x00007ff8739a0000 - 0x00007ff8739a8000 	C:\WINDOWS\System32\NSI.dll
0x00007ff86f450000 - 0x00007ff86f466000 	C:\WINDOWS\SYSTEM32\dhcpcsvc6.DLL
0x00007ff86f340000 - 0x00007ff86f35a000 	C:\WINDOWS\SYSTEM32\dhcpcsvc.DLL
0x00007ff8615f0000 - 0x00007ff861601000 	D:\Program Files\Android\Android Studio\jre\jre\bin\nio.dll

VM Arguments:
jvm_args: -Djava.awt.headless=true -Xmx64M -Dfile.encoding=windows-1256 -Duser.country=US -Duser.language=en -Duser.variant 
java_command: com.google.devtools.build.android.desugar.Desugar --input D:\src\Samples\Android\SamsungPay\noonpaySample\app\build\intermediates\transforms\stackFramesFixer\debug\17.jar --output D:\src\Samples\Android\SamsungPay\noonpaySample\app\build\intermediates\transforms\desugar\debug\18.jar --input D:\src\Samples\Android\SamsungPay\noonpaySample\app\build\intermediates\transforms\stackFramesFixer\debug\14.jar --output D:\src\Samples\Android\SamsungPay\noonpaySample\app\build\intermediates\transforms\desugar\debug\15.jar --input D:\src\Samples\Android\SamsungPay\noonpaySample\app\build\intermediates\transforms\stackFramesFixer\debug\5.jar --output D:\src\Samples\Android\SamsungPay\noonpaySample\app\build\intermediates\transforms\desugar\debug\6.jar --classpath_entry D:\src\Samples\Android\SamsungPay\noonpaySample\app\build\intermediates\classes\debug --classpath_entry D:\src\Samples\Android\SamsungPay\noonpaySample\app\build\intermediates\transforms\stackFramesFixer\debug\0.jar --classpath_entry D:\src\Samples\Android\SamsungPay\noonpaySample\app\build\intermediates\transforms\stackFramesFixer\debug\1.jar --classpath_entry D:\src\Samples\Android\SamsungPay\noonpaySample\app\build\intermediates\transforms\stackFramesFixer\debug\2.jar --classpath_entry D:\src\Samples\Android\SamsungPay\noonpaySample\app\build\intermediates\transforms\stackFramesFixer\debug\3.jar --classpath_entry D:\src\Samples\Android\SamsungPay\noonpaySample\app\build\intermediates\transforms\stackFramesFixer\debug\4.jar --classpath_entry D:\src\Samples\Android\SamsungPay\noonpaySample\app\build\intermediates\transforms\stackFramesFixer\debug\5.jar --classpath_entry D:\src\Samples\Android\SamsungPay\noonpaySample\app\build\intermediates\transforms\stackFramesFixer\debug\6.jar --classpath_entry D:\src\Samples\Android\SamsungPay\noonpaySample\app\build\intermediates\transforms\stackFramesFixer\debug\7.jar --classpath_entry D:\src\Samples\Android\SamsungPay\noonpaySample\app\build\intermediates\
java_class_path (initial): C:\Users\abdo\AppData\Local\Temp\desugar_deploy.jar5844883797740796237
Launcher Type: SUN_STANDARD

Environment Variables:
JAVA_HOME=C:\Users\abdo\scoop\apps\openjdk\current
USERNAME=abdo
OS=Windows_NT
PROCESSOR_IDENTIFIER=Intel64 Family 6 Model 94 Stepping 3, GenuineIntel



---------------  S Y S T E M  ---------------

OS: Windows 10.0 , 64 bit Build 16299 (10.0.16299.15)

CPU:total 8 (initial active 8) (4 cores per cpu, 2 threads per core) family 6 model 94 stepping 3, cmov, cx8, fxsr, mmx, sse, sse2, sse3, ssse3, sse4.1, sse4.2, popcnt, avx, avx2, aes, clmul, erms, rtm, 3dnowpref, lzcnt, ht, tsc, tscinvbit, bmi1, bmi2, adx

Memory: 4k page, physical 16666212k(5271468k free), swap 17714788k(2196k free)

vm_info: OpenJDK 64-Bit Server VM (25.152-b01) for windows-amd64 JRE (1.8.0_152-release-915-b01), built by "builder" with MS VC++ 10.0 (VS2010)

time: Thu Mar 15 17:07:33 2018
elapsed time: 2 seconds (0d 0h 0m 2s)

