#
# There is insufficient memory for the Java Runtime Environment to continue.
# Native memory allocation (malloc) failed to allocate 1048576 bytes for AllocateHeap
# Possible reasons:
#   The system is out of physical RAM or swap space
#   In 32 bit mode, the process size limit was hit
# Possible solutions:
#   Reduce memory load on the system
#   Increase physical memory or swap space
#   Check if swap backing store is full
#   Use 64 bit Java on a 64 bit OS
#   Decrease Java heap size (-Xmx/-Xms)
#   Decrease number of Java threads
#   Decrease Java thread stack sizes (-Xss)
#   Set larger code cache with -XX:ReservedCodeCacheSize=
# This output file may be truncated or incomplete.
#
#  Out of Memory Error (memory/allocation.inline.hpp:61), pid=30232, tid=0x0000000000007444
#
# JRE version:  (8.0_152-b01) (build )
# Java VM: OpenJDK 64-Bit Server VM (25.152-b01 mixed mode windows-amd64 compressed oops)
# Failed to write core dump. Minidumps are not enabled by default on client versions of Windows
#

---------------  T H R E A D  ---------------

Current thread (0x00000000046a4000):  JavaThread "Unknown thread" [_thread_in_vm, id=29764, stack(0x00000000045a0000,0x00000000046a0000)]

Stack: [0x00000000045a0000,0x00000000046a0000]
[error occurred during error reporting (printing stack bounds), id 0xc0000005]

Native frames: (J=compiled Java code, j=interpreted, Vv=VM code, C=native code)


---------------  P R O C E S S  ---------------

Java Threads: ( => current thread )

Other Threads:

=>0x00000000046a4000 (exited) JavaThread "Unknown thread" [_thread_in_vm, id=29764, stack(0x00000000045a0000,0x00000000046a0000)]

VM state:not at safepoint (normal execution)

VM Mutex/Monitor currently owned by a thread: None

Heap:
 PSYoungGen      total 18944K, used 327K [0x00000000feb00000, 0x0000000100000000, 0x0000000100000000)
  eden space 16384K, 2% used [0x00000000feb00000,0x00000000feb51ec8,0x00000000ffb00000)
  from space 2560K, 0% used [0x00000000ffd80000,0x00000000ffd80000,0x0000000100000000)
  to   space 2560K, 0% used [0x00000000ffb00000,0x00000000ffb00000,0x00000000ffd80000)
 ParOldGen       total 44032K, used 0K [0x00000000fc000000, 0x00000000feb00000, 0x00000000feb00000)
  object space 44032K, 0% used [0x00000000fc000000,0x00000000fc000000,0x00000000feb00000)
 Metaspace       used 772K, capacity 4480K, committed 4480K, reserved 1056768K
  class space    used 73K, capacity 384K, committed 384K, reserved 1048576K

Card table byte_map: [0x0000000002c20000,0x0000000002c50000] byte_map_base: 0x0000000002440000

Marking Bits: (ParMarkBitMap*) 0x0000000052b93950
 Begin Bits: [0x0000000014360000, 0x0000000014460000)
 End Bits:   [0x0000000014460000, 0x0000000014560000)

Polling page: 0x00000000027f0000

CodeCache: size=245760Kb used=328Kb max_used=328Kb free=245431Kb
 bounds [0x00000000047a0000, 0x0000000004a10000, 0x00000000137a0000]
 total_blobs=57 nmethods=0 adapters=38
 compilation: enabled

Compilation events (0 events):
No events

GC Heap History (0 events):
No events

Deoptimization events (0 events):
No events

Classes redefined (0 events):
No events

Internal exceptions (0 events):
No events

Events (10 events):
Event: 0.027 loading class java/lang/Short
Event: 0.027 loading class java/lang/Short done
Event: 0.027 loading class java/lang/Integer
Event: 0.028 loading class java/lang/Integer done
Event: 0.028 loading class java/lang/Long
Event: 0.028 loading class java/lang/Long done
Event: 0.029 loading class java/lang/NullPointerException
Event: 0.029 loading class java/lang/NullPointerException done
Event: 0.029 loading class java/lang/ArithmeticException
Event: 0.029 loading class java/lang/ArithmeticException done


Dynamic libraries:
0x00007ff615600000 - 0x00007ff615631000 	D:\Program Files\Android\Android Studio\jre\bin\java.exe
0x00007ffddc320000 - 0x00007ffddc500000 	C:\WINDOWS\SYSTEM32\ntdll.dll
0x00007ffddc170000 - 0x00007ffddc21e000 	C:\WINDOWS\System32\KERNEL32.DLL
0x00007ffdd9580000 - 0x00007ffdd97e6000 	C:\WINDOWS\System32\KERNELBASE.dll
0x00007ffdd9c50000 - 0x00007ffdd9cf1000 	C:\WINDOWS\System32\ADVAPI32.dll
0x00007ffddbd60000 - 0x00007ffddbdfd000 	C:\WINDOWS\System32\msvcrt.dll
0x00007ffdd9f00000 - 0x00007ffdd9f5b000 	C:\WINDOWS\System32\sechost.dll
0x00007ffdd9de0000 - 0x00007ffdd9eff000 	C:\WINDOWS\System32\RPCRT4.dll
0x00007ffdd9f60000 - 0x00007ffdda0ef000 	C:\WINDOWS\System32\USER32.dll
0x00007ffdd9560000 - 0x00007ffdd9580000 	C:\WINDOWS\System32\win32u.dll
0x00007ffddbd30000 - 0x00007ffddbd58000 	C:\WINDOWS\System32\GDI32.dll
0x00007ffdd8a70000 - 0x00007ffdd8c03000 	C:\WINDOWS\System32\gdi32full.dll
0x00007ffdd8c60000 - 0x00007ffdd8cfb000 	C:\WINDOWS\System32\msvcp_win.dll
0x00007ffdd8720000 - 0x00007ffdd8816000 	C:\WINDOWS\System32\ucrtbase.dll
0x00007ffdc6ba0000 - 0x00007ffdc6e09000 	C:\WINDOWS\WinSxS\amd64_microsoft.windows.common-controls_6595b64144ccf1df_6.0.16299.192_none_15c8cdae9364c23b\COMCTL32.dll
0x00007ffddbe60000 - 0x00007ffddc168000 	C:\WINDOWS\System32\combase.dll
0x00007ffdd8820000 - 0x00007ffdd8892000 	C:\WINDOWS\System32\bcryptPrimitives.dll
0x00007ffdda820000 - 0x00007ffdda84d000 	C:\WINDOWS\System32\IMM32.DLL
0x0000000051370000 - 0x0000000051442000 	D:\Program Files\Android\Android Studio\jre\jre\bin\msvcr100.dll
0x00000000523d0000 - 0x0000000052c0e000 	D:\Program Files\Android\Android Studio\jre\jre\bin\server\jvm.dll
0x00007ffddbcc0000 - 0x00007ffddbcc8000 	C:\WINDOWS\System32\PSAPI.DLL
0x00007ffdd6590000 - 0x00007ffdd6599000 	C:\WINDOWS\SYSTEM32\WSOCK32.dll
0x00007ffdd6af0000 - 0x00007ffdd6afa000 	C:\WINDOWS\SYSTEM32\VERSION.dll
0x00007ffdda660000 - 0x00007ffdda6cc000 	C:\WINDOWS\System32\WS2_32.dll
0x00007ffdd03c0000 - 0x00007ffdd03e3000 	C:\WINDOWS\SYSTEM32\WINMM.dll
0x00007ffdd0360000 - 0x00007ffdd038a000 	C:\WINDOWS\SYSTEM32\WINMMBASE.dll
0x00007ffdd8c10000 - 0x00007ffdd8c5a000 	C:\WINDOWS\System32\cfgmgr32.dll
0x00007ffdd6b00000 - 0x00007ffdd6b0f000 	D:\Program Files\Android\Android Studio\jre\jre\bin\verify.dll
0x00007ffdc9510000 - 0x00007ffdc9539000 	D:\Program Files\Android\Android Studio\jre\jre\bin\java.dll
0x00007ffdc9580000 - 0x00007ffdc9596000 	D:\Program Files\Android\Android Studio\jre\jre\bin\zip.dll

VM Arguments:
jvm_args: -Djava.awt.headless=true -Xmx64M -Dfile.encoding=windows-1256 -Duser.country=US -Duser.language=en -Duser.variant 
java_command: com.google.devtools.build.android.desugar.Desugar --input D:\src\Samples\Android\SamsungPay\noopaySample\app\build\intermediates\transforms\stackFramesFixer\debug\20.jar --output D:\src\Samples\Android\SamsungPay\noopaySample\app\build\intermediates\transforms\desugar\debug\21.jar --input D:\src\Samples\Android\SamsungPay\noopaySample\app\build\intermediates\transforms\stackFramesFixer\debug\14.jar --output D:\src\Samples\Android\SamsungPay\noopaySample\app\build\intermediates\transforms\desugar\debug\15.jar --input D:\src\Samples\Android\SamsungPay\noopaySample\app\build\intermediates\transforms\stackFramesFixer\debug\17.jar --output D:\src\Samples\Android\SamsungPay\noopaySample\app\build\intermediates\transforms\desugar\debug\18.jar --classpath_entry D:\src\Samples\Android\SamsungPay\noopaySample\app\build\intermediates\classes\debug --classpath_entry D:\src\Samples\Android\SamsungPay\noopaySample\app\build\intermediates\transforms\stackFramesFixer\debug\0.jar --classpath_entry D:\src\Samples\Android\SamsungPay\noopaySample\app\build\intermediates\transforms\stackFramesFixer\debug\1.jar --classpath_entry D:\src\Samples\Android\SamsungPay\noopaySample\app\build\intermediates\transforms\stackFramesFixer\debug\2.jar --classpath_entry D:\src\Samples\Android\SamsungPay\noopaySample\app\build\intermediates\transforms\stackFramesFixer\debug\3.jar --classpath_entry D:\src\Samples\Android\SamsungPay\noopaySample\app\build\intermediates\transforms\stackFramesFixer\debug\4.jar --classpath_entry D:\src\Samples\Android\SamsungPay\noopaySample\app\build\intermediates\transforms\stackFramesFixer\debug\5.jar --classpath_entry D:\src\Samples\Android\SamsungPay\noopaySample\app\build\intermediates\transforms\stackFramesFixer\debug\6.jar --classpath_entry D:\src\Samples\Android\SamsungPay\noopaySample\app\build\intermediates\transforms\stackFramesFixer\debug\7.jar --classpath_entry D:\src\Samples\Android\SamsungPay\noopaySample\app\build\intermediates\transforms\sta
java_class_path (initial): C:\Users\abdo\AppData\Local\Temp\desugar_deploy.jar4433972071299346118
Launcher Type: SUN_STANDARD

Environment Variables:
JAVA_HOME=C:\Users\abdo\scoop\apps\openjdk\current
USERNAME=abdo
OS=Windows_NT
PROCESSOR_IDENTIFIER=Intel64 Family 6 Model 94 Stepping 3, GenuineIntel



---------------  S Y S T E M  ---------------

OS: Windows 10.0 , 64 bit Build 16299 (10.0.16299.15)

CPU:total 8 (initial active 8) (4 cores per cpu, 2 threads per core) family 6 model 94 stepping 3, cmov, cx8, fxsr, mmx, sse, sse2, sse3, ssse3, sse4.1, sse4.2, popcnt, avx, avx2, aes, clmul, erms, rtm, 3dnowpref, lzcnt, ht, tsc, tscinvbit, bmi1, bmi2, adx

Memory: 4k page, physical 16666212k(4545032k free), swap 17714788k(5440k free)

vm_info: OpenJDK 64-Bit Server VM (25.152-b01) for windows-amd64 JRE (1.8.0_152-release-915-b01), built by "builder" with MS VC++ 10.0 (VS2010)

time: Wed Mar 14 16:18:25 2018
elapsed time: 0 seconds (0d 0h 0m 0s)

