#
# There is insufficient memory for the Java Runtime Environment to continue.
# Native memory allocation (malloc) failed to allocate 81936 bytes for Chunk::new
# Possible reasons:
#   The system is out of physical RAM or swap space
#   In 32 bit mode, the process size limit was hit
# Possible solutions:
#   Reduce memory load on the system
#   Increase physical memory or swap space
#   Check if swap backing store is full
#   Use 64 bit Java on a 64 bit OS
#   Decrease Java heap size (-Xmx/-Xms)
#   Decrease number of Java threads
#   Decrease Java thread stack sizes (-Xss)
#   Set larger code cache with -XX:ReservedCodeCacheSize=
# This output file may be truncated or incomplete.
#
#  Out of Memory Error (allocation.cpp:390), pid=52328, tid=0x000000000000c710
#
# JRE version: OpenJDK Runtime Environment (8.0_152-b01) (build 1.8.0_152-release-915-b01)
# Java VM: OpenJDK 64-Bit Server VM (25.152-b01 mixed mode windows-amd64 compressed oops)
# Failed to write core dump. Minidumps are not enabled by default on client versions of Windows
#

---------------  T H R E A D  ---------------

Current thread (0x00000000172a5000):  JavaThread "C1 CompilerThread3" daemon [_thread_in_native, id=50960, stack(0x0000000017e10000,0x0000000017f10000)]

Stack: [0x0000000017e10000,0x0000000017f10000]
[error occurred during error reporting (printing stack bounds), id 0xc0000005]

Native frames: (J=compiled Java code, j=interpreted, Vv=VM code, C=native code)


Current CompileTask:
C1:   1824  726       3       org.objectweb.asm.ClassReader::a (3587 bytes)


---------------  P R O C E S S  ---------------

Java Threads: ( => current thread )
  0x0000000017338800 JavaThread "Service Thread" daemon [_thread_blocked, id=51548, stack(0x0000000017f10000,0x0000000018010000)]
=>0x00000000172a5000 JavaThread "C1 CompilerThread3" daemon [_thread_in_native, id=50960, stack(0x0000000017e10000,0x0000000017f10000)]
  0x000000001725a800 JavaThread "C2 CompilerThread2" daemon [_thread_in_native, id=46344, stack(0x0000000017d10000,0x0000000017e10000)]
  0x0000000017258000 JavaThread "C2 CompilerThread1" daemon [_thread_blocked, id=49252, stack(0x0000000017c10000,0x0000000017d10000)]
  0x0000000017254000 JavaThread "C2 CompilerThread0" daemon [_thread_blocked, id=47008, stack(0x0000000017b10000,0x0000000017c10000)]
  0x00000000172a1000 JavaThread "Attach Listener" daemon [_thread_blocked, id=22768, stack(0x0000000017a10000,0x0000000017b10000)]
  0x00000000172a0800 JavaThread "Signal Dispatcher" daemon [_thread_blocked, id=24392, stack(0x0000000017910000,0x0000000017a10000)]
  0x0000000017240800 JavaThread "Finalizer" daemon [_thread_blocked, id=3004, stack(0x0000000017620000,0x0000000017720000)]
  0x000000001534b800 JavaThread "Reference Handler" daemon [_thread_blocked, id=53340, stack(0x0000000017120000,0x0000000017220000)]
  0x0000000004aa4000 JavaThread "main" [_thread_in_Java, id=22656, stack(0x00000000049a0000,0x0000000004aa0000)]

Other Threads:
  0x0000000015345000 VMThread [stack: 0x0000000017020000,0x0000000017120000] [id=53844]
  0x0000000017339800 WatcherThread [stack: 0x0000000018010000,0x0000000018110000] [id=53756]

VM state:not at safepoint (normal execution)

VM Mutex/Monitor currently owned by a thread: None

Heap:
 PSYoungGen      total 18944K, used 15208K [0x00000000feb00000, 0x0000000100000000, 0x0000000100000000)
  eden space 16384K, 77% used [0x00000000feb00000,0x00000000ff75e180,0x00000000ffb00000)
  from space 2560K, 99% used [0x00000000ffb00000,0x00000000ffd7c020,0x00000000ffd80000)
  to   space 2560K, 0% used [0x00000000ffd80000,0x00000000ffd80000,0x0000000100000000)
 ParOldGen       total 44032K, used 1458K [0x00000000fc000000, 0x00000000feb00000, 0x00000000feb00000)
  object space 44032K, 3% used [0x00000000fc000000,0x00000000fc16c820,0x00000000feb00000)
 Metaspace       used 7407K, capacity 7560K, committed 7680K, reserved 1056768K
  class space    used 866K, capacity 924K, committed 1024K, reserved 1048576K

Card table byte_map: [0x0000000002fc0000,0x0000000002ff0000] byte_map_base: 0x00000000027e0000

Marking Bits: (ParMarkBitMap*) 0x0000000074113950
 Begin Bits: [0x0000000014760000, 0x0000000014860000)
 End Bits:   [0x0000000014860000, 0x0000000014960000)

Polling page: 0x0000000002f80000

CodeCache: size=245760Kb used=2717Kb max_used=2729Kb free=243042Kb
 bounds [0x0000000004ba0000, 0x0000000004e50000, 0x0000000013ba0000]
 total_blobs=1063 nmethods=731 adapters=246
 compilation: enabled

Compilation events (10 events):
Event: 1.797 Thread 0x0000000017258000  729       4       org.objectweb.asm.ClassReader::a (194 bytes)
Event: 1.798 Thread 0x0000000017254000  730       4       org.objectweb.asm.ByteVector::putUTF8 (142 bytes)
Event: 1.798 Thread 0x000000001725a800  731       4       org.objectweb.asm.ClassReader::readInt (52 bytes)
Event: 1.799 Thread 0x000000001725a800 nmethod 731 0x0000000004e48dd0 code [0x0000000004e48f00, 0x0000000004e48ff8]
Event: 1.801 Thread 0x000000001725a800  735       4       org.objectweb.asm.ClassReader::readUTF8 (60 bytes)
Event: 1.805 Thread 0x0000000017254000 nmethod 730 0x0000000004e46f50 code [0x0000000004e470a0, 0x0000000004e475c8]
Event: 1.806 Thread 0x0000000017258000 nmethod 729 0x0000000004e464d0 code [0x0000000004e46640, 0x0000000004e46bb8]
Event: 1.816 Thread 0x0000000017254000  739       4       org.objectweb.asm.ByteVector::putShort (52 bytes)
Event: 1.816 Thread 0x000000001725a800 nmethod 735 0x0000000004e49990 code [0x0000000004e49b00, 0x0000000004e4a358]
Event: 1.818 Thread 0x0000000017254000 nmethod 739 0x0000000004e460d0 code [0x0000000004e46220, 0x0000000004e46388]

GC Heap History (2 events):
Event: 1.260 GC heap before
{Heap before GC invocations=1 (full 0):
 PSYoungGen      total 18944K, used 16384K [0x00000000feb00000, 0x0000000100000000, 0x0000000100000000)
  eden space 16384K, 100% used [0x00000000feb00000,0x00000000ffb00000,0x00000000ffb00000)
  from space 2560K, 0% used [0x00000000ffd80000,0x00000000ffd80000,0x0000000100000000)
  to   space 2560K, 0% used [0x00000000ffb00000,0x00000000ffb00000,0x00000000ffd80000)
 ParOldGen       total 44032K, used 0K [0x00000000fc000000, 0x00000000feb00000, 0x00000000feb00000)
  object space 44032K, 0% used [0x00000000fc000000,0x00000000fc000000,0x00000000feb00000)
 Metaspace       used 6585K, capacity 6746K, committed 7040K, reserved 1056768K
  class space    used 773K, capacity 823K, committed 896K, reserved 1048576K
Event: 1.348 GC heap after
Heap after GC invocations=1 (full 0):
 PSYoungGen      total 18944K, used 2544K [0x00000000feb00000, 0x0000000100000000, 0x0000000100000000)
  eden space 16384K, 0% used [0x00000000feb00000,0x00000000feb00000,0x00000000ffb00000)
  from space 2560K, 99% used [0x00000000ffb00000,0x00000000ffd7c020,0x00000000ffd80000)
  to   space 2560K, 0% used [0x00000000ffd80000,0x00000000ffd80000,0x0000000100000000)
 ParOldGen       total 44032K, used 1458K [0x00000000fc000000, 0x00000000feb00000, 0x00000000feb00000)
  object space 44032K, 3% used [0x00000000fc000000,0x00000000fc16c820,0x00000000feb00000)
 Metaspace       used 6585K, capacity 6746K, committed 7040K, reserved 1056768K
  class space    used 773K, capacity 823K, committed 896K, reserved 1048576K
}

Deoptimization events (10 events):
Event: 1.187 Thread 0x0000000004aa4000 Uncommon trap: reason=unstable_if action=reinterpret pc=0x0000000004dc492c method=java.util.zip.ZipFile$ZipEntryIterator.hasNext()Z @ 25
Event: 1.187 Thread 0x0000000004aa4000 Uncommon trap: reason=unstable_if action=reinterpret pc=0x0000000004dcc638 method=java.util.zip.ZipCoder.decoder()Ljava/nio/charset/CharsetDecoder; @ 4
Event: 1.187 Thread 0x0000000004aa4000 Uncommon trap: reason=unstable_if action=reinterpret pc=0x0000000004dbd258 method=java.util.zip.ZipEntry.setExtra0([BZ)V @ 1
Event: 1.201 Thread 0x0000000004aa4000 Uncommon trap: reason=unstable_if action=reinterpret pc=0x0000000004dc6c08 method=java.util.zip.ZipCoder.decoder()Ljava/nio/charset/CharsetDecoder; @ 4
Event: 1.202 Thread 0x0000000004aa4000 Uncommon trap: reason=unstable_if action=reinterpret pc=0x0000000004dd14dc method=java.util.zip.ZipCoder.decoder()Ljava/nio/charset/CharsetDecoder; @ 4
Event: 1.390 Thread 0x0000000004aa4000 Uncommon trap: reason=unstable_if action=reinterpret pc=0x0000000004dcf39c method=java.util.zip.ZipCoder.decoder()Ljava/nio/charset/CharsetDecoder; @ 4
Event: 1.391 Thread 0x0000000004aa4000 Uncommon trap: reason=unstable_if action=reinterpret pc=0x0000000004dc8e2c method=java.util.zip.ZipCoder.decoder()Ljava/nio/charset/CharsetDecoder; @ 4
Event: 1.392 Thread 0x0000000004aa4000 Uncommon trap: reason=unstable_if action=reinterpret pc=0x0000000004dc2b7c method=java.util.zip.ZipCoder.decoder()Ljava/nio/charset/CharsetDecoder; @ 4
Event: 1.680 Thread 0x0000000004aa4000 Uncommon trap: reason=unloaded action=reinterpret pc=0x0000000004dc9a3c method=java.util.zip.ZipEntry.setExtra0([BZ)V @ 37
Event: 1.782 Thread 0x0000000004aa4000 Uncommon trap: reason=unstable_if action=reinterpret pc=0x0000000004d32578 method=java.lang.String.<init>([CII)V @ 18

Classes redefined (0 events):
No events

Internal exceptions (10 events):
Event: 1.392 Thread 0x0000000004aa4000 Implicit null exception at 0x0000000004dc26f8 to 0x0000000004dc2b61
Event: 1.525 Thread 0x0000000004aa4000 Exception <a 'sun/nio/fs/WindowsException'> (0x00000000ff1d6848) thrown at [D:\src\AOSP-openjdk-cygwin\jdk8u\hotspot\src\share\vm\prims\jni.cpp, line 709]
Event: 1.525 Thread 0x0000000004aa4000 Exception <a 'sun/nio/fs/WindowsException'> (0x00000000ff1d6e08) thrown at [D:\src\AOSP-openjdk-cygwin\jdk8u\hotspot\src\share\vm\prims\jni.cpp, line 709]
Event: 1.525 Thread 0x0000000004aa4000 Exception <a 'sun/nio/fs/WindowsException'> (0x00000000ff1d73d0) thrown at [D:\src\AOSP-openjdk-cygwin\jdk8u\hotspot\src\share\vm\prims\jni.cpp, line 709]
Event: 1.525 Thread 0x0000000004aa4000 Exception <a 'sun/nio/fs/WindowsException'> (0x00000000ff1d7b90) thrown at [D:\src\AOSP-openjdk-cygwin\jdk8u\hotspot\src\share\vm\prims\jni.cpp, line 709]
Event: 1.525 Thread 0x0000000004aa4000 Exception <a 'sun/nio/fs/WindowsException'> (0x00000000ff1d8130) thrown at [D:\src\AOSP-openjdk-cygwin\jdk8u\hotspot\src\share\vm\prims\jni.cpp, line 709]
Event: 1.525 Thread 0x0000000004aa4000 Exception <a 'sun/nio/fs/WindowsException'> (0x00000000ff1d88e0) thrown at [D:\src\AOSP-openjdk-cygwin\jdk8u\hotspot\src\share\vm\prims\jni.cpp, line 709]
Event: 1.591 Thread 0x0000000004aa4000 Exception <a 'sun/nio/fs/WindowsException'> (0x00000000ff1ddc20) thrown at [D:\src\AOSP-openjdk-cygwin\jdk8u\hotspot\src\share\vm\prims\jni.cpp, line 709]
Event: 1.691 Thread 0x0000000004aa4000 Exception <a 'sun/nio/fs/WindowsException'> (0x00000000ff4cdb18) thrown at [D:\src\AOSP-openjdk-cygwin\jdk8u\hotspot\src\share\vm\prims\jni.cpp, line 709]
Event: 1.691 Thread 0x0000000004aa4000 Exception <a 'sun/nio/fs/WindowsException'> (0x00000000ff4ce0c0) thrown at [D:\src\AOSP-openjdk-cygwin\jdk8u\hotspot\src\share\vm\prims\jni.cpp, line 709]

Events (10 events):
Event: 1.781 loading class sun/util/calendar/Gregorian$Date done
Event: 1.782 loading class sun/util/calendar/CalendarUtils
Event: 1.782 loading class sun/util/calendar/CalendarUtils done
Event: 1.782 loading class java/util/zip/ZipOutputStream$XEntry
Event: 1.782 loading class java/util/zip/ZipOutputStream$XEntry done
Event: 1.782 Thread 0x0000000004aa4000 Uncommon trap: trap_request=0xffffff65 fr.pc=0x0000000004d32578
Event: 1.782 Thread 0x0000000004aa4000 DEOPT PACKING pc=0x0000000004d32578 sp=0x0000000004a9ec00
Event: 1.783 Thread 0x0000000004aa4000 DEOPT UNPACKING pc=0x0000000004be556a sp=0x0000000004a9ebe8 mode 2
Event: 1.784 loading class org/objectweb/asm/Opcodes
Event: 1.784 loading class org/objectweb/asm/Opcodes done


Dynamic libraries:
0x00007ff6561e0000 - 0x00007ff656211000 	D:\Program Files\Android\Android Studio\jre\bin\java.exe
0x00007ff876090000 - 0x00007ff876270000 	C:\WINDOWS\SYSTEM32\ntdll.dll
0x00007ff8747f0000 - 0x00007ff87489e000 	C:\WINDOWS\System32\KERNEL32.DLL
0x00007ff872970000 - 0x00007ff872bd6000 	C:\WINDOWS\System32\KERNELBASE.dll
0x00007ff8737e0000 - 0x00007ff873881000 	C:\WINDOWS\System32\ADVAPI32.dll
0x00007ff873fc0000 - 0x00007ff87405d000 	C:\WINDOWS\System32\msvcrt.dll
0x00007ff873b40000 - 0x00007ff873b9b000 	C:\WINDOWS\System32\sechost.dll
0x00007ff875f40000 - 0x00007ff87605f000 	C:\WINDOWS\System32\RPCRT4.dll
0x00007ff8739b0000 - 0x00007ff873b3f000 	C:\WINDOWS\System32\USER32.dll
0x00007ff872c40000 - 0x00007ff872c60000 	C:\WINDOWS\System32\win32u.dll
0x00007ff874060000 - 0x00007ff874088000 	C:\WINDOWS\System32\GDI32.dll
0x00007ff8725b0000 - 0x00007ff872743000 	C:\WINDOWS\System32\gdi32full.dll
0x00007ff872510000 - 0x00007ff8725ab000 	C:\WINDOWS\System32\msvcp_win.dll
0x00007ff873460000 - 0x00007ff873556000 	C:\WINDOWS\System32\ucrtbase.dll
0x00007ff861c20000 - 0x00007ff861e89000 	C:\WINDOWS\WinSxS\amd64_microsoft.windows.common-controls_6595b64144ccf1df_6.0.16299.192_none_15c8cdae9364c23b\COMCTL32.dll
0x00007ff8744e0000 - 0x00007ff8747e8000 	C:\WINDOWS\System32\combase.dll
0x00007ff872490000 - 0x00007ff872502000 	C:\WINDOWS\System32\bcryptPrimitives.dll
0x00007ff8737b0000 - 0x00007ff8737dd000 	C:\WINDOWS\System32\IMM32.DLL
0x00000000755a0000 - 0x0000000075672000 	D:\Program Files\Android\Android Studio\jre\jre\bin\msvcr100.dll
0x0000000073950000 - 0x000000007418e000 	D:\Program Files\Android\Android Studio\jre\jre\bin\server\jvm.dll
0x00007ff873cf0000 - 0x00007ff873cf8000 	C:\WINDOWS\System32\PSAPI.DLL
0x00007ff86b630000 - 0x00007ff86b639000 	C:\WINDOWS\SYSTEM32\WSOCK32.dll
0x00007ff86af90000 - 0x00007ff86afb3000 	C:\WINDOWS\SYSTEM32\WINMM.dll
0x00007ff8748a0000 - 0x00007ff87490c000 	C:\WINDOWS\System32\WS2_32.dll
0x00007ff86d010000 - 0x00007ff86d01a000 	C:\WINDOWS\SYSTEM32\VERSION.dll
0x00007ff86af30000 - 0x00007ff86af5a000 	C:\WINDOWS\SYSTEM32\winmmbase.dll
0x00007ff872750000 - 0x00007ff87279a000 	C:\WINDOWS\System32\cfgmgr32.dll
0x00007ff86f000000 - 0x00007ff86f00f000 	D:\Program Files\Android\Android Studio\jre\jre\bin\verify.dll
0x00007ff86b450000 - 0x00007ff86b479000 	D:\Program Files\Android\Android Studio\jre\jre\bin\java.dll
0x00007ff86afc0000 - 0x00007ff86afd6000 	D:\Program Files\Android\Android Studio\jre\jre\bin\zip.dll
0x00007ff874b00000 - 0x00007ff875f36000 	C:\WINDOWS\System32\SHELL32.dll
0x00007ff873700000 - 0x00007ff8737a6000 	C:\WINDOWS\System32\shcore.dll
0x00007ff872d10000 - 0x00007ff873457000 	C:\WINDOWS\System32\windows.storage.dll
0x00007ff874aa0000 - 0x00007ff874af1000 	C:\WINDOWS\System32\shlwapi.dll
0x00007ff872470000 - 0x00007ff872481000 	C:\WINDOWS\System32\kernel.appcore.dll
0x00007ff872400000 - 0x00007ff87244c000 	C:\WINDOWS\System32\powrprof.dll
0x00007ff872450000 - 0x00007ff87246b000 	C:\WINDOWS\System32\profapi.dll
0x00007ff871e30000 - 0x00007ff871e47000 	C:\WINDOWS\SYSTEM32\CRYPTSP.dll
0x00007ff871660000 - 0x00007ff871693000 	C:\WINDOWS\system32\rsaenh.dll
0x00007ff871f40000 - 0x00007ff871f65000 	C:\WINDOWS\SYSTEM32\bcrypt.dll
0x00007ff872310000 - 0x00007ff872339000 	C:\WINDOWS\SYSTEM32\USERENV.dll
0x00007ff871e50000 - 0x00007ff871e5b000 	C:\WINDOWS\SYSTEM32\CRYPTBASE.dll
0x00007ff8619e0000 - 0x00007ff8619fa000 	D:\Program Files\Android\Android Studio\jre\jre\bin\net.dll
0x00007ff871c70000 - 0x00007ff871cd6000 	C:\WINDOWS\system32\mswsock.dll
0x00007ff871a00000 - 0x00007ff871a39000 	C:\WINDOWS\SYSTEM32\IPHLPAPI.DLL
0x00007ff8739a0000 - 0x00007ff8739a8000 	C:\WINDOWS\System32\NSI.dll
0x00007ff86f450000 - 0x00007ff86f466000 	C:\WINDOWS\SYSTEM32\dhcpcsvc6.DLL
0x00007ff86f340000 - 0x00007ff86f35a000 	C:\WINDOWS\SYSTEM32\dhcpcsvc.DLL
0x00007ff8615f0000 - 0x00007ff861601000 	D:\Program Files\Android\Android Studio\jre\jre\bin\nio.dll

VM Arguments:
jvm_args: -Djava.awt.headless=true -Xmx64M -Dfile.encoding=windows-1256 -Duser.country=US -Duser.language=en -Duser.variant 
java_command: com.google.devtools.build.android.desugar.Desugar --input D:\src\Samples\Android\SamsungPay\noonpaySample\app\build\intermediates\transforms\stackFramesFixer\debug\0.jar --output D:\src\Samples\Android\SamsungPay\noonpaySample\app\build\intermediates\transforms\desugar\debug\1.jar --input D:\src\Samples\Android\SamsungPay\noonpaySample\app\build\intermediates\transforms\stackFramesFixer\debug\17.jar --output D:\src\Samples\Android\SamsungPay\noonpaySample\app\build\intermediates\transforms\desugar\debug\18.jar --input D:\src\Samples\Android\SamsungPay\noonpaySample\app\build\intermediates\transforms\stackFramesFixer\debug\8.jar --output D:\src\Samples\Android\SamsungPay\noonpaySample\app\build\intermediates\transforms\desugar\debug\9.jar --classpath_entry D:\src\Samples\Android\SamsungPay\noonpaySample\app\build\intermediates\classes\debug --classpath_entry D:\src\Samples\Android\SamsungPay\noonpaySample\app\build\intermediates\transforms\stackFramesFixer\debug\0.jar --classpath_entry D:\src\Samples\Android\SamsungPay\noonpaySample\app\build\intermediates\transforms\stackFramesFixer\debug\1.jar --classpath_entry D:\src\Samples\Android\SamsungPay\noonpaySample\app\build\intermediates\transforms\stackFramesFixer\debug\2.jar --classpath_entry D:\src\Samples\Android\SamsungPay\noonpaySample\app\build\intermediates\transforms\stackFramesFixer\debug\3.jar --classpath_entry D:\src\Samples\Android\SamsungPay\noonpaySample\app\build\intermediates\transforms\stackFramesFixer\debug\4.jar --classpath_entry D:\src\Samples\Android\SamsungPay\noonpaySample\app\build\intermediates\transforms\stackFramesFixer\debug\5.jar --classpath_entry D:\src\Samples\Android\SamsungPay\noonpaySample\app\build\intermediates\transforms\stackFramesFixer\debug\6.jar --classpath_entry D:\src\Samples\Android\SamsungPay\noonpaySample\app\build\intermediates\transforms\stackFramesFixer\debug\7.jar --classpath_entry D:\src\Samples\Android\SamsungPay\noonpaySample\app\build\intermediates\tr
java_class_path (initial): C:\Users\abdo\AppData\Local\Temp\desugar_deploy.jar8799993622479453752
Launcher Type: SUN_STANDARD

Environment Variables:
JAVA_HOME=C:\Users\abdo\scoop\apps\openjdk\current
USERNAME=abdo
OS=Windows_NT
PROCESSOR_IDENTIFIER=Intel64 Family 6 Model 94 Stepping 3, GenuineIntel



---------------  S Y S T E M  ---------------

OS: Windows 10.0 , 64 bit Build 16299 (10.0.16299.15)

CPU:total 8 (initial active 8) (4 cores per cpu, 2 threads per core) family 6 model 94 stepping 3, cmov, cx8, fxsr, mmx, sse, sse2, sse3, ssse3, sse4.1, sse4.2, popcnt, avx, avx2, aes, clmul, erms, rtm, 3dnowpref, lzcnt, ht, tsc, tscinvbit, bmi1, bmi2, adx

Memory: 4k page, physical 16666212k(5017456k free), swap 17714788k(1064k free)

vm_info: OpenJDK 64-Bit Server VM (25.152-b01) for windows-amd64 JRE (1.8.0_152-release-915-b01), built by "builder" with MS VC++ 10.0 (VS2010)

time: Thu Mar 15 19:05:40 2018
elapsed time: 1 seconds (0d 0h 0m 1s)

