#
# There is insufficient memory for the Java Runtime Environment to continue.
# Native memory allocation (malloc) failed to allocate 32744 bytes for ChunkPool::allocate
# Possible reasons:
#   The system is out of physical RAM or swap space
#   In 32 bit mode, the process size limit was hit
# Possible solutions:
#   Reduce memory load on the system
#   Increase physical memory or swap space
#   Check if swap backing store is full
#   Use 64 bit Java on a 64 bit OS
#   Decrease Java heap size (-Xmx/-Xms)
#   Decrease number of Java threads
#   Decrease Java thread stack sizes (-Xss)
#   Set larger code cache with -XX:ReservedCodeCacheSize=
# This output file may be truncated or incomplete.
#
#  Out of Memory Error (allocation.cpp:273), pid=54504, tid=0x000000000000da48
#
# JRE version: OpenJDK Runtime Environment (8.0_152-b01) (build 1.8.0_152-release-915-b01)
# Java VM: OpenJDK 64-Bit Server VM (25.152-b01 mixed mode windows-amd64 compressed oops)
# Failed to write core dump. Minidumps are not enabled by default on client versions of Windows
#

---------------  T H R E A D  ---------------

Current thread (0x0000000017621800):  JavaThread "C2 CompilerThread0" daemon [_thread_in_native, id=55880, stack(0x0000000017f10000,0x0000000018010000)]

Stack: [0x0000000017f10000,0x0000000018010000]
[error occurred during error reporting (printing stack bounds), id 0xc0000005]

Native frames: (J=compiled Java code, j=interpreted, Vv=VM code, C=native code)


Current CompileTask:
C2:   1815  539       4       com.google.common.collect.TransformedIterator::next (14 bytes)


---------------  P R O C E S S  ---------------

Java Threads: ( => current thread )
  0x0000000017708800 JavaThread "Service Thread" daemon [_thread_blocked, id=49500, stack(0x0000000018310000,0x0000000018410000)]
  0x0000000017677000 JavaThread "C1 CompilerThread3" daemon [_thread_blocked, id=44988, stack(0x0000000018210000,0x0000000018310000)]
  0x000000001762a000 JavaThread "C2 CompilerThread2" daemon [_thread_in_native, id=17056, stack(0x0000000018110000,0x0000000018210000)]
  0x0000000017627000 JavaThread "C2 CompilerThread1" daemon [_thread_in_native, id=51336, stack(0x0000000018010000,0x0000000018110000)]
=>0x0000000017621800 JavaThread "C2 CompilerThread0" daemon [_thread_in_native, id=55880, stack(0x0000000017f10000,0x0000000018010000)]
  0x0000000017620000 JavaThread "Attach Listener" daemon [_thread_blocked, id=55264, stack(0x0000000017e10000,0x0000000017f10000)]
  0x0000000017671800 JavaThread "Signal Dispatcher" daemon [_thread_blocked, id=53712, stack(0x0000000017d10000,0x0000000017e10000)]
  0x0000000017610800 JavaThread "Finalizer" daemon [_thread_blocked, id=52708, stack(0x00000000179f0000,0x0000000017af0000)]
  0x0000000004ed9000 JavaThread "Reference Handler" daemon [_thread_blocked, id=47232, stack(0x00000000174f0000,0x00000000175f0000)]
  0x0000000004de4000 JavaThread "main" [_thread_in_Java, id=47584, stack(0x0000000004ce0000,0x0000000004de0000)]

Other Threads:
  0x0000000015715000 VMThread [stack: 0x00000000173f0000,0x00000000174f0000] [id=37092]
  0x0000000017709000 WatcherThread [stack: 0x0000000018410000,0x0000000018510000] [id=46136]

VM state:not at safepoint (normal execution)

VM Mutex/Monitor currently owned by a thread: None

Heap:
 PSYoungGen      total 18944K, used 12355K [0x00000000feb00000, 0x0000000100000000, 0x0000000100000000)
  eden space 16384K, 75% used [0x00000000feb00000,0x00000000ff710e90,0x00000000ffb00000)
  from space 2560K, 0% used [0x00000000ffd80000,0x00000000ffd80000,0x0000000100000000)
  to   space 2560K, 0% used [0x00000000ffb00000,0x00000000ffb00000,0x00000000ffd80000)
 ParOldGen       total 44032K, used 0K [0x00000000fc000000, 0x00000000feb00000, 0x00000000feb00000)
  object space 44032K, 0% used [0x00000000fc000000,0x00000000fc000000,0x00000000feb00000)
 Metaspace       used 6590K, capacity 6746K, committed 7040K, reserved 1056768K
  class space    used 773K, capacity 823K, committed 896K, reserved 1048576K

Card table byte_map: [0x00000000142b0000,0x00000000142e0000] byte_map_base: 0x0000000013ad0000

Marking Bits: (ParMarkBitMap*) 0x0000000074113950
 Begin Bits: [0x0000000014b00000, 0x0000000014c00000)
 End Bits:   [0x0000000014c00000, 0x0000000014d00000)

Polling page: 0x0000000004c60000

CodeCache: size=245760Kb used=2189Kb max_used=2202Kb free=243570Kb
 bounds [0x0000000004ef0000, 0x0000000005160000, 0x0000000013ef0000]
 total_blobs=860 nmethods=539 adapters=235
 compilation: enabled

Compilation events (10 events):
Event: 1.804 Thread 0x000000001762a000 nmethod 535 0x0000000005113d90 code [0x0000000005113f00, 0x0000000005114408]
Event: 1.804 Thread 0x000000001762a000  538       4       com.google.common.collect.Iterators$12::hasNext (10 bytes)
Event: 1.804 Thread 0x0000000017621800 nmethod 537 0x000000000510bb10 code [0x000000000510bc40, 0x000000000510bcb8]
Event: 1.806 Thread 0x000000001762a000 nmethod 538 0x000000000510f3d0 code [0x000000000510f520, 0x000000000510f838]
Event: 1.807 Thread 0x0000000017627000 nmethod 533 0x0000000005112a10 code [0x0000000005112c20, 0x0000000005113440]
Event: 1.808 Thread 0x0000000017621800  539       4       com.google.common.collect.TransformedIterator::next (14 bytes)
Event: 1.808 Thread 0x000000001762a000  543       4       com.google.common.collect.Iterators$7::transform (11 bytes)
Event: 1.808 Thread 0x0000000017627000  540       4       com.google.common.collect.Iterators$12::next (10 bytes)
Event: 1.809 Thread 0x000000001762a000 nmethod 543 0x0000000005112690 code [0x00000000051127e0, 0x00000000051128b8]
Event: 1.809 Thread 0x000000001762a000  541       4       java.util.zip.ZipFile$ZipEntryIterator::nextElement (5 bytes)

GC Heap History (0 events):
No events

Deoptimization events (2 events):
Event: 0.941 Thread 0x0000000004de4000 Uncommon trap: reason=range_check action=make_not_entrant pc=0x0000000005079960 method=sun.reflect.generics.parser.SignatureParser.current()C @ 34
Event: 1.641 Thread 0x0000000004de4000 Uncommon trap: reason=unstable_if action=reinterpret pc=0x0000000005095eb8 method=java.lang.String.startsWith(Ljava/lang/String;I)Z @ 25

Classes redefined (0 events):
No events

Internal exceptions (10 events):
Event: 1.141 Thread 0x0000000004de4000 Exception <a 'sun/nio/fs/WindowsException'> (0x00000000ff2c8320) thrown at [D:\src\AOSP-openjdk-cygwin\jdk8u\hotspot\src\share\vm\prims\jni.cpp, line 709]
Event: 1.141 Thread 0x0000000004de4000 Exception <a 'sun/nio/fs/WindowsException'> (0x00000000ff2c8998) thrown at [D:\src\AOSP-openjdk-cygwin\jdk8u\hotspot\src\share\vm\prims\jni.cpp, line 709]
Event: 1.141 Thread 0x0000000004de4000 Exception <a 'sun/nio/fs/WindowsException'> (0x00000000ff2c9198) thrown at [D:\src\AOSP-openjdk-cygwin\jdk8u\hotspot\src\share\vm\prims\jni.cpp, line 709]
Event: 1.141 Thread 0x0000000004de4000 Exception <a 'sun/nio/fs/WindowsException'> (0x00000000ff2c97c8) thrown at [D:\src\AOSP-openjdk-cygwin\jdk8u\hotspot\src\share\vm\prims\jni.cpp, line 709]
Event: 1.141 Thread 0x0000000004de4000 Exception <a 'sun/nio/fs/WindowsException'> (0x00000000ff2c9fa8) thrown at [D:\src\AOSP-openjdk-cygwin\jdk8u\hotspot\src\share\vm\prims\jni.cpp, line 709]
Event: 1.141 Thread 0x0000000004de4000 Exception <a 'sun/nio/fs/WindowsException'> (0x00000000ff2ca580) thrown at [D:\src\AOSP-openjdk-cygwin\jdk8u\hotspot\src\share\vm\prims\jni.cpp, line 709]
Event: 1.141 Thread 0x0000000004de4000 Exception <a 'sun/nio/fs/WindowsException'> (0x00000000ff2cad40) thrown at [D:\src\AOSP-openjdk-cygwin\jdk8u\hotspot\src\share\vm\prims\jni.cpp, line 709]
Event: 1.141 Thread 0x0000000004de4000 Exception <a 'sun/nio/fs/WindowsException'> (0x00000000ff2cb2d0) thrown at [D:\src\AOSP-openjdk-cygwin\jdk8u\hotspot\src\share\vm\prims\jni.cpp, line 709]
Event: 1.141 Thread 0x0000000004de4000 Exception <a 'sun/nio/fs/WindowsException'> (0x00000000ff2cba80) thrown at [D:\src\AOSP-openjdk-cygwin\jdk8u\hotspot\src\share\vm\prims\jni.cpp, line 709]
Event: 1.611 Thread 0x0000000004de4000 Exception <a 'sun/nio/fs/WindowsException'> (0x00000000ff2f8368) thrown at [D:\src\AOSP-openjdk-cygwin\jdk8u\hotspot\src\share\vm\prims\jni.cpp, line 709]

Events (10 events):
Event: 1.639 loading class com/google/common/base/Functions done
Event: 1.639 loading class com/google/common/base/Functions$ToStringFunction
Event: 1.639 loading class com/google/common/base/Functions$ToStringFunction done
Event: 1.640 loading class com/google/common/collect/Iterators$7
Event: 1.640 loading class com/google/common/collect/Iterators$7 done
Event: 1.640 loading class com/google/common/collect/TransformedIterator
Event: 1.640 loading class com/google/common/collect/TransformedIterator done
Event: 1.641 Thread 0x0000000004de4000 Uncommon trap: trap_request=0xffffff65 fr.pc=0x0000000005095eb8
Event: 1.641 Thread 0x0000000004de4000 DEOPT PACKING pc=0x0000000005095eb8 sp=0x0000000004ddf1b0
Event: 1.641 Thread 0x0000000004de4000 DEOPT UNPACKING pc=0x0000000004f3556a sp=0x0000000004ddf128 mode 2


Dynamic libraries:
0x00007ff6561e0000 - 0x00007ff656211000 	D:\Program Files\Android\Android Studio\jre\bin\java.exe
0x00007ff876090000 - 0x00007ff876270000 	C:\WINDOWS\SYSTEM32\ntdll.dll
0x00007ff8747f0000 - 0x00007ff87489e000 	C:\WINDOWS\System32\KERNEL32.DLL
0x00007ff872970000 - 0x00007ff872bd6000 	C:\WINDOWS\System32\KERNELBASE.dll
0x00007ff8737e0000 - 0x00007ff873881000 	C:\WINDOWS\System32\ADVAPI32.dll
0x00007ff873fc0000 - 0x00007ff87405d000 	C:\WINDOWS\System32\msvcrt.dll
0x00007ff873b40000 - 0x00007ff873b9b000 	C:\WINDOWS\System32\sechost.dll
0x00007ff875f40000 - 0x00007ff87605f000 	C:\WINDOWS\System32\RPCRT4.dll
0x00007ff8739b0000 - 0x00007ff873b3f000 	C:\WINDOWS\System32\USER32.dll
0x00007ff872c40000 - 0x00007ff872c60000 	C:\WINDOWS\System32\win32u.dll
0x00007ff874060000 - 0x00007ff874088000 	C:\WINDOWS\System32\GDI32.dll
0x00007ff8725b0000 - 0x00007ff872743000 	C:\WINDOWS\System32\gdi32full.dll
0x00007ff872510000 - 0x00007ff8725ab000 	C:\WINDOWS\System32\msvcp_win.dll
0x00007ff873460000 - 0x00007ff873556000 	C:\WINDOWS\System32\ucrtbase.dll
0x00007ff861c20000 - 0x00007ff861e89000 	C:\WINDOWS\WinSxS\amd64_microsoft.windows.common-controls_6595b64144ccf1df_6.0.16299.192_none_15c8cdae9364c23b\COMCTL32.dll
0x00007ff8744e0000 - 0x00007ff8747e8000 	C:\WINDOWS\System32\combase.dll
0x00007ff872490000 - 0x00007ff872502000 	C:\WINDOWS\System32\bcryptPrimitives.dll
0x00007ff8737b0000 - 0x00007ff8737dd000 	C:\WINDOWS\System32\IMM32.DLL
0x00000000755a0000 - 0x0000000075672000 	D:\Program Files\Android\Android Studio\jre\jre\bin\msvcr100.dll
0x0000000073950000 - 0x000000007418e000 	D:\Program Files\Android\Android Studio\jre\jre\bin\server\jvm.dll
0x00007ff873cf0000 - 0x00007ff873cf8000 	C:\WINDOWS\System32\PSAPI.DLL
0x00007ff86b630000 - 0x00007ff86b639000 	C:\WINDOWS\SYSTEM32\WSOCK32.dll
0x00007ff8748a0000 - 0x00007ff87490c000 	C:\WINDOWS\System32\WS2_32.dll
0x00007ff86af90000 - 0x00007ff86afb3000 	C:\WINDOWS\SYSTEM32\WINMM.dll
0x00007ff86d010000 - 0x00007ff86d01a000 	C:\WINDOWS\SYSTEM32\VERSION.dll
0x00007ff86af30000 - 0x00007ff86af5a000 	C:\WINDOWS\SYSTEM32\WINMMBASE.dll
0x00007ff872750000 - 0x00007ff87279a000 	C:\WINDOWS\System32\cfgmgr32.dll
0x00007ff86f000000 - 0x00007ff86f00f000 	D:\Program Files\Android\Android Studio\jre\jre\bin\verify.dll
0x00007ff86b450000 - 0x00007ff86b479000 	D:\Program Files\Android\Android Studio\jre\jre\bin\java.dll
0x00007ff86afc0000 - 0x00007ff86afd6000 	D:\Program Files\Android\Android Studio\jre\jre\bin\zip.dll
0x00007ff874b00000 - 0x00007ff875f36000 	C:\WINDOWS\System32\SHELL32.dll
0x00007ff873700000 - 0x00007ff8737a6000 	C:\WINDOWS\System32\shcore.dll
0x00007ff872d10000 - 0x00007ff873457000 	C:\WINDOWS\System32\windows.storage.dll
0x00007ff874aa0000 - 0x00007ff874af1000 	C:\WINDOWS\System32\shlwapi.dll
0x00007ff872470000 - 0x00007ff872481000 	C:\WINDOWS\System32\kernel.appcore.dll
0x00007ff872400000 - 0x00007ff87244c000 	C:\WINDOWS\System32\powrprof.dll
0x00007ff872450000 - 0x00007ff87246b000 	C:\WINDOWS\System32\profapi.dll
0x00007ff871e30000 - 0x00007ff871e47000 	C:\WINDOWS\SYSTEM32\CRYPTSP.dll
0x00007ff871660000 - 0x00007ff871693000 	C:\WINDOWS\system32\rsaenh.dll
0x00007ff871f40000 - 0x00007ff871f65000 	C:\WINDOWS\SYSTEM32\bcrypt.dll
0x00007ff872310000 - 0x00007ff872339000 	C:\WINDOWS\SYSTEM32\USERENV.dll
0x00007ff871e50000 - 0x00007ff871e5b000 	C:\WINDOWS\SYSTEM32\CRYPTBASE.dll
0x00007ff8619e0000 - 0x00007ff8619fa000 	D:\Program Files\Android\Android Studio\jre\jre\bin\net.dll
0x00007ff871c70000 - 0x00007ff871cd6000 	C:\WINDOWS\system32\mswsock.dll
0x00007ff871a00000 - 0x00007ff871a39000 	C:\WINDOWS\SYSTEM32\IPHLPAPI.DLL
0x00007ff8739a0000 - 0x00007ff8739a8000 	C:\WINDOWS\System32\NSI.dll
0x00007ff86f450000 - 0x00007ff86f466000 	C:\WINDOWS\SYSTEM32\dhcpcsvc6.DLL
0x00007ff86f340000 - 0x00007ff86f35a000 	C:\WINDOWS\SYSTEM32\dhcpcsvc.DLL
0x00007ff8615f0000 - 0x00007ff861601000 	D:\Program Files\Android\Android Studio\jre\jre\bin\nio.dll

VM Arguments:
jvm_args: -Djava.awt.headless=true -Xmx64M -Dfile.encoding=windows-1256 -Duser.country=US -Duser.language=en -Duser.variant 
java_command: com.google.devtools.build.android.desugar.Desugar --input D:\src\Samples\Android\SamsungPay\noonpaySample\app\build\intermediates\transforms\stackFramesFixer\debug\17.jar --output D:\src\Samples\Android\SamsungPay\noonpaySample\app\build\intermediates\transforms\desugar\debug\18.jar --input D:\src\Samples\Android\SamsungPay\noonpaySample\app\build\intermediates\transforms\stackFramesFixer\debug\7.jar --output D:\src\Samples\Android\SamsungPay\noonpaySample\app\build\intermediates\transforms\desugar\debug\8.jar --input D:\src\Samples\Android\SamsungPay\noonpaySample\app\build\intermediates\transforms\stackFramesFixer\debug\20.jar --output D:\src\Samples\Android\SamsungPay\noonpaySample\app\build\intermediates\transforms\desugar\debug\21.jar --classpath_entry D:\src\Samples\Android\SamsungPay\noonpaySample\app\build\intermediates\classes\debug --classpath_entry D:\src\Samples\Android\SamsungPay\noonpaySample\app\build\intermediates\transforms\stackFramesFixer\debug\0.jar --classpath_entry D:\src\Samples\Android\SamsungPay\noonpaySample\app\build\intermediates\transforms\stackFramesFixer\debug\1.jar --classpath_entry D:\src\Samples\Android\SamsungPay\noonpaySample\app\build\intermediates\transforms\stackFramesFixer\debug\2.jar --classpath_entry D:\src\Samples\Android\SamsungPay\noonpaySample\app\build\intermediates\transforms\stackFramesFixer\debug\3.jar --classpath_entry D:\src\Samples\Android\SamsungPay\noonpaySample\app\build\intermediates\transforms\stackFramesFixer\debug\4.jar --classpath_entry D:\src\Samples\Android\SamsungPay\noonpaySample\app\build\intermediates\transforms\stackFramesFixer\debug\5.jar --classpath_entry D:\src\Samples\Android\SamsungPay\noonpaySample\app\build\intermediates\transforms\stackFramesFixer\debug\6.jar --classpath_entry D:\src\Samples\Android\SamsungPay\noonpaySample\app\build\intermediates\transforms\stackFramesFixer\debug\7.jar --classpath_entry D:\src\Samples\Android\SamsungPay\noonpaySample\app\build\intermediates\
java_class_path (initial): C:\Users\abdo\AppData\Local\Temp\desugar_deploy.jar9046475168045982317
Launcher Type: SUN_STANDARD

Environment Variables:
JAVA_HOME=C:\Users\abdo\scoop\apps\openjdk\current
USERNAME=abdo
OS=Windows_NT
PROCESSOR_IDENTIFIER=Intel64 Family 6 Model 94 Stepping 3, GenuineIntel



---------------  S Y S T E M  ---------------

OS: Windows 10.0 , 64 bit Build 16299 (10.0.16299.15)

CPU:total 8 (initial active 8) (4 cores per cpu, 2 threads per core) family 6 model 94 stepping 3, cmov, cx8, fxsr, mmx, sse, sse2, sse3, ssse3, sse4.1, sse4.2, popcnt, avx, avx2, aes, clmul, erms, rtm, 3dnowpref, lzcnt, ht, tsc, tscinvbit, bmi1, bmi2, adx

Memory: 4k page, physical 16666212k(4913616k free), swap 17714788k(692k free)

vm_info: OpenJDK 64-Bit Server VM (25.152-b01) for windows-amd64 JRE (1.8.0_152-release-915-b01), built by "builder" with MS VC++ 10.0 (VS2010)

time: Thu Mar 15 19:32:49 2018
elapsed time: 1 seconds (0d 0h 0m 1s)

