#
# There is insufficient memory for the Java Runtime Environment to continue.
# Native memory allocation (malloc) failed to allocate 833216 bytes for Chunk::new
# Possible reasons:
#   The system is out of physical RAM or swap space
#   In 32 bit mode, the process size limit was hit
# Possible solutions:
#   Reduce memory load on the system
#   Increase physical memory or swap space
#   Check if swap backing store is full
#   Use 64 bit Java on a 64 bit OS
#   Decrease Java heap size (-Xmx/-Xms)
#   Decrease number of Java threads
#   Decrease Java thread stack sizes (-Xss)
#   Set larger code cache with -XX:ReservedCodeCacheSize=
# This output file may be truncated or incomplete.
#
#  Out of Memory Error (allocation.cpp:390), pid=45596, tid=0x000000000000c8b4
#
# JRE version: OpenJDK Runtime Environment (8.0_152-b01) (build 1.8.0_152-release-915-b01)
# Java VM: OpenJDK 64-Bit Server VM (25.152-b01 mixed mode windows-amd64 compressed oops)
# Failed to write core dump. Minidumps are not enabled by default on client versions of Windows
#

---------------  T H R E A D  ---------------

Current thread (0x000000001714c800):  JavaThread "C2 CompilerThread2" daemon [_thread_in_native, id=51380, stack(0x0000000017ba0000,0x0000000017ca0000)]

Stack: [0x0000000017ba0000,0x0000000017ca0000]
[error occurred during error reporting (printing stack bounds), id 0xc0000005]

Native frames: (J=compiled Java code, j=interpreted, Vv=VM code, C=native code)


Current CompileTask:
C2:   2867 1022       4       org.objectweb.asm.ClassReader::b (1124 bytes)


---------------  P R O C E S S  ---------------

Java Threads: ( => current thread )
  0x0000000017187000 JavaThread "Service Thread" daemon [_thread_blocked, id=20556, stack(0x0000000017da0000,0x0000000017ea0000)]
  0x0000000017154800 JavaThread "C1 CompilerThread3" daemon [_thread_blocked, id=17692, stack(0x0000000017ca0000,0x0000000017da0000)]
=>0x000000001714c800 JavaThread "C2 CompilerThread2" daemon [_thread_in_native, id=51380, stack(0x0000000017ba0000,0x0000000017ca0000)]
  0x00000000170b4000 JavaThread "C2 CompilerThread1" daemon [_thread_in_native, id=42368, stack(0x0000000017aa0000,0x0000000017ba0000)]
  0x00000000170b0800 JavaThread "C2 CompilerThread0" daemon [_thread_in_native, id=39620, stack(0x00000000179a0000,0x0000000017aa0000)]
  0x00000000170b0000 JavaThread "Attach Listener" daemon [_thread_blocked, id=41832, stack(0x00000000178a0000,0x00000000179a0000)]
  0x0000000017100800 JavaThread "Signal Dispatcher" daemon [_thread_blocked, id=20916, stack(0x00000000177a0000,0x00000000178a0000)]
  0x00000000170a0800 JavaThread "Finalizer" daemon [_thread_blocked, id=50908, stack(0x0000000017480000,0x0000000017580000)]
  0x0000000004969000 JavaThread "Reference Handler" daemon [_thread_blocked, id=39968, stack(0x0000000016f80000,0x0000000017080000)]
  0x0000000004874000 JavaThread "main" [_thread_in_Java, id=52468, stack(0x0000000004730000,0x0000000004830000)]

Other Threads:
  0x0000000015195000 VMThread [stack: 0x0000000016e80000,0x0000000016f80000] [id=48680]
  0x0000000017187800 WatcherThread [stack: 0x0000000017ea0000,0x0000000017fa0000] [id=53676]

VM state:not at safepoint (normal execution)

VM Mutex/Monitor currently owned by a thread: None

Heap:
 PSYoungGen      total 18944K, used 18515K [0x00000000feb00000, 0x0000000100000000, 0x0000000100000000)
  eden space 16384K, 97% used [0x00000000feb00000,0x00000000ffa9a6d0,0x00000000ffb00000)
  from space 2560K, 99% used [0x00000000ffd80000,0x00000000ffffa800,0x0000000100000000)
  to   space 2560K, 0% used [0x00000000ffb00000,0x00000000ffb00000,0x00000000ffd80000)
 ParOldGen       total 44032K, used 4910K [0x00000000fc000000, 0x00000000feb00000, 0x00000000feb00000)
  object space 44032K, 11% used [0x00000000fc000000,0x00000000fc4cb950,0x00000000feb00000)
 Metaspace       used 7583K, capacity 7752K, committed 7936K, reserved 1056768K
  class space    used 866K, capacity 924K, committed 1024K, reserved 1048576K

Card table byte_map: [0x0000000013d30000,0x0000000013d60000] byte_map_base: 0x0000000013550000

Marking Bits: (ParMarkBitMap*) 0x0000000074113950
 Begin Bits: [0x0000000014580000, 0x0000000014680000)
 End Bits:   [0x0000000014680000, 0x0000000014780000)

Polling page: 0x0000000004830000

CodeCache: size=245760Kb used=3875Kb max_used=3889Kb free=241884Kb
 bounds [0x0000000004970000, 0x0000000004d40000, 0x0000000013970000]
 total_blobs=1360 nmethods=1028 adapters=246
 compilation: enabled

Compilation events (10 events):
Event: 2.787 Thread 0x0000000017154800 1027       3       com.google.devtools.build.android.desugar.InvokeDynamicLambdaMethodCollector::<init> (14 bytes)
Event: 2.787 Thread 0x0000000017154800 nmethod 1027 0x0000000004d2ffd0 code [0x0000000004d30160, 0x0000000004d30538]
Event: 2.787 Thread 0x0000000017154800 1028       3       com.google.devtools.build.android.desugar.CoreLibraryRewriter::writer (10 bytes)
Event: 2.787 Thread 0x0000000017154800 nmethod 1028 0x0000000004d2fbd0 code [0x0000000004d2fd40, 0x0000000004d2ff28]
Event: 2.787 Thread 0x0000000017154800 1029       3       com.google.devtools.build.android.desugar.CoreLibraryRewriter$UnprefixingClassWriter::<init> (66 bytes)
Event: 2.788 Thread 0x0000000017154800 nmethod 1029 0x0000000004d2f090 code [0x0000000004d2f260, 0x0000000004d2f878]
Event: 2.788 Thread 0x0000000017154800 1030       3       org.objectweb.asm.ClassWriter::<init> (117 bytes)
Event: 2.788 Thread 0x0000000017154800 nmethod 1030 0x0000000004d2e010 code [0x0000000004d2e220, 0x0000000004d2ec48]
Event: 2.811 Thread 0x00000000170b4000 nmethod 1021 0x0000000004d38750 code [0x0000000004d38aa0, 0x0000000004d3b3b8]
Event: 2.811 Thread 0x00000000170b4000 1031       4       org.objectweb.asm.ClassVisitor::visitMethod (24 bytes)

GC Heap History (4 events):
Event: 1.957 GC heap before
{Heap before GC invocations=1 (full 0):
 PSYoungGen      total 18944K, used 16384K [0x00000000feb00000, 0x0000000100000000, 0x0000000100000000)
  eden space 16384K, 100% used [0x00000000feb00000,0x00000000ffb00000,0x00000000ffb00000)
  from space 2560K, 0% used [0x00000000ffd80000,0x00000000ffd80000,0x0000000100000000)
  to   space 2560K, 0% used [0x00000000ffb00000,0x00000000ffb00000,0x00000000ffd80000)
 ParOldGen       total 44032K, used 0K [0x00000000fc000000, 0x00000000feb00000, 0x00000000feb00000)
  object space 44032K, 0% used [0x00000000fc000000,0x00000000fc000000,0x00000000feb00000)
 Metaspace       used 6595K, capacity 6746K, committed 7040K, reserved 1056768K
  class space    used 772K, capacity 823K, committed 896K, reserved 1048576K
Event: 1.964 GC heap after
Heap after GC invocations=1 (full 0):
 PSYoungGen      total 18944K, used 2528K [0x00000000feb00000, 0x0000000100000000, 0x0000000100000000)
  eden space 16384K, 0% used [0x00000000feb00000,0x00000000feb00000,0x00000000ffb00000)
  from space 2560K, 98% used [0x00000000ffb00000,0x00000000ffd78030,0x00000000ffd80000)
  to   space 2560K, 0% used [0x00000000ffd80000,0x00000000ffd80000,0x0000000100000000)
 ParOldGen       total 44032K, used 1545K [0x00000000fc000000, 0x00000000feb00000, 0x00000000feb00000)
  object space 44032K, 3% used [0x00000000fc000000,0x00000000fc1826d8,0x00000000feb00000)
 Metaspace       used 6595K, capacity 6746K, committed 7040K, reserved 1056768K
  class space    used 772K, capacity 823K, committed 896K, reserved 1048576K
}
Event: 2.473 GC heap before
{Heap before GC invocations=2 (full 0):
 PSYoungGen      total 18944K, used 18912K [0x00000000feb00000, 0x0000000100000000, 0x0000000100000000)
  eden space 16384K, 100% used [0x00000000feb00000,0x00000000ffb00000,0x00000000ffb00000)
  from space 2560K, 98% used [0x00000000ffb00000,0x00000000ffd78030,0x00000000ffd80000)
  to   space 2560K, 0% used [0x00000000ffd80000,0x00000000ffd80000,0x0000000100000000)
 ParOldGen       total 44032K, used 1545K [0x00000000fc000000, 0x00000000feb00000, 0x00000000feb00000)
  object space 44032K, 3% used [0x00000000fc000000,0x00000000fc1826d8,0x00000000feb00000)
 Metaspace       used 7505K, capacity 7688K, committed 7936K, reserved 1056768K
  class space    used 866K, capacity 924K, committed 1024K, reserved 1048576K
Event: 2.508 GC heap after
Heap after GC invocations=2 (full 0):
 PSYoungGen      total 18944K, used 2538K [0x00000000feb00000, 0x0000000100000000, 0x0000000100000000)
  eden space 16384K, 0% used [0x00000000feb00000,0x00000000feb00000,0x00000000ffb00000)
  from space 2560K, 99% used [0x00000000ffd80000,0x00000000ffffa800,0x0000000100000000)
  to   space 2560K, 0% used [0x00000000ffb00000,0x00000000ffb00000,0x00000000ffd80000)
 ParOldGen       total 44032K, used 4910K [0x00000000fc000000, 0x00000000feb00000, 0x00000000feb00000)
  object space 44032K, 11% used [0x00000000fc000000,0x00000000fc4cb950,0x00000000feb00000)
 Metaspace       used 7505K, capacity 7688K, committed 7936K, reserved 1056768K
  class space    used 866K, capacity 924K, committed 1024K, reserved 1048576K
}

Deoptimization events (10 events):
Event: 2.008 Thread 0x0000000004874000 Uncommon trap: reason=unstable_if action=reinterpret pc=0x0000000004bbad08 method=java.util.HashMap$HashIterator.nextNode()Ljava/util/HashMap$Node; @ 74
Event: 2.096 Thread 0x0000000004874000 Uncommon trap: reason=unstable_if action=reinterpret pc=0x0000000004bbb208 method=java.util.HashMap$HashIterator.nextNode()Ljava/util/HashMap$Node; @ 74
Event: 2.221 Thread 0x0000000004874000 Uncommon trap: reason=unloaded action=reinterpret pc=0x0000000004baacfc method=java.util.zip.ZipEntry.setExtra0([BZ)V @ 37
Event: 2.254 Thread 0x0000000004874000 Uncommon trap: reason=unstable_if action=reinterpret pc=0x0000000004b05278 method=java.lang.String.<init>([CII)V @ 18
Event: 2.414 Thread 0x0000000004874000 Uncommon trap: reason=unstable_if action=reinterpret pc=0x0000000004c23dfc method=org.objectweb.asm.ClassReader.a(II[C)Ljava/lang/String; @ 77
Event: 2.414 Thread 0x0000000004874000 Uncommon trap: reason=unstable_if action=reinterpret pc=0x0000000004c24c38 method=org.objectweb.asm.ByteVector.putUTF8(Ljava/lang/String;)Lorg/objectweb/asm/ByteVector; @ 98
Event: 2.429 Thread 0x0000000004874000 Uncommon trap: reason=unstable_if action=reinterpret pc=0x0000000004c64c0c method=org.objectweb.asm.Item.a(Lorg/objectweb/asm/Item;)Z @ 251
Event: 2.538 Thread 0x0000000004874000 Uncommon trap: reason=unstable_if action=reinterpret pc=0x0000000004c754f8 method=org.objectweb.asm.Type.getArgumentsAndReturnSizes(Ljava/lang/String;)I @ 118
Event: 2.608 Thread 0x0000000004874000 Uncommon trap: reason=unstable_if action=reinterpret pc=0x0000000004cf5c1c method=org.objectweb.asm.MethodWriter.visitVarInsn(II)V @ 142
Event: 2.608 Thread 0x0000000004874000 Uncommon trap: reason=unstable_if action=reinterpret pc=0x0000000004cf85a8 method=org.objectweb.asm.MethodWriter.visitVarInsn(II)V @ 142

Classes redefined (0 events):
No events

Internal exceptions (10 events):
Event: 1.996 Thread 0x0000000004874000 Implicit null exception at 0x0000000004b96338 to 0x0000000004b967a1
Event: 2.095 Thread 0x0000000004874000 Exception <a 'sun/nio/fs/WindowsException'> (0x00000000ff1d8f68) thrown at [D:\src\AOSP-openjdk-cygwin\jdk8u\hotspot\src\share\vm\prims\jni.cpp, line 709]
Event: 2.095 Thread 0x0000000004874000 Exception <a 'sun/nio/fs/WindowsException'> (0x00000000ff1d9528) thrown at [D:\src\AOSP-openjdk-cygwin\jdk8u\hotspot\src\share\vm\prims\jni.cpp, line 709]
Event: 2.095 Thread 0x0000000004874000 Exception <a 'sun/nio/fs/WindowsException'> (0x00000000ff1d9af8) thrown at [D:\src\AOSP-openjdk-cygwin\jdk8u\hotspot\src\share\vm\prims\jni.cpp, line 709]
Event: 2.095 Thread 0x0000000004874000 Exception <a 'sun/nio/fs/WindowsException'> (0x00000000ff1da2b8) thrown at [D:\src\AOSP-openjdk-cygwin\jdk8u\hotspot\src\share\vm\prims\jni.cpp, line 709]
Event: 2.095 Thread 0x0000000004874000 Exception <a 'sun/nio/fs/WindowsException'> (0x00000000ff1da860) thrown at [D:\src\AOSP-openjdk-cygwin\jdk8u\hotspot\src\share\vm\prims\jni.cpp, line 709]
Event: 2.095 Thread 0x0000000004874000 Exception <a 'sun/nio/fs/WindowsException'> (0x00000000ff1db010) thrown at [D:\src\AOSP-openjdk-cygwin\jdk8u\hotspot\src\share\vm\prims\jni.cpp, line 709]
Event: 2.108 Thread 0x0000000004874000 Exception <a 'sun/nio/fs/WindowsException'> (0x00000000ff1e0390) thrown at [D:\src\AOSP-openjdk-cygwin\jdk8u\hotspot\src\share\vm\prims\jni.cpp, line 709]
Event: 2.238 Thread 0x0000000004874000 Exception <a 'sun/nio/fs/WindowsException'> (0x00000000ff4fc2a8) thrown at [D:\src\AOSP-openjdk-cygwin\jdk8u\hotspot\src\share\vm\prims\jni.cpp, line 709]
Event: 2.239 Thread 0x0000000004874000 Exception <a 'sun/nio/fs/WindowsException'> (0x00000000ff4fc850) thrown at [D:\src\AOSP-openjdk-cygwin\jdk8u\hotspot\src\share\vm\prims\jni.cpp, line 709]

Events (10 events):
Event: 2.538 Thread 0x0000000004874000 DEOPT PACKING pc=0x0000000004c754f8 sp=0x000000000482e990
Event: 2.538 Thread 0x0000000004874000 DEOPT UNPACKING pc=0x00000000049b556a sp=0x000000000482e920 mode 2
Event: 2.608 Thread 0x0000000004874000 Uncommon trap: trap_request=0xffffff65 fr.pc=0x0000000004cf5c1c
Event: 2.608 Thread 0x0000000004874000 DEOPT PACKING pc=0x0000000004cf5c1c sp=0x000000000482ea40
Event: 2.608 Thread 0x0000000004874000 DEOPT UNPACKING pc=0x00000000049b556a sp=0x000000000482e990 mode 2
Event: 2.608 Thread 0x0000000004874000 Uncommon trap: trap_request=0xffffff65 fr.pc=0x0000000004cf85a8
Event: 2.608 Thread 0x0000000004874000 DEOPT PACKING pc=0x0000000004cf85a8 sp=0x000000000482e9c0
Event: 2.608 Thread 0x0000000004874000 DEOPT UNPACKING pc=0x00000000049b556a sp=0x000000000482e978 mode 2
Event: 2.712 Thread 0x0000000004874000 DEOPT PACKING pc=0x0000000004c8b116 sp=0x000000000482ead0
Event: 2.712 Thread 0x0000000004874000 DEOPT UNPACKING pc=0x00000000049b75bf sp=0x000000000482e8b0 mode 0


Dynamic libraries:
0x00007ff6561e0000 - 0x00007ff656211000 	D:\Program Files\Android\Android Studio\jre\bin\java.exe
0x00007ff876090000 - 0x00007ff876270000 	C:\WINDOWS\SYSTEM32\ntdll.dll
0x00007ff8747f0000 - 0x00007ff87489e000 	C:\WINDOWS\System32\KERNEL32.DLL
0x00007ff872970000 - 0x00007ff872bd6000 	C:\WINDOWS\System32\KERNELBASE.dll
0x00007ff8737e0000 - 0x00007ff873881000 	C:\WINDOWS\System32\ADVAPI32.dll
0x00007ff873fc0000 - 0x00007ff87405d000 	C:\WINDOWS\System32\msvcrt.dll
0x00007ff873b40000 - 0x00007ff873b9b000 	C:\WINDOWS\System32\sechost.dll
0x00007ff875f40000 - 0x00007ff87605f000 	C:\WINDOWS\System32\RPCRT4.dll
0x00007ff8739b0000 - 0x00007ff873b3f000 	C:\WINDOWS\System32\USER32.dll
0x00007ff872c40000 - 0x00007ff872c60000 	C:\WINDOWS\System32\win32u.dll
0x00007ff874060000 - 0x00007ff874088000 	C:\WINDOWS\System32\GDI32.dll
0x00007ff8725b0000 - 0x00007ff872743000 	C:\WINDOWS\System32\gdi32full.dll
0x00007ff872510000 - 0x00007ff8725ab000 	C:\WINDOWS\System32\msvcp_win.dll
0x00007ff873460000 - 0x00007ff873556000 	C:\WINDOWS\System32\ucrtbase.dll
0x00007ff861c20000 - 0x00007ff861e89000 	C:\WINDOWS\WinSxS\amd64_microsoft.windows.common-controls_6595b64144ccf1df_6.0.16299.192_none_15c8cdae9364c23b\COMCTL32.dll
0x00007ff8744e0000 - 0x00007ff8747e8000 	C:\WINDOWS\System32\combase.dll
0x00007ff872490000 - 0x00007ff872502000 	C:\WINDOWS\System32\bcryptPrimitives.dll
0x00007ff8737b0000 - 0x00007ff8737dd000 	C:\WINDOWS\System32\IMM32.DLL
0x00000000755a0000 - 0x0000000075672000 	D:\Program Files\Android\Android Studio\jre\jre\bin\msvcr100.dll
0x0000000073950000 - 0x000000007418e000 	D:\Program Files\Android\Android Studio\jre\jre\bin\server\jvm.dll
0x00007ff873cf0000 - 0x00007ff873cf8000 	C:\WINDOWS\System32\PSAPI.DLL
0x00007ff86af90000 - 0x00007ff86afb3000 	C:\WINDOWS\SYSTEM32\WINMM.dll
0x00007ff86b630000 - 0x00007ff86b639000 	C:\WINDOWS\SYSTEM32\WSOCK32.dll
0x00007ff8748a0000 - 0x00007ff87490c000 	C:\WINDOWS\System32\WS2_32.dll
0x00007ff86af30000 - 0x00007ff86af5a000 	C:\WINDOWS\SYSTEM32\WINMMBASE.dll
0x00007ff872750000 - 0x00007ff87279a000 	C:\WINDOWS\System32\cfgmgr32.dll
0x00007ff86d010000 - 0x00007ff86d01a000 	C:\WINDOWS\SYSTEM32\VERSION.dll
0x00007ff86eff0000 - 0x00007ff86efff000 	D:\Program Files\Android\Android Studio\jre\jre\bin\verify.dll
0x00007ff86b450000 - 0x00007ff86b479000 	D:\Program Files\Android\Android Studio\jre\jre\bin\java.dll
0x00007ff86afc0000 - 0x00007ff86afd6000 	D:\Program Files\Android\Android Studio\jre\jre\bin\zip.dll
0x00007ff874b00000 - 0x00007ff875f36000 	C:\WINDOWS\System32\SHELL32.dll
0x00007ff873700000 - 0x00007ff8737a6000 	C:\WINDOWS\System32\shcore.dll
0x00007ff872d10000 - 0x00007ff873457000 	C:\WINDOWS\System32\windows.storage.dll
0x00007ff874aa0000 - 0x00007ff874af1000 	C:\WINDOWS\System32\shlwapi.dll
0x00007ff872470000 - 0x00007ff872481000 	C:\WINDOWS\System32\kernel.appcore.dll
0x00007ff872400000 - 0x00007ff87244c000 	C:\WINDOWS\System32\powrprof.dll
0x00007ff872450000 - 0x00007ff87246b000 	C:\WINDOWS\System32\profapi.dll
0x00007ff871e30000 - 0x00007ff871e47000 	C:\WINDOWS\SYSTEM32\CRYPTSP.dll
0x00007ff871660000 - 0x00007ff871693000 	C:\WINDOWS\system32\rsaenh.dll
0x00007ff871f40000 - 0x00007ff871f65000 	C:\WINDOWS\SYSTEM32\bcrypt.dll
0x00007ff872310000 - 0x00007ff872339000 	C:\WINDOWS\SYSTEM32\USERENV.dll
0x00007ff871e50000 - 0x00007ff871e5b000 	C:\WINDOWS\SYSTEM32\CRYPTBASE.dll
0x00007ff8619e0000 - 0x00007ff8619fa000 	D:\Program Files\Android\Android Studio\jre\jre\bin\net.dll
0x00007ff871c70000 - 0x00007ff871cd6000 	C:\WINDOWS\system32\mswsock.dll
0x00007ff871a00000 - 0x00007ff871a39000 	C:\WINDOWS\SYSTEM32\IPHLPAPI.DLL
0x00007ff8739a0000 - 0x00007ff8739a8000 	C:\WINDOWS\System32\NSI.dll
0x00007ff86f450000 - 0x00007ff86f466000 	C:\WINDOWS\SYSTEM32\dhcpcsvc6.DLL
0x00007ff86f340000 - 0x00007ff86f35a000 	C:\WINDOWS\SYSTEM32\dhcpcsvc.DLL
0x00007ff8615f0000 - 0x00007ff861601000 	D:\Program Files\Android\Android Studio\jre\jre\bin\nio.dll

VM Arguments:
jvm_args: -Djava.awt.headless=true -Xmx64M -Dfile.encoding=windows-1256 -Duser.country=US -Duser.language=en -Duser.variant 
java_command: com.google.devtools.build.android.desugar.Desugar --input D:\src\Samples\Android\SamsungPay\noonpaySample\app\build\intermediates\transforms\stackFramesFixer\debug\16.jar --output D:\src\Samples\Android\SamsungPay\noonpaySample\app\build\intermediates\transforms\desugar\debug\17.jar --input D:\src\Samples\Android\SamsungPay\noonpaySample\app\build\intermediates\transforms\stackFramesFixer\debug\9.jar --output D:\src\Samples\Android\SamsungPay\noonpaySample\app\build\intermediates\transforms\desugar\debug\10.jar --input D:\src\Samples\Android\SamsungPay\noonpaySample\app\build\intermediates\transforms\stackFramesFixer\debug\12.jar --output D:\src\Samples\Android\SamsungPay\noonpaySample\app\build\intermediates\transforms\desugar\debug\13.jar --classpath_entry D:\src\Samples\Android\SamsungPay\noonpaySample\app\build\intermediates\classes\debug --classpath_entry D:\src\Samples\Android\SamsungPay\noonpaySample\app\build\intermediates\transforms\stackFramesFixer\debug\0.jar --classpath_entry D:\src\Samples\Android\SamsungPay\noonpaySample\app\build\intermediates\transforms\stackFramesFixer\debug\1.jar --classpath_entry D:\src\Samples\Android\SamsungPay\noonpaySample\app\build\intermediates\transforms\stackFramesFixer\debug\2.jar --classpath_entry D:\src\Samples\Android\SamsungPay\noonpaySample\app\build\intermediates\transforms\stackFramesFixer\debug\3.jar --classpath_entry D:\src\Samples\Android\SamsungPay\noonpaySample\app\build\intermediates\transforms\stackFramesFixer\debug\4.jar --classpath_entry D:\src\Samples\Android\SamsungPay\noonpaySample\app\build\intermediates\transforms\stackFramesFixer\debug\5.jar --classpath_entry D:\src\Samples\Android\SamsungPay\noonpaySample\app\build\intermediates\transforms\stackFramesFixer\debug\6.jar --classpath_entry D:\src\Samples\Android\SamsungPay\noonpaySample\app\build\intermediates\transforms\stackFramesFixer\debug\7.jar --classpath_entry D:\src\Samples\Android\SamsungPay\noonpaySample\app\build\intermediates
java_class_path (initial): C:\Users\abdo\AppData\Local\Temp\desugar_deploy.jar7994517040013856052
Launcher Type: SUN_STANDARD

Environment Variables:
JAVA_HOME=C:\Users\abdo\scoop\apps\openjdk\current
USERNAME=abdo
OS=Windows_NT
PROCESSOR_IDENTIFIER=Intel64 Family 6 Model 94 Stepping 3, GenuineIntel



---------------  S Y S T E M  ---------------

OS: Windows 10.0 , 64 bit Build 16299 (10.0.16299.15)

CPU:total 8 (initial active 8) (4 cores per cpu, 2 threads per core) family 6 model 94 stepping 3, cmov, cx8, fxsr, mmx, sse, sse2, sse3, ssse3, sse4.1, sse4.2, popcnt, avx, avx2, aes, clmul, erms, rtm, 3dnowpref, lzcnt, ht, tsc, tscinvbit, bmi1, bmi2, adx

Memory: 4k page, physical 16666212k(4356116k free), swap 17714788k(5736k free)

vm_info: OpenJDK 64-Bit Server VM (25.152-b01) for windows-amd64 JRE (1.8.0_152-release-915-b01), built by "builder" with MS VC++ 10.0 (VS2010)

time: Thu Mar 15 18:05:37 2018
elapsed time: 2 seconds (0d 0h 0m 2s)

