#
# There is insufficient memory for the Java Runtime Environment to continue.
# Native memory allocation (malloc) failed to allocate 2137872 bytes for Chunk::new
# Possible reasons:
#   The system is out of physical RAM or swap space
#   In 32 bit mode, the process size limit was hit
# Possible solutions:
#   Reduce memory load on the system
#   Increase physical memory or swap space
#   Check if swap backing store is full
#   Use 64 bit Java on a 64 bit OS
#   Decrease Java heap size (-Xmx/-Xms)
#   Decrease number of Java threads
#   Decrease Java thread stack sizes (-Xss)
#   Set larger code cache with -XX:ReservedCodeCacheSize=
# This output file may be truncated or incomplete.
#
#  Out of Memory Error (allocation.cpp:390), pid=54948, tid=0x000000000000b680
#
# JRE version: OpenJDK Runtime Environment (8.0_152-b01) (build 1.8.0_152-release-915-b01)
# Java VM: OpenJDK 64-Bit Server VM (25.152-b01 mixed mode windows-amd64 compressed oops)
# Failed to write core dump. Minidumps are not enabled by default on client versions of Windows
#

---------------  T H R E A D  ---------------

Current thread (0x00000000175d0800):  JavaThread "C2 CompilerThread0" daemon [_thread_in_native, id=46720, stack(0x0000000017e90000,0x0000000017f90000)]

Stack: [0x0000000017e90000,0x0000000017f90000]
[error occurred during error reporting (printing stack bounds), id 0xc0000005]

Native frames: (J=compiled Java code, j=interpreted, Vv=VM code, C=native code)


Current CompileTask:
C2:   2750  827 %     4       org.objectweb.asm.ClassReader::a @ 1480 (3587 bytes)


---------------  P R O C E S S  ---------------

Java Threads: ( => current thread )
  0x0000000018b7b800 JavaThread "Thread-0" [_thread_new, id=52084, stack(0x0000000000000000,0x0000000000000000)]
  0x0000000004e14000 JavaThread "DestroyJavaVM" [_thread_blocked, id=54584, stack(0x0000000004d10000,0x0000000004e10000)]
  0x000000001769d800 JavaThread "Service Thread" daemon [_thread_blocked, id=41216, stack(0x0000000018290000,0x0000000018390000)]
  0x000000001767a000 JavaThread "C1 CompilerThread3" daemon [_thread_blocked, id=47788, stack(0x0000000018190000,0x0000000018290000)]
  0x0000000017679800 JavaThread "C2 CompilerThread2" daemon [_thread_blocked, id=22564, stack(0x0000000018090000,0x0000000018190000)]
  0x000000001766d000 JavaThread "C2 CompilerThread1" daemon [_thread_blocked, id=52736, stack(0x0000000017f90000,0x0000000018090000)]
=>0x00000000175d0800 JavaThread "C2 CompilerThread0" daemon [_thread_in_native, id=46720, stack(0x0000000017e90000,0x0000000017f90000)]
  0x0000000017621800 JavaThread "Attach Listener" daemon [_thread_blocked, id=41732, stack(0x0000000017d90000,0x0000000017e90000)]
  0x0000000017620800 JavaThread "Signal Dispatcher" daemon [_thread_blocked, id=30828, stack(0x0000000017c90000,0x0000000017d90000)]
  0x00000000175c0800 JavaThread "Finalizer" daemon [_thread_blocked, id=50748, stack(0x00000000179a0000,0x0000000017aa0000)]
  0x0000000004f09000 JavaThread "Reference Handler" daemon [_thread_blocked, id=43360, stack(0x00000000174a0000,0x00000000175a0000)]

Other Threads:
  0x00000000156b5000 VMThread [stack: 0x00000000173a0000,0x00000000174a0000] [id=53016]
  0x000000001769e000 WatcherThread [stack: 0x0000000018390000,0x0000000018490000] [id=32664]

VM state:not at safepoint (normal execution)

VM Mutex/Monitor currently owned by a thread: None

Heap:
 PSYoungGen      total 18944K, used 14770K [0x00000000feb00000, 0x0000000100000000, 0x0000000100000000)
  eden space 16384K, 74% used [0x00000000feb00000,0x00000000ff6ee380,0x00000000ffb00000)
  from space 2560K, 99% used [0x00000000ffd80000,0x00000000ffffe7e0,0x0000000100000000)
  to   space 2560K, 0% used [0x00000000ffb00000,0x00000000ffb00000,0x00000000ffd80000)
 ParOldGen       total 44032K, used 4781K [0x00000000fc000000, 0x00000000feb00000, 0x00000000feb00000)
  object space 44032K, 10% used [0x00000000fc000000,0x00000000fc4ab538,0x00000000feb00000)
 Metaspace       used 7582K, capacity 7752K, committed 7936K, reserved 1056768K
  class space    used 869K, capacity 924K, committed 1024K, reserved 1048576K

Card table byte_map: [0x0000000004c50000,0x0000000004c80000] byte_map_base: 0x0000000004470000

Marking Bits: (ParMarkBitMap*) 0x0000000074113950
 Begin Bits: [0x0000000014ad0000, 0x0000000014bd0000)
 End Bits:   [0x0000000014bd0000, 0x0000000014cd0000)

Polling page: 0x00000000032d0000

CodeCache: size=245760Kb used=3702Kb max_used=3713Kb free=242057Kb
 bounds [0x0000000004f10000, 0x00000000052c0000, 0x0000000013f10000]
 total_blobs=1331 nmethods=999 adapters=246
 compilation: enabled

Compilation events (10 events):
Event: 2.396 Thread 0x000000001767a000 nmethod 996 0x00000000052a7950 code [0x00000000052a7ac0, 0x00000000052a7d28]
Event: 2.396 Thread 0x000000001767a000  997       3       java.util.zip.ZipOutputStream::writeCEN (514 bytes)
Event: 2.398 Thread 0x0000000017679800 nmethod 993 0x00000000052a9d50 code [0x00000000052a9ec0, 0x00000000052aa208]
Event: 2.398 Thread 0x000000001767a000 nmethod 997 0x00000000052ab950 code [0x00000000052abd40, 0x00000000052ad558]
Event: 2.438 Thread 0x000000001767a000  998       3       org.objectweb.asm.tree.TryCatchBlockNode::accept (189 bytes)
Event: 2.438 Thread 0x000000001766d000  999       4       java.util.zip.ZipOutputStream::writeShort (41 bytes)
Event: 2.439 Thread 0x000000001767a000 nmethod 998 0x00000000052ae610 code [0x00000000052ae8a0, 0x00000000052afb48]
Event: 2.443 Thread 0x000000001766d000 nmethod 999 0x00000000052b3490 code [0x00000000052b3600, 0x00000000052b3b78]
Event: 2.687 Thread 0x000000001767a000 1000       3       java.util.LinkedHashMap$LinkedHashIterator::hasNext (13 bytes)
Event: 2.688 Thread 0x000000001767a000 nmethod 1000 0x00000000052ab5d0 code [0x00000000052ab720, 0x00000000052ab8d0]

GC Heap History (4 events):
Event: 1.463 GC heap before
{Heap before GC invocations=1 (full 0):
 PSYoungGen      total 18944K, used 16384K [0x00000000feb00000, 0x0000000100000000, 0x0000000100000000)
  eden space 16384K, 100% used [0x00000000feb00000,0x00000000ffb00000,0x00000000ffb00000)
  from space 2560K, 0% used [0x00000000ffd80000,0x00000000ffd80000,0x0000000100000000)
  to   space 2560K, 0% used [0x00000000ffb00000,0x00000000ffb00000,0x00000000ffd80000)
 ParOldGen       total 44032K, used 0K [0x00000000fc000000, 0x00000000feb00000, 0x00000000feb00000)
  object space 44032K, 0% used [0x00000000fc000000,0x00000000fc000000,0x00000000feb00000)
 Metaspace       used 6575K, capacity 6746K, committed 7040K, reserved 1056768K
  class space    used 773K, capacity 823K, committed 896K, reserved 1048576K
Event: 1.480 GC heap after
Heap after GC invocations=1 (full 0):
 PSYoungGen      total 18944K, used 2528K [0x00000000feb00000, 0x0000000100000000, 0x0000000100000000)
  eden space 16384K, 0% used [0x00000000feb00000,0x00000000feb00000,0x00000000ffb00000)
  from space 2560K, 98% used [0x00000000ffb00000,0x00000000ffd78030,0x00000000ffd80000)
  to   space 2560K, 0% used [0x00000000ffd80000,0x00000000ffd80000,0x0000000100000000)
 ParOldGen       total 44032K, used 1466K [0x00000000fc000000, 0x00000000feb00000, 0x00000000feb00000)
  object space 44032K, 3% used [0x00000000fc000000,0x00000000fc16e820,0x00000000feb00000)
 Metaspace       used 6575K, capacity 6746K, committed 7040K, reserved 1056768K
  class space    used 773K, capacity 823K, committed 896K, reserved 1048576K
}
Event: 1.895 GC heap before
{Heap before GC invocations=2 (full 0):
 PSYoungGen      total 18944K, used 18912K [0x00000000feb00000, 0x0000000100000000, 0x0000000100000000)
  eden space 16384K, 100% used [0x00000000feb00000,0x00000000ffb00000,0x00000000ffb00000)
  from space 2560K, 98% used [0x00000000ffb00000,0x00000000ffd78030,0x00000000ffd80000)
  to   space 2560K, 0% used [0x00000000ffd80000,0x00000000ffd80000,0x0000000100000000)
 ParOldGen       total 44032K, used 1466K [0x00000000fc000000, 0x00000000feb00000, 0x00000000feb00000)
  object space 44032K, 3% used [0x00000000fc000000,0x00000000fc16e820,0x00000000feb00000)
 Metaspace       used 7484K, capacity 7688K, committed 7936K, reserved 1056768K
  class space    used 866K, capacity 924K, committed 1024K, reserved 1048576K
Event: 1.958 GC heap after
Heap after GC invocations=2 (full 0):
 PSYoungGen      total 18944K, used 2553K [0x00000000feb00000, 0x0000000100000000, 0x0000000100000000)
  eden space 16384K, 0% used [0x00000000feb00000,0x00000000feb00000,0x00000000ffb00000)
  from space 2560K, 99% used [0x00000000ffd80000,0x00000000ffffe7e0,0x0000000100000000)
  to   space 2560K, 0% used [0x00000000ffb00000,0x00000000ffb00000,0x00000000ffd80000)
 ParOldGen       total 44032K, used 4781K [0x00000000fc000000, 0x00000000feb00000, 0x00000000feb00000)
  object space 44032K, 10% used [0x00000000fc000000,0x00000000fc4ab538,0x00000000feb00000)
 Metaspace       used 7484K, capacity 7688K, committed 7936K, reserved 1056768K
  class space    used 866K, capacity 924K, committed 1024K, reserved 1048576K
}

Deoptimization events (10 events):
Event: 1.531 Thread 0x0000000004e14000 Uncommon trap: reason=unstable_if action=reinterpret pc=0x0000000005149a48 method=java.util.HashMap$HashIterator.nextNode()Ljava/util/HashMap$Node; @ 74
Event: 1.575 Thread 0x0000000004e14000 Uncommon trap: reason=unstable_if action=reinterpret pc=0x0000000005140d08 method=java.util.HashMap$HashIterator.nextNode()Ljava/util/HashMap$Node; @ 74
Event: 1.623 Thread 0x0000000004e14000 Uncommon trap: reason=unloaded action=reinterpret pc=0x000000000512833c method=java.util.zip.ZipEntry.setExtra0([BZ)V @ 37
Event: 1.888 Thread 0x0000000004e14000 Uncommon trap: reason=unstable_if action=reinterpret pc=0x0000000005204718 method=org.objectweb.asm.Type.getArgumentsAndReturnSizes(Ljava/lang/String;)I @ 47
Event: 2.035 Thread 0x0000000004e14000 Uncommon trap: reason=unstable_if action=reinterpret pc=0x00000000051fc798 method=org.objectweb.asm.Item.a(Lorg/objectweb/asm/Item;)Z @ 345
Event: 2.096 Thread 0x0000000004e14000 Uncommon trap: reason=unstable_if action=reinterpret pc=0x00000000051ad884 method=java.lang.String.<init>([CII)V @ 18
Event: 2.135 Thread 0x0000000004e14000 Uncommon trap: reason=unstable_if action=reinterpret pc=0x00000000051ac1d8 method=java.lang.String.<init>([CII)V @ 18
Event: 2.151 Thread 0x0000000004e14000 Uncommon trap: reason=unstable_if action=reinterpret pc=0x000000000527ea30 method=org.objectweb.asm.MethodWriter.visitVarInsn(II)V @ 148
Event: 2.151 Thread 0x0000000004e14000 Uncommon trap: reason=unstable_if action=reinterpret pc=0x000000000527a864 method=org.objectweb.asm.MethodWriter.visitVarInsn(II)V @ 136
Event: 2.152 Thread 0x0000000004e14000 Uncommon trap: reason=unstable_if action=reinterpret pc=0x0000000005265e18 method=org.objectweb.asm.Type.getArgumentsAndReturnSizes(Ljava/lang/String;)I @ 130

Classes redefined (0 events):
No events

Internal exceptions (10 events):
Event: 1.570 Thread 0x0000000004e14000 Exception <a 'sun/nio/fs/WindowsException'> (0x00000000ff1d7260) thrown at [D:\src\AOSP-openjdk-cygwin\jdk8u\hotspot\src\share\vm\prims\jni.cpp, line 709]
Event: 1.571 Thread 0x0000000004e14000 Exception <a 'sun/nio/fs/WindowsException'> (0x00000000ff1d7808) thrown at [D:\src\AOSP-openjdk-cygwin\jdk8u\hotspot\src\share\vm\prims\jni.cpp, line 709]
Event: 1.571 Thread 0x0000000004e14000 Exception <a 'sun/nio/fs/WindowsException'> (0x00000000ff1d7fb8) thrown at [D:\src\AOSP-openjdk-cygwin\jdk8u\hotspot\src\share\vm\prims\jni.cpp, line 709]
Event: 1.580 Thread 0x0000000004e14000 Exception <a 'sun/nio/fs/WindowsException'> (0x00000000ff1dd338) thrown at [D:\src\AOSP-openjdk-cygwin\jdk8u\hotspot\src\share\vm\prims\jni.cpp, line 709]
Event: 1.640 Thread 0x0000000004e14000 Exception <a 'sun/nio/fs/WindowsException'> (0x00000000ff4cbc30) thrown at [D:\src\AOSP-openjdk-cygwin\jdk8u\hotspot\src\share\vm\prims\jni.cpp, line 709]
Event: 1.641 Thread 0x0000000004e14000 Exception <a 'sun/nio/fs/WindowsException'> (0x00000000ff4cc1d8) thrown at [D:\src\AOSP-openjdk-cygwin\jdk8u\hotspot\src\share\vm\prims\jni.cpp, line 709]
Event: 2.122 Thread 0x0000000004e14000 Exception <a 'sun/nio/fs/WindowsException'> (0x00000000ff2f6f08) thrown at [D:\src\AOSP-openjdk-cygwin\jdk8u\hotspot\src\share\vm\prims\jni.cpp, line 709]
Event: 2.123 Thread 0x0000000004e14000 Exception <a 'sun/nio/fs/WindowsException'> (0x00000000ff2f7430) thrown at [D:\src\AOSP-openjdk-cygwin\jdk8u\hotspot\src\share\vm\prims\jni.cpp, line 709]
Event: 2.434 Thread 0x0000000004e14000 Exception <a 'sun/nio/fs/WindowsException'> (0x00000000ff64b8e0) thrown at [D:\src\AOSP-openjdk-cygwin\jdk8u\hotspot\src\share\vm\prims\jni.cpp, line 709]
Event: 2.434 Thread 0x0000000004e14000 Exception <a 'sun/nio/fs/WindowsException'> (0x00000000ff64be08) thrown at [D:\src\AOSP-openjdk-cygwin\jdk8u\hotspot\src\share\vm\prims\jni.cpp, line 709]

Events (10 events):
Event: 2.152 Thread 0x0000000004e14000 DEOPT UNPACKING pc=0x0000000004f5556a sp=0x0000000004e0e940 mode 2
Event: 2.688 Thread 0x0000000004e14000 Thread exited: 0x0000000004e14000
Event: 2.688 Thread 0x0000000004e14000 Thread added: 0x0000000004e14000
Event: 2.688 loading class java/util/IdentityHashMap$KeySet
Event: 2.689 loading class java/util/IdentityHashMap$KeySet done
Event: 2.689 loading class java/util/IdentityHashMap$KeyIterator
Event: 2.689 loading class java/util/IdentityHashMap$IdentityHashMapIterator
Event: 2.689 loading class java/util/IdentityHashMap$IdentityHashMapIterator done
Event: 2.689 loading class java/util/IdentityHashMap$KeyIterator done
Event: 2.689 Thread 0x0000000018b7b800 Thread added: 0x0000000018b7b800


Dynamic libraries:
0x00007ff6561e0000 - 0x00007ff656211000 	D:\Program Files\Android\Android Studio\jre\bin\java.exe
0x00007ff876090000 - 0x00007ff876270000 	C:\WINDOWS\SYSTEM32\ntdll.dll
0x00007ff8747f0000 - 0x00007ff87489e000 	C:\WINDOWS\System32\KERNEL32.DLL
0x00007ff872970000 - 0x00007ff872bd6000 	C:\WINDOWS\System32\KERNELBASE.dll
0x00007ff8737e0000 - 0x00007ff873881000 	C:\WINDOWS\System32\ADVAPI32.dll
0x00007ff873fc0000 - 0x00007ff87405d000 	C:\WINDOWS\System32\msvcrt.dll
0x00007ff873b40000 - 0x00007ff873b9b000 	C:\WINDOWS\System32\sechost.dll
0x00007ff875f40000 - 0x00007ff87605f000 	C:\WINDOWS\System32\RPCRT4.dll
0x00007ff8739b0000 - 0x00007ff873b3f000 	C:\WINDOWS\System32\USER32.dll
0x00007ff872c40000 - 0x00007ff872c60000 	C:\WINDOWS\System32\win32u.dll
0x00007ff874060000 - 0x00007ff874088000 	C:\WINDOWS\System32\GDI32.dll
0x00007ff8725b0000 - 0x00007ff872743000 	C:\WINDOWS\System32\gdi32full.dll
0x00007ff872510000 - 0x00007ff8725ab000 	C:\WINDOWS\System32\msvcp_win.dll
0x00007ff873460000 - 0x00007ff873556000 	C:\WINDOWS\System32\ucrtbase.dll
0x00007ff861c20000 - 0x00007ff861e89000 	C:\WINDOWS\WinSxS\amd64_microsoft.windows.common-controls_6595b64144ccf1df_6.0.16299.192_none_15c8cdae9364c23b\COMCTL32.dll
0x00007ff8744e0000 - 0x00007ff8747e8000 	C:\WINDOWS\System32\combase.dll
0x00007ff872490000 - 0x00007ff872502000 	C:\WINDOWS\System32\bcryptPrimitives.dll
0x00007ff8737b0000 - 0x00007ff8737dd000 	C:\WINDOWS\System32\IMM32.DLL
0x00000000755a0000 - 0x0000000075672000 	D:\Program Files\Android\Android Studio\jre\jre\bin\msvcr100.dll
0x0000000073950000 - 0x000000007418e000 	D:\Program Files\Android\Android Studio\jre\jre\bin\server\jvm.dll
0x00007ff873cf0000 - 0x00007ff873cf8000 	C:\WINDOWS\System32\PSAPI.DLL
0x00007ff86b630000 - 0x00007ff86b639000 	C:\WINDOWS\SYSTEM32\WSOCK32.dll
0x00007ff8748a0000 - 0x00007ff87490c000 	C:\WINDOWS\System32\WS2_32.dll
0x00007ff86af90000 - 0x00007ff86afb3000 	C:\WINDOWS\SYSTEM32\WINMM.dll
0x00007ff86d010000 - 0x00007ff86d01a000 	C:\WINDOWS\SYSTEM32\VERSION.dll
0x00007ff86af30000 - 0x00007ff86af5a000 	C:\WINDOWS\SYSTEM32\winmmbase.dll
0x00007ff872750000 - 0x00007ff87279a000 	C:\WINDOWS\System32\cfgmgr32.dll
0x00007ff86eff0000 - 0x00007ff86efff000 	D:\Program Files\Android\Android Studio\jre\jre\bin\verify.dll
0x00007ff86b450000 - 0x00007ff86b479000 	D:\Program Files\Android\Android Studio\jre\jre\bin\java.dll
0x00007ff8619e0000 - 0x00007ff8619f6000 	D:\Program Files\Android\Android Studio\jre\jre\bin\zip.dll
0x00007ff874b00000 - 0x00007ff875f36000 	C:\WINDOWS\System32\SHELL32.dll
0x00007ff873700000 - 0x00007ff8737a6000 	C:\WINDOWS\System32\shcore.dll
0x00007ff872d10000 - 0x00007ff873457000 	C:\WINDOWS\System32\windows.storage.dll
0x00007ff874aa0000 - 0x00007ff874af1000 	C:\WINDOWS\System32\shlwapi.dll
0x00007ff872470000 - 0x00007ff872481000 	C:\WINDOWS\System32\kernel.appcore.dll
0x00007ff872400000 - 0x00007ff87244c000 	C:\WINDOWS\System32\powrprof.dll
0x00007ff872450000 - 0x00007ff87246b000 	C:\WINDOWS\System32\profapi.dll
0x00007ff871e30000 - 0x00007ff871e47000 	C:\WINDOWS\SYSTEM32\CRYPTSP.dll
0x00007ff871660000 - 0x00007ff871693000 	C:\WINDOWS\system32\rsaenh.dll
0x00007ff871f40000 - 0x00007ff871f65000 	C:\WINDOWS\SYSTEM32\bcrypt.dll
0x00007ff872310000 - 0x00007ff872339000 	C:\WINDOWS\SYSTEM32\USERENV.dll
0x00007ff871e50000 - 0x00007ff871e5b000 	C:\WINDOWS\SYSTEM32\CRYPTBASE.dll
0x00007ff861390000 - 0x00007ff8613aa000 	D:\Program Files\Android\Android Studio\jre\jre\bin\net.dll
0x00007ff871c70000 - 0x00007ff871cd6000 	C:\WINDOWS\system32\mswsock.dll
0x00007ff871a00000 - 0x00007ff871a39000 	C:\WINDOWS\SYSTEM32\IPHLPAPI.DLL
0x00007ff8739a0000 - 0x00007ff8739a8000 	C:\WINDOWS\System32\NSI.dll
0x00007ff86f450000 - 0x00007ff86f466000 	C:\WINDOWS\SYSTEM32\dhcpcsvc6.DLL
0x00007ff86f340000 - 0x00007ff86f35a000 	C:\WINDOWS\SYSTEM32\dhcpcsvc.DLL
0x00007ff8615f0000 - 0x00007ff861601000 	D:\Program Files\Android\Android Studio\jre\jre\bin\nio.dll

VM Arguments:
jvm_args: -Djava.awt.headless=true -Xmx64M -Dfile.encoding=windows-1256 -Duser.country=US -Duser.language=en -Duser.variant 
java_command: com.google.devtools.build.android.desugar.Desugar --input D:\src\Samples\Android\SamsungPay\noonpaySample\app\build\intermediates\transforms\stackFramesFixer\debug\12.jar --output D:\src\Samples\Android\SamsungPay\noonpaySample\app\build\intermediates\transforms\desugar\debug\13.jar --input D:\src\Samples\Android\SamsungPay\noonpaySample\app\build\intermediates\transforms\stackFramesFixer\debug\2.jar --output D:\src\Samples\Android\SamsungPay\noonpaySample\app\build\intermediates\transforms\desugar\debug\3.jar --input D:\src\Samples\Android\SamsungPay\noonpaySample\app\build\intermediates\transforms\stackFramesFixer\debug\19.jar --output D:\src\Samples\Android\SamsungPay\noonpaySample\app\build\intermediates\transforms\desugar\debug\20.jar --classpath_entry D:\src\Samples\Android\SamsungPay\noonpaySample\app\build\intermediates\classes\debug --classpath_entry D:\src\Samples\Android\SamsungPay\noonpaySample\app\build\intermediates\transforms\stackFramesFixer\debug\0.jar --classpath_entry D:\src\Samples\Android\SamsungPay\noonpaySample\app\build\intermediates\transforms\stackFramesFixer\debug\1.jar --classpath_entry D:\src\Samples\Android\SamsungPay\noonpaySample\app\build\intermediates\transforms\stackFramesFixer\debug\2.jar --classpath_entry D:\src\Samples\Android\SamsungPay\noonpaySample\app\build\intermediates\transforms\stackFramesFixer\debug\3.jar --classpath_entry D:\src\Samples\Android\SamsungPay\noonpaySample\app\build\intermediates\transforms\stackFramesFixer\debug\4.jar --classpath_entry D:\src\Samples\Android\SamsungPay\noonpaySample\app\build\intermediates\transforms\stackFramesFixer\debug\5.jar --classpath_entry D:\src\Samples\Android\SamsungPay\noonpaySample\app\build\intermediates\transforms\stackFramesFixer\debug\6.jar --classpath_entry D:\src\Samples\Android\SamsungPay\noonpaySample\app\build\intermediates\transforms\stackFramesFixer\debug\7.jar --classpath_entry D:\src\Samples\Android\SamsungPay\noonpaySample\app\build\intermediates\
java_class_path (initial): C:\Users\abdo\AppData\Local\Temp\desugar_deploy.jar5844883797740796237
Launcher Type: SUN_STANDARD

Environment Variables:
JAVA_HOME=C:\Users\abdo\scoop\apps\openjdk\current
USERNAME=abdo
OS=Windows_NT
PROCESSOR_IDENTIFIER=Intel64 Family 6 Model 94 Stepping 3, GenuineIntel



---------------  S Y S T E M  ---------------

OS: Windows 10.0 , 64 bit Build 16299 (10.0.16299.15)

CPU:total 8 (initial active 8) (4 cores per cpu, 2 threads per core) family 6 model 94 stepping 3, cmov, cx8, fxsr, mmx, sse, sse2, sse3, ssse3, sse4.1, sse4.2, popcnt, avx, avx2, aes, clmul, erms, rtm, 3dnowpref, lzcnt, ht, tsc, tscinvbit, bmi1, bmi2, adx

Memory: 4k page, physical 16666212k(5270548k free), swap 17714788k(2196k free)

vm_info: OpenJDK 64-Bit Server VM (25.152-b01) for windows-amd64 JRE (1.8.0_152-release-915-b01), built by "builder" with MS VC++ 10.0 (VS2010)

time: Thu Mar 15 17:07:33 2018
elapsed time: 2 seconds (0d 0h 0m 2s)

