JvmtiExport can_access_local_variables 0
JvmtiExport can_hotswap_or_post_breakpoint 0
JvmtiExport can_post_on_exceptions 0
# 322 ciObject found
ciMethod java/lang/Object <init> ()V 4097 1 95098 0 0
ciMethod java/lang/Object getClass ()Ljava/lang/Class; 2049 1 256 0 -1
ciMethod java/lang/String equals (Ljava/lang/Object;)Z 3537 14161 5660 0 -1
ciMethod java/lang/String toCharArray ()[C 2049 1 1851 0 -1
ciMethod java/lang/System arraycopy (Ljava/lang/Object;ILjava/lang/Object;II)V 5121 1 640 0 -1
ciMethod java/lang/Float <init> (F)V 569 1 93 0 0
ciMethod java/lang/Float intBitsToFloat (I)F 561 1 70 0 -1
ciMethod java/lang/Number <init> ()V 3201 1 2035 0 0
ciMethod java/lang/Double <init> (D)V 1913 1 239 0 0
ciMethod java/lang/Double longBitsToDouble (J)D 1929 1 241 0 -1
ciMethod java/lang/Integer <init> (I)V 2065 1 574 0 0
ciMethod java/lang/Long <init> (J)V 2049 1 286 0 0
ciMethod java/lang/NullPointerException <init> ()V 0 0 1 0 -1
ciMethod java/util/List add (Ljava/lang/Object;)Z 0 0 1 0 -1
ciMethod java/util/List addAll (Ljava/util/Collection;)Z 0 0 1 0 -1
ciMethod java/util/List subList (II)Ljava/util/List; 0 0 1 0 -1
ciMethod java/util/AbstractList <init> ()V 2049 1 2815 0 0
ciMethod java/util/AbstractCollection <init> ()V 505 1 3072 0 0
ciMethod java/util/ArrayList <init> (I)V 3209 1 1389 0 -1
ciMethod java/util/ArrayList ensureCapacityInternal (I)V 777 1 4884 0 0
ciMethod java/util/ArrayList ensureExplicitCapacity (I)V 777 1 4884 0 0
ciMethod java/util/ArrayList grow (I)V 169 1 657 0 0
ciMethod java/util/ArrayList hugeCapacity (I)I 0 0 1 0 0
ciMethod java/util/ArrayList add (Ljava/lang/Object;)Z 777 1 4851 0 0
ciMethod java/lang/Math max (II)I 385 1 2713 0 -1
ciMethod java/util/Arrays copyOf ([Ljava/lang/Object;I)[Ljava/lang/Object; 2681 1 711 0 0
ciMethod java/util/Arrays copyOf ([Ljava/lang/Object;ILjava/lang/Class;)[Ljava/lang/Object; 3161 1 913 0 -1
ciMethod java/util/Arrays asList ([Ljava/lang/Object;)Ljava/util/List; 2849 1 491 0 0
ciMethodData java/lang/Object <init> ()V 2 95126 orig 264 56 157 239 115 0 0 0 0 128 4 54 20 0 0 0 0 32 1 0 0 0 0 0 0 0 0 0 0 0 0 0 0 0 0 0 0 0 0 0 0 0 0 0 0 0 0 0 0 0 0 0 0 0 0 0 0 0 0 0 0 0 0 0 0 0 0 0 0 0 0 0 0 0 0 0 0 0 0 0 0 77 68 79 32 101 120 116 114 97 32 100 97 116 97 32 108 111 99 107 0 0 0 0 0 0 0 0 0 0 0 0 0 0 0 0 0 0 0 0 0 0 0 0 0 0 0 0 0 0 0 0 0 0 0 0 0 0 0 0 0 0 0 0 0 0 0 0 0 0 0 0 0 0 0 0 0 0 0 0 0 0 0 0 0 0 0 0 0 0 0 0 0 0 0 0 0 0 0 0 0 0 0 0 0 0 0 0 0 0 0 0 0 0 0 0 0 0 0 0 0 0 0 0 0 0 0 0 0 0 0 0 0 0 0 0 0 0 2 0 0 177 140 11 0 1 0 0 0 0 0 0 0 0 0 0 0 2 0 0 0 0 0 3 0 1 0 0 0 0 0 0 0 255 255 255 255 0 0 0 0 0 0 0 0 data 0 oops 0
ciMethod java/util/Objects requireNonNull (Ljava/lang/Object;)Ljava/lang/Object; 2153 1 2004 0 0
ciMethod java/util/Arrays$ArrayList <init> ([Ljava/lang/Object;)V 2849 1 491 0 0
ciMethodData java/lang/Number <init> ()V 2 2035 orig 264 56 157 239 115 0 0 0 0 200 228 63 20 0 0 0 0 48 1 0 0 0 0 0 0 0 0 0 0 0 0 0 0 0 0 0 0 0 0 0 0 0 0 0 0 0 0 0 0 0 0 0 0 0 0 0 0 0 0 0 0 0 0 0 0 0 0 0 0 0 0 0 0 0 0 0 0 0 0 0 0 77 68 79 32 101 120 116 114 97 32 100 97 116 97 32 108 111 99 107 0 0 0 0 0 0 0 0 0 0 0 0 0 0 0 0 0 0 0 0 0 0 0 0 0 0 0 0 0 0 0 0 0 0 0 0 0 0 0 0 0 0 0 0 0 0 0 0 0 0 0 0 0 0 0 0 0 0 0 0 0 0 0 0 0 0 0 0 0 0 0 0 0 0 0 0 0 0 0 0 0 0 0 0 0 0 0 0 0 0 0 0 0 0 0 0 0 0 0 0 0 0 0 0 0 0 0 0 0 0 0 0 0 0 0 0 0 144 1 0 0 25 51 0 0 1 0 0 0 0 0 0 0 0 0 0 0 2 0 0 0 0 0 3 0 2 0 0 0 16 0 0 0 255 255 255 255 2 0 1 0 0 0 0 0 data 2 0x10002 0x663 oops 0
ciMethodData java/lang/Long <init> (J)V 1 286 orig 264 56 157 239 115 0 0 0 0 112 146 64 20 0 0 0 0 64 1 0 0 0 0 0 0 0 0 0 0 0 0 0 0 0 0 0 0 0 0 0 0 0 0 0 0 0 0 0 0 0 0 0 0 0 0 0 0 0 0 0 0 0 0 0 0 0 0 0 0 0 0 0 0 0 0 0 0 0 0 0 0 77 68 79 32 101 120 116 114 97 32 100 97 116 97 32 108 111 99 107 0 0 0 0 0 0 0 0 0 0 0 0 0 0 0 0 0 0 0 0 0 0 0 0 0 0 0 0 0 0 0 0 0 0 0 0 0 0 0 0 0 0 0 0 0 0 0 0 0 0 0 0 0 0 0 0 0 0 0 0 0 0 0 0 0 0 0 0 0 0 0 0 0 0 0 0 0 0 0 0 0 0 0 0 0 0 0 0 0 0 0 0 0 0 0 0 0 0 0 0 0 0 0 0 0 0 0 0 0 0 0 0 0 0 0 0 0 0 1 0 0 241 0 0 0 1 0 0 0 0 0 0 0 0 0 0 0 2 0 0 0 0 0 3 0 2 0 0 0 16 0 0 0 255 255 255 255 2 0 1 0 0 0 0 0 data 2 0x10002 0x1e oops 0
ciMethodData java/util/ArrayList add (Ljava/lang/Object;)Z 2 4851 orig 264 56 157 239 115 0 0 0 0 112 3 67 20 0 0 0 0 144 1 0 0 0 0 0 0 0 0 0 0 0 0 0 0 0 0 0 0 0 0 0 0 0 0 0 0 0 0 0 0 0 0 0 0 0 0 0 0 0 0 0 0 0 0 0 0 0 0 0 0 0 0 0 0 0 0 0 0 0 0 0 0 77 68 79 32 101 120 116 114 97 32 100 97 116 97 32 108 111 99 107 0 0 0 0 0 0 0 0 0 0 0 0 0 0 0 0 0 0 0 0 0 0 0 0 0 0 0 0 0 0 0 0 0 0 0 0 0 0 0 0 0 0 0 0 0 0 0 0 0 0 0 0 0 0 0 0 0 0 0 0 0 0 0 0 0 0 0 0 0 0 0 0 0 0 0 0 0 0 0 0 0 0 0 0 0 0 0 0 0 0 0 0 0 0 0 0 0 0 0 0 0 0 0 0 0 0 0 0 0 0 0 0 0 0 0 0 0 97 0 0 0 145 148 0 0 1 0 0 0 0 0 0 0 0 0 0 0 2 0 0 0 0 0 15 0 2 0 0 0 64 0 0 0 255 255 255 255 2 0 7 0 0 0 0 0 data 8 0x70002 0x1292 0x1a0104 0x0 0x45347f0 0x1c 0x186233b0 0x3f oops 2 4 java/lang/reflect/Field 6 sun/reflect/generics/tree/SimpleClassTypeSignature
ciMethodData java/util/ArrayList ensureCapacityInternal (I)V 2 4884 orig 264 56 157 239 115 0 0 0 0 232 248 66 20 0 0 0 0 144 1 0 0 32 0 0 0 0 0 0 0 0 0 0 0 0 0 0 0 0 0 0 0 0 0 0 0 0 0 0 0 0 0 0 0 0 0 0 0 0 0 0 0 0 0 0 0 0 0 0 0 0 0 0 0 0 0 0 0 0 0 0 0 77 68 79 32 101 120 116 114 97 32 100 97 116 97 32 108 111 99 107 0 0 0 0 0 0 0 0 0 0 0 0 0 0 0 0 0 0 0 0 0 0 0 0 0 0 0 0 0 0 0 0 0 0 0 0 0 0 0 0 0 0 0 0 0 0 0 0 0 0 0 0 0 0 0 0 0 0 0 0 0 0 0 0 0 0 0 0 0 0 0 0 0 0 0 0 0 0 0 0 0 0 0 0 0 0 0 0 0 0 0 0 0 0 0 0 0 0 0 0 0 0 0 0 0 0 0 0 0 0 0 0 0 0 0 0 0 97 0 0 0 153 149 0 0 1 0 0 0 0 0 0 0 0 0 0 0 2 0 0 0 0 0 14 0 2 0 0 0 64 0 0 0 255 255 255 255 7 0 7 0 0 0 0 0 data 8 0x70007 0x1196 0x30 0x11d 0xd0002 0x11d 0x130002 0x12b3 oops 0
ciMethodData java/util/ArrayList ensureExplicitCapacity (I)V 2 4884 orig 264 56 157 239 115 0 0 0 0 152 249 66 20 0 0 0 0 88 1 0 0 0 0 0 0 0 0 0 0 0 0 0 0 0 0 0 0 0 0 0 0 0 0 0 0 0 0 0 0 0 0 0 0 0 0 0 0 0 0 0 0 0 0 0 0 0 0 0 0 0 0 0 0 0 0 0 0 0 0 0 0 77 68 79 32 101 120 116 114 97 32 100 97 116 97 32 108 111 99 107 0 0 0 0 0 0 0 0 0 0 0 0 0 0 0 0 0 0 0 0 0 0 0 0 0 0 0 0 0 0 0 0 0 0 0 0 0 0 0 0 0 0 0 0 0 0 0 0 0 0 0 0 0 0 0 0 0 0 0 0 0 0 0 0 0 0 0 0 0 0 0 0 0 0 0 0 0 0 0 0 0 0 0 0 0 0 0 0 0 0 0 0 0 0 0 0 0 0 0 0 0 0 0 0 0 0 0 0 0 0 0 0 0 0 0 0 0 97 0 0 0 153 149 0 0 1 0 0 0 0 0 0 0 0 0 0 0 2 0 0 0 0 0 0 0 0 0 0 0 48 0 0 0 255 255 255 255 7 0 17 0 0 0 0 0 data 6 0x110007 0x1037 0x30 0x27c 0x160002 0x27c oops 0
ciMethodData java/util/ArrayList grow (I)V 1 657 orig 264 56 157 239 115 0 0 0 0 96 250 66 20 0 0 0 0 176 1 0 0 64 0 0 0 0 0 0 0 0 0 0 0 0 0 0 0 0 0 0 0 0 0 0 0 0 0 0 0 0 0 0 0 0 0 0 0 0 0 0 0 0 0 0 0 0 0 0 0 0 0 0 0 0 0 0 0 0 0 0 0 77 68 79 32 101 120 116 114 97 32 100 97 116 97 32 108 111 99 107 0 0 0 0 0 0 0 0 0 0 0 0 0 0 0 0 0 0 0 0 0 0 0 0 0 0 0 0 0 0 0 0 0 0 0 0 0 0 0 0 0 0 0 0 0 0 0 0 0 0 0 0 0 0 0 0 0 0 0 0 0 0 0 0 0 0 0 0 0 0 0 0 0 0 0 0 0 0 0 0 0 0 0 0 0 0 0 0 0 0 0 0 0 0 0 0 0 0 0 0 0 0 0 0 0 0 0 0 0 0 0 0 0 0 0 0 0 21 0 0 0 225 19 0 0 1 0 0 0 0 0 0 0 0 0 0 0 2 0 0 0 0 0 15 0 2 0 0 0 96 0 0 0 255 255 255 255 7 0 15 0 0 0 0 0 data 12 0xf0007 0x15f 0x20 0x11d 0x180007 0x27c 0x30 0x0 0x1c0002 0x0 0x260002 0x27c oops 0
ciMethodData java/util/AbstractCollection <init> ()V 2 3072 orig 264 56 157 239 115 0 0 0 0 64 115 66 20 0 0 0 0 48 1 0 0 0 0 0 0 0 0 0 0 0 0 0 0 0 0 0 0 0 0 0 0 0 0 0 0 0 0 0 0 0 0 0 0 0 0 0 0 0 0 0 0 0 0 0 0 0 0 0 0 0 0 0 0 0 0 0 0 0 0 0 0 77 68 79 32 101 120 116 114 97 32 100 97 116 97 32 108 111 99 107 0 0 0 0 0 0 0 0 0 0 0 0 0 0 0 0 0 0 0 0 0 0 0 0 0 0 0 0 0 0 0 0 0 0 0 0 0 0 0 0 0 0 0 0 0 0 0 0 0 0 0 0 0 0 0 0 0 0 0 0 0 0 0 0 0 0 0 0 0 0 0 0 0 0 0 0 0 0 0 0 0 0 0 0 0 0 0 0 0 0 0 0 0 0 0 0 0 0 0 0 0 0 0 0 0 0 0 0 0 0 0 0 0 0 0 0 0 63 0 0 0 9 94 0 0 1 0 0 0 0 0 0 0 0 0 0 0 2 0 0 0 0 0 3 0 2 0 0 0 16 0 0 0 255 255 255 255 2 0 1 0 0 0 0 0 data 2 0x10002 0xbc1 oops 0
ciMethodData java/lang/String toCharArray ()[C 2 1865 orig 264 56 157 239 115 0 0 0 0 232 110 54 20 0 0 0 0 88 1 0 0 0 0 0 0 0 0 0 0 0 0 0 0 0 0 0 0 0 0 0 0 0 0 0 0 0 0 0 0 0 0 0 0 0 0 0 0 0 0 0 0 0 0 0 0 0 0 0 0 0 0 0 0 0 0 0 0 0 0 0 0 77 68 79 32 101 120 116 114 97 32 100 97 116 97 32 108 111 99 107 0 0 0 0 0 0 0 0 0 0 0 0 0 0 0 0 0 0 0 0 0 0 0 0 0 0 0 0 0 0 0 0 0 0 0 0 0 0 0 0 0 0 0 0 0 0 0 0 0 0 0 0 0 0 0 0 0 0 0 0 0 0 0 0 0 0 0 0 0 0 0 0 0 0 0 0 0 0 0 0 0 0 0 0 0 0 0 0 0 0 0 0 0 0 0 0 0 0 0 0 0 0 0 0 0 0 0 0 0 0 0 0 0 0 0 0 0 0 1 0 0 73 50 0 0 1 0 0 0 0 0 0 0 0 0 0 0 2 0 0 0 0 0 3 0 2 0 0 0 16 0 0 0 255 255 255 255 2 0 20 0 0 0 0 0 data 2 0x140002 0x649 oops 0
ciMethodData java/lang/Integer <init> (I)V 1 574 orig 264 56 157 239 115 0 0 0 0 40 82 64 20 0 0 0 0 56 1 0 0 0 0 0 0 0 0 0 0 0 0 0 0 0 0 0 0 0 0 0 0 0 0 0 0 0 0 0 0 0 0 0 0 0 0 0 0 0 0 0 0 0 0 0 0 0 0 0 0 0 0 0 0 0 0 0 0 0 0 0 0 77 68 79 32 101 120 116 114 97 32 100 97 116 97 32 108 111 99 107 0 0 0 0 0 0 0 0 0 0 0 0 0 0 0 0 0 0 0 0 0 0 0 0 0 0 0 0 0 0 0 0 0 0 0 0 0 0 0 0 0 0 0 0 0 0 0 0 0 0 0 0 0 0 0 0 0 0 0 0 0 0 0 0 0 0 0 0 0 0 0 0 0 0 0 0 0 0 0 0 0 0 0 0 0 0 0 0 0 0 0 0 0 0 0 0 0 0 0 0 0 0 0 0 0 0 0 0 0 0 0 0 0 0 0 0 0 2 1 0 0 225 9 0 0 1 0 0 0 0 0 0 0 0 0 0 0 2 0 0 0 0 0 0 0 0 0 0 0 16 0 0 0 255 255 255 255 2 0 1 0 0 0 0 0 data 2 0x10002 0x13c oops 0
ciMethodData java/util/Objects requireNonNull (Ljava/lang/Object;)Ljava/lang/Object; 2 2004 orig 264 56 157 239 115 0 0 0 0 144 83 74 20 0 0 0 0 80 1 0 0 0 0 0 0 0 0 0 0 0 0 0 0 0 0 0 0 0 0 0 0 0 0 0 0 0 0 0 0 0 0 0 0 0 0 0 0 0 0 0 0 0 0 0 0 0 0 0 0 0 0 0 0 0 0 0 0 0 0 0 0 77 68 79 32 101 120 116 114 97 32 100 97 116 97 32 108 111 99 107 0 0 0 0 0 0 0 0 0 0 0 0 0 0 0 0 0 0 0 0 0 0 0 0 0 0 0 0 0 0 0 0 0 0 0 0 0 0 0 0 0 0 0 0 0 0 0 0 0 0 0 0 0 0 0 0 0 0 0 0 0 0 0 0 0 0 0 0 0 0 0 0 0 0 0 0 0 0 0 0 0 0 0 0 0 0 0 0 0 0 0 0 0 0 0 0 0 0 0 0 0 0 0 0 0 0 0 0 0 0 0 0 0 0 0 0 0 13 1 0 0 57 54 0 0 1 0 0 0 0 0 0 0 0 0 0 0 2 0 0 0 0 0 5 0 2 0 0 0 48 0 0 0 255 255 255 255 7 0 1 0 0 0 0 0 data 6 0x10007 0x6c7 0x30 0x0 0x80002 0x0 oops 0
ciMethodData java/util/AbstractList <init> ()V 2 2815 orig 264 56 157 239 115 0 0 0 0 160 95 66 20 0 0 0 0 48 1 0 0 0 0 0 0 0 0 0 0 0 0 0 0 0 0 0 0 0 0 0 0 0 0 0 0 0 0 0 0 0 0 0 0 0 0 0 0 0 0 0 0 0 0 0 0 0 0 0 0 0 0 0 0 0 0 0 0 0 0 0 0 77 68 79 32 101 120 116 114 97 32 100 97 116 97 32 108 111 99 107 0 0 0 0 0 0 0 0 0 0 0 0 0 0 0 0 0 0 0 0 0 0 0 0 0 0 0 0 0 0 0 0 0 0 0 0 0 0 0 0 0 0 0 0 0 0 0 0 0 0 0 0 0 0 0 0 0 0 0 0 0 0 0 0 0 0 0 0 0 0 0 0 0 0 0 0 0 0 0 0 0 0 0 0 0 0 0 0 0 0 0 0 0 0 0 0 0 0 0 0 0 0 0 0 0 0 0 0 0 0 0 0 0 0 0 0 0 0 1 0 0 249 79 0 0 1 0 0 0 0 0 0 0 0 0 0 0 2 0 0 0 0 0 3 0 2 0 0 0 16 0 0 0 255 255 255 255 2 0 1 0 0 0 0 0 data 2 0x10002 0x9ff oops 0
ciMethod org/objectweb/asm/ClassReader a (Lorg/objectweb/asm/MethodVisitor;Lorg/objectweb/asm/Context;I)V 1033 58225 861 0 -1
ciMethod org/objectweb/asm/ClassReader a (Lorg/objectweb/asm/MethodVisitor;Lorg/objectweb/asm/Context;IZ)[I 0 0 1 0 -1
ciMethod org/objectweb/asm/ClassReader a (Lorg/objectweb/asm/Context;I)I 0 0 1 0 -1
ciMethod org/objectweb/asm/ClassReader a (I[CZLorg/objectweb/asm/AnnotationVisitor;)I 809 673 231 0 -1
ciMethod org/objectweb/asm/ClassReader a (Lorg/objectweb/asm/Context;)V 0 0 1 0 -1
ciMethod org/objectweb/asm/ClassReader a (IZZLorg/objectweb/asm/Context;)I 1241 1225 1060 0 -1
ciMethod org/objectweb/asm/ClassReader a ([Ljava/lang/Object;II[C[Lorg/objectweb/asm/Label;)I 2177 1 1542 0 -1
ciMethod org/objectweb/asm/ClassReader readLabel (I[Lorg/objectweb/asm/Label;)Lorg/objectweb/asm/Label; 3321 1 5628 0 -1
ciMethod org/objectweb/asm/ClassReader readByte (I)I 0 0 1 0 0
ciMethod org/objectweb/asm/ClassReader readUnsignedShort (I)I 2537 1 38860 0 160
ciMethod org/objectweb/asm/ClassReader readShort (I)S 2921 1 2259 0 0
ciMethod org/objectweb/asm/ClassReader readInt (I)I 2169 1 1316 0 192
ciMethod org/objectweb/asm/ClassReader readLong (I)J 2097 1 268 0 0
ciMethod org/objectweb/asm/ClassReader readUTF8 (I[C)Ljava/lang/String; 2361 1 7212 0 2080
ciMethod org/objectweb/asm/ClassReader a (II[C)Ljava/lang/String; 1033 18033 1135 0 -1
ciMethod org/objectweb/asm/ClassReader readClass (I[C)Ljava/lang/String; 2169 1 6964 0 256
ciMethod org/objectweb/asm/ClassReader readConst (I[C)Ljava/lang/Object; 1881 1 888 0 0
ciMethod org/objectweb/asm/MethodVisitor visitAttribute (Lorg/objectweb/asm/Attribute;)V 0 0 1 0 -1
ciMethod org/objectweb/asm/MethodVisitor visitFrame (II[Ljava/lang/Object;I[Ljava/lang/Object;)V 3137 1 530 0 0
ciMethod org/objectweb/asm/MethodVisitor visitInsn (I)V 4097 1 1951 0 0
ciMethod org/objectweb/asm/MethodVisitor visitIntInsn (II)V 1657 1 76 0 0
ciMethod org/objectweb/asm/MethodVisitor visitVarInsn (II)V 4097 1 3413 0 0
ciMethod org/objectweb/asm/MethodVisitor visitTypeInsn (ILjava/lang/String;)V 2953 1 253 0 0
ciMethod org/objectweb/asm/MethodVisitor visitFieldInsn (ILjava/lang/String;Ljava/lang/String;Ljava/lang/String;)V 2329 1 1133 0 0
ciMethod org/objectweb/asm/MethodVisitor visitMethodInsn (ILjava/lang/String;Ljava/lang/String;Ljava/lang/String;)V 0 0 1 0 -1
ciMethod org/objectweb/asm/MethodVisitor visitMethodInsn (ILjava/lang/String;Ljava/lang/String;Ljava/lang/String;Z)V 2153 1 1356 0 0
ciMethod org/objectweb/asm/MethodVisitor visitInvokeDynamicInsn (Ljava/lang/String;Ljava/lang/String;Lorg/objectweb/asm/Handle;[Ljava/lang/Object;)V 0 0 1 0 -1
ciMethod org/objectweb/asm/MethodVisitor visitJumpInsn (ILorg/objectweb/asm/Label;)V 3393 1 536 0 0
ciMethod org/objectweb/asm/MethodVisitor visitLabel (Lorg/objectweb/asm/Label;)V 3073 1 664 0 0
ciMethod org/objectweb/asm/MethodVisitor visitLdcInsn (Ljava/lang/Object;)V 3233 1 337 0 0
ciMethod org/objectweb/asm/MethodVisitor visitIincInsn (II)V 289 1 23 0 0
ciMethod org/objectweb/asm/MethodVisitor visitTableSwitchInsn (IILorg/objectweb/asm/Label;[Lorg/objectweb/asm/Label;)V 81 1 2 0 0
ciMethod org/objectweb/asm/MethodVisitor visitLookupSwitchInsn (Lorg/objectweb/asm/Label;[I[Lorg/objectweb/asm/Label;)V 25 1 1 0 0
ciMethod org/objectweb/asm/MethodVisitor visitMultiANewArrayInsn (Ljava/lang/String;I)V 0 0 1 0 -1
ciMethod org/objectweb/asm/MethodVisitor visitInsnAnnotation (ILorg/objectweb/asm/TypePath;Ljava/lang/String;Z)Lorg/objectweb/asm/AnnotationVisitor; 0 0 1 0 -1
ciMethod org/objectweb/asm/MethodVisitor visitTryCatchBlock (Lorg/objectweb/asm/Label;Lorg/objectweb/asm/Label;Lorg/objectweb/asm/Label;Ljava/lang/String;)V 849 1 102 0 -1
ciMethod org/objectweb/asm/MethodVisitor visitLocalVariable (Ljava/lang/String;Ljava/lang/String;Ljava/lang/String;Lorg/objectweb/asm/Label;Lorg/objectweb/asm/Label;I)V 0 0 1 0 -1
ciMethod org/objectweb/asm/MethodVisitor visitLocalVariableAnnotation (ILorg/objectweb/asm/TypePath;[Lorg/objectweb/asm/Label;[Lorg/objectweb/asm/Label;[ILjava/lang/String;Z)Lorg/objectweb/asm/AnnotationVisitor; 0 0 1 0 -1
ciMethod org/objectweb/asm/MethodVisitor visitLineNumber (ILorg/objectweb/asm/Label;)V 0 0 1 0 -1
ciMethod org/objectweb/asm/MethodVisitor visitMaxs (II)V 3169 1 434 0 0
ciMethod org/objectweb/asm/Attribute read (Lorg/objectweb/asm/ClassReader;II[CI[Lorg/objectweb/asm/Label;)Lorg/objectweb/asm/Attribute; 0 0 1 0 -1
ciMethodData java/util/ArrayList hugeCapacity (I)I 1 0 orig 264 56 157 239 115 0 0 0 0 16 251 66 20 0 0 0 0 136 1 0 0 32 0 0 0 0 0 0 0 0 0 0 0 0 0 0 0 0 0 0 0 0 0 0 0 0 0 0 0 0 0 0 0 0 0 0 0 0 0 0 0 0 0 0 0 0 0 0 0 0 0 0 0 0 0 0 0 0 0 0 0 77 68 79 32 101 120 116 114 97 32 100 97 116 97 32 108 111 99 107 0 0 0 0 0 0 0 0 0 0 0 0 0 0 0 0 0 0 0 0 0 0 0 0 0 0 0 0 0 0 0 0 0 0 0 0 0 0 0 0 0 0 0 0 0 0 0 0 0 0 0 0 0 0 0 0 0 0 0 0 0 0 0 0 0 0 0 0 0 0 0 0 0 0 0 0 0 0 0 0 0 0 0 0 0 25 0 0 0 0 0 0 0 0 0 0 0 0 0 0 0 0 0 0 0 0 0 0 0 0 0 0 0 0 0 0 0 0 0 0 0 1 0 0 0 1 0 0 0 0 0 0 0 0 0 0 0 2 0 0 0 0 0 0 0 0 0 0 0 104 0 0 0 255 255 255 255 7 0 1 0 0 0 0 0 data 13 0x10007 0x0 0x30 0x0 0x80002 0x0 0xf0007 0x0 0x38 0x0 0x140003 0x0 0x18 oops 0
ciMethodData java/util/Arrays copyOf ([Ljava/lang/Object;I)[Ljava/lang/Object; 1 711 orig 264 56 157 239 115 0 0 0 0 24 154 71 20 0 0 0 0 192 1 0 0 0 0 0 0 0 0 0 0 0 0 0 0 0 0 0 0 0 0 0 0 0 0 0 0 0 0 0 0 0 0 0 0 0 0 0 0 0 0 0 0 0 0 0 0 0 0 0 0 0 0 0 0 0 0 0 0 0 0 0 0 77 68 79 32 101 120 116 114 97 32 100 97 116 97 32 108 111 99 107 0 0 0 0 0 0 0 0 0 0 0 0 0 0 0 0 0 0 0 0 0 0 0 0 0 0 0 0 0 0 0 0 0 0 0 0 0 0 0 0 0 0 0 0 0 0 0 0 0 0 0 0 0 0 0 0 0 0 0 0 0 0 0 0 0 0 0 0 0 0 0 0 0 0 0 0 0 0 0 0 0 0 0 0 0 0 0 0 0 0 0 0 0 0 0 0 0 0 0 0 0 0 0 0 0 0 0 0 0 0 0 0 0 0 0 0 0 79 1 0 0 193 11 0 0 1 0 0 0 0 0 0 0 0 0 0 0 2 0 0 0 0 0 0 0 0 0 0 0 112 0 0 0 255 255 255 255 5 0 3 0 0 0 0 0 data 14 0x30005 0x8 0x16fc88d0 0x170 0x0 0x0 0x60002 0x178 0x90004 0x0 0x16fc88d0 0x8 0x0 0x0 oops 2 2 [Ljava/lang/Object; 10 [Ljava/lang/Object;
ciMethod org/objectweb/asm/Label <init> ()V 4073 1 7479 0 32
ciMethod org/objectweb/asm/tree/MethodNode visitFrame (II[Ljava/lang/Object;I[Ljava/lang/Object;)V 3137 1 630 0 0
ciMethod org/objectweb/asm/tree/MethodNode visitInsn (I)V 4097 1 2571 0 0
ciMethod org/objectweb/asm/tree/MethodNode visitIntInsn (II)V 1657 1 192 0 0
ciMethod org/objectweb/asm/tree/MethodNode visitVarInsn (II)V 2089 1 4594 0 0
ciMethod org/objectweb/asm/tree/MethodNode visitTypeInsn (ILjava/lang/String;)V 2953 1 329 0 0
ciMethod org/objectweb/asm/tree/MethodNode visitFieldInsn (ILjava/lang/String;Ljava/lang/String;Ljava/lang/String;)V 3425 1 1629 0 0
ciMethod org/objectweb/asm/tree/MethodNode visitMethodInsn (ILjava/lang/String;Ljava/lang/String;Ljava/lang/String;Z)V 3153 1 1884 0 0
ciMethod org/objectweb/asm/tree/MethodNode visitJumpInsn (ILorg/objectweb/asm/Label;)V 3193 1 663 0 0
ciMethod org/objectweb/asm/tree/MethodNode visitLabel (Lorg/objectweb/asm/Label;)V 3857 1 2852 0 0
ciMethod org/objectweb/asm/tree/MethodNode visitLdcInsn (Ljava/lang/Object;)V 3081 1 383 0 0
ciMethod org/objectweb/asm/tree/MethodNode visitIincInsn (II)V 289 1 27 0 0
ciMethod org/objectweb/asm/tree/MethodNode visitTableSwitchInsn (IILorg/objectweb/asm/Label;[Lorg/objectweb/asm/Label;)V 81 1 5 0 0
ciMethod org/objectweb/asm/tree/MethodNode visitLookupSwitchInsn (Lorg/objectweb/asm/Label;[I[Lorg/objectweb/asm/Label;)V 25 1 1 0 0
ciMethod org/objectweb/asm/tree/MethodNode visitLocalVariable (Ljava/lang/String;Ljava/lang/String;Ljava/lang/String;Lorg/objectweb/asm/Label;Lorg/objectweb/asm/Label;I)V 3241 1 1662 0 0
ciMethod org/objectweb/asm/tree/MethodNode visitLineNumber (ILorg/objectweb/asm/Label;)V 3217 1 2442 0 0
ciMethod org/objectweb/asm/tree/MethodNode visitMaxs (II)V 4097 1 547 0 0
ciMethod org/objectweb/asm/tree/MethodNode getLabelNode (Lorg/objectweb/asm/Label;)Lorg/objectweb/asm/tree/LabelNode; 2097 1 8302 0 0
ciMethod org/objectweb/asm/tree/MethodNode getLabelNodes ([Lorg/objectweb/asm/Label;)[Lorg/objectweb/asm/tree/LabelNode; 105 1001 6 0 -1
ciMethod org/objectweb/asm/tree/MethodNode getLabelNodes ([Ljava/lang/Object;)[Ljava/lang/Object; 3313 16137 1260 0 0
ciMethod org/objectweb/asm/Type <init> (I[CII)V 681 1 165 0 -1
ciMethod org/objectweb/asm/Type getObjectType (Ljava/lang/String;)Lorg/objectweb/asm/Type; 0 0 1 0 0
ciMethod org/objectweb/asm/Type getMethodType (Ljava/lang/String;)Lorg/objectweb/asm/Type; 0 0 1 0 0
ciMethod org/objectweb/asm/Type a ([CI)Lorg/objectweb/asm/Type; 1857 1281 320 0 -1
ciMethod org/objectweb/asm/tree/AbstractInsnNode <init> (I)V 2745 1 15208 0 0
ciMethod org/objectweb/asm/tree/LineNumberNode <init> (ILorg/objectweb/asm/tree/LabelNode;)V 3233 1 2442 0 0
ciMethod org/objectweb/asm/tree/LookupSwitchInsnNode <init> (Lorg/objectweb/asm/tree/LabelNode;[I[Lorg/objectweb/asm/tree/LabelNode;)V 25 57 1 0 -1
ciMethod org/objectweb/asm/tree/TableSwitchInsnNode <init> (IILorg/objectweb/asm/tree/LabelNode;[Lorg/objectweb/asm/tree/LabelNode;)V 81 1 5 0 -1
ciMethod org/objectweb/asm/tree/IincInsnNode <init> (II)V 289 1 27 0 -1
ciMethod org/objectweb/asm/tree/FrameNode <init> (II[Ljava/lang/Object;I[Ljava/lang/Object;)V 3137 1 630 0 0
ciMethod org/objectweb/asm/tree/FrameNode asList (I[Ljava/lang/Object;)Ljava/util/List; 1729 1 330 0 0
ciMethod org/objectweb/asm/tree/LabelNode <init> ()V 729 1 2891 0 0
ciMethod org/objectweb/asm/tree/JumpInsnNode <init> (ILorg/objectweb/asm/tree/LabelNode;)V 3209 1 663 0 0
ciMethod org/objectweb/asm/tree/IntInsnNode <init> (II)V 1657 1 192 0 -1
ciMethod org/objectweb/asm/tree/LdcInsnNode <init> (Ljava/lang/Object;)V 3081 1 383 0 0
ciMethod org/objectweb/asm/tree/FieldInsnNode <init> (ILjava/lang/String;Ljava/lang/String;Ljava/lang/String;)V 3425 1 1629 0 0
ciMethod org/objectweb/asm/tree/InsnNode <init> (I)V 4097 1 2571 0 0
ciMethod org/objectweb/asm/tree/VarInsnNode <init> (II)V 2089 1 4594 0 0
ciMethod org/objectweb/asm/tree/MethodInsnNode <init> (ILjava/lang/String;Ljava/lang/String;Ljava/lang/String;Z)V 3209 1 1884 0 0
ciMethod org/objectweb/asm/tree/TypeInsnNode <init> (ILjava/lang/String;)V 2953 1 329 0 0
ciMethod org/objectweb/asm/tree/InsnList add (Lorg/objectweb/asm/tree/AbstractInsnNode;)V 3481 1 5815 0 160
ciMethod org/objectweb/asm/tree/LocalVariableNode <init> (Ljava/lang/String;Ljava/lang/String;Ljava/lang/String;Lorg/objectweb/asm/tree/LabelNode;Lorg/objectweb/asm/tree/LabelNode;I)V 3241 1 1662 0 0
ciMethodData org/objectweb/asm/ClassReader readUnsignedShort (I)I 2 47917 orig 264 56 157 239 115 0 0 0 0 248 225 144 20 0 0 0 0 40 1 0 0 0 0 0 0 0 0 0 0 0 0 0 0 0 0 0 0 0 0 0 0 0 0 0 0 0 0 0 0 0 0 0 0 0 0 0 0 0 0 0 0 0 0 0 0 0 0 0 0 0 0 0 0 0 0 0 0 0 0 0 0 77 68 79 32 101 120 116 114 97 32 100 97 116 97 32 108 111 99 107 0 0 0 0 0 0 0 0 0 0 0 0 0 0 0 0 0 0 0 0 0 0 0 0 0 0 0 0 0 0 0 0 0 0 0 0 0 0 0 0 0 0 0 0 0 0 0 0 0 0 0 0 0 0 0 0 0 0 0 0 0 0 0 0 0 0 0 0 0 0 0 0 0 0 0 0 0 0 0 0 0 0 0 0 0 0 0 0 0 0 0 0 0 0 0 0 0 0 0 0 0 0 0 0 0 0 0 0 0 0 0 0 0 0 0 0 0 61 1 0 0 129 207 5 0 1 0 0 0 0 0 0 0 0 0 0 0 2 0 0 0 0 0 3 0 1 0 0 0 0 0 0 0 255 255 255 255 0 0 0 0 0 0 0 0 data 0 oops 0
ciMethodData org/objectweb/asm/ClassReader readUTF8 (I[C)Ljava/lang/String; 2 7212 orig 264 56 157 239 115 0 0 0 0 208 228 144 20 0 0 0 0 88 2 0 0 112 0 0 0 0 0 0 0 0 0 0 0 0 0 0 0 0 0 0 0 0 0 0 0 0 0 0 0 0 0 0 0 0 0 0 0 0 0 0 0 0 0 0 0 0 0 0 0 0 0 0 0 0 0 0 0 0 0 0 0 77 68 79 32 101 120 116 114 97 32 100 97 116 97 32 108 111 99 107 0 0 0 0 0 0 0 0 0 0 0 0 0 0 0 0 0 0 0 0 0 0 0 0 0 0 0 0 0 0 0 0 0 0 0 0 0 0 0 0 0 0 0 0 0 0 0 0 0 0 0 0 0 0 0 0 0 0 0 0 0 0 0 0 0 0 0 0 0 0 0 0 0 0 0 0 0 0 0 0 0 0 0 0 0 0 0 0 0 0 0 0 0 0 0 0 0 0 0 0 0 0 0 0 0 0 0 0 0 0 0 0 0 0 0 0 0 37 1 0 0 41 216 0 0 1 0 0 0 0 0 0 0 0 0 0 0 2 0 0 0 0 0 10 0 2 0 0 0 0 1 0 0 255 255 255 255 5 0 2 0 0 0 0 0 data 32 0x20005 0x0 0x184c3190 0x1b05 0x0 0x0 0x70007 0x8 0x40 0x1afd 0xb0007 0x1af5 0x20 0x8 0x1a0007 0x3f9 0x20 0x16fc 0x320005 0x0 0x184c3190 0x3f9 0x0 0x0 0x360002 0x3f9 0x3a0004 0x0 0x4533250 0x3f9 0x0 0x0 oops 3 2 org/objectweb/asm/ClassReader 20 org/objectweb/asm/ClassReader 28 java/lang/String
ciMethodData org/objectweb/asm/ClassReader a (II[C)Ljava/lang/String; 2 22201 orig 264 56 157 239 115 0 0 0 0 32 230 144 20 0 0 0 0 152 2 0 0 48 1 0 0 0 0 0 0 0 0 0 0 0 0 0 0 0 0 0 0 0 0 0 0 0 0 0 0 0 0 0 0 0 0 0 0 0 0 0 0 0 0 0 0 0 0 0 0 0 0 0 0 0 0 0 0 0 0 0 0 77 68 79 32 101 120 116 114 97 32 100 97 116 97 32 108 111 99 107 0 0 0 0 0 0 0 0 0 0 0 0 0 0 0 0 0 0 0 0 0 0 0 0 0 0 0 0 0 0 0 0 0 0 0 0 0 0 0 0 0 0 0 0 0 0 0 0 0 0 0 0 0 0 0 0 0 0 0 0 0 0 0 0 0 0 0 0 0 0 0 0 0 0 0 0 0 0 0 0 0 0 0 0 0 0 0 0 0 0 0 0 0 0 0 0 0 0 0 0 0 0 0 0 0 0 0 0 0 0 0 0 0 0 0 0 0 196 8 0 0 113 31 0 0 89 111 2 0 0 0 0 0 0 0 0 0 2 0 0 0 1 0 18 0 2 0 0 0 88 1 0 0 255 255 255 255 7 0 23 0 0 0 0 0 data 43 0x170007 0x3ee 0x148 0x4deb 0x250008 0x8 0x0 0x110 0x3a9 0x50 0x0 0xf8 0x0 0x110 0x4d0007 0x0 0x38 0x4deb 0x5a0003 0x4deb 0xa0 0x620007 0x0 0x58 0x0 0x6a0007 0x0 0x38 0x0 0x780003 0x0 0x48 0x860003 0x0 0x30 0x9f0003 0x0 0x18 0xb30003 0x4deb 0xfffffffffffffed0 0xbe0002 0x3ee oops 0
ciMethodData org/objectweb/asm/ClassReader readInt (I)I 2 1316 orig 264 56 157 239 115 0 0 0 0 96 227 144 20 0 0 0 0 40 1 0 0 0 0 0 0 0 0 0 0 0 0 0 0 0 0 0 0 0 0 0 0 0 0 0 0 0 0 0 0 0 0 0 0 0 0 0 0 0 0 0 0 0 0 0 0 0 0 0 0 0 0 0 0 0 0 0 0 0 0 0 0 77 68 79 32 101 120 116 114 97 32 100 97 116 97 32 108 111 99 107 0 0 0 0 0 0 0 0 0 0 0 0 0 0 0 0 0 0 0 0 0 0 0 0 0 0 0 0 0 0 0 0 0 0 0 0 0 0 0 0 0 0 0 0 0 0 0 0 0 0 0 0 0 0 0 0 0 0 0 0 0 0 0 0 0 0 0 0 0 0 0 0 0 0 0 0 0 0 0 0 0 0 0 0 0 0 0 0 0 0 0 0 0 0 0 0 0 0 0 0 0 0 0 0 0 0 0 0 0 0 0 0 0 0 0 0 0 14 1 0 0 169 32 0 0 1 0 0 0 0 0 0 0 0 0 0 0 2 0 0 0 0 0 3 0 1 0 0 0 0 0 0 0 255 255 255 255 0 0 0 0 0 0 0 0 data 0 oops 0
ciMethodData org/objectweb/asm/ClassReader readClass (I[C)Ljava/lang/String; 2 8743 orig 264 56 157 239 115 0 0 0 0 184 230 144 20 0 0 0 0 184 1 0 0 0 0 0 0 0 0 0 0 0 0 0 0 0 0 0 0 0 0 0 0 0 0 0 0 0 0 0 0 0 0 0 0 0 0 0 0 0 0 0 0 0 0 0 0 0 0 0 0 0 0 0 0 0 0 0 0 0 0 0 0 77 68 79 32 101 120 116 114 97 32 100 97 116 97 32 108 111 99 107 0 0 0 0 0 0 0 0 0 0 0 0 0 0 0 0 0 0 0 0 0 0 0 0 0 0 0 0 0 0 0 0 0 0 0 0 0 0 0 0 0 0 0 0 0 0 0 0 0 0 0 0 0 0 0 0 0 0 0 0 0 0 0 0 0 0 0 0 0 0 0 0 0 0 0 0 0 0 0 0 0 0 0 0 0 0 0 0 0 0 0 0 0 0 0 0 0 0 0 0 0 0 0 0 0 0 0 0 0 0 0 0 0 0 0 0 0 14 1 0 0 193 8 1 0 1 0 0 0 0 0 0 0 0 0 0 0 2 0 0 0 0 0 3 0 2 0 0 0 96 0 0 0 255 255 255 255 5 0 7 0 0 0 0 0 data 12 0x70005 0x0 0x184c3190 0x2118 0x0 0x0 0xc0005 0x0 0x184c3190 0x2118 0x0 0x0 oops 2 2 org/objectweb/asm/ClassReader 8 org/objectweb/asm/ClassReader
ciMethodData java/lang/Float <init> (F)V 1 93 orig 264 56 157 239 115 0 0 0 0 112 211 63 20 0 0 0 0 56 1 0 0 0 0 0 0 0 0 0 0 0 0 0 0 0 0 0 0 0 0 0 0 0 0 0 0 0 0 0 0 0 0 0 0 0 0 0 0 0 0 0 0 0 0 0 0 0 0 0 0 0 0 0 0 0 0 0 0 0 0 0 0 77 68 79 32 101 120 116 114 97 32 100 97 116 97 32 108 111 99 107 0 0 0 0 0 0 0 0 0 0 0 0 0 0 0 0 0 0 0 0 0 0 0 0 0 0 0 0 0 0 0 0 0 0 0 0 0 0 0 0 0 0 0 0 0 0 0 0 0 0 0 0 0 0 0 0 0 0 0 0 0 0 0 0 0 0 0 0 0 0 0 0 0 0 0 0 0 0 0 0 0 0 0 0 0 0 0 0 0 0 0 0 0 0 0 0 0 0 0 0 0 0 0 0 0 0 0 0 0 0 0 0 0 0 0 0 0 71 0 0 0 177 0 0 0 1 0 0 0 0 0 0 0 0 0 0 0 2 0 0 0 0 0 0 0 0 0 0 0 16 0 0 0 255 255 255 255 2 0 1 0 0 0 0 0 data 2 0x10002 0x16 oops 0
ciMethodData java/lang/Double <init> (D)V 1 239 orig 264 56 157 239 115 0 0 0 0 176 248 63 20 0 0 0 0 64 1 0 0 0 0 0 0 0 0 0 0 0 0 0 0 0 0 0 0 0 0 0 0 0 0 0 0 0 0 0 0 0 0 0 0 0 0 0 0 0 0 0 0 0 0 0 0 0 0 0 0 0 0 0 0 0 0 0 0 0 0 0 0 77 68 79 32 101 120 116 114 97 32 100 97 116 97 32 108 111 99 107 0 0 0 0 0 0 0 0 0 0 0 0 0 0 0 0 0 0 0 0 0 0 0 0 0 0 0 0 0 0 0 0 0 0 0 0 0 0 0 0 0 0 0 0 0 0 0 0 0 0 0 0 0 0 0 0 0 0 0 0 0 0 0 0 0 0 0 0 0 0 0 0 0 0 0 0 0 0 0 0 0 0 0 0 0 0 0 0 0 0 0 0 0 0 0 0 0 0 0 0 0 0 0 0 0 0 0 0 0 0 0 0 0 0 0 0 0 239 0 0 0 1 0 0 0 1 0 0 0 0 0 0 0 0 0 0 0 2 0 0 0 0 0 0 0 0 0 0 0 16 0 0 0 255 255 255 255 2 0 1 0 0 0 0 0 data 2 0x10002 0x0 oops 0
ciMethodData java/util/Arrays asList ([Ljava/lang/Object;)Ljava/util/List; 1 491 orig 264 56 157 239 115 0 0 0 0 24 169 71 20 0 0 0 0 48 1 0 0 0 0 0 0 0 0 0 0 0 0 0 0 0 0 0 0 0 0 0 0 0 0 0 0 0 0 0 0 0 0 0 0 0 0 0 0 0 0 0 0 0 0 0 0 0 0 0 0 0 0 0 0 0 0 0 0 0 0 0 0 77 68 79 32 101 120 116 114 97 32 100 97 116 97 32 108 111 99 107 0 0 0 0 0 0 0 0 0 0 0 0 0 0 0 0 0 0 0 0 0 0 0 0 0 0 0 0 0 0 0 0 0 0 0 0 0 0 0 0 0 0 0 0 0 0 0 0 0 0 0 0 0 0 0 0 0 0 0 0 0 0 0 0 0 0 0 0 0 0 0 0 0 0 0 0 0 0 0 0 0 0 0 0 0 0 0 0 0 0 0 0 0 0 0 0 0 0 0 0 0 0 0 0 0 0 0 0 0 0 0 0 0 0 0 0 0 100 1 0 0 57 4 0 0 1 0 0 0 0 0 0 0 0 0 0 0 2 0 0 0 0 0 0 0 0 0 0 0 16 0 0 0 255 255 255 255 2 0 5 0 0 0 0 0 data 2 0x50002 0x87 oops 0
ciMethodData java/util/Arrays$ArrayList <init> ([Ljava/lang/Object;)V 1 491 orig 264 56 157 239 115 0 0 0 0 96 244 96 20 0 0 0 0 160 1 0 0 0 0 0 0 0 0 0 0 0 0 0 0 0 0 0 0 0 0 0 0 0 0 0 0 0 0 0 0 0 0 0 0 0 0 0 0 0 0 0 0 0 0 0 0 0 0 0 0 0 0 0 0 0 0 0 0 0 0 0 0 77 68 79 32 101 120 116 114 97 32 100 97 116 97 32 108 111 99 107 0 0 0 0 0 0 0 0 0 0 0 0 0 0 0 0 0 0 0 0 0 0 0 0 0 0 0 0 0 0 0 0 0 0 0 0 0 0 0 0 0 0 0 0 0 0 0 0 0 0 0 0 0 0 0 0 0 0 0 0 0 0 0 0 0 0 0 0 0 0 0 0 0 0 0 0 0 0 0 0 0 0 0 0 0 0 0 0 0 0 0 0 0 0 0 0 0 0 0 0 0 0 0 0 0 0 0 0 0 0 0 0 0 0 0 0 0 100 1 0 0 57 4 0 0 1 0 0 0 0 0 0 0 0 0 0 0 2 0 0 0 0 0 0 0 0 0 0 0 80 0 0 0 255 255 255 255 2 0 1 0 0 0 0 0 data 10 0x10002 0x87 0x60002 0x87 0x90004 0x0 0x16fc88d0 0xf 0x16eb4840 0x8 oops 2 6 [Ljava/lang/Object; 8 [Ljava/lang/String;
ciMethodData org/objectweb/asm/tree/AbstractInsnNode <init> (I)V 2 15208 orig 264 56 157 239 115 0 0 0 0 72 147 152 20 0 0 0 0 56 1 0 0 0 0 0 0 0 0 0 0 0 0 0 0 0 0 0 0 0 0 0 0 0 0 0 0 0 0 0 0 0 0 0 0 0 0 0 0 0 0 0 0 0 0 0 0 0 0 0 0 0 0 0 0 0 0 0 0 0 0 0 0 77 68 79 32 101 120 116 114 97 32 100 97 116 97 32 108 111 99 107 0 0 0 0 0 0 0 0 0 0 0 0 0 0 0 0 0 0 0 0 0 0 0 0 0 0 0 0 0 0 0 0 0 0 0 0 0 0 0 0 0 0 0 0 0 0 0 0 0 0 0 0 0 0 0 0 0 0 0 0 0 0 0 0 0 0 0 0 0 0 0 0 0 0 0 0 0 0 0 0 0 0 0 0 0 0 0 0 0 0 0 0 0 0 0 0 0 0 0 0 0 0 0 0 0 0 0 0 0 0 0 0 0 0 0 0 0 87 1 0 0 137 208 1 0 1 0 0 0 0 0 0 0 0 0 0 0 2 0 0 0 0 0 3 0 2 0 0 0 16 0 0 0 255 255 255 255 2 0 1 0 0 0 0 0 data 2 0x10002 0x3a11 oops 0
ciMethodData org/objectweb/asm/tree/InsnList add (Lorg/objectweb/asm/tree/AbstractInsnNode;)V 2 5815 orig 264 56 157 239 115 0 0 0 0 216 58 154 20 0 0 0 0 96 1 0 0 0 0 0 0 0 0 0 0 0 0 0 0 0 0 0 0 0 0 0 0 0 0 0 0 0 0 0 0 0 0 0 0 0 0 0 0 0 0 0 0 0 0 0 0 0 0 0 0 0 0 0 0 0 0 0 0 0 0 0 0 77 68 79 32 101 120 116 114 97 32 100 97 116 97 32 108 111 99 107 0 0 0 0 0 0 0 0 0 0 0 0 0 0 0 0 0 0 0 0 0 0 0 0 0 0 0 0 0 0 0 0 0 0 0 0 0 0 0 0 0 0 0 0 0 0 0 0 0 0 0 0 0 0 0 0 0 0 0 0 0 0 0 0 0 0 0 0 0 0 0 0 0 0 0 0 0 0 0 0 0 0 0 0 0 0 0 0 0 0 0 0 0 0 0 0 0 0 0 0 0 0 0 0 0 0 0 0 0 0 0 0 0 0 0 0 0 179 1 0 0 33 168 0 0 1 0 0 0 0 0 0 0 0 0 0 0 2 0 0 0 0 0 6 0 2 0 0 0 56 0 0 0 255 255 255 255 7 0 14 0 0 0 0 0 data 7 0xe0007 0x1476 0x38 0x8e 0x1b0003 0x8e 0x18 oops 0
ciMethodData org/objectweb/asm/tree/MethodNode getLabelNode (Lorg/objectweb/asm/Label;)Lorg/objectweb/asm/tree/LabelNode; 2 8400 orig 264 56 157 239 115 0 0 0 0 88 251 151 20 0 0 0 0 224 1 0 0 80 0 0 0 0 0 0 0 0 0 0 0 0 0 0 0 0 0 0 0 0 0 0 0 0 0 0 0 0 0 0 0 0 0 0 0 0 0 0 0 0 0 0 0 0 0 0 0 0 0 0 0 0 0 0 0 0 0 0 0 77 68 79 32 101 120 116 114 97 32 100 97 116 97 32 108 111 99 107 0 0 0 0 0 0 0 0 0 0 0 0 0 0 0 0 0 0 0 0 0 0 0 0 0 0 0 0 0 0 0 0 0 0 0 0 0 0 0 0 0 0 0 0 0 0 0 0 0 0 0 0 0 0 0 0 0 0 0 0 0 0 0 0 0 0 0 0 0 0 0 0 0 0 0 0 0 0 0 0 0 0 0 0 0 0 0 0 0 0 0 0 0 0 0 0 0 0 0 0 0 0 0 0 0 0 0 0 0 0 0 0 0 0 0 0 0 6 1 0 0 81 254 0 0 1 0 0 0 0 0 0 0 0 0 0 0 2 0 0 0 0 0 6 0 2 0 0 0 144 0 0 0 255 255 255 255 4 1 4 0 0 0 0 0 data 18 0x40104 0x0 0x184112b0 0x14da 0x0 0x0 0x70007 0x14da 0x30 0xaf0 0xf0002 0xaf0 0x190004 0x0 0x184112b0 0x1fca 0x0 0x0 oops 2 2 org/objectweb/asm/tree/LabelNode 14 org/objectweb/asm/tree/LabelNode
ciMethodData org/objectweb/asm/tree/LabelNode <init> ()V 2 2936 orig 264 56 157 239 115 0 0 0 0 216 233 153 20 0 0 0 0 48 1 0 0 0 0 0 0 0 0 0 0 0 0 0 0 0 0 0 0 0 0 0 0 0 0 0 0 0 0 0 0 0 0 0 0 0 0 0 0 0 0 0 0 0 0 0 0 0 0 0 0 0 0 0 0 0 0 0 0 0 0 0 0 77 68 79 32 101 120 116 114 97 32 100 97 116 97 32 108 111 99 107 0 0 0 0 0 0 0 0 0 0 0 0 0 0 0 0 0 0 0 0 0 0 0 0 0 0 0 0 0 0 0 0 0 0 0 0 0 0 0 0 0 0 0 0 0 0 0 0 0 0 0 0 0 0 0 0 0 0 0 0 0 0 0 0 0 0 0 0 0 0 0 0 0 0 0 0 0 0 0 0 0 0 0 0 0 0 0 0 0 0 0 0 0 0 0 0 0 0 0 0 0 0 0 0 0 0 0 0 0 0 0 0 0 0 0 0 0 91 0 0 0 233 88 0 0 1 0 0 0 0 0 0 0 0 0 0 0 2 0 0 0 0 0 0 0 0 0 0 0 16 0 0 0 255 255 255 255 2 0 2 0 0 0 0 0 data 2 0x20002 0xb1d oops 0
ciMethodData org/objectweb/asm/Label <init> ()V 2 8657 orig 264 56 157 239 115 0 0 0 0 112 22 151 20 0 0 0 0 48 1 0 0 0 0 0 0 0 0 0 0 0 0 0 0 0 0 0 0 0 0 0 0 0 0 0 0 0 0 0 0 0 0 0 0 0 0 0 0 0 0 0 0 0 0 0 0 0 0 0 0 0 0 0 0 0 0 0 0 0 0 0 0 77 68 79 32 101 120 116 114 97 32 100 97 116 97 32 108 111 99 107 0 0 0 0 0 0 0 0 0 0 0 0 0 0 0 0 0 0 0 0 0 0 0 0 0 0 0 0 0 0 0 0 0 0 0 0 0 0 0 0 0 0 0 0 0 0 0 0 0 0 0 0 0 0 0 0 0 0 0 0 0 0 0 0 0 0 0 0 0 0 0 0 0 0 0 0 0 0 0 0 0 0 0 0 0 0 0 0 0 0 0 0 0 0 0 0 0 0 0 0 0 0 0 0 0 0 0 0 0 0 0 0 0 0 0 0 0 253 1 0 0 161 254 0 0 1 0 0 0 0 0 0 0 0 0 0 0 2 0 0 0 0 0 3 0 2 0 0 0 16 0 0 0 255 255 255 255 2 0 1 0 0 0 0 0 data 2 0x10002 0x1fd4 oops 0
ciMethodData org/objectweb/asm/MethodVisitor visitVarInsn (II)V 2 5367 orig 264 56 157 239 115 0 0 0 0 128 102 146 20 0 0 0 0 168 1 0 0 0 0 0 0 0 0 0 0 0 0 0 0 0 0 0 0 0 0 0 0 0 0 0 0 0 0 0 0 0 0 0 0 0 0 0 0 0 0 0 0 0 0 0 0 0 0 0 0 0 0 0 0 0 0 0 0 0 0 0 0 77 68 79 32 101 120 116 114 97 32 100 97 116 97 32 108 111 99 107 0 0 0 0 0 0 0 0 0 0 0 0 0 0 0 0 0 0 0 0 0 0 0 0 0 0 0 0 0 0 0 0 0 0 0 0 0 0 0 0 0 0 0 0 0 0 0 0 0 0 0 0 0 0 0 0 0 0 0 0 0 0 0 0 0 0 0 0 0 0 0 0 0 0 0 0 0 0 0 0 0 0 0 0 0 0 0 0 0 0 0 0 0 0 0 0 0 0 0 0 0 0 0 0 0 0 0 0 0 0 0 0 0 0 0 0 0 0 2 0 0 185 151 0 0 1 0 0 0 0 0 0 0 0 0 0 0 2 0 0 0 0 0 6 0 2 0 0 0 80 0 0 0 255 255 255 255 7 0 4 0 0 0 0 0 data 10 0x40007 0x12f7 0x50 0x0 0xd0005 0x0 0x0 0x0 0x0 0x0 oops 0
ciMethodData org/objectweb/asm/MethodVisitor visitInsn (I)V 2 2652 orig 264 56 157 239 115 0 0 0 0 64 101 146 20 0 0 0 0 160 1 0 0 0 0 0 0 0 0 0 0 0 0 0 0 0 0 0 0 0 0 0 0 0 0 0 0 0 0 0 0 0 0 0 0 0 0 0 0 0 0 0 0 0 0 0 0 0 0 0 0 0 0 0 0 0 0 0 0 0 0 0 0 77 68 79 32 101 120 116 114 97 32 100 97 116 97 32 108 111 99 107 0 0 0 0 0 0 0 0 0 0 0 0 0 0 0 0 0 0 0 0 0 0 0 0 0 0 0 0 0 0 0 0 0 0 0 0 0 0 0 0 0 0 0 0 0 0 0 0 0 0 0 0 0 0 0 0 0 0 0 0 0 0 0 0 0 0 0 0 0 0 0 0 0 0 0 0 0 0 0 0 0 0 0 0 0 0 0 0 0 0 0 0 0 0 0 0 0 0 0 0 0 0 0 0 0 0 0 0 0 0 0 0 0 0 0 0 0 0 2 0 0 225 66 0 0 1 0 0 0 0 0 0 0 0 0 0 0 2 0 0 0 0 0 6 0 2 0 0 0 80 0 0 0 255 255 255 255 7 0 4 0 0 0 0 0 data 10 0x40007 0x85c 0x50 0x0 0xc0005 0x0 0x0 0x0 0x0 0x0 oops 0
ciMethodData org/objectweb/asm/tree/MethodNode visitVarInsn (II)V 2 4594 orig 264 56 157 239 115 0 0 0 0 248 236 151 20 0 0 0 0 152 1 0 0 0 0 0 0 0 0 0 0 0 0 0 0 0 0 0 0 0 0 0 0 0 0 0 0 0 0 0 0 0 0 0 0 0 0 0 0 0 0 0 0 0 0 0 0 0 0 0 0 0 0 0 0 0 0 0 0 0 0 0 0 77 68 79 32 101 120 116 114 97 32 100 97 116 97 32 108 111 99 107 0 0 0 0 0 0 0 0 0 0 0 0 0 0 0 0 0 0 0 0 0 0 0 0 0 0 0 0 0 0 0 0 0 0 0 0 0 0 0 0 0 0 0 0 0 0 0 0 0 0 0 0 0 0 0 0 0 0 0 0 0 0 0 0 0 0 0 0 0 0 0 0 0 0 0 0 0 0 0 0 0 0 0 0 0 0 0 0 0 0 0 0 0 0 0 0 0 0 0 0 0 0 0 0 0 0 0 0 0 0 0 0 0 0 0 0 0 5 1 0 0 105 135 0 0 1 0 0 0 0 0 0 0 0 0 0 0 2 0 0 0 0 0 3 0 2 0 0 0 64 0 0 0 255 255 255 255 2 0 10 0 0 0 0 0 data 8 0xa0002 0x10ed 0xd0005 0x0 0x18411000 0x10ed 0x0 0x0 oops 1 4 org/objectweb/asm/tree/InsnList
ciMethodData org/objectweb/asm/tree/VarInsnNode <init> (II)V 2 4607 orig 264 56 157 239 115 0 0 0 0 248 7 154 20 0 0 0 0 64 1 0 0 0 0 0 0 0 0 0 0 0 0 0 0 0 0 0 0 0 0 0 0 0 0 0 0 0 0 0 0 0 0 0 0 0 0 0 0 0 0 0 0 0 0 0 0 0 0 0 0 0 0 0 0 0 0 0 0 0 0 0 0 77 68 79 32 101 120 116 114 97 32 100 97 116 97 32 108 111 99 107 0 0 0 0 0 0 0 0 0 0 0 0 0 0 0 0 0 0 0 0 0 0 0 0 0 0 0 0 0 0 0 0 0 0 0 0 0 0 0 0 0 0 0 0 0 0 0 0 0 0 0 0 0 0 0 0 0 0 0 0 0 0 0 0 0 0 0 0 0 0 0 0 0 0 0 0 0 0 0 0 0 0 0 0 0 0 0 0 0 0 0 0 0 0 0 0 0 0 0 0 0 0 0 0 0 0 0 0 0 0 0 0 0 0 0 0 0 5 1 0 0 209 135 0 0 1 0 0 0 0 0 0 0 0 0 0 0 2 0 0 0 0 0 3 0 2 0 0 0 16 0 0 0 255 255 255 255 2 0 2 0 0 0 0 0 data 2 0x20002 0x10fa oops 0
ciMethodData org/objectweb/asm/ClassReader a (Lorg/objectweb/asm/MethodVisitor;Lorg/objectweb/asm/Context;I)V 2 48729 orig 264 56 157 239 115 0 0 0 0 168 203 144 20 0 0 0 0 48 55 0 0 64 52 0 0 0 0 0 0 0 0 0 0 0 0 0 0 0 0 0 0 0 0 0 0 0 0 0 0 0 0 0 0 0 0 0 0 0 0 0 0 0 0 0 0 0 0 0 0 0 0 0 0 0 0 0 0 0 0 0 0 77 68 79 32 101 120 116 114 97 32 100 97 116 97 32 108 111 99 107 0 0 0 0 0 0 0 0 0 0 0 0 0 0 0 0 0 0 0 0 0 0 0 0 0 0 0 0 0 0 0 0 0 0 0 0 0 0 0 0 0 0 0 0 0 0 0 0 0 0 0 0 0 0 0 0 0 0 0 0 0 0 0 0 0 0 0 0 0 0 0 0 0 0 0 0 0 0 0 0 0 0 0 0 0 0 0 0 0 0 0 0 0 0 0 0 0 0 0 0 0 0 0 0 0 0 0 0 0 0 0 0 0 0 0 0 0 219 26 0 0 225 22 0 0 89 15 5 0 0 0 0 0 0 0 0 0 2 0 0 0 24 0 105 1 2 0 0 0 240 52 0 0 255 255 255 255 5 0 14 0 0 0 0 0 data 1694 0xe0005 0x0 0x184c3190 0x2dc 0x0 0x0 0x170005 0x0 0x184c3190 0x2dc 0x0 0x0 0x200005 0x0 0x184c3190 0x2dc 0x0 0x0 0x460005 0x0 0x184c3190 0x2dc 0x0 0x0 0x4d0007 0x2dc 0x650 0x38a7 0x660008 0x28 0x0 0x618 0x16b 0x150 0x3 0x5d0 0x7 0x5e8 0xaa 0x5d0 0x92 0x150 0x7 0x5e8 0x5a 0x5e8 0x0 0x600 0x0 0x600 0x2b 0x168 0x0 0x258 0x1a 0x5d0 0x63 0x5e8 0x0 0x5e8 0x1 0x320 0x0 0x490 0x0 0x618 0x0 0x2d0 0x0 0x1e0 0xc30003 0x1bd2 0x4c8 0xcd0005 0x0 0x184c3190 0x38d 0x0 0x0 0xd30005 0x0 0x184c3190 0x38d 0x0 0x0 0xda0003 0x38d 0x450 0xe40005 0x0 0x0 0x0 0x0 0x0 0xea0005 0x0 0x0 0x0 0x0 0x0 0xf10003 0x0 0x3d8 0xfb0005 0x0 0x0 0x0 0x0 0x0 0x1010005 0x0 0x0 0x0 0x0 0x0 0x1080003 0x0 0x360 0x11c0007 0x0 0x38 0x0 0x1220003 0x0 0x328 0x1280003 0x0 0x310 0x1390005 0x0 0x184c3190 0x3 0x0 0x0 0x13f0005 0x0 0x184c3190 0x3 0x0 0x0 0x1480005 0x0 0x184c3190 0x3 0x0 0x0 0x14f0005 0x0 0x184c3190 0x3 0x0 0x0 0x1590007 0x3 0x98 0xf 0x1640005 0x0 0x184c3190 0xf 0x0 0x0 0x16a0005 0x0 0x184c3190 0xf 0x0 0x0 0x1740003 0xf 0xffffffffffffff80 0x17a0003 0x3 0x1a0 0x18b0005 0x0 0x184c3190 0x2 0x0 0x0 0x1910005 0x0 0x184c3190 0x2 0x0 0x0 0x1990005 0x0 0x184c3190 0x2 0x0 0x0 0x1a00007 0x2 0x98 0x2 0x1ab0005 0x0 0x184c3190 0x2 0x0 0x0 0x1b10005 0x0 0x184c3190 0x2 0x0 0x0 0x1bb0003 0x2 0xffffffffffffff80 0x1c10003 0x2 0x60 0x1c70003 0x712 0x48 0x1cd0003 0x11bd 0x30 0x1d30003 0x74 0x18 0x1d90003 0x38a7 0xfffffffffffff9c8 0x1de0005 0x0 0x184c3190 0x2dc 0x0 0x0 0x1e50007 0x2dc 0x1e8 0xcc 0x1ed0005 0x0 0x184c3190 0xcc 0x0 0x0 0x1f20005 0x0 0x184c3190 0xcc 0x0 0x0 0x1fc0005 0x0 0x184c3190 0xcc 0x0 0x0 0x2010005 0x0 0x184c3190 0xcc 0x0 0x0 0x20c0005 0x0 0x184c3190 0xcc 0x0 0x0 0x2110005 0x0 0x184c3190 0xcc 0x0 0x0 0x2200005 0x0 0x184c3190 0xcc 0x0 0x0 0x2260005 0x0 0x184c3190 0xcc 0x0 0x0 0x2340005 0x0 0x184c6ce0 0x66 0x184c6d90 0x66 0x23d0003 0xcc 0xfffffffffffffe30 0x2650007 0x2dc 0x38 0x0 0x2690003 0x0 0x18 0x2800005 0x0 0x184c3190 0x2dc 0x0 0x0 0x2870007 0x2dc 0xa30 0x748 0x2900005 0x0 0x184c3190 0x748 0x0 0x0 0x29a0005 0x44 0x4533250 0x704 0x0 0x0 0x29d0007 0x479 0x1c0 0x2cf 0x2a60007 0x161 0x948 0x16e 0x2b40005 0x0 0x184c3190 0x16e 0x0 0x0 0x2be0007 0x16e 0x138 0x3e6 0x2c70005 0x0 0x184c3190 0x3e6 0x0 0x0 0x2d10007 0x180 0x50 0x266 0x2d90005 0x0 0x184c3190 0x266 0x0 0x0 0x2ed0005 0x0 0x184c3190 0x3e6 0x0 0x0 0x2f80007 0x273 0x50 0x173 0x3000005 0x0 0x184c3190 0x173 0x0 0x0 0x3120003 0x3e6 0xfffffffffffffee0 0x3150003 0x16e 0x7c0 0x31d0005 0x29 0x4533250 0x450 0x0 0x0 0x3200007 0x3f3 0x38 0x86 0x3290003 0x86 0x758 0x3310005 0x29 0x4533250 0x3ca 0x0 0x0 0x3340007 0x117 0x1d8 0x2dc 0x33d0007 0x167 0x6f0 0x175 0x3450005 0x0 0x184c3190 0x175 0x0 0x0 0x34f0007 0x175 0x150 0x6d7 0x3580005 0x0 0x184c3190 0x6d7 0x0 0x0 0x3620007 0x417 0x50 0x2c0 0x36a0005 0x0 0x184c3190 0x2c0 0x0 0x0 0x3820007 0x6d7 0x68 0x0 0x38a0007 0x0 0x30 0x0 0x3930002 0x0 0x3a00003 0x0 0xffffffffffffffb0 0x3ab0005 0x0 0x184c3190 0x6d7 0x0 0x0 0x3b70003 0x6d7 0xfffffffffffffec8 0x3ba0003 0x175 0x550 0x3c20005 0xd 0x4533250 0x10a 0x0 0x0 0x3c50007 0x117 0x100 0x0 0x3d00002 0x0 0x3d80007 0x0 0x70 0x0 0x3e00005 0x0 0x0 0x0 0x0 0x0 0x3e50007 0x0 0x38 0x0 0x3e90003 0x0 0x48 0x3f30005 0x0 0x0 0x0 0x0 0x0 0x3f80003 0x0 0x420 0x4000005 0xd 0x4533250 0x10a 0x0 0x0 0x4030007 0x117 0x100 0x0 0x40e0002 0x0 0x4160007 0x0 0x70 0x0 0x41e0005 0x0 0x0 0x0 0x0 0x0 0x4230007 0x0 0x38 0x0 0x4270003 0x0 0x48 0x4310005 0x0 0x0 0x0 0x0 0x0 0x4360003 0x0 0x2f0 0x43e0005 0xd 0x4533250 0x10a 0x0 0x0 0x4410007 0x0 0xb8 0x117 0x44a0007 0x0 0x288 0x117 0x4570005 0x0 0x184c3190 0x117 0x0 0x0 0x4610005 0x0 0x184c3190 0x117 0x0 0x0 0x4660003 0x117 0x208 0x46e0005 0x0 0x0 0x0 0x0 0x0 0x4710007 0x0 0xb8 0x0 0x47a0007 0x0 0x1a0 0x0 0x48a0005 0x0 0x0 0x0 0x0 0x0 0x4940005 0x0 0x0 0x0 0x0 0x0 0x4990003 0x0 0x120 0x4a60007 0x0 0x108 0x0 0x4b50005 0x0 0x0 0x0 0x0 0x0 0x4b80007 0x0 0xa0 0x0 0x4cb0005 0x0 0x0 0x0 0x0 0x0 0x4d70005 0x0 0x0 0x0 0x0 0x0 0x4de0007 0x0 0x20 0x0 0x4ef0003 0x0 0xffffffffffffff10 0x4f90005 0x0 0x184c3190 0x748 0x0 0x0 0x5020003 0x748 0xfffffffffffff5e8 0x50a0007 0x1c5 0x168 0x117 0x5440007 0x117 0x30 0x0 0x5490002 0x0 0x5590007 0x117 0x118 0x141d 0x5630007 0x13fd 0xe0 0x20 0x56b0005 0x0 0x184c3190 0x20 0x0 0x0 0x5720007 0x0 0x90 0x20 0x5790007 0x1c 0x70 0x4 0x58b0007 0x4 0x50 0x0 0x5930005 0x0 0x0 0x0 0x0 0x0 0x59a0003 0x141d 0xffffffffffffff00 0x5a50007 0x2dc 0x50 0x0 0x5af0005 0x0 0x0 0x0 0x0 0x0 0x5ba0007 0x0 0x38 0x2dc 0x5bf0003 0x2dc 0x18 0x5cb0007 0x2dc 0x1878 0x38a7 0x5dd0007 0x2ee2 0x128 0x9c5 0x5f00005 0x0 0x184c6d90 0x78c 0x184c6ce0 0x239 0x5f90007 0x239 0xd8 0x78c 0x6010007 0xb5 0xb8 0x6d7 0x60c0005 0x0 0x184c6d90 0x6d7 0x0 0x0 0x6110007 0x6d7 0x68 0x0 0x61c0005 0x0 0x0 0x0 0x0 0x0 0x6260003 0x0 0xffffffffffffffb0 0x62b0007 0x1343 0x198 0x2a09 0x6350007 0x38e 0x40 0x267b 0x63e0007 0x2564 0x158 0x117 0x6470007 0x117 0xd8 0x38e 0x64c0007 0x0 0x40 0x38e 0x6510007 0x38e 0x68 0x0 0x66a0005 0x0 0x0 0x0 0x0 0x0 0x66d0003 0x0 0x48 0x68a0005 0x0 0x184c6d90 0x1db 0x184c6ce0 0x1b3 0x68f0007 0x117 0x48 0x38e 0x69b0002 0x38e 0x6a30003 0x38e 0xfffffffffffffe98 0x6a90003 0x117 0xfffffffffffffe80 0x6bc0008 0x28 0x0 0x1180 0x16b 0x150 0x3 0xa10 0x7 0xa58 0xaa 0x9c8 0x92 0x198 0x7 0x10c0 0x5a 0xbf0 0x0 0xbf0 0x0 0xe00 0x2b 0x248 0x0 0x2c0 0x1a 0xad0 0x63 0xb48 0x0 0x1138 0x1 0x6e8 0x0 0x858 0x0 0x1180 0x0 0x5a8 0x0 0x338 0x71b0005 0x0 0x184c6d90 0x691 0x184c6ce0 0x570 0x7210003 0xc01 0x1060 0x7280007 0xe69 0x68 0x168 0x73a0005 0x0 0x184c6d90 0xb8 0x184c6ce0 0xb0 0x73d0003 0x168 0x48 0x74f0005 0x0 0x184c6d90 0x6c2 0x184c6ce0 0x7a7 0x7550003 0xfd1 0xfb0 0x7630005 0x0 0x184c3190 0x38d 0x0 0x0 0x7680005 0x0 0x184c6d90 0x1db 0x184c6ce0 0x1b2 0x76e0003 0x38d 0xf38 0x77f0005 0x0 0x0 0x0 0x0 0x0 0x7840005 0x0 0x0 0x0 0x0 0x0 0x78a0003 0x0 0xec0 0x7920007 0x0 0x38 0x0 0x79a0003 0x0 0x18 0x7ac0005 0x0 0x0 0x0 0x0 0x0 0x7b80007 0x0 0x40 0x0 0x7c00007 0x0 0x68 0x0 0x7cb0005 0x0 0x0 0x0 0x0 0x0 0x7ce0003 0x0 0x180 0x7d60007 0x0 0x38 0x0 0x7e10003 0x0 0x18 0x7ee0002 0x0 0x7f80005 0x0 0x0 0x0 0x0 0x0 0x8010005 0x0 0x0 0x0 0x0 0x0 0x8070005 0x0 0x0 0x0 0x0 0x0 0x80c0007 0x0 0x90 0x0 0x8110007 0x0 0x40 0x0 0x81d0007 0x0 0x50 0x0 0x8280005 0x0 0x0 0x0 0x0 0x0 0x82e0003 0x0 0xc50 0x8420007 0x0 0xc8 0x0 0x84a0005 0x0 0x0 0x0 0x0 0x0 0x8510005 0x0 0x0 0x0 0x0 0x0 0x8540005 0x0 0x0 0x0 0x0 0x0 0x85a0003 0x0 0xb88 0x8640005 0x0 0x0 0x0 0x0 0x0 0x8670005 0x0 0x0 0x0 0x0 0x0 0x86d0003 0x0 0xb10 0x87d0005 0x0 0x184c3190 0x3 0x0 0x0 0x8870005 0x0 0x184c3190 0x3 0x0 0x0 0x8910005 0x0 0x184c3190 0x3 0x0 0x0 0x8ad0007 0x3 0x98 0xf 0x8ba0005 0x0 0x184c3190 0xf 0x0 0x0 0x8bf0004 0x0 0x184c6e40 0xf 0x0 0x0 0x8c60003 0xf 0xffffffffffffff80 0x8d50005 0x0 0x184c6d90 0x2 0x184c6ce0 0x1 0x8d80003 0x3 0x9a0 0x8e80005 0x0 0x184c3190 0x2 0x0 0x0 0x8f20005 0x0 0x184c3190 0x2 0x0 0x0 0x90e0007 0x2 0xc8 0x2 0x9170005 0x0 0x184c3190 0x2 0x0 0x0 0x9270005 0x0 0x184c3190 0x2 0x0 0x0 0x92c0004 0x0 0x184c6e40 0x2 0x0 0x0 0x9330003 0x2 0xffffffffffffff50 0x9400005 0x0 0x184c6ce0 0x1 0x184c6d90 0x1 0x9430003 0x2 0x830 0x9530005 0x0 0x184c6d90 0x302 0x184c6ce0 0x258 0x9590003 0x55a 0x7e8 0x9650005 0x0 0x184c6d90 0x28 0x184c6ce0 0x27 0x96b0003 0x4f 0x7a0 0x9750005 0x0 0x184c3190 0x13 0x0 0x0 0x9780005 0x0 0x184c6d90 0xd 0x184c6ce0 0x6 0x97e0003 0x13 0x728 0x98f0005 0x0 0x184c3190 0x169 0x0 0x0 0x9920005 0x0 0x184c6d90 0xc0 0x184c6ce0 0xa9 0x9980003 0x169 0x6b0 0x9a10005 0x0 0x184c3190 0x91 0x0 0x0 0x9a60005 0x0 0x184c3190 0x91 0x0 0x0 0x9a90005 0x0 0x184c6d90 0x7a 0x184c6ce0 0x17 0x9af0003 0x91 0x608 0x9ba0005 0x0 0x184c3190 0xf8f 0x0 0x0 0x9c90007 0xf1b 0x38 0x74 0x9cd0003 0x74 0x18 0x9d80005 0x0 0x184c3190 0xf8f 0x0 0x0 0x9e60005 0x0 0x184c3190 0xf8f 0x0 0x0 0x9f10005 0x0 0x184c3190 0xf8f 0x0 0x0 0x9fd0005 0x0 0x184c3190 0xf8f 0x0 0x0 0xa070007 0x905 0x68 0x68a 0xa130005 0x0 0x184c6d90 0x297 0x184c6ce0 0x3f3 0xa160003 0x68a 0x48 0xa240005 0x0 0x184c6d90 0x4a8 0x184c6ce0 0x45d 0xa2c0007 0xf1b 0x38 0x74 0xa320003 0x74 0x410 0xa380003 0xf1b 0x3f8 0xa430005 0x0 0x0 0x0 0x0 0x0 0xa500005 0x0 0x0 0x0 0x0 0x0 0xa5a0005 0x0 0x0 0x0 0x0 0x0 0xa5f0005 0x0 0x0 0x0 0x0 0x0 0xa620004 0x0 0x0 0x0 0x0 0x0 0xa6c0005 0x0 0x0 0x0 0x0 0x0 0xa820007 0x0 0xc8 0x0 0xa8d0005 0x0 0x0 0x0 0x0 0x0 0xa920005 0x0 0x0 0x0 0x0 0x0 0xa950004 0x0 0x0 0x0 0x0 0x0 0xa9c0003 0x0 0xffffffffffffff50 0xaa80005 0x0 0x0 0x0 0x0 0x0 0xab30005 0x0 0x0 0x0 0x0 0x0 0xabf0005 0x0 0x0 0x0 0x0 0x0 0xacd0005 0x0 0x0 0x0 0x0 0x0 0xad30003 0x0 0x138 0xadf0005 0x0 0x184c3190 0x1d2 0x0 0x0 0xae20005 0x0 0x184c6d90 0xec 0x184c6ce0 0xe6 0xae80003 0x1d2 0xc0 0xafc0005 0x0 0x184c6ce0 0x16 0x184c6d90 0x16 0xb020003 0x2c 0x78 0xb0c0005 0x0 0x0 0x0 0x0 0x0 0xb190005 0x0 0x0 0x0 0x0 0x0 0xb210007 0x38a7 0x1d0 0x0 0xb290007 0x0 0x1b0 0x0 0xb300007 0x0 0x190 0x0 0xb370007 0x0 0xa0 0x0 0xb410002 0x0 0xb5c0005 0x0 0x0 0x0 0x0 0x0 0xb600005 0x0 0x0 0x0 0x0 0x0 0xb630002 0x0 0xb6f0007 0x0 0x70 0x0 0xb780005 0x0 0x0 0x0 0x0 0x0 0xb7d0007 0x0 0x38 0x0 0xb810003 0x0 0x48 0xb8c0005 0x0 0x0 0x0 0x0 0x0 0xb910003 0x0 0xfffffffffffffe48 0xb960007 0x38a7 0x1d0 0x0 0xb9e0007 0x0 0x1b0 0x0 0xba50007 0x0 0x190 0x0 0xbac0007 0x0 0xa0 0x0 0xbb60002 0x0 0xbd10005 0x0 0x0 0x0 0x0 0x0 0xbd50005 0x0 0x0 0x0 0x0 0x0 0xbd80002 0x0 0xbe40007 0x0 0x70 0x0 0xbed0005 0x0 0x0 0x0 0x0 0x0 0xbf20007 0x0 0x38 0x0 0xbf60003 0x0 0x48 0xc010005 0x0 0x0 0x0 0x0 0x0 0xc060003 0x0 0xfffffffffffffe48 0xc090003 0x38a7 0xffffffffffffe7a0 0xc110007 0x16e 0x50 0x16e 0xc1a0005 0x0 0x184c6d90 0x16e 0x0 0x0 0xc230007 0x167 0x390 0x175 0xc280007 0x7 0x370 0x16e 0xc300007 0x12b 0xe8 0x43 0xc3b0005 0x0 0x184c3190 0x43 0x0 0x0 0xc4b0007 0x43 0x98 0x57 0xc660005 0x0 0x184c3190 0x57 0x0 0x0 0xc730005 0x0 0x184c3190 0x57 0x0 0x0 0xc7a0003 0x57 0xffffffffffffff80 0xc850005 0x0 0x184c3190 0x16e 0x0 0x0 0xc8c0007 0x16e 0x238 0x3e6 0xc910005 0x0 0x184c3190 0x3e6 0x0 0x0 0xc9a0005 0x0 0x184c3190 0x3e6 0x0 0x0 0xca40005 0x0 0x184c3190 0x3e6 0x0 0x0 0xcae0007 0x334 0xe0 0xb2 0xcb90007 0x5b 0xc0 0x102 0xcc30007 0x85 0x88 0x7d 0xccf0007 0x26 0x68 0x57 0xcdc0005 0x0 0x184c3190 0x57 0x0 0x0 0xce10003 0x57 0x30 0xce70003 0xab 0xffffffffffffff58 0xcf10005 0x0 0x184c3190 0x3e6 0x0 0x0 0xcfb0005 0x0 0x184c3190 0x3e6 0x0 0x0 0xd0f0005 0x0 0x184c6d90 0x3e6 0x0 0x0 0xd180003 0x3e6 0xfffffffffffffde0 0xd1d0007 0x2dc 0x128 0x0 0xd280007 0x0 0x108 0x0 0xd310005 0x0 0x0 0x0 0x0 0x0 0xd380007 0x0 0xa0 0x0 0xd420002 0x0 0xd690005 0x0 0x0 0x0 0x0 0x0 0xd6d0005 0x0 0x0 0x0 0x0 0x0 0xd700002 0x0 0xd780003 0x0 0xffffffffffffff10 0xd7d0007 0x2dc 0x128 0x0 0xd880007 0x0 0x108 0x0 0xd910005 0x0 0x0 0x0 0x0 0x0 0xd980007 0x0 0xa0 0x0 0xda20002 0x0 0xdc90005 0x0 0x0 0x0 0x0 0x0 0xdcd0005 0x0 0x0 0x0 0x0 0x0 0xdd00002 0x0 0xdd80003 0x0 0xffffffffffffff10 0xddd0007 0x2dc 0x68 0x0 0xdf00005 0x0 0x0 0x0 0x0 0x0 0xdf70003 0x0 0xffffffffffffffb0 0xdff0005 0x0 0x184c6d90 0x175 0x184c6ce0 0x167 oops 119 2 org/objectweb/asm/ClassReader 8 org/objectweb/asm/ClassReader 14 org/objectweb/asm/ClassReader 20 org/objectweb/asm/ClassReader 75 org/objectweb/asm/ClassReader 81 org/objectweb/asm/ClassReader 130 org/objectweb/asm/ClassReader 136 org/objectweb/asm/ClassReader 142 org/objectweb/asm/ClassReader 148 org/objectweb/asm/ClassReader 158 org/objectweb/asm/ClassReader 164 org/objectweb/asm/ClassReader 176 org/objectweb/asm/ClassReader 182 org/objectweb/asm/ClassReader 188 org/objectweb/asm/ClassReader 198 org/objectweb/asm/ClassReader 204 org/objectweb/asm/ClassReader 228 org/objectweb/asm/ClassReader 238 org/objectweb/asm/ClassReader 244 org/objectweb/asm/ClassReader 250 org/objectweb/asm/ClassReader 256 org/objectweb/asm/ClassReader 262 org/objectweb/asm/ClassReader 268 org/objectweb/asm/ClassReader 274 org/objectweb/asm/ClassReader 280 org/objectweb/asm/ClassReader 286 com/google/devtools/build/android/desugar/InvokeDynamicLambdaMethodCollector$LambdaMethodCollector 288 com/google/devtools/build/android/desugar/LambdaDesugaring$InvokedynamicRewriter 302 org/objectweb/asm/ClassReader 312 org/objectweb/asm/ClassReader 318 java/lang/String 332 org/objectweb/asm/ClassReader 342 org/objectweb/asm/ClassReader 352 org/objectweb/asm/ClassReader 358 org/objectweb/asm/ClassReader 368 org/objectweb/asm/ClassReader 380 java/lang/String 393 java/lang/String 407 org/objectweb/asm/ClassReader 417 org/objectweb/asm/ClassReader 427 org/objectweb/asm/ClassReader 446 org/objectweb/asm/ClassReader 458 java/lang/String 496 java/lang/String 534 java/lang/String 548 org/objectweb/asm/ClassReader 554 org/objectweb/asm/ClassReader